<?xml version="1.0" encoding="UTF-8"?>
<testsuite xmlns:xsi="http://www.w3.org/2001/XMLSchema-instance" xsi:noNamespaceSchemaLocation="https://maven.apache.org/surefire/maven-surefire-plugin/xsd/surefire-test-report.xsd" name="com.unimap.zerohunger.ZerohungerApplicationTests" time="3.043" tests="1" errors="1" skipped="0" failures="0">
  <properties>
    <property name="java.specification.version" value="17"/>
    <property name="sun.cpu.isalist" value="amd64"/>
    <property name="sun.jnu.encoding" value="MS932"/>
    <property name="java.class.path" value="c:\Users\MSI\Documents\CODINGS\NEW_BACKEND\zerohunger\target\test-classes;c:\Users\MSI\Documents\CODINGS\NEW_BACKEND\zerohunger\target\classes;C:\Users\MSI\.m2\repository\org\springframework\boot\spring-boot-starter-data-r2dbc\3.0.3\spring-boot-starter-data-r2dbc-3.0.3.jar;C:\Users\MSI\.m2\repository\org\springframework\boot\spring-boot-starter\3.0.3\spring-boot-starter-3.0.3.jar;C:\Users\MSI\.m2\repository\org\springframework\boot\spring-boot-starter-logging\3.0.3\spring-boot-starter-logging-3.0.3.jar;C:\Users\MSI\.m2\repository\ch\qos\logback\logback-classic\1.4.5\logback-classic-1.4.5.jar;C:\Users\MSI\.m2\repository\ch\qos\logback\logback-core\1.4.5\logback-core-1.4.5.jar;C:\Users\MSI\.m2\repository\org\apache\logging\log4j\log4j-to-slf4j\2.19.0\log4j-to-slf4j-2.19.0.jar;C:\Users\MSI\.m2\repository\org\apache\logging\log4j\log4j-api\2.19.0\log4j-api-2.19.0.jar;C:\Users\MSI\.m2\repository\org\slf4j\jul-to-slf4j\2.0.6\jul-to-slf4j-2.0.6.jar;C:\Users\MSI\.m2\repository\jakarta\annotation\jakarta.annotation-api\2.1.1\jakarta.annotation-api-2.1.1.jar;C:\Users\MSI\.m2\repository\org\springframework\data\spring-data-r2dbc\3.0.2\spring-data-r2dbc-3.0.2.jar;C:\Users\MSI\.m2\repository\org\springframework\data\spring-data-relational\3.0.2\spring-data-relational-3.0.2.jar;C:\Users\MSI\.m2\repository\org\springframework\data\spring-data-commons\3.0.2\spring-data-commons-3.0.2.jar;C:\Users\MSI\.m2\repository\org\springframework\spring-tx\6.0.5\spring-tx-6.0.5.jar;C:\Users\MSI\.m2\repository\org\springframework\spring-jdbc\6.0.5\spring-jdbc-6.0.5.jar;C:\Users\MSI\.m2\repository\org\springframework\spring-r2dbc\6.0.5\spring-r2dbc-6.0.5.jar;C:\Users\MSI\.m2\repository\org\slf4j\slf4j-api\2.0.6\slf4j-api-2.0.6.jar;C:\Users\MSI\.m2\repository\io\r2dbc\r2dbc-spi\1.0.0.RELEASE\r2dbc-spi-1.0.0.RELEASE.jar;C:\Users\MSI\.m2\repository\org\reactivestreams\reactive-streams\1.0.4\reactive-streams-1.0.4.jar;C:\Users\MSI\.m2\repository\io\r2dbc\r2dbc-pool\1.0.0.RELEASE\r2dbc-pool-1.0.0.RELEASE.jar;C:\Users\MSI\.m2\repository\io\projectreactor\addons\reactor-pool\1.0.0\reactor-pool-1.0.0.jar;C:\Users\MSI\.m2\repository\org\springframework\boot\spring-boot-starter-thymeleaf\3.0.3\spring-boot-starter-thymeleaf-3.0.3.jar;C:\Users\MSI\.m2\repository\org\thymeleaf\thymeleaf-spring6\3.1.1.RELEASE\thymeleaf-spring6-3.1.1.RELEASE.jar;C:\Users\MSI\.m2\repository\org\thymeleaf\thymeleaf\3.1.1.RELEASE\thymeleaf-3.1.1.RELEASE.jar;C:\Users\MSI\.m2\repository\org\attoparser\attoparser\2.0.6.RELEASE\attoparser-2.0.6.RELEASE.jar;C:\Users\MSI\.m2\repository\org\unbescape\unbescape\1.1.6.RELEASE\unbescape-1.1.6.RELEASE.jar;C:\Users\MSI\.m2\repository\org\mariadb\jdbc\mariadb-java-client\3.1.2\mariadb-java-client-3.1.2.jar;C:\Users\MSI\.m2\repository\com\github\waffle\waffle-jna\3.2.0\waffle-jna-3.2.0.jar;C:\Users\MSI\.m2\repository\net\java\dev\jna\jna\5.12.1\jna-5.12.1.jar;C:\Users\MSI\.m2\repository\net\java\dev\jna\jna-platform\5.12.1\jna-platform-5.12.1.jar;C:\Users\MSI\.m2\repository\org\slf4j\jcl-over-slf4j\2.0.6\jcl-over-slf4j-2.0.6.jar;C:\Users\MSI\.m2\repository\com\github\ben-manes\caffeine\caffeine\3.1.4\caffeine-3.1.4.jar;C:\Users\MSI\.m2\repository\com\google\errorprone\error_prone_annotations\2.18.0\error_prone_annotations-2.18.0.jar;C:\Users\MSI\.m2\repository\org\checkerframework\checker-qual\3.23.0\checker-qual-3.23.0.jar;C:\Users\MSI\.m2\repository\jakarta\servlet\jakarta.servlet-api\6.0.0\jakarta.servlet-api-6.0.0.jar;C:\Users\MSI\.m2\repository\javax\servlet\servlet-api\2.5\servlet-api-2.5.jar;C:\Users\MSI\.m2\repository\org\springframework\boot\spring-boot-devtools\3.0.3\spring-boot-devtools-3.0.3.jar;C:\Users\MSI\.m2\repository\org\springframework\boot\spring-boot\3.0.3\spring-boot-3.0.3.jar;C:\Users\MSI\.m2\repository\org\springframework\boot\spring-boot-autoconfigure\3.0.3\spring-boot-autoconfigure-3.0.3.jar;C:\Users\MSI\.m2\repository\com\h2database\h2\2.1.214\h2-2.1.214.jar;C:\Users\MSI\.m2\repository\io\r2dbc\r2dbc-h2\1.0.0.RELEASE\r2dbc-h2-1.0.0.RELEASE.jar;C:\Users\MSI\.m2\repository\io\projectreactor\reactor-core\3.5.3\reactor-core-3.5.3.jar;C:\Users\MSI\.m2\repository\org\mariadb\r2dbc-mariadb\1.1.3\r2dbc-mariadb-1.1.3.jar;C:\Users\MSI\.m2\repository\io\projectreactor\netty\reactor-netty\1.1.3\reactor-netty-1.1.3.jar;C:\Users\MSI\.m2\repository\io\projectreactor\netty\reactor-netty-core\1.1.3\reactor-netty-core-1.1.3.jar;C:\Users\MSI\.m2\repository\io\netty\netty-handler\4.1.89.Final\netty-handler-4.1.89.Final.jar;C:\Users\MSI\.m2\repository\io\netty\netty-common\4.1.89.Final\netty-common-4.1.89.Final.jar;C:\Users\MSI\.m2\repository\io\netty\netty-resolver\4.1.89.Final\netty-resolver-4.1.89.Final.jar;C:\Users\MSI\.m2\repository\io\netty\netty-buffer\4.1.89.Final\netty-buffer-4.1.89.Final.jar;C:\Users\MSI\.m2\repository\io\netty\netty-transport\4.1.89.Final\netty-transport-4.1.89.Final.jar;C:\Users\MSI\.m2\repository\io\netty\netty-transport-native-unix-common\4.1.89.Final\netty-transport-native-unix-common-4.1.89.Final.jar;C:\Users\MSI\.m2\repository\io\netty\netty-codec\4.1.89.Final\netty-codec-4.1.89.Final.jar;C:\Users\MSI\.m2\repository\io\netty\netty-handler-proxy\4.1.89.Final\netty-handler-proxy-4.1.89.Final.jar;C:\Users\MSI\.m2\repository\io\netty\netty-codec-socks\4.1.89.Final\netty-codec-socks-4.1.89.Final.jar;C:\Users\MSI\.m2\repository\io\netty\netty-resolver-dns\4.1.89.Final\netty-resolver-dns-4.1.89.Final.jar;C:\Users\MSI\.m2\repository\io\netty\netty-codec-dns\4.1.89.Final\netty-codec-dns-4.1.89.Final.jar;C:\Users\MSI\.m2\repository\io\netty\netty-resolver-dns-native-macos\4.1.89.Final\netty-resolver-dns-native-macos-4.1.89.Final-osx-x86_64.jar;C:\Users\MSI\.m2\repository\io\netty\netty-resolver-dns-classes-macos\4.1.89.Final\netty-resolver-dns-classes-macos-4.1.89.Final.jar;C:\Users\MSI\.m2\repository\io\netty\netty-transport-native-epoll\4.1.89.Final\netty-transport-native-epoll-4.1.89.Final-linux-x86_64.jar;C:\Users\MSI\.m2\repository\io\netty\netty-transport-classes-epoll\4.1.89.Final\netty-transport-classes-epoll-4.1.89.Final.jar;C:\Users\MSI\.m2\repository\io\projectreactor\netty\reactor-netty-http\1.1.3\reactor-netty-http-1.1.3.jar;C:\Users\MSI\.m2\repository\io\netty\netty-codec-http\4.1.89.Final\netty-codec-http-4.1.89.Final.jar;C:\Users\MSI\.m2\repository\io\netty\netty-codec-http2\4.1.89.Final\netty-codec-http2-4.1.89.Final.jar;C:\Users\MSI\.m2\repository\io\projectreactor\netty\incubator\reactor-netty-incubator-quic\0.1.3\reactor-netty-incubator-quic-0.1.3.jar;C:\Users\MSI\.m2\repository\io\netty\incubator\netty-incubator-codec-native-quic\0.0.36.Final\netty-incubator-codec-native-quic-0.0.36.Final-linux-x86_64.jar;C:\Users\MSI\.m2\repository\io\netty\incubator\netty-incubator-codec-classes-quic\0.0.36.Final\netty-incubator-codec-classes-quic-0.0.36.Final.jar;C:\Users\MSI\.m2\repository\org\projectlombok\lombok\1.18.26\lombok-1.18.26.jar;C:\Users\MSI\.m2\repository\com\mysql\mysql-connector-j\8.0.32\mysql-connector-j-8.0.32.jar;C:\Users\MSI\.m2\repository\io\projectreactor\reactor-test\3.5.3\reactor-test-3.5.3.jar;C:\Users\MSI\.m2\repository\org\springframework\boot\spring-boot-starter-data-jpa\3.0.3\spring-boot-starter-data-jpa-3.0.3.jar;C:\Users\MSI\.m2\repository\org\springframework\boot\spring-boot-starter-aop\3.0.3\spring-boot-starter-aop-3.0.3.jar;C:\Users\MSI\.m2\repository\org\aspectj\aspectjweaver\1.9.19\aspectjweaver-1.9.19.jar;C:\Users\MSI\.m2\repository\org\springframework\boot\spring-boot-starter-jdbc\3.0.3\spring-boot-starter-jdbc-3.0.3.jar;C:\Users\MSI\.m2\repository\com\zaxxer\HikariCP\5.0.1\HikariCP-5.0.1.jar;C:\Users\MSI\.m2\repository\org\hibernate\orm\hibernate-core\6.1.7.Final\hibernate-core-6.1.7.Final.jar;C:\Users\MSI\.m2\repository\jakarta\persistence\jakarta.persistence-api\3.1.0\jakarta.persistence-api-3.1.0.jar;C:\Users\MSI\.m2\repository\jakarta\transaction\jakarta.transaction-api\2.0.1\jakarta.transaction-api-2.0.1.jar;C:\Users\MSI\.m2\repository\org\jboss\logging\jboss-logging\3.5.0.Final\jboss-logging-3.5.0.Final.jar;C:\Users\MSI\.m2\repository\org\hibernate\common\hibernate-commons-annotations\6.0.6.Final\hibernate-commons-annotations-6.0.6.Final.jar;C:\Users\MSI\.m2\repository\org\jboss\jandex\2.4.2.Final\jandex-2.4.2.Final.jar;C:\Users\MSI\.m2\repository\com\fasterxml\classmate\1.5.1\classmate-1.5.1.jar;C:\Users\MSI\.m2\repository\net\bytebuddy\byte-buddy\1.12.23\byte-buddy-1.12.23.jar;C:\Users\MSI\.m2\repository\jakarta\inject\jakarta.inject-api\2.0.0\jakarta.inject-api-2.0.0.jar;C:\Users\MSI\.m2\repository\org\antlr\antlr4-runtime\4.10.1\antlr4-runtime-4.10.1.jar;C:\Users\MSI\.m2\repository\org\springframework\data\spring-data-jpa\3.0.2\spring-data-jpa-3.0.2.jar;C:\Users\MSI\.m2\repository\org\springframework\spring-orm\6.0.5\spring-orm-6.0.5.jar;C:\Users\MSI\.m2\repository\org\springframework\spring-aspects\6.0.5\spring-aspects-6.0.5.jar;C:\Users\MSI\.m2\repository\org\liquibase\liquibase-core\4.19.0\liquibase-core-4.19.0.jar;C:\Users\MSI\.m2\repository\javax\xml\bind\jaxb-api\2.3.1\jaxb-api-2.3.1.jar;C:\Users\MSI\.m2\repository\javax\activation\javax.activation-api\1.2.0\javax.activation-api-1.2.0.jar;C:\Users\MSI\.m2\repository\org\yaml\snakeyaml\1.33\snakeyaml-1.33.jar;C:\Users\MSI\.m2\repository\com\opencsv\opencsv\5.7.1\opencsv-5.7.1.jar;C:\Users\MSI\.m2\repository\org\apache\commons\commons-text\1.10.0\commons-text-1.10.0.jar;C:\Users\MSI\.m2\repository\org\apache\commons\commons-collections4\4.4\commons-collections4-4.4.jar;C:\Users\MSI\.m2\repository\org\springframework\boot\spring-boot-starter-oauth2-client\3.0.3\spring-boot-starter-oauth2-client-3.0.3.jar;C:\Users\MSI\.m2\repository\org\springframework\security\spring-security-core\6.0.2\spring-security-core-6.0.2.jar;C:\Users\MSI\.m2\repository\org\springframework\security\spring-security-crypto\6.0.2\spring-security-crypto-6.0.2.jar;C:\Users\MSI\.m2\repository\org\springframework\spring-expression\6.0.5\spring-expression-6.0.5.jar;C:\Users\MSI\.m2\repository\io\micrometer\micrometer-observation\1.10.4\micrometer-observation-1.10.4.jar;C:\Users\MSI\.m2\repository\io\micrometer\micrometer-commons\1.10.4\micrometer-commons-1.10.4.jar;C:\Users\MSI\.m2\repository\org\springframework\security\spring-security-oauth2-jose\6.0.2\spring-security-oauth2-jose-6.0.2.jar;C:\Users\MSI\.m2\repository\com\nimbusds\nimbus-jose-jwt\9.24.4\nimbus-jose-jwt-9.24.4.jar;C:\Users\MSI\.m2\repository\org\springframework\boot\spring-boot-starter-web\3.0.3\spring-boot-starter-web-3.0.3.jar;C:\Users\MSI\.m2\repository\org\springframework\boot\spring-boot-starter-json\3.0.3\spring-boot-starter-json-3.0.3.jar;C:\Users\MSI\.m2\repository\com\fasterxml\jackson\datatype\jackson-datatype-jdk8\2.14.2\jackson-datatype-jdk8-2.14.2.jar;C:\Users\MSI\.m2\repository\com\fasterxml\jackson\datatype\jackson-datatype-jsr310\2.14.2\jackson-datatype-jsr310-2.14.2.jar;C:\Users\MSI\.m2\repository\com\fasterxml\jackson\module\jackson-module-parameter-names\2.14.2\jackson-module-parameter-names-2.14.2.jar;C:\Users\MSI\.m2\repository\org\springframework\boot\spring-boot-starter-tomcat\3.0.3\spring-boot-starter-tomcat-3.0.3.jar;C:\Users\MSI\.m2\repository\org\apache\tomcat\embed\tomcat-embed-core\10.1.5\tomcat-embed-core-10.1.5.jar;C:\Users\MSI\.m2\repository\org\apache\tomcat\embed\tomcat-embed-websocket\10.1.5\tomcat-embed-websocket-10.1.5.jar;C:\Users\MSI\.m2\repository\org\springframework\spring-web\6.0.5\spring-web-6.0.5.jar;C:\Users\MSI\.m2\repository\org\springframework\spring-webmvc\6.0.5\spring-webmvc-6.0.5.jar;C:\Users\MSI\.m2\repository\org\springframework\boot\spring-boot-starter-validation\3.0.3\spring-boot-starter-validation-3.0.3.jar;C:\Users\MSI\.m2\repository\org\apache\tomcat\embed\tomcat-embed-el\10.1.5\tomcat-embed-el-10.1.5.jar;C:\Users\MSI\.m2\repository\org\hibernate\validator\hibernate-validator\8.0.0.Final\hibernate-validator-8.0.0.Final.jar;C:\Users\MSI\.m2\repository\jakarta\validation\jakarta.validation-api\3.0.2\jakarta.validation-api-3.0.2.jar;C:\Users\MSI\.m2\repository\com\auth0\java-jwt\4.2.2\java-jwt-4.2.2.jar;C:\Users\MSI\.m2\repository\com\fasterxml\jackson\core\jackson-databind\2.14.2\jackson-databind-2.14.2.jar;C:\Users\MSI\.m2\repository\com\fasterxml\jackson\core\jackson-core\2.14.2\jackson-core-2.14.2.jar;C:\Users\MSI\.m2\repository\org\springframework\security\oauth\boot\spring-security-oauth2-autoconfigure\2.6.6\spring-security-oauth2-autoconfigure-2.6.6.jar;C:\Users\MSI\.m2\repository\com\fasterxml\jackson\core\jackson-annotations\2.14.2\jackson-annotations-2.14.2.jar;C:\Users\MSI\.m2\repository\org\springframework\security\oauth\spring-security-oauth2\2.5.0.RELEASE\spring-security-oauth2-2.5.0.RELEASE.jar;C:\Users\MSI\.m2\repository\commons-codec\commons-codec\1.15\commons-codec-1.15.jar;C:\Users\MSI\.m2\repository\org\springframework\security\spring-security-jwt\1.1.1.RELEASE\spring-security-jwt-1.1.1.RELEASE.jar;C:\Users\MSI\.m2\repository\org\bouncycastle\bcpkix-jdk15on\1.64\bcpkix-jdk15on-1.64.jar;C:\Users\MSI\.m2\repository\org\bouncycastle\bcprov-jdk15on\1.64\bcprov-jdk15on-1.64.jar;C:\Users\MSI\.m2\repository\org\glassfish\jaxb\jaxb-runtime\4.0.2\jaxb-runtime-4.0.2.jar;C:\Users\MSI\.m2\repository\org\glassfish\jaxb\jaxb-core\4.0.2\jaxb-core-4.0.2.jar;C:\Users\MSI\.m2\repository\org\eclipse\angus\angus-activation\2.0.0\angus-activation-2.0.0.jar;C:\Users\MSI\.m2\repository\org\glassfish\jaxb\txw2\4.0.2\txw2-4.0.2.jar;C:\Users\MSI\.m2\repository\com\sun\istack\istack-commons-runtime\4.1.1\istack-commons-runtime-4.1.1.jar;C:\Users\MSI\.m2\repository\org\springframework\security\spring-security-oauth2-client\6.0.0\spring-security-oauth2-client-6.0.0.jar;C:\Users\MSI\.m2\repository\org\springframework\security\spring-security-oauth2-core\6.0.2\spring-security-oauth2-core-6.0.2.jar;C:\Users\MSI\.m2\repository\org\springframework\security\spring-security-web\6.0.2\spring-security-web-6.0.2.jar;C:\Users\MSI\.m2\repository\org\springframework\spring-core\6.0.5\spring-core-6.0.5.jar;C:\Users\MSI\.m2\repository\org\springframework\spring-jcl\6.0.5\spring-jcl-6.0.5.jar;C:\Users\MSI\.m2\repository\com\nimbusds\oauth2-oidc-sdk\9.43.1\oauth2-oidc-sdk-9.43.1.jar;C:\Users\MSI\.m2\repository\com\github\stephenc\jcip\jcip-annotations\1.0-1\jcip-annotations-1.0-1.jar;C:\Users\MSI\.m2\repository\com\nimbusds\content-type\2.2\content-type-2.2.jar;C:\Users\MSI\.m2\repository\net\minidev\json-smart\2.4.8\json-smart-2.4.8.jar;C:\Users\MSI\.m2\repository\net\minidev\accessors-smart\2.4.8\accessors-smart-2.4.8.jar;C:\Users\MSI\.m2\repository\org\ow2\asm\asm\9.1\asm-9.1.jar;C:\Users\MSI\.m2\repository\com\nimbusds\lang-tag\1.7\lang-tag-1.7.jar;C:\Users\MSI\.m2\repository\io\jsonwebtoken\jjwt\0.9.1\jjwt-0.9.1.jar;C:\Users\MSI\.m2\repository\org\springframework\boot\spring-boot-starter-test\3.0.3\spring-boot-starter-test-3.0.3.jar;C:\Users\MSI\.m2\repository\org\springframework\boot\spring-boot-test\3.0.3\spring-boot-test-3.0.3.jar;C:\Users\MSI\.m2\repository\org\springframework\boot\spring-boot-test-autoconfigure\3.0.3\spring-boot-test-autoconfigure-3.0.3.jar;C:\Users\MSI\.m2\repository\com\jayway\jsonpath\json-path\2.7.0\json-path-2.7.0.jar;C:\Users\MSI\.m2\repository\jakarta\xml\bind\jakarta.xml.bind-api\4.0.0\jakarta.xml.bind-api-4.0.0.jar;C:\Users\MSI\.m2\repository\jakarta\activation\jakarta.activation-api\2.1.1\jakarta.activation-api-2.1.1.jar;C:\Users\MSI\.m2\repository\org\assertj\assertj-core\3.23.1\assertj-core-3.23.1.jar;C:\Users\MSI\.m2\repository\org\hamcrest\hamcrest\2.2\hamcrest-2.2.jar;C:\Users\MSI\.m2\repository\org\junit\jupiter\junit-jupiter\5.9.2\junit-jupiter-5.9.2.jar;C:\Users\MSI\.m2\repository\org\junit\jupiter\junit-jupiter-api\5.9.2\junit-jupiter-api-5.9.2.jar;C:\Users\MSI\.m2\repository\org\opentest4j\opentest4j\1.2.0\opentest4j-1.2.0.jar;C:\Users\MSI\.m2\repository\org\junit\platform\junit-platform-commons\1.9.2\junit-platform-commons-1.9.2.jar;C:\Users\MSI\.m2\repository\org\apiguardian\apiguardian-api\1.1.2\apiguardian-api-1.1.2.jar;C:\Users\MSI\.m2\repository\org\junit\jupiter\junit-jupiter-params\5.9.2\junit-jupiter-params-5.9.2.jar;C:\Users\MSI\.m2\repository\org\junit\jupiter\junit-jupiter-engine\5.9.2\junit-jupiter-engine-5.9.2.jar;C:\Users\MSI\.m2\repository\org\junit\platform\junit-platform-engine\1.9.2\junit-platform-engine-1.9.2.jar;C:\Users\MSI\.m2\repository\org\mockito\mockito-core\4.8.1\mockito-core-4.8.1.jar;C:\Users\MSI\.m2\repository\net\bytebuddy\byte-buddy-agent\1.12.23\byte-buddy-agent-1.12.23.jar;C:\Users\MSI\.m2\repository\org\objenesis\objenesis\3.2\objenesis-3.2.jar;C:\Users\MSI\.m2\repository\org\mockito\mockito-junit-jupiter\4.8.1\mockito-junit-jupiter-4.8.1.jar;C:\Users\MSI\.m2\repository\org\skyscreamer\jsonassert\1.5.1\jsonassert-1.5.1.jar;C:\Users\MSI\.m2\repository\com\vaadin\external\google\android-json\0.0.20131108.vaadin1\android-json-0.0.20131108.vaadin1.jar;C:\Users\MSI\.m2\repository\org\springframework\spring-test\6.0.5\spring-test-6.0.5.jar;C:\Users\MSI\.m2\repository\org\xmlunit\xmlunit-core\2.9.1\xmlunit-core-2.9.1.jar;C:\Users\MSI\.m2\repository\org\springframework\boot\spring-boot-configuration-processor\3.0.3\spring-boot-configuration-processor-3.0.3.jar;C:\Users\MSI\.m2\repository\org\apache\commons\commons-lang3\3.12.0\commons-lang3-3.12.0.jar;C:\Users\MSI\.m2\repository\org\springframework\security\spring-security-config\5.1.6.RELEASE\spring-security-config-5.1.6.RELEASE.jar;C:\Users\MSI\.m2\repository\org\springframework\spring-aop\6.0.5\spring-aop-6.0.5.jar;C:\Users\MSI\.m2\repository\org\springframework\spring-beans\6.0.5\spring-beans-6.0.5.jar;C:\Users\MSI\.m2\repository\org\springframework\spring-context\6.0.5\spring-context-6.0.5.jar;"/>
    <property name="java.vm.vendor" value="Oracle Corporation"/>
    <property name="sun.arch.data.model" value="64"/>
    <property name="user.variant" value=""/>
    <property name="java.vendor.url" value="https://java.oracle.com/"/>
    <property name="user.timezone" value="Asia/Singapore"/>
    <property name="user.country.format" value="HK"/>
    <property name="os.name" value="Windows 11"/>
    <property name="java.vm.specification.version" value="17"/>
    <property name="sun.java.launcher" value="SUN_STANDARD"/>
    <property name="user.country" value="US"/>
    <property name="sun.boot.library.path" value="C:\Program Files\Java\jdk-17\bin"/>
    <property name="sun.java.command" value="C:\Users\MSI\AppData\Local\Temp\surefire5119735615542279643\surefirebooter11572591770369779604.jar C:\Users\MSI\AppData\Local\Temp\surefire5119735615542279643 2023-03-01T14-42-21_915-jvmRun1 surefire15325633654713450921tmp surefire_015945134901288657681tmp"/>
    <property name="jdk.debug" value="release"/>
    <property name="surefire.test.class.path" value="c:\Users\MSI\Documents\CODINGS\NEW_BACKEND\zerohunger\target\test-classes;c:\Users\MSI\Documents\CODINGS\NEW_BACKEND\zerohunger\target\classes;C:\Users\MSI\.m2\repository\org\springframework\boot\spring-boot-starter-data-r2dbc\3.0.3\spring-boot-starter-data-r2dbc-3.0.3.jar;C:\Users\MSI\.m2\repository\org\springframework\boot\spring-boot-starter\3.0.3\spring-boot-starter-3.0.3.jar;C:\Users\MSI\.m2\repository\org\springframework\boot\spring-boot-starter-logging\3.0.3\spring-boot-starter-logging-3.0.3.jar;C:\Users\MSI\.m2\repository\ch\qos\logback\logback-classic\1.4.5\logback-classic-1.4.5.jar;C:\Users\MSI\.m2\repository\ch\qos\logback\logback-core\1.4.5\logback-core-1.4.5.jar;C:\Users\MSI\.m2\repository\org\apache\logging\log4j\log4j-to-slf4j\2.19.0\log4j-to-slf4j-2.19.0.jar;C:\Users\MSI\.m2\repository\org\apache\logging\log4j\log4j-api\2.19.0\log4j-api-2.19.0.jar;C:\Users\MSI\.m2\repository\org\slf4j\jul-to-slf4j\2.0.6\jul-to-slf4j-2.0.6.jar;C:\Users\MSI\.m2\repository\jakarta\annotation\jakarta.annotation-api\2.1.1\jakarta.annotation-api-2.1.1.jar;C:\Users\MSI\.m2\repository\org\springframework\data\spring-data-r2dbc\3.0.2\spring-data-r2dbc-3.0.2.jar;C:\Users\MSI\.m2\repository\org\springframework\data\spring-data-relational\3.0.2\spring-data-relational-3.0.2.jar;C:\Users\MSI\.m2\repository\org\springframework\data\spring-data-commons\3.0.2\spring-data-commons-3.0.2.jar;C:\Users\MSI\.m2\repository\org\springframework\spring-tx\6.0.5\spring-tx-6.0.5.jar;C:\Users\MSI\.m2\repository\org\springframework\spring-jdbc\6.0.5\spring-jdbc-6.0.5.jar;C:\Users\MSI\.m2\repository\org\springframework\spring-r2dbc\6.0.5\spring-r2dbc-6.0.5.jar;C:\Users\MSI\.m2\repository\org\slf4j\slf4j-api\2.0.6\slf4j-api-2.0.6.jar;C:\Users\MSI\.m2\repository\io\r2dbc\r2dbc-spi\1.0.0.RELEASE\r2dbc-spi-1.0.0.RELEASE.jar;C:\Users\MSI\.m2\repository\org\reactivestreams\reactive-streams\1.0.4\reactive-streams-1.0.4.jar;C:\Users\MSI\.m2\repository\io\r2dbc\r2dbc-pool\1.0.0.RELEASE\r2dbc-pool-1.0.0.RELEASE.jar;C:\Users\MSI\.m2\repository\io\projectreactor\addons\reactor-pool\1.0.0\reactor-pool-1.0.0.jar;C:\Users\MSI\.m2\repository\org\springframework\boot\spring-boot-starter-thymeleaf\3.0.3\spring-boot-starter-thymeleaf-3.0.3.jar;C:\Users\MSI\.m2\repository\org\thymeleaf\thymeleaf-spring6\3.1.1.RELEASE\thymeleaf-spring6-3.1.1.RELEASE.jar;C:\Users\MSI\.m2\repository\org\thymeleaf\thymeleaf\3.1.1.RELEASE\thymeleaf-3.1.1.RELEASE.jar;C:\Users\MSI\.m2\repository\org\attoparser\attoparser\2.0.6.RELEASE\attoparser-2.0.6.RELEASE.jar;C:\Users\MSI\.m2\repository\org\unbescape\unbescape\1.1.6.RELEASE\unbescape-1.1.6.RELEASE.jar;C:\Users\MSI\.m2\repository\org\mariadb\jdbc\mariadb-java-client\3.1.2\mariadb-java-client-3.1.2.jar;C:\Users\MSI\.m2\repository\com\github\waffle\waffle-jna\3.2.0\waffle-jna-3.2.0.jar;C:\Users\MSI\.m2\repository\net\java\dev\jna\jna\5.12.1\jna-5.12.1.jar;C:\Users\MSI\.m2\repository\net\java\dev\jna\jna-platform\5.12.1\jna-platform-5.12.1.jar;C:\Users\MSI\.m2\repository\org\slf4j\jcl-over-slf4j\2.0.6\jcl-over-slf4j-2.0.6.jar;C:\Users\MSI\.m2\repository\com\github\ben-manes\caffeine\caffeine\3.1.4\caffeine-3.1.4.jar;C:\Users\MSI\.m2\repository\com\google\errorprone\error_prone_annotations\2.18.0\error_prone_annotations-2.18.0.jar;C:\Users\MSI\.m2\repository\org\checkerframework\checker-qual\3.23.0\checker-qual-3.23.0.jar;C:\Users\MSI\.m2\repository\jakarta\servlet\jakarta.servlet-api\6.0.0\jakarta.servlet-api-6.0.0.jar;C:\Users\MSI\.m2\repository\javax\servlet\servlet-api\2.5\servlet-api-2.5.jar;C:\Users\MSI\.m2\repository\org\springframework\boot\spring-boot-devtools\3.0.3\spring-boot-devtools-3.0.3.jar;C:\Users\MSI\.m2\repository\org\springframework\boot\spring-boot\3.0.3\spring-boot-3.0.3.jar;C:\Users\MSI\.m2\repository\org\springframework\boot\spring-boot-autoconfigure\3.0.3\spring-boot-autoconfigure-3.0.3.jar;C:\Users\MSI\.m2\repository\com\h2database\h2\2.1.214\h2-2.1.214.jar;C:\Users\MSI\.m2\repository\io\r2dbc\r2dbc-h2\1.0.0.RELEASE\r2dbc-h2-1.0.0.RELEASE.jar;C:\Users\MSI\.m2\repository\io\projectreactor\reactor-core\3.5.3\reactor-core-3.5.3.jar;C:\Users\MSI\.m2\repository\org\mariadb\r2dbc-mariadb\1.1.3\r2dbc-mariadb-1.1.3.jar;C:\Users\MSI\.m2\repository\io\projectreactor\netty\reactor-netty\1.1.3\reactor-netty-1.1.3.jar;C:\Users\MSI\.m2\repository\io\projectreactor\netty\reactor-netty-core\1.1.3\reactor-netty-core-1.1.3.jar;C:\Users\MSI\.m2\repository\io\netty\netty-handler\4.1.89.Final\netty-handler-4.1.89.Final.jar;C:\Users\MSI\.m2\repository\io\netty\netty-common\4.1.89.Final\netty-common-4.1.89.Final.jar;C:\Users\MSI\.m2\repository\io\netty\netty-resolver\4.1.89.Final\netty-resolver-4.1.89.Final.jar;C:\Users\MSI\.m2\repository\io\netty\netty-buffer\4.1.89.Final\netty-buffer-4.1.89.Final.jar;C:\Users\MSI\.m2\repository\io\netty\netty-transport\4.1.89.Final\netty-transport-4.1.89.Final.jar;C:\Users\MSI\.m2\repository\io\netty\netty-transport-native-unix-common\4.1.89.Final\netty-transport-native-unix-common-4.1.89.Final.jar;C:\Users\MSI\.m2\repository\io\netty\netty-codec\4.1.89.Final\netty-codec-4.1.89.Final.jar;C:\Users\MSI\.m2\repository\io\netty\netty-handler-proxy\4.1.89.Final\netty-handler-proxy-4.1.89.Final.jar;C:\Users\MSI\.m2\repository\io\netty\netty-codec-socks\4.1.89.Final\netty-codec-socks-4.1.89.Final.jar;C:\Users\MSI\.m2\repository\io\netty\netty-resolver-dns\4.1.89.Final\netty-resolver-dns-4.1.89.Final.jar;C:\Users\MSI\.m2\repository\io\netty\netty-codec-dns\4.1.89.Final\netty-codec-dns-4.1.89.Final.jar;C:\Users\MSI\.m2\repository\io\netty\netty-resolver-dns-native-macos\4.1.89.Final\netty-resolver-dns-native-macos-4.1.89.Final-osx-x86_64.jar;C:\Users\MSI\.m2\repository\io\netty\netty-resolver-dns-classes-macos\4.1.89.Final\netty-resolver-dns-classes-macos-4.1.89.Final.jar;C:\Users\MSI\.m2\repository\io\netty\netty-transport-native-epoll\4.1.89.Final\netty-transport-native-epoll-4.1.89.Final-linux-x86_64.jar;C:\Users\MSI\.m2\repository\io\netty\netty-transport-classes-epoll\4.1.89.Final\netty-transport-classes-epoll-4.1.89.Final.jar;C:\Users\MSI\.m2\repository\io\projectreactor\netty\reactor-netty-http\1.1.3\reactor-netty-http-1.1.3.jar;C:\Users\MSI\.m2\repository\io\netty\netty-codec-http\4.1.89.Final\netty-codec-http-4.1.89.Final.jar;C:\Users\MSI\.m2\repository\io\netty\netty-codec-http2\4.1.89.Final\netty-codec-http2-4.1.89.Final.jar;C:\Users\MSI\.m2\repository\io\projectreactor\netty\incubator\reactor-netty-incubator-quic\0.1.3\reactor-netty-incubator-quic-0.1.3.jar;C:\Users\MSI\.m2\repository\io\netty\incubator\netty-incubator-codec-native-quic\0.0.36.Final\netty-incubator-codec-native-quic-0.0.36.Final-linux-x86_64.jar;C:\Users\MSI\.m2\repository\io\netty\incubator\netty-incubator-codec-classes-quic\0.0.36.Final\netty-incubator-codec-classes-quic-0.0.36.Final.jar;C:\Users\MSI\.m2\repository\org\projectlombok\lombok\1.18.26\lombok-1.18.26.jar;C:\Users\MSI\.m2\repository\com\mysql\mysql-connector-j\8.0.32\mysql-connector-j-8.0.32.jar;C:\Users\MSI\.m2\repository\io\projectreactor\reactor-test\3.5.3\reactor-test-3.5.3.jar;C:\Users\MSI\.m2\repository\org\springframework\boot\spring-boot-starter-data-jpa\3.0.3\spring-boot-starter-data-jpa-3.0.3.jar;C:\Users\MSI\.m2\repository\org\springframework\boot\spring-boot-starter-aop\3.0.3\spring-boot-starter-aop-3.0.3.jar;C:\Users\MSI\.m2\repository\org\aspectj\aspectjweaver\1.9.19\aspectjweaver-1.9.19.jar;C:\Users\MSI\.m2\repository\org\springframework\boot\spring-boot-starter-jdbc\3.0.3\spring-boot-starter-jdbc-3.0.3.jar;C:\Users\MSI\.m2\repository\com\zaxxer\HikariCP\5.0.1\HikariCP-5.0.1.jar;C:\Users\MSI\.m2\repository\org\hibernate\orm\hibernate-core\6.1.7.Final\hibernate-core-6.1.7.Final.jar;C:\Users\MSI\.m2\repository\jakarta\persistence\jakarta.persistence-api\3.1.0\jakarta.persistence-api-3.1.0.jar;C:\Users\MSI\.m2\repository\jakarta\transaction\jakarta.transaction-api\2.0.1\jakarta.transaction-api-2.0.1.jar;C:\Users\MSI\.m2\repository\org\jboss\logging\jboss-logging\3.5.0.Final\jboss-logging-3.5.0.Final.jar;C:\Users\MSI\.m2\repository\org\hibernate\common\hibernate-commons-annotations\6.0.6.Final\hibernate-commons-annotations-6.0.6.Final.jar;C:\Users\MSI\.m2\repository\org\jboss\jandex\2.4.2.Final\jandex-2.4.2.Final.jar;C:\Users\MSI\.m2\repository\com\fasterxml\classmate\1.5.1\classmate-1.5.1.jar;C:\Users\MSI\.m2\repository\net\bytebuddy\byte-buddy\1.12.23\byte-buddy-1.12.23.jar;C:\Users\MSI\.m2\repository\jakarta\inject\jakarta.inject-api\2.0.0\jakarta.inject-api-2.0.0.jar;C:\Users\MSI\.m2\repository\org\antlr\antlr4-runtime\4.10.1\antlr4-runtime-4.10.1.jar;C:\Users\MSI\.m2\repository\org\springframework\data\spring-data-jpa\3.0.2\spring-data-jpa-3.0.2.jar;C:\Users\MSI\.m2\repository\org\springframework\spring-orm\6.0.5\spring-orm-6.0.5.jar;C:\Users\MSI\.m2\repository\org\springframework\spring-aspects\6.0.5\spring-aspects-6.0.5.jar;C:\Users\MSI\.m2\repository\org\liquibase\liquibase-core\4.19.0\liquibase-core-4.19.0.jar;C:\Users\MSI\.m2\repository\javax\xml\bind\jaxb-api\2.3.1\jaxb-api-2.3.1.jar;C:\Users\MSI\.m2\repository\javax\activation\javax.activation-api\1.2.0\javax.activation-api-1.2.0.jar;C:\Users\MSI\.m2\repository\org\yaml\snakeyaml\1.33\snakeyaml-1.33.jar;C:\Users\MSI\.m2\repository\com\opencsv\opencsv\5.7.1\opencsv-5.7.1.jar;C:\Users\MSI\.m2\repository\org\apache\commons\commons-text\1.10.0\commons-text-1.10.0.jar;C:\Users\MSI\.m2\repository\org\apache\commons\commons-collections4\4.4\commons-collections4-4.4.jar;C:\Users\MSI\.m2\repository\org\springframework\boot\spring-boot-starter-oauth2-client\3.0.3\spring-boot-starter-oauth2-client-3.0.3.jar;C:\Users\MSI\.m2\repository\org\springframework\security\spring-security-core\6.0.2\spring-security-core-6.0.2.jar;C:\Users\MSI\.m2\repository\org\springframework\security\spring-security-crypto\6.0.2\spring-security-crypto-6.0.2.jar;C:\Users\MSI\.m2\repository\org\springframework\spring-expression\6.0.5\spring-expression-6.0.5.jar;C:\Users\MSI\.m2\repository\io\micrometer\micrometer-observation\1.10.4\micrometer-observation-1.10.4.jar;C:\Users\MSI\.m2\repository\io\micrometer\micrometer-commons\1.10.4\micrometer-commons-1.10.4.jar;C:\Users\MSI\.m2\repository\org\springframework\security\spring-security-oauth2-jose\6.0.2\spring-security-oauth2-jose-6.0.2.jar;C:\Users\MSI\.m2\repository\com\nimbusds\nimbus-jose-jwt\9.24.4\nimbus-jose-jwt-9.24.4.jar;C:\Users\MSI\.m2\repository\org\springframework\boot\spring-boot-starter-web\3.0.3\spring-boot-starter-web-3.0.3.jar;C:\Users\MSI\.m2\repository\org\springframework\boot\spring-boot-starter-json\3.0.3\spring-boot-starter-json-3.0.3.jar;C:\Users\MSI\.m2\repository\com\fasterxml\jackson\datatype\jackson-datatype-jdk8\2.14.2\jackson-datatype-jdk8-2.14.2.jar;C:\Users\MSI\.m2\repository\com\fasterxml\jackson\datatype\jackson-datatype-jsr310\2.14.2\jackson-datatype-jsr310-2.14.2.jar;C:\Users\MSI\.m2\repository\com\fasterxml\jackson\module\jackson-module-parameter-names\2.14.2\jackson-module-parameter-names-2.14.2.jar;C:\Users\MSI\.m2\repository\org\springframework\boot\spring-boot-starter-tomcat\3.0.3\spring-boot-starter-tomcat-3.0.3.jar;C:\Users\MSI\.m2\repository\org\apache\tomcat\embed\tomcat-embed-core\10.1.5\tomcat-embed-core-10.1.5.jar;C:\Users\MSI\.m2\repository\org\apache\tomcat\embed\tomcat-embed-websocket\10.1.5\tomcat-embed-websocket-10.1.5.jar;C:\Users\MSI\.m2\repository\org\springframework\spring-web\6.0.5\spring-web-6.0.5.jar;C:\Users\MSI\.m2\repository\org\springframework\spring-webmvc\6.0.5\spring-webmvc-6.0.5.jar;C:\Users\MSI\.m2\repository\org\springframework\boot\spring-boot-starter-validation\3.0.3\spring-boot-starter-validation-3.0.3.jar;C:\Users\MSI\.m2\repository\org\apache\tomcat\embed\tomcat-embed-el\10.1.5\tomcat-embed-el-10.1.5.jar;C:\Users\MSI\.m2\repository\org\hibernate\validator\hibernate-validator\8.0.0.Final\hibernate-validator-8.0.0.Final.jar;C:\Users\MSI\.m2\repository\jakarta\validation\jakarta.validation-api\3.0.2\jakarta.validation-api-3.0.2.jar;C:\Users\MSI\.m2\repository\com\auth0\java-jwt\4.2.2\java-jwt-4.2.2.jar;C:\Users\MSI\.m2\repository\com\fasterxml\jackson\core\jackson-databind\2.14.2\jackson-databind-2.14.2.jar;C:\Users\MSI\.m2\repository\com\fasterxml\jackson\core\jackson-core\2.14.2\jackson-core-2.14.2.jar;C:\Users\MSI\.m2\repository\org\springframework\security\oauth\boot\spring-security-oauth2-autoconfigure\2.6.6\spring-security-oauth2-autoconfigure-2.6.6.jar;C:\Users\MSI\.m2\repository\com\fasterxml\jackson\core\jackson-annotations\2.14.2\jackson-annotations-2.14.2.jar;C:\Users\MSI\.m2\repository\org\springframework\security\oauth\spring-security-oauth2\2.5.0.RELEASE\spring-security-oauth2-2.5.0.RELEASE.jar;C:\Users\MSI\.m2\repository\commons-codec\commons-codec\1.15\commons-codec-1.15.jar;C:\Users\MSI\.m2\repository\org\springframework\security\spring-security-jwt\1.1.1.RELEASE\spring-security-jwt-1.1.1.RELEASE.jar;C:\Users\MSI\.m2\repository\org\bouncycastle\bcpkix-jdk15on\1.64\bcpkix-jdk15on-1.64.jar;C:\Users\MSI\.m2\repository\org\bouncycastle\bcprov-jdk15on\1.64\bcprov-jdk15on-1.64.jar;C:\Users\MSI\.m2\repository\org\glassfish\jaxb\jaxb-runtime\4.0.2\jaxb-runtime-4.0.2.jar;C:\Users\MSI\.m2\repository\org\glassfish\jaxb\jaxb-core\4.0.2\jaxb-core-4.0.2.jar;C:\Users\MSI\.m2\repository\org\eclipse\angus\angus-activation\2.0.0\angus-activation-2.0.0.jar;C:\Users\MSI\.m2\repository\org\glassfish\jaxb\txw2\4.0.2\txw2-4.0.2.jar;C:\Users\MSI\.m2\repository\com\sun\istack\istack-commons-runtime\4.1.1\istack-commons-runtime-4.1.1.jar;C:\Users\MSI\.m2\repository\org\springframework\security\spring-security-oauth2-client\6.0.0\spring-security-oauth2-client-6.0.0.jar;C:\Users\MSI\.m2\repository\org\springframework\security\spring-security-oauth2-core\6.0.2\spring-security-oauth2-core-6.0.2.jar;C:\Users\MSI\.m2\repository\org\springframework\security\spring-security-web\6.0.2\spring-security-web-6.0.2.jar;C:\Users\MSI\.m2\repository\org\springframework\spring-core\6.0.5\spring-core-6.0.5.jar;C:\Users\MSI\.m2\repository\org\springframework\spring-jcl\6.0.5\spring-jcl-6.0.5.jar;C:\Users\MSI\.m2\repository\com\nimbusds\oauth2-oidc-sdk\9.43.1\oauth2-oidc-sdk-9.43.1.jar;C:\Users\MSI\.m2\repository\com\github\stephenc\jcip\jcip-annotations\1.0-1\jcip-annotations-1.0-1.jar;C:\Users\MSI\.m2\repository\com\nimbusds\content-type\2.2\content-type-2.2.jar;C:\Users\MSI\.m2\repository\net\minidev\json-smart\2.4.8\json-smart-2.4.8.jar;C:\Users\MSI\.m2\repository\net\minidev\accessors-smart\2.4.8\accessors-smart-2.4.8.jar;C:\Users\MSI\.m2\repository\org\ow2\asm\asm\9.1\asm-9.1.jar;C:\Users\MSI\.m2\repository\com\nimbusds\lang-tag\1.7\lang-tag-1.7.jar;C:\Users\MSI\.m2\repository\io\jsonwebtoken\jjwt\0.9.1\jjwt-0.9.1.jar;C:\Users\MSI\.m2\repository\org\springframework\boot\spring-boot-starter-test\3.0.3\spring-boot-starter-test-3.0.3.jar;C:\Users\MSI\.m2\repository\org\springframework\boot\spring-boot-test\3.0.3\spring-boot-test-3.0.3.jar;C:\Users\MSI\.m2\repository\org\springframework\boot\spring-boot-test-autoconfigure\3.0.3\spring-boot-test-autoconfigure-3.0.3.jar;C:\Users\MSI\.m2\repository\com\jayway\jsonpath\json-path\2.7.0\json-path-2.7.0.jar;C:\Users\MSI\.m2\repository\jakarta\xml\bind\jakarta.xml.bind-api\4.0.0\jakarta.xml.bind-api-4.0.0.jar;C:\Users\MSI\.m2\repository\jakarta\activation\jakarta.activation-api\2.1.1\jakarta.activation-api-2.1.1.jar;C:\Users\MSI\.m2\repository\org\assertj\assertj-core\3.23.1\assertj-core-3.23.1.jar;C:\Users\MSI\.m2\repository\org\hamcrest\hamcrest\2.2\hamcrest-2.2.jar;C:\Users\MSI\.m2\repository\org\junit\jupiter\junit-jupiter\5.9.2\junit-jupiter-5.9.2.jar;C:\Users\MSI\.m2\repository\org\junit\jupiter\junit-jupiter-api\5.9.2\junit-jupiter-api-5.9.2.jar;C:\Users\MSI\.m2\repository\org\opentest4j\opentest4j\1.2.0\opentest4j-1.2.0.jar;C:\Users\MSI\.m2\repository\org\junit\platform\junit-platform-commons\1.9.2\junit-platform-commons-1.9.2.jar;C:\Users\MSI\.m2\repository\org\apiguardian\apiguardian-api\1.1.2\apiguardian-api-1.1.2.jar;C:\Users\MSI\.m2\repository\org\junit\jupiter\junit-jupiter-params\5.9.2\junit-jupiter-params-5.9.2.jar;C:\Users\MSI\.m2\repository\org\junit\jupiter\junit-jupiter-engine\5.9.2\junit-jupiter-engine-5.9.2.jar;C:\Users\MSI\.m2\repository\org\junit\platform\junit-platform-engine\1.9.2\junit-platform-engine-1.9.2.jar;C:\Users\MSI\.m2\repository\org\mockito\mockito-core\4.8.1\mockito-core-4.8.1.jar;C:\Users\MSI\.m2\repository\net\bytebuddy\byte-buddy-agent\1.12.23\byte-buddy-agent-1.12.23.jar;C:\Users\MSI\.m2\repository\org\objenesis\objenesis\3.2\objenesis-3.2.jar;C:\Users\MSI\.m2\repository\org\mockito\mockito-junit-jupiter\4.8.1\mockito-junit-jupiter-4.8.1.jar;C:\Users\MSI\.m2\repository\org\skyscreamer\jsonassert\1.5.1\jsonassert-1.5.1.jar;C:\Users\MSI\.m2\repository\com\vaadin\external\google\android-json\0.0.20131108.vaadin1\android-json-0.0.20131108.vaadin1.jar;C:\Users\MSI\.m2\repository\org\springframework\spring-test\6.0.5\spring-test-6.0.5.jar;C:\Users\MSI\.m2\repository\org\xmlunit\xmlunit-core\2.9.1\xmlunit-core-2.9.1.jar;C:\Users\MSI\.m2\repository\org\springframework\boot\spring-boot-configuration-processor\3.0.3\spring-boot-configuration-processor-3.0.3.jar;C:\Users\MSI\.m2\repository\org\apache\commons\commons-lang3\3.12.0\commons-lang3-3.12.0.jar;C:\Users\MSI\.m2\repository\org\springframework\security\spring-security-config\5.1.6.RELEASE\spring-security-config-5.1.6.RELEASE.jar;C:\Users\MSI\.m2\repository\org\springframework\spring-aop\6.0.5\spring-aop-6.0.5.jar;C:\Users\MSI\.m2\repository\org\springframework\spring-beans\6.0.5\spring-beans-6.0.5.jar;C:\Users\MSI\.m2\repository\org\springframework\spring-context\6.0.5\spring-context-6.0.5.jar;"/>
    <property name="sun.cpu.endian" value="little"/>
    <property name="user.home" value="C:\Users\MSI"/>
    <property name="user.language" value="en"/>
    <property name="java.specification.vendor" value="Oracle Corporation"/>
    <property name="java.version.date" value="2023-01-17"/>
    <property name="java.home" value="C:\Program Files\Java\jdk-17"/>
    <property name="file.separator" value="\"/>
    <property name="basedir" value="c:\Users\MSI\Documents\CODINGS\NEW_BACKEND\zerohunger"/>
    <property name="java.vm.compressedOopsMode" value="32-bit"/>
    <property name="line.separator" value="&#10;"/>
    <property name="java.vm.specification.vendor" value="Oracle Corporation"/>
    <property name="java.specification.name" value="Java Platform API Specification"/>
    <property name="surefire.real.class.path" value="C:\Users\MSI\AppData\Local\Temp\surefire5119735615542279643\surefirebooter11572591770369779604.jar"/>
    <property name="user.script" value=""/>
    <property name="user.script.format" value="Hans"/>
    <property name="sun.management.compiler" value="HotSpot 64-Bit Tiered Compilers"/>
    <property name="java.runtime.version" value="17.0.6+9-LTS-190"/>
    <property name="user.name" value="MSI"/>
    <property name="path.separator" value=";"/>
    <property name="os.version" value="10.0"/>
    <property name="java.runtime.name" value="Java(TM) SE Runtime Environment"/>
    <property name="file.encoding" value="MS932"/>
    <property name="java.vm.name" value="Java HotSpot(TM) 64-Bit Server VM"/>
    <property name="localRepository" value="C:\Users\MSI\.m2\repository"/>
    <property name="java.vendor.url.bug" value="https://bugreport.java.com/bugreport/"/>
    <property name="java.io.tmpdir" value="C:\Users\MSI\AppData\Local\Temp\"/>
    <property name="java.version" value="17.0.6"/>
    <property name="user.dir" value="c:\Users\MSI\Documents\CODINGS\NEW_BACKEND\zerohunger"/>
    <property name="os.arch" value="amd64"/>
    <property name="java.vm.specification.name" value="Java Virtual Machine Specification"/>
    <property name="user.language.format" value="zh"/>
    <property name="sun.os.patch.level" value=""/>
    <property name="native.encoding" value="MS932"/>
    <property name="java.library.path" value="C:\Program Files\Java\jdk-17\bin;C:\WINDOWS\Sun\Java\bin;C:\WINDOWS\system32;C:\WINDOWS;C:\Program Files\Java\jdk-17\bin;C:\Program Files\Common Files\Oracle\Java\javapath;C:\Windows\system32;C:\Windows;C:\Windows\System32\Wbem;C:\Windows\System32\WindowsPowerShell\v1.0\;C:\Windows\System32\OpenSSH\;C:\Program Files (x86)\NVIDIA Corporation\PhysX\Common;C:\Program Files\NVIDIA Corporation\NVIDIA NvDLISR;C:\Users\MSI\Desktop\CODING SOFTWARES\sqlite-tools-win32-x86-3360000;C:\Program Files (x86)\National Instruments\Shared\LabVIEW CLI;C:\Program Files (x86)\IVI Foundation\VISA\WinNT\Bin\;C:\Program Files\IVI Foundation\VISA\Win64\Bin\;C:\Program Files (x86)\IVI Foundation\IVI\bin;C:\Program Files\IVI Foundation\IVI\bin;C:\Program Files (x86)\IVI Foundation\VISA\WinNT\Bin;C:\cygwin\bin;C:\WINDOWS\system32;C:\WINDOWS;C:\WINDOWS\System32\Wbem;C:\WINDOWS\System32\WindowsPowerShell\v1.0\;C:\WINDOWS\System32\OpenSSH\;C:\Users\MSI\AppData\Roaming\nvm;C:\Program Files\nodejs;C:\Program Files\Git\cmd;C:\Program Files\apache-maven-3.9.0\bin;C:\Program Files\MySQL\MySQL Shell 8.0\bin\;C:\Windows\system32;C:\Windows\System32\Wbem;C:\Windows\System32\WindowsPowerShell\v1.0\;C:\Windows\System32\OpenSSH\;C:\Program Files (x86)\NVIDIA Corporation\PhysX\Common;C:\Program Files\NVIDIA Corporation\NVIDIA NvDLISR;C:\Program Files\Git\bin\;C:\Program Files\Git\cmd;C:\Users\MSI\Desktop\CODING SOFTWARES\sqlite-tools-win32-x86-3360000;C:\Program Files\Docker\Docker\resources\bin;C:\ProgramData\DockerDesktop\version-bin;C:\Program Files\Java\jdk-17\bin;C:\Program Files\apache-maven-3.9.0\bin;C:\Windows;C:\Windows\System32\WindowsPowerSh;C:\ADB;C:\ADB\platform-tools;C:\Users\MSI\AppData\Local\GitHubDesktop\bin;C:\Users\MSI\zerynth3\dist\sys\cli;C:\Users\MSI\AppData\Local\Microsoft\WindowsApps;C:\Users\MSI\AppData\Roaming\npm;C:\Users\MSI\AppData\Local\Programs\Microsoft VS Code\bin;C:\Users\MSI\AppData\Roaming\npm\node_modules\@angular\cli\bin;C:\Users\MSI\AppData\Roaming\nvm;C:\Program Files\nodejs;C:\xampp\mysql\bin;C:\Program Files (x86)\WordNet\dict\;C:\Users\MSI\Documents\CODINGS\JAVA\Day6\lib\jaws-bin.jar\;C:\Program Files (x86)\GnuWin32\;;."/>
    <property name="java.vm.info" value="mixed mode, sharing"/>
    <property name="java.vendor" value="Oracle Corporation"/>
    <property name="java.vm.version" value="17.0.6+9-LTS-190"/>
    <property name="sun.io.unicode.encoding" value="UnicodeLittle"/>
    <property name="java.class.version" value="61.0"/>
  </properties>
  <testcase name="contextLoads" classname="com.unimap.zerohunger.ZerohungerApplicationTests" time="0.013">
    <error message="Failed to load ApplicationContext for [WebMergedContextConfiguration@480b57e2 testClass = com.unimap.zerohunger.ZerohungerApplicationTests, locations = [], classes = [com.unimap.ZerohungerApplication], contextInitializerClasses = [], activeProfiles = [], propertySourceLocations = [], propertySourceProperties = [&quot;org.springframework.boot.test.context.SpringBootTestContextBootstrapper=true&quot;], contextCustomizers = [org.springframework.boot.test.context.filter.ExcludeFilterContextCustomizer@5524cca1, org.springframework.boot.test.json.DuplicateJsonObjectContextCustomizerFactory$DuplicateJsonObjectContextCustomizer@57a78e3, org.springframework.boot.test.mock.mockito.MockitoContextCustomizer@0, org.springframework.boot.test.web.client.TestRestTemplateContextCustomizer@8462f31, org.springframework.boot.test.autoconfigure.actuate.observability.ObservabilityContextCustomizerFactory$DisableObservabilityContextCustomizer@9da1, org.springframework.boot.test.autoconfigure.properties.PropertyMappingContextCustomizer@0, org.springframework.boot.test.autoconfigure.web.servlet.WebDriverContextCustomizerFactory$Customizer@4d0d9fe7, org.springframework.boot.test.context.SpringBootTestAnnotation@ad1df9bf], resourceBasePath = &quot;src/main/webapp&quot;, contextLoader = org.springframework.boot.test.context.SpringBootContextLoader, parent = null]" type="java.lang.IllegalStateException">java.lang.IllegalStateException: Failed to load ApplicationContext for [WebMergedContextConfiguration@480b57e2 testClass = com.unimap.zerohunger.ZerohungerApplicationTests, locations = [], classes = [com.unimap.ZerohungerApplication], contextInitializerClasses = [], activeProfiles = [], propertySourceLocations = [], propertySourceProperties = ["org.springframework.boot.test.context.SpringBootTestContextBootstrapper=true"], contextCustomizers = [org.springframework.boot.test.context.filter.ExcludeFilterContextCustomizer@5524cca1, org.springframework.boot.test.json.DuplicateJsonObjectContextCustomizerFactory$DuplicateJsonObjectContextCustomizer@57a78e3, org.springframework.boot.test.mock.mockito.MockitoContextCustomizer@0, org.springframework.boot.test.web.client.TestRestTemplateContextCustomizer@8462f31, org.springframework.boot.test.autoconfigure.actuate.observability.ObservabilityContextCustomizerFactory$DisableObservabilityContextCustomizer@9da1, org.springframework.boot.test.autoconfigure.properties.PropertyMappingContextCustomizer@0, org.springframework.boot.test.autoconfigure.web.servlet.WebDriverContextCustomizerFactory$Customizer@4d0d9fe7, org.springframework.boot.test.context.SpringBootTestAnnotation@ad1df9bf], resourceBasePath = "src/main/webapp", contextLoader = org.springframework.boot.test.context.SpringBootContextLoader, parent = null]
Caused by: java.lang.IllegalStateException: Error processing condition on org.springframework.boot.autoconfigure.security.oauth2.client.servlet.OAuth2WebSecurityConfiguration.authorizedClientService
Caused by: java.lang.IllegalStateException: Failed to introspect Class [org.springframework.boot.autoconfigure.security.oauth2.client.servlet.OAuth2WebSecurityConfiguration$OAuth2SecurityFilterChainConfiguration] from ClassLoader [jdk.internal.loader.ClassLoaders$AppClassLoader@70dea4e]
Caused by: java.lang.NoClassDefFoundError: org/springframework/security/config/annotation/web/configurers/AuthorizeHttpRequestsConfigurer$AuthorizationManagerRequestMatcherRegistry
Caused by: java.lang.ClassNotFoundException: org.springframework.security.config.annotation.web.configurers.AuthorizeHttpRequestsConfigurer$AuthorizationManagerRequestMatcherRegistry
</error>
    <system-out><![CDATA[14:42:23.670 [main] DEBUG org.springframework.boot.test.context.SpringBootTestContextBootstrapper - Neither @ContextConfiguration nor @ContextHierarchy found for test class [ZerohungerApplicationTests]: using SpringBootContextLoader
14:42:23.680 [main] DEBUG org.springframework.test.context.support.AbstractContextLoader - Could not detect default resource locations for test class [com.unimap.zerohunger.ZerohungerApplicationTests]: no resource found for suffixes {-context.xml, Context.groovy}.
14:42:23.680 [main] INFO org.springframework.test.context.support.AnnotationConfigContextLoaderUtils - Could not detect default configuration classes for test class [com.unimap.zerohunger.ZerohungerApplicationTests]: ZerohungerApplicationTests does not declare any static, non-private, non-final, nested classes annotated with @Configuration.
14:42:23.708 [main] DEBUG org.springframework.boot.test.context.SpringBootTestContextBootstrapper - Using ContextCustomizers for test class [ZerohungerApplicationTests]: [ExcludeFilterContextCustomizer, DuplicateJsonObjectContextCustomizer, MockitoContextCustomizer, TestRestTemplateContextCustomizer, DisableObservabilityContextCustomizer, PropertyMappingContextCustomizer, Customizer]
14:42:23.802 [main] DEBUG org.springframework.context.annotation.ClassPathScanningCandidateComponentProvider - Identified candidate component class: file [c:\Users\MSI\Documents\CODINGS\NEW_BACKEND\zerohunger\target\classes\com\unimap\ZerohungerApplication.class]
14:42:23.806 [main] INFO org.springframework.boot.test.context.SpringBootTestContextBootstrapper - Found @SpringBootConfiguration com.unimap.ZerohungerApplication for test class com.unimap.zerohunger.ZerohungerApplicationTests
14:42:23.909 [main] DEBUG org.springframework.boot.test.context.SpringBootTestContextBootstrapper - Using TestExecutionListeners for test class [ZerohungerApplicationTests]: [ServletTestExecutionListener, DirtiesContextBeforeModesTestExecutionListener, ApplicationEventsTestExecutionListener, MockitoTestExecutionListener, DependencyInjectionTestExecutionListener, DirtiesContextTestExecutionListener, TransactionalTestExecutionListener, SqlScriptsTestExecutionListener, EventPublishingTestExecutionListener, ResetMocksTestExecutionListener, RestDocsTestExecutionListener, MockRestServiceServerResetTestExecutionListener, MockMvcPrintOnlyOnFailureTestExecutionListener, WebDriverTestExecutionListener, MockWebServiceServerTestExecutionListener]
14:42:23.909 [main] DEBUG org.springframework.test.context.support.AbstractDirtiesContextTestExecutionListener - Before test class: class [ZerohungerApplicationTests], class annotated with @DirtiesContext [false] with mode [null]
2023-03-01T14:42:24.190+08:00 TRACE 908 --- [           main] o.s.c.io.support.SpringFactoriesLoader   : Loaded [org.springframework.boot.ApplicationContextFactory] names: [org.springframework.boot.web.reactive.context.ReactiveWebServerApplicationContextFactory, org.springframework.boot.web.servlet.context.ServletWebServerApplicationContextFactory]

  .   ____          _            __ _ _
 /\\ / ___'_ __ _ _(_)_ __  __ _ \ \ \ \
( ( )\___ | '_ | '_| | '_ \/ _` | \ \ \ \
 \\/  ___)| |_)| | | | | || (_| |  ) ) ) )
  '  |____| .__|_| |_|_| |_\__, | / / / /
 =========|_|==============|___/=/_/_/_/
 :: Spring Boot ::                (v3.0.3)

2023-03-01T14:42:24.254+08:00 TRACE 908 --- [           main] o.s.b.f.s.DefaultListableBeanFactory     : Registering scope 'restart' with implementation [org.springframework.boot.devtools.restart.RestartScopeInitializer$RestartScope@425357dd]
2023-03-01T14:42:24.267+08:00  INFO 908 --- [           main] c.u.z.ZerohungerApplicationTests         : Starting ZerohungerApplicationTests using Java 17.0.6 with PID 908 (started by MSI in c:\Users\MSI\Documents\CODINGS\NEW_BACKEND\zerohunger)
2023-03-01T14:42:24.268+08:00  INFO 908 --- [           main] c.u.z.ZerohungerApplicationTests         : No active profile set, falling back to 1 default profile: "default"
2023-03-01T14:42:24.270+08:00 DEBUG 908 --- [           main] o.s.boot.SpringApplication               : Loading source class com.unimap.ZerohungerApplication
2023-03-01T14:42:24.305+08:00 TRACE 908 --- [           main] o.s.c.a.ClassPathBeanDefinitionScanner   : JSR-250 'jakarta.annotation.ManagedBean' found and supported for component scanning
2023-03-01T14:42:24.307+08:00 TRACE 908 --- [           main] o.s.c.a.ClassPathBeanDefinitionScanner   : JSR-330 'jakarta.inject.Named' annotation found and supported for component scanning
2023-03-01T14:42:24.335+08:00 TRACE 908 --- [           main] uePropertySourceEnvironmentPostProcessor : RandomValuePropertySource add to Environment
2023-03-01T14:42:24.335+08:00 TRACE 908 --- [           main] b.c.c.ConfigDataEnvironmentPostProcessor : Post-processing environment to add config data
2023-03-01T14:42:24.335+08:00 TRACE 908 --- [           main] o.s.b.c.config.ConfigDataEnvironment     : Building config data environment contributors
2023-03-01T14:42:24.336+08:00 TRACE 908 --- [           main] o.s.b.c.config.ConfigDataEnvironment     : Creating wrapped config data contributor for 'Inlined Test Properties'
2023-03-01T14:42:24.336+08:00 TRACE 908 --- [           main] o.s.b.c.config.ConfigDataEnvironment     : Creating wrapped config data contributor for 'configurationProperties'
2023-03-01T14:42:24.336+08:00 TRACE 908 --- [           main] o.s.b.c.config.ConfigDataEnvironment     : Creating wrapped config data contributor for 'servletConfigInitParams'
2023-03-01T14:42:24.336+08:00 TRACE 908 --- [           main] o.s.b.c.config.ConfigDataEnvironment     : Creating wrapped config data contributor for 'servletContextInitParams'
2023-03-01T14:42:24.336+08:00 TRACE 908 --- [           main] o.s.b.c.config.ConfigDataEnvironment     : Creating wrapped config data contributor for 'systemProperties'
2023-03-01T14:42:24.336+08:00 TRACE 908 --- [           main] o.s.b.c.config.ConfigDataEnvironment     : Creating wrapped config data contributor for 'systemEnvironment'
2023-03-01T14:42:24.336+08:00 TRACE 908 --- [           main] o.s.b.c.config.ConfigDataEnvironment     : Creating wrapped config data contributor for 'random'
2023-03-01T14:42:24.336+08:00 TRACE 908 --- [           main] o.s.b.c.config.ConfigDataEnvironment     : Adding initial config data import from location 'optional:file:./;optional:file:./config/;optional:file:./config/*/'
2023-03-01T14:42:24.336+08:00 TRACE 908 --- [           main] o.s.b.c.config.ConfigDataEnvironment     : Adding initial config data import from location 'optional:classpath:/;optional:classpath:/config/'
2023-03-01T14:42:24.336+08:00 TRACE 908 --- [           main] o.s.b.c.config.ConfigDataEnvironment     : Processing initial config data environment contributors without activation context
2023-03-01T14:42:24.336+08:00 TRACE 908 --- [           main] .b.c.c.ConfigDataEnvironmentContributors : Processing imports for phase BEFORE_PROFILE_ACTIVATION. no activation context
2023-03-01T14:42:24.337+08:00 TRACE 908 --- [           main] .b.c.c.ConfigDataEnvironmentContributors : Processing imports [optional:file:./;optional:file:./config/;optional:file:./config/*/]
2023-03-01T14:42:24.337+08:00 TRACE 908 --- [           main] b.c.c.StandardConfigDataLocationResolver : Skipping missing resource file:./application.yaml
2023-03-01T14:42:24.337+08:00 TRACE 908 --- [           main] b.c.c.StandardConfigDataLocationResolver : Skipping missing resource file:./application.yml
2023-03-01T14:42:24.337+08:00 TRACE 908 --- [           main] b.c.c.StandardConfigDataLocationResolver : Skipping missing resource file:./application.xml
2023-03-01T14:42:24.337+08:00 TRACE 908 --- [           main] b.c.c.StandardConfigDataLocationResolver : Skipping missing resource file:./application.properties
2023-03-01T14:42:24.337+08:00 TRACE 908 --- [           main] b.c.c.StandardConfigDataLocationResolver : Skipping missing resource file:./config/application.yaml
2023-03-01T14:42:24.337+08:00 TRACE 908 --- [           main] b.c.c.StandardConfigDataLocationResolver : Skipping missing resource file:./config/application.yml
2023-03-01T14:42:24.337+08:00 TRACE 908 --- [           main] b.c.c.StandardConfigDataLocationResolver : Skipping missing resource file:./config/application.xml
2023-03-01T14:42:24.337+08:00 TRACE 908 --- [           main] b.c.c.StandardConfigDataLocationResolver : Skipping missing resource file:./config/application.properties
2023-03-01T14:42:24.338+08:00 TRACE 908 --- [           main] o.s.b.context.config.ConfigDataLoaders   : Loading file [.] using loader org.springframework.boot.context.config.StandardConfigDataLoader
2023-03-01T14:42:24.342+08:00 TRACE 908 --- [           main] .b.c.c.ConfigDataEnvironmentContributors : Imported 1 resource [file [.]]
2023-03-01T14:42:24.342+08:00 TRACE 908 --- [           main] .b.c.c.ConfigDataEnvironmentContributors : Processing imports [optional:classpath:/;optional:classpath:/config/]
2023-03-01T14:42:24.342+08:00 TRACE 908 --- [           main] b.c.c.StandardConfigDataLocationResolver : Skipping missing resource classpath:/application.yaml
2023-03-01T14:42:24.342+08:00 TRACE 908 --- [           main] b.c.c.StandardConfigDataLocationResolver : Skipping missing resource classpath:/application.yml
2023-03-01T14:42:24.342+08:00 TRACE 908 --- [           main] b.c.c.StandardConfigDataLocationResolver : Skipping missing resource classpath:/application.xml
2023-03-01T14:42:24.342+08:00 TRACE 908 --- [           main] b.c.c.StandardConfigDataLocationResolver : Skipping missing resource classpath:/config/application.yaml
2023-03-01T14:42:24.342+08:00 TRACE 908 --- [           main] b.c.c.StandardConfigDataLocationResolver : Skipping missing resource classpath:/config/application.yml
2023-03-01T14:42:24.342+08:00 TRACE 908 --- [           main] b.c.c.StandardConfigDataLocationResolver : Skipping missing resource classpath:/config/application.xml
2023-03-01T14:42:24.342+08:00 TRACE 908 --- [           main] b.c.c.StandardConfigDataLocationResolver : Skipping missing resource classpath:/config/application.properties
2023-03-01T14:42:24.343+08:00 TRACE 908 --- [           main] o.s.b.context.config.ConfigDataLoaders   : Loading class path resource [application.properties] using loader org.springframework.boot.context.config.StandardConfigDataLoader
2023-03-01T14:42:24.343+08:00 TRACE 908 --- [           main] .b.c.c.ConfigDataEnvironmentContributors : Imported 1 resource [class path resource [application.properties]]
2023-03-01T14:42:24.343+08:00 TRACE 908 --- [           main] .b.c.c.ConfigDataEnvironmentContributors : Processing imports [optional:mysql:src/main/resources/application.properties]
2023-03-01T14:42:24.343+08:00 TRACE 908 --- [           main] b.c.c.StandardConfigDataLocationResolver : Skipping missing resource mysql:src/main/resources/application.properties
2023-03-01T14:42:24.343+08:00 TRACE 908 --- [           main] .b.c.c.ConfigDataEnvironmentContributors : Nothing imported
2023-03-01T14:42:24.343+08:00 TRACE 908 --- [           main] .b.c.c.ConfigDataEnvironmentContributors : Processed imports for of 3 contributors
2023-03-01T14:42:24.344+08:00 TRACE 908 --- [           main] o.s.b.c.config.ConfigDataEnvironment     : Creating config data activation context from initial contributions
2023-03-01T14:42:24.344+08:00 TRACE 908 --- [           main] o.s.b.c.config.ConfigDataEnvironment     : Processing config data environment contributors with initial activation context
2023-03-01T14:42:24.347+08:00 TRACE 908 --- [           main] .b.c.c.ConfigDataEnvironmentContributors : Processing imports for phase BEFORE_PROFILE_ACTIVATION. [ConfigDataActivationContext@1f2d2181 cloudPlatform = [null], profiles = [null]]
2023-03-01T14:42:24.348+08:00 TRACE 908 --- [           main] .b.c.c.ConfigDataEnvironmentContributors : Processed imports for of 0 contributors
2023-03-01T14:42:24.348+08:00 TRACE 908 --- [           main] o.s.b.c.config.ConfigDataEnvironment     : Deducing profiles from current config data environment contributors
2023-03-01T14:42:24.348+08:00 TRACE 908 --- [           main] o.s.b.c.config.ConfigDataEnvironment     : Processing config data environment contributors with profile activation context
2023-03-01T14:42:24.349+08:00 TRACE 908 --- [           main] .b.c.c.ConfigDataEnvironmentContributors : Processing imports for phase AFTER_PROFILE_ACTIVATION. [ConfigDataActivationContext@49bf29c6 cloudPlatform = [null], profiles = [Profiles@7ee55e70 active = '[]', default = '[default]', accepted = '[default]']]
2023-03-01T14:42:24.349+08:00 TRACE 908 --- [           main] .b.c.c.ConfigDataEnvironmentContributors : Processing imports [optional:file:./;optional:file:./config/;optional:file:./config/*/]
2023-03-01T14:42:24.349+08:00 TRACE 908 --- [           main] b.c.c.StandardConfigDataLocationResolver : Skipping missing resource file:./application.yaml
2023-03-01T14:42:24.349+08:00 TRACE 908 --- [           main] b.c.c.StandardConfigDataLocationResolver : Skipping missing resource file:./application.yml
2023-03-01T14:42:24.349+08:00 TRACE 908 --- [           main] b.c.c.StandardConfigDataLocationResolver : Skipping missing resource file:./application.xml
2023-03-01T14:42:24.349+08:00 TRACE 908 --- [           main] b.c.c.StandardConfigDataLocationResolver : Skipping missing resource file:./application.properties
2023-03-01T14:42:24.349+08:00 TRACE 908 --- [           main] b.c.c.StandardConfigDataLocationResolver : Skipping missing resource file:./config/application.yaml
2023-03-01T14:42:24.349+08:00 TRACE 908 --- [           main] b.c.c.StandardConfigDataLocationResolver : Skipping missing resource file:./config/application.yml
2023-03-01T14:42:24.349+08:00 TRACE 908 --- [           main] b.c.c.StandardConfigDataLocationResolver : Skipping missing resource file:./config/application.xml
2023-03-01T14:42:24.350+08:00 TRACE 908 --- [           main] b.c.c.StandardConfigDataLocationResolver : Skipping missing resource file:./config/application.properties
2023-03-01T14:42:24.350+08:00 TRACE 908 --- [           main] b.c.c.StandardConfigDataLocationResolver : Skipping missing resource file:./application-default.yaml
2023-03-01T14:42:24.350+08:00 TRACE 908 --- [           main] b.c.c.StandardConfigDataLocationResolver : Skipping missing resource file:./application-default.yml
2023-03-01T14:42:24.350+08:00 TRACE 908 --- [           main] b.c.c.StandardConfigDataLocationResolver : Skipping missing resource file:./application-default.xml
2023-03-01T14:42:24.350+08:00 TRACE 908 --- [           main] b.c.c.StandardConfigDataLocationResolver : Skipping missing resource file:./application-default.properties
2023-03-01T14:42:24.350+08:00 TRACE 908 --- [           main] b.c.c.StandardConfigDataLocationResolver : Skipping missing resource file:./config/application-default.yaml
2023-03-01T14:42:24.350+08:00 TRACE 908 --- [           main] b.c.c.StandardConfigDataLocationResolver : Skipping missing resource file:./config/application-default.yml
2023-03-01T14:42:24.350+08:00 TRACE 908 --- [           main] b.c.c.StandardConfigDataLocationResolver : Skipping missing resource file:./config/application-default.xml
2023-03-01T14:42:24.351+08:00 TRACE 908 --- [           main] b.c.c.StandardConfigDataLocationResolver : Skipping missing resource file:./config/application-default.properties
2023-03-01T14:42:24.351+08:00 TRACE 908 --- [           main] .b.c.c.ConfigDataEnvironmentContributors : Nothing imported
2023-03-01T14:42:24.351+08:00 TRACE 908 --- [           main] .b.c.c.ConfigDataEnvironmentContributors : Processing imports [optional:mysql:src/main/resources/application.properties]
2023-03-01T14:42:24.351+08:00 TRACE 908 --- [           main] b.c.c.StandardConfigDataLocationResolver : Skipping missing resource mysql:src/main/resources/application.properties
2023-03-01T14:42:24.351+08:00 TRACE 908 --- [           main] b.c.c.StandardConfigDataLocationResolver : Skipping missing resource mysql:src/main/resources/application-default.properties
2023-03-01T14:42:24.351+08:00 TRACE 908 --- [           main] .b.c.c.ConfigDataEnvironmentContributors : Nothing imported
2023-03-01T14:42:24.351+08:00 TRACE 908 --- [           main] .b.c.c.ConfigDataEnvironmentContributors : Processing imports [optional:classpath:/;optional:classpath:/config/]
2023-03-01T14:42:24.351+08:00 TRACE 908 --- [           main] b.c.c.StandardConfigDataLocationResolver : Skipping missing resource classpath:/application.yaml
2023-03-01T14:42:24.351+08:00 TRACE 908 --- [           main] b.c.c.StandardConfigDataLocationResolver : Skipping missing resource classpath:/application.yml
2023-03-01T14:42:24.351+08:00 TRACE 908 --- [           main] b.c.c.StandardConfigDataLocationResolver : Skipping missing resource classpath:/application.xml
2023-03-01T14:42:24.351+08:00 TRACE 908 --- [           main] b.c.c.StandardConfigDataLocationResolver : Skipping missing resource classpath:/config/application.yaml
2023-03-01T14:42:24.353+08:00 TRACE 908 --- [           main] b.c.c.StandardConfigDataLocationResolver : Skipping missing resource classpath:/config/application.yml
2023-03-01T14:42:24.353+08:00 TRACE 908 --- [           main] b.c.c.StandardConfigDataLocationResolver : Skipping missing resource classpath:/config/application.xml
2023-03-01T14:42:24.353+08:00 TRACE 908 --- [           main] b.c.c.StandardConfigDataLocationResolver : Skipping missing resource classpath:/config/application.properties
2023-03-01T14:42:24.353+08:00 TRACE 908 --- [           main] b.c.c.StandardConfigDataLocationResolver : Skipping missing resource classpath:/application-default.yaml
2023-03-01T14:42:24.353+08:00 TRACE 908 --- [           main] b.c.c.StandardConfigDataLocationResolver : Skipping missing resource classpath:/application-default.yml
2023-03-01T14:42:24.353+08:00 TRACE 908 --- [           main] b.c.c.StandardConfigDataLocationResolver : Skipping missing resource classpath:/application-default.xml
2023-03-01T14:42:24.353+08:00 TRACE 908 --- [           main] b.c.c.StandardConfigDataLocationResolver : Skipping missing resource classpath:/application-default.properties
2023-03-01T14:42:24.353+08:00 TRACE 908 --- [           main] b.c.c.StandardConfigDataLocationResolver : Skipping missing resource classpath:/config/application-default.yaml
2023-03-01T14:42:24.353+08:00 TRACE 908 --- [           main] b.c.c.StandardConfigDataLocationResolver : Skipping missing resource classpath:/config/application-default.yml
2023-03-01T14:42:24.353+08:00 TRACE 908 --- [           main] b.c.c.StandardConfigDataLocationResolver : Skipping missing resource classpath:/config/application-default.xml
2023-03-01T14:42:24.353+08:00 TRACE 908 --- [           main] b.c.c.StandardConfigDataLocationResolver : Skipping missing resource classpath:/config/application-default.properties
2023-03-01T14:42:24.353+08:00 TRACE 908 --- [           main] .b.c.c.ConfigDataEnvironmentContributors : Nothing imported
2023-03-01T14:42:24.353+08:00 TRACE 908 --- [           main] .b.c.c.ConfigDataEnvironmentContributors : Processed imports for of 3 contributors
2023-03-01T14:42:24.353+08:00 TRACE 908 --- [           main] o.s.b.c.config.ConfigDataEnvironment     : Applying config data environment contributions
2023-03-01T14:42:24.353+08:00 TRACE 908 --- [           main] o.s.b.c.config.ConfigDataEnvironment     : Adding imported property source 'Config resource 'class path resource [application.properties]' via location 'optional:classpath:/''
2023-03-01T14:42:24.353+08:00 TRACE 908 --- [           main] o.s.b.c.config.ConfigDataEnvironment     : Setting default profiles: [default]
2023-03-01T14:42:24.353+08:00 TRACE 908 --- [           main] o.s.b.c.config.ConfigDataEnvironment     : Setting active profiles: []
2023-03-01T14:42:24.363+08:00 TRACE 908 --- [           main] o.s.w.c.s.GenericWebApplicationContext   : Refreshing org.springframework.web.context.support.GenericWebApplicationContext@1b5bc39d, started on Wed Mar 01 14:42:24 SGT 2023
2023-03-01T14:42:24.384+08:00 TRACE 908 --- [           main] o.s.b.f.s.DefaultListableBeanFactory     : Registering scope 'request' with implementation [org.springframework.web.context.request.RequestScope@553f3b6e]
2023-03-01T14:42:24.386+08:00 TRACE 908 --- [           main] o.s.b.f.s.DefaultListableBeanFactory     : Registering scope 'session' with implementation [org.springframework.web.context.request.SessionScope@76f10035]
2023-03-01T14:42:24.387+08:00 TRACE 908 --- [           main] o.s.b.f.s.DefaultListableBeanFactory     : Registering scope 'application' with implementation [org.springframework.web.context.support.ServletContextScope@41c62850]
2023-03-01T14:42:24.403+08:00 DEBUG 908 --- [           main] o.s.b.f.s.DefaultListableBeanFactory     : Creating shared instance of singleton bean 'org.springframework.context.annotation.internalConfigurationAnnotationProcessor'
2023-03-01T14:42:24.404+08:00 TRACE 908 --- [           main] o.s.b.f.s.DefaultListableBeanFactory     : Creating instance of bean 'org.springframework.context.annotation.internalConfigurationAnnotationProcessor'
2023-03-01T14:42:24.429+08:00 DEBUG 908 --- [           main] o.s.b.f.s.DefaultListableBeanFactory     : Creating shared instance of singleton bean 'org.springframework.boot.autoconfigure.internalCachingMetadataReaderFactory'
2023-03-01T14:42:24.430+08:00 TRACE 908 --- [           main] o.s.b.f.s.DefaultListableBeanFactory     : Creating instance of bean 'org.springframework.boot.autoconfigure.internalCachingMetadataReaderFactory'
2023-03-01T14:42:24.431+08:00 TRACE 908 --- [           main] o.s.b.f.s.DefaultListableBeanFactory     : Finished creating instance of bean 'org.springframework.boot.autoconfigure.internalCachingMetadataReaderFactory'
2023-03-01T14:42:24.436+08:00 TRACE 908 --- [           main] o.s.c.io.support.SpringFactoriesLoader   : Loaded [org.springframework.beans.BeanInfoFactory] names: []
2023-03-01T14:42:24.439+08:00 TRACE 908 --- [           main] o.s.beans.CachedIntrospectionResults     : Getting BeanInfo for class [org.springframework.context.annotation.ConfigurationClassPostProcessor]
2023-03-01T14:42:24.444+08:00 TRACE 908 --- [           main] o.s.beans.CachedIntrospectionResults     : Caching PropertyDescriptors for class [org.springframework.context.annotation.ConfigurationClassPostProcessor]
2023-03-01T14:42:24.445+08:00 TRACE 908 --- [           main] o.s.beans.CachedIntrospectionResults     : Found bean property 'applicationStartup' of type [org.springframework.core.metrics.ApplicationStartup]
2023-03-01T14:42:24.446+08:00 TRACE 908 --- [           main] o.s.beans.CachedIntrospectionResults     : Found bean property 'beanClassLoader' of type [java.lang.ClassLoader]
2023-03-01T14:42:24.447+08:00 TRACE 908 --- [           main] o.s.beans.CachedIntrospectionResults     : Found bean property 'beanExcludedFromAotProcessing' of type [boolean]
2023-03-01T14:42:24.447+08:00 TRACE 908 --- [           main] o.s.beans.CachedIntrospectionResults     : Found bean property 'beanNameGenerator' of type [org.springframework.beans.factory.support.BeanNameGenerator]
2023-03-01T14:42:24.448+08:00 TRACE 908 --- [           main] o.s.beans.CachedIntrospectionResults     : Found bean property 'class' of type [java.lang.Class]
2023-03-01T14:42:24.450+08:00 TRACE 908 --- [           main] o.s.beans.CachedIntrospectionResults     : Found bean property 'environment' of type [org.springframework.core.env.Environment]
2023-03-01T14:42:24.450+08:00 TRACE 908 --- [           main] o.s.beans.CachedIntrospectionResults     : Found bean property 'metadataReaderFactory' of type [org.springframework.core.type.classreading.MetadataReaderFactory]
2023-03-01T14:42:24.450+08:00 TRACE 908 --- [           main] o.s.beans.CachedIntrospectionResults     : Found bean property 'order' of type [int]
2023-03-01T14:42:24.450+08:00 TRACE 908 --- [           main] o.s.beans.CachedIntrospectionResults     : Found bean property 'problemReporter' of type [org.springframework.beans.factory.parsing.ProblemReporter]
2023-03-01T14:42:24.450+08:00 TRACE 908 --- [           main] o.s.beans.CachedIntrospectionResults     : Found bean property 'resourceLoader' of type [org.springframework.core.io.ResourceLoader]
2023-03-01T14:42:24.450+08:00 TRACE 908 --- [           main] o.s.beans.CachedIntrospectionResults     : Found bean property 'sourceExtractor' of type [org.springframework.beans.factory.parsing.SourceExtractor]
2023-03-01T14:42:24.460+08:00 TRACE 908 --- [           main] o.s.b.f.s.DefaultListableBeanFactory     : Finished creating instance of bean 'org.springframework.context.annotation.internalConfigurationAnnotationProcessor'
2023-03-01T14:42:24.479+08:00 TRACE 908 --- [           main] o.s.c.a.ClassPathBeanDefinitionScanner   : JSR-250 'jakarta.annotation.ManagedBean' found and supported for component scanning
2023-03-01T14:42:24.479+08:00 TRACE 908 --- [           main] o.s.c.a.ClassPathBeanDefinitionScanner   : JSR-330 'jakarta.inject.Named' annotation found and supported for component scanning
2023-03-01T14:42:24.483+08:00 TRACE 908 --- [           main] .i.s.PathMatchingResourcePatternResolver : Resolved module-path location pattern [com/unimap/zerohunger/**/*.class] to resources []
2023-03-01T14:42:24.483+08:00 TRACE 908 --- [           main] .i.s.PathMatchingResourcePatternResolver : Resolved module-path location pattern [com/unimap/zerohunger/] to resources []
2023-03-01T14:42:24.484+08:00 TRACE 908 --- [           main] .i.s.PathMatchingResourcePatternResolver : Resolved classpath location [com/unimap/zerohunger/] to resources [file [c:\Users\MSI\Documents\CODINGS\NEW_BACKEND\zerohunger\target\test-classes\com\unimap\zerohunger], file [c:\Users\MSI\Documents\CODINGS\NEW_BACKEND\zerohunger\target\classes\com\unimap\zerohunger]]
2023-03-01T14:42:24.485+08:00 TRACE 908 --- [           main] .i.s.PathMatchingResourcePatternResolver : Searching directory [c:\Users\MSI\Documents\CODINGS\NEW_BACKEND\zerohunger\target\test-classes\com\unimap\zerohunger] for files matching pattern [**/*.class]
2023-03-01T14:42:24.487+08:00 TRACE 908 --- [           main] .i.s.PathMatchingResourcePatternResolver : Searching directory [c:\Users\MSI\Documents\CODINGS\NEW_BACKEND\zerohunger\target\classes\com\unimap\zerohunger] for files matching pattern [**/*.class]
2023-03-01T14:42:24.493+08:00 TRACE 908 --- [           main] .i.s.PathMatchingResourcePatternResolver : Resolved location pattern [classpath*:com/unimap/zerohunger/**/*.class] to resources [file [c:\Users\MSI\Documents\CODINGS\NEW_BACKEND\zerohunger\target\test-classes\com\unimap\zerohunger\ZerohungerApplicationTests.class], file [c:\Users\MSI\Documents\CODINGS\NEW_BACKEND\zerohunger\target\classes\com\unimap\zerohunger\config\AppProperties$Auth.class], file [c:\Users\MSI\Documents\CODINGS\NEW_BACKEND\zerohunger\target\classes\com\unimap\zerohunger\config\AppProperties$OAuth2.class], file [c:\Users\MSI\Documents\CODINGS\NEW_BACKEND\zerohunger\target\classes\com\unimap\zerohunger\config\AppProperties.class], file [c:\Users\MSI\Documents\CODINGS\NEW_BACKEND\zerohunger\target\classes\com\unimap\zerohunger\config\CurrentUser.class], file [c:\Users\MSI\Documents\CODINGS\NEW_BACKEND\zerohunger\target\classes\com\unimap\zerohunger\config\RestAuthenticationEntryPoint.class], file [c:\Users\MSI\Documents\CODINGS\NEW_BACKEND\zerohunger\target\classes\com\unimap\zerohunger\config\SetupDataLoader.class], file [c:\Users\MSI\Documents\CODINGS\NEW_BACKEND\zerohunger\target\classes\com\unimap\zerohunger\config\WebConfig.class], file [c:\Users\MSI\Documents\CODINGS\NEW_BACKEND\zerohunger\target\classes\com\unimap\zerohunger\config\WebSecurityConfig.class], file [c:\Users\MSI\Documents\CODINGS\NEW_BACKEND\zerohunger\target\classes\com\unimap\zerohunger\controller\AuthController.class], file [c:\Users\MSI\Documents\CODINGS\NEW_BACKEND\zerohunger\target\classes\com\unimap\zerohunger\controller\UserController.class], file [c:\Users\MSI\Documents\CODINGS\NEW_BACKEND\zerohunger\target\classes\com\unimap\zerohunger\dto\ApiResponse.class], file [c:\Users\MSI\Documents\CODINGS\NEW_BACKEND\zerohunger\target\classes\com\unimap\zerohunger\dto\JwtAuthenticationResponse.class], file [c:\Users\MSI\Documents\CODINGS\NEW_BACKEND\zerohunger\target\classes\com\unimap\zerohunger\dto\LocalUser.class], file [c:\Users\MSI\Documents\CODINGS\NEW_BACKEND\zerohunger\target\classes\com\unimap\zerohunger\dto\LoginRequest.class], file [c:\Users\MSI\Documents\CODINGS\NEW_BACKEND\zerohunger\target\classes\com\unimap\zerohunger\dto\SignUpRequest$Builder.class], file [c:\Users\MSI\Documents\CODINGS\NEW_BACKEND\zerohunger\target\classes\com\unimap\zerohunger\dto\SignUpRequest.class], file [c:\Users\MSI\Documents\CODINGS\NEW_BACKEND\zerohunger\target\classes\com\unimap\zerohunger\dto\SocialProvider.class], file [c:\Users\MSI\Documents\CODINGS\NEW_BACKEND\zerohunger\target\classes\com\unimap\zerohunger\dto\UserInfo.class], file [c:\Users\MSI\Documents\CODINGS\NEW_BACKEND\zerohunger\target\classes\com\unimap\zerohunger\exception\BadRequestException.class], file [c:\Users\MSI\Documents\CODINGS\NEW_BACKEND\zerohunger\target\classes\com\unimap\zerohunger\exception\handler\RestResponseEntityExceptionHandler.class], file [c:\Users\MSI\Documents\CODINGS\NEW_BACKEND\zerohunger\target\classes\com\unimap\zerohunger\exception\OAuth2AuthenticationProcessingException.class], file [c:\Users\MSI\Documents\CODINGS\NEW_BACKEND\zerohunger\target\classes\com\unimap\zerohunger\exception\ResourceNotFoundException.class], file [c:\Users\MSI\Documents\CODINGS\NEW_BACKEND\zerohunger\target\classes\com\unimap\zerohunger\exception\UserAlreadyExistAuthenticationException.class], file [c:\Users\MSI\Documents\CODINGS\NEW_BACKEND\zerohunger\target\classes\com\unimap\zerohunger\model\Entity.class], file [c:\Users\MSI\Documents\CODINGS\NEW_BACKEND\zerohunger\target\classes\com\unimap\zerohunger\model\Role.class], file [c:\Users\MSI\Documents\CODINGS\NEW_BACKEND\zerohunger\target\classes\com\unimap\zerohunger\model\User.class], file [c:\Users\MSI\Documents\CODINGS\NEW_BACKEND\zerohunger\target\classes\com\unimap\zerohunger\repo\RoleRepository.class], file [c:\Users\MSI\Documents\CODINGS\NEW_BACKEND\zerohunger\target\classes\com\unimap\zerohunger\repo\UserRepository.class], file [c:\Users\MSI\Documents\CODINGS\NEW_BACKEND\zerohunger\target\classes\com\unimap\zerohunger\security\jwt\TokenAuthenticationFilter.class], file [c:\Users\MSI\Documents\CODINGS\NEW_BACKEND\zerohunger\target\classes\com\unimap\zerohunger\security\jwt\TokenProvider.class], file [c:\Users\MSI\Documents\CODINGS\NEW_BACKEND\zerohunger\target\classes\com\unimap\zerohunger\security\oauth2\AppUserInfo.class], file [c:\Users\MSI\Documents\CODINGS\NEW_BACKEND\zerohunger\target\classes\com\unimap\zerohunger\security\oauth2\CustomOAuth2UserService.class], file [c:\Users\MSI\Documents\CODINGS\NEW_BACKEND\zerohunger\target\classes\com\unimap\zerohunger\security\oauth2\CustomOidcUserService.class], file [c:\Users\MSI\Documents\CODINGS\NEW_BACKEND\zerohunger\target\classes\com\unimap\zerohunger\security\oauth2\HttpCookieOAuth2AuthorizationRequestRepository.class], file [c:\Users\MSI\Documents\CODINGS\NEW_BACKEND\zerohunger\target\classes\com\unimap\zerohunger\security\oauth2\OAuth2AccessTokenResponseConverterWithDefaults.class], file [c:\Users\MSI\Documents\CODINGS\NEW_BACKEND\zerohunger\target\classes\com\unimap\zerohunger\security\oauth2\OAuth2AuthenticationFailureHandler.class], file [c:\Users\MSI\Documents\CODINGS\NEW_BACKEND\zerohunger\target\classes\com\unimap\zerohunger\security\oauth2\OAuth2AuthenticationSuccessHandler.class], file [c:\Users\MSI\Documents\CODINGS\NEW_BACKEND\zerohunger\target\classes\com\unimap\zerohunger\security\oauth2\OAuth2UserInfo.class], file [c:\Users\MSI\Documents\CODINGS\NEW_BACKEND\zerohunger\target\classes\com\unimap\zerohunger\security\oauth2\user\GoogleOAuth2UserInfo.class], file [c:\Users\MSI\Documents\CODINGS\NEW_BACKEND\zerohunger\target\classes\com\unimap\zerohunger\security\oauth2\user\OAuth2UserInfoFactory.class], file [c:\Users\MSI\Documents\CODINGS\NEW_BACKEND\zerohunger\target\classes\com\unimap\zerohunger\service\LocalUserDetailService.class], file [c:\Users\MSI\Documents\CODINGS\NEW_BACKEND\zerohunger\target\classes\com\unimap\zerohunger\service\UserService.class], file [c:\Users\MSI\Documents\CODINGS\NEW_BACKEND\zerohunger\target\classes\com\unimap\zerohunger\service\UserServiceImpl.class], file [c:\Users\MSI\Documents\CODINGS\NEW_BACKEND\zerohunger\target\classes\com\unimap\zerohunger\util\CookieUtils.class], file [c:\Users\MSI\Documents\CODINGS\NEW_BACKEND\zerohunger\target\classes\com\unimap\zerohunger\util\GeneralUtils.class], file [c:\Users\MSI\Documents\CODINGS\NEW_BACKEND\zerohunger\target\classes\com\unimap\zerohunger\validator\PasswordMatches.class], file [c:\Users\MSI\Documents\CODINGS\NEW_BACKEND\zerohunger\target\classes\com\unimap\zerohunger\validator\PasswordMatchesValidator.class]]
2023-03-01T14:42:24.494+08:00 TRACE 908 --- [           main] o.s.c.a.ClassPathBeanDefinitionScanner   : Scanning file [c:\Users\MSI\Documents\CODINGS\NEW_BACKEND\zerohunger\target\test-classes\com\unimap\zerohunger\ZerohungerApplicationTests.class]
2023-03-01T14:42:24.497+08:00 TRACE 908 --- [           main] o.s.b.f.s.DefaultListableBeanFactory     : Returning cached instance of singleton bean 'org.springframework.boot.test.context.filter.TestTypeExcludeFilter'
2023-03-01T14:42:24.499+08:00 TRACE 908 --- [           main] o.s.c.a.ClassPathBeanDefinitionScanner   : Ignored because not matching any filter: file [c:\Users\MSI\Documents\CODINGS\NEW_BACKEND\zerohunger\target\test-classes\com\unimap\zerohunger\ZerohungerApplicationTests.class]
2023-03-01T14:42:24.500+08:00 TRACE 908 --- [           main] o.s.c.a.ClassPathBeanDefinitionScanner   : Scanning file [c:\Users\MSI\Documents\CODINGS\NEW_BACKEND\zerohunger\target\classes\com\unimap\zerohunger\config\AppProperties$Auth.class]
2023-03-01T14:42:24.510+08:00 TRACE 908 --- [           main] o.s.c.a.ClassPathBeanDefinitionScanner   : Ignored because not matching any filter: file [c:\Users\MSI\Documents\CODINGS\NEW_BACKEND\zerohunger\target\classes\com\unimap\zerohunger\config\AppProperties$Auth.class]
2023-03-01T14:42:24.510+08:00 TRACE 908 --- [           main] o.s.c.a.ClassPathBeanDefinitionScanner   : Scanning file [c:\Users\MSI\Documents\CODINGS\NEW_BACKEND\zerohunger\target\classes\com\unimap\zerohunger\config\AppProperties$OAuth2.class]
2023-03-01T14:42:24.514+08:00 TRACE 908 --- [           main] o.s.c.a.ClassPathBeanDefinitionScanner   : Ignored because not matching any filter: file [c:\Users\MSI\Documents\CODINGS\NEW_BACKEND\zerohunger\target\classes\com\unimap\zerohunger\config\AppProperties$OAuth2.class]
2023-03-01T14:42:24.514+08:00 TRACE 908 --- [           main] o.s.c.a.ClassPathBeanDefinitionScanner   : Scanning file [c:\Users\MSI\Documents\CODINGS\NEW_BACKEND\zerohunger\target\classes\com\unimap\zerohunger\config\AppProperties.class]
2023-03-01T14:42:24.515+08:00 DEBUG 908 --- [           main] o.s.c.a.ClassPathBeanDefinitionScanner   : Identified candidate component class: file [c:\Users\MSI\Documents\CODINGS\NEW_BACKEND\zerohunger\target\classes\com\unimap\zerohunger\config\AppProperties.class]
2023-03-01T14:42:24.516+08:00 TRACE 908 --- [           main] o.s.c.a.ClassPathBeanDefinitionScanner   : Scanning file [c:\Users\MSI\Documents\CODINGS\NEW_BACKEND\zerohunger\target\classes\com\unimap\zerohunger\config\CurrentUser.class]
2023-03-01T14:42:24.520+08:00 TRACE 908 --- [           main] o.s.c.a.ClassPathBeanDefinitionScanner   : Ignored because not matching any filter: file [c:\Users\MSI\Documents\CODINGS\NEW_BACKEND\zerohunger\target\classes\com\unimap\zerohunger\config\CurrentUser.class]
2023-03-01T14:42:24.521+08:00 TRACE 908 --- [           main] o.s.c.a.ClassPathBeanDefinitionScanner   : Scanning file [c:\Users\MSI\Documents\CODINGS\NEW_BACKEND\zerohunger\target\classes\com\unimap\zerohunger\config\RestAuthenticationEntryPoint.class]
2023-03-01T14:42:24.522+08:00 TRACE 908 --- [           main] o.s.c.a.ClassPathBeanDefinitionScanner   : Ignored because not matching any filter: file [c:\Users\MSI\Documents\CODINGS\NEW_BACKEND\zerohunger\target\classes\com\unimap\zerohunger\config\RestAuthenticationEntryPoint.class]
2023-03-01T14:42:24.523+08:00 TRACE 908 --- [           main] o.s.c.a.ClassPathBeanDefinitionScanner   : Scanning file [c:\Users\MSI\Documents\CODINGS\NEW_BACKEND\zerohunger\target\classes\com\unimap\zerohunger\config\SetupDataLoader.class]
2023-03-01T14:42:24.533+08:00 DEBUG 908 --- [           main] o.s.c.a.ClassPathBeanDefinitionScanner   : Identified candidate component class: file [c:\Users\MSI\Documents\CODINGS\NEW_BACKEND\zerohunger\target\classes\com\unimap\zerohunger\config\SetupDataLoader.class]
2023-03-01T14:42:24.533+08:00 TRACE 908 --- [           main] o.s.c.a.ClassPathBeanDefinitionScanner   : Scanning file [c:\Users\MSI\Documents\CODINGS\NEW_BACKEND\zerohunger\target\classes\com\unimap\zerohunger\config\WebConfig.class]
2023-03-01T14:42:24.542+08:00 DEBUG 908 --- [           main] o.s.c.a.ClassPathBeanDefinitionScanner   : Identified candidate component class: file [c:\Users\MSI\Documents\CODINGS\NEW_BACKEND\zerohunger\target\classes\com\unimap\zerohunger\config\WebConfig.class]
2023-03-01T14:42:24.543+08:00 TRACE 908 --- [           main] o.s.c.a.ClassPathBeanDefinitionScanner   : Scanning file [c:\Users\MSI\Documents\CODINGS\NEW_BACKEND\zerohunger\target\classes\com\unimap\zerohunger\config\WebSecurityConfig.class]
2023-03-01T14:42:24.556+08:00 DEBUG 908 --- [           main] o.s.c.a.ClassPathBeanDefinitionScanner   : Identified candidate component class: file [c:\Users\MSI\Documents\CODINGS\NEW_BACKEND\zerohunger\target\classes\com\unimap\zerohunger\config\WebSecurityConfig.class]
2023-03-01T14:42:24.556+08:00 TRACE 908 --- [           main] o.s.c.a.ClassPathBeanDefinitionScanner   : Scanning file [c:\Users\MSI\Documents\CODINGS\NEW_BACKEND\zerohunger\target\classes\com\unimap\zerohunger\controller\AuthController.class]
2023-03-01T14:42:24.571+08:00 DEBUG 908 --- [           main] o.s.c.a.ClassPathBeanDefinitionScanner   : Identified candidate component class: file [c:\Users\MSI\Documents\CODINGS\NEW_BACKEND\zerohunger\target\classes\com\unimap\zerohunger\controller\AuthController.class]
2023-03-01T14:42:24.571+08:00 TRACE 908 --- [           main] o.s.c.a.ClassPathBeanDefinitionScanner   : Scanning file [c:\Users\MSI\Documents\CODINGS\NEW_BACKEND\zerohunger\target\classes\com\unimap\zerohunger\controller\UserController.class]
2023-03-01T14:42:24.576+08:00 DEBUG 908 --- [           main] o.s.c.a.ClassPathBeanDefinitionScanner   : Identified candidate component class: file [c:\Users\MSI\Documents\CODINGS\NEW_BACKEND\zerohunger\target\classes\com\unimap\zerohunger\controller\UserController.class]
2023-03-01T14:42:24.576+08:00 TRACE 908 --- [           main] o.s.c.a.ClassPathBeanDefinitionScanner   : Scanning file [c:\Users\MSI\Documents\CODINGS\NEW_BACKEND\zerohunger\target\classes\com\unimap\zerohunger\dto\ApiResponse.class]
2023-03-01T14:42:24.579+08:00 TRACE 908 --- [           main] o.s.c.a.ClassPathBeanDefinitionScanner   : Ignored because not matching any filter: file [c:\Users\MSI\Documents\CODINGS\NEW_BACKEND\zerohunger\target\classes\com\unimap\zerohunger\dto\ApiResponse.class]
2023-03-01T14:42:24.580+08:00 TRACE 908 --- [           main] o.s.c.a.ClassPathBeanDefinitionScanner   : Scanning file [c:\Users\MSI\Documents\CODINGS\NEW_BACKEND\zerohunger\target\classes\com\unimap\zerohunger\dto\JwtAuthenticationResponse.class]
2023-03-01T14:42:24.584+08:00 TRACE 908 --- [           main] o.s.c.a.ClassPathBeanDefinitionScanner   : Ignored because not matching any filter: file [c:\Users\MSI\Documents\CODINGS\NEW_BACKEND\zerohunger\target\classes\com\unimap\zerohunger\dto\JwtAuthenticationResponse.class]
2023-03-01T14:42:24.584+08:00 TRACE 908 --- [           main] o.s.c.a.ClassPathBeanDefinitionScanner   : Scanning file [c:\Users\MSI\Documents\CODINGS\NEW_BACKEND\zerohunger\target\classes\com\unimap\zerohunger\dto\LocalUser.class]
2023-03-01T14:42:24.587+08:00 TRACE 908 --- [           main] o.s.c.a.ClassPathBeanDefinitionScanner   : Ignored because not matching any filter: file [c:\Users\MSI\Documents\CODINGS\NEW_BACKEND\zerohunger\target\classes\com\unimap\zerohunger\dto\LocalUser.class]
2023-03-01T14:42:24.587+08:00 TRACE 908 --- [           main] o.s.c.a.ClassPathBeanDefinitionScanner   : Scanning file [c:\Users\MSI\Documents\CODINGS\NEW_BACKEND\zerohunger\target\classes\com\unimap\zerohunger\dto\LoginRequest.class]
2023-03-01T14:42:24.591+08:00 TRACE 908 --- [           main] o.s.c.a.ClassPathBeanDefinitionScanner   : Ignored because not matching any filter: file [c:\Users\MSI\Documents\CODINGS\NEW_BACKEND\zerohunger\target\classes\com\unimap\zerohunger\dto\LoginRequest.class]
2023-03-01T14:42:24.591+08:00 TRACE 908 --- [           main] o.s.c.a.ClassPathBeanDefinitionScanner   : Scanning file [c:\Users\MSI\Documents\CODINGS\NEW_BACKEND\zerohunger\target\classes\com\unimap\zerohunger\dto\SignUpRequest$Builder.class]
2023-03-01T14:42:24.604+08:00 TRACE 908 --- [           main] o.s.c.a.ClassPathBeanDefinitionScanner   : Ignored because not matching any filter: file [c:\Users\MSI\Documents\CODINGS\NEW_BACKEND\zerohunger\target\classes\com\unimap\zerohunger\dto\SignUpRequest$Builder.class]
2023-03-01T14:42:24.604+08:00 TRACE 908 --- [           main] o.s.c.a.ClassPathBeanDefinitionScanner   : Scanning file [c:\Users\MSI\Documents\CODINGS\NEW_BACKEND\zerohunger\target\classes\com\unimap\zerohunger\dto\SignUpRequest.class]
2023-03-01T14:42:24.605+08:00 TRACE 908 --- [           main] o.s.c.a.ClassPathBeanDefinitionScanner   : Ignored because not matching any filter: file [c:\Users\MSI\Documents\CODINGS\NEW_BACKEND\zerohunger\target\classes\com\unimap\zerohunger\dto\SignUpRequest.class]
2023-03-01T14:42:24.605+08:00 TRACE 908 --- [           main] o.s.c.a.ClassPathBeanDefinitionScanner   : Scanning file [c:\Users\MSI\Documents\CODINGS\NEW_BACKEND\zerohunger\target\classes\com\unimap\zerohunger\dto\SocialProvider.class]
2023-03-01T14:42:24.609+08:00 TRACE 908 --- [           main] o.s.c.a.ClassPathBeanDefinitionScanner   : Ignored because not matching any filter: file [c:\Users\MSI\Documents\CODINGS\NEW_BACKEND\zerohunger\target\classes\com\unimap\zerohunger\dto\SocialProvider.class]
2023-03-01T14:42:24.609+08:00 TRACE 908 --- [           main] o.s.c.a.ClassPathBeanDefinitionScanner   : Scanning file [c:\Users\MSI\Documents\CODINGS\NEW_BACKEND\zerohunger\target\classes\com\unimap\zerohunger\dto\UserInfo.class]
2023-03-01T14:42:24.611+08:00 TRACE 908 --- [           main] o.s.c.a.ClassPathBeanDefinitionScanner   : Ignored because not matching any filter: file [c:\Users\MSI\Documents\CODINGS\NEW_BACKEND\zerohunger\target\classes\com\unimap\zerohunger\dto\UserInfo.class]
2023-03-01T14:42:24.612+08:00 TRACE 908 --- [           main] o.s.c.a.ClassPathBeanDefinitionScanner   : Scanning file [c:\Users\MSI\Documents\CODINGS\NEW_BACKEND\zerohunger\target\classes\com\unimap\zerohunger\exception\BadRequestException.class]
2023-03-01T14:42:24.615+08:00 TRACE 908 --- [           main] o.s.c.a.ClassPathBeanDefinitionScanner   : Ignored because not matching any filter: file [c:\Users\MSI\Documents\CODINGS\NEW_BACKEND\zerohunger\target\classes\com\unimap\zerohunger\exception\BadRequestException.class]
2023-03-01T14:42:24.615+08:00 TRACE 908 --- [           main] o.s.c.a.ClassPathBeanDefinitionScanner   : Scanning file [c:\Users\MSI\Documents\CODINGS\NEW_BACKEND\zerohunger\target\classes\com\unimap\zerohunger\exception\handler\RestResponseEntityExceptionHandler.class]
2023-03-01T14:42:24.619+08:00 DEBUG 908 --- [           main] o.s.c.a.ClassPathBeanDefinitionScanner   : Identified candidate component class: file [c:\Users\MSI\Documents\CODINGS\NEW_BACKEND\zerohunger\target\classes\com\unimap\zerohunger\exception\handler\RestResponseEntityExceptionHandler.class]
2023-03-01T14:42:24.619+08:00 TRACE 908 --- [           main] o.s.c.a.ClassPathBeanDefinitionScanner   : Scanning file [c:\Users\MSI\Documents\CODINGS\NEW_BACKEND\zerohunger\target\classes\com\unimap\zerohunger\exception\OAuth2AuthenticationProcessingException.class]
2023-03-01T14:42:24.622+08:00 TRACE 908 --- [           main] o.s.c.a.ClassPathBeanDefinitionScanner   : Ignored because not matching any filter: file [c:\Users\MSI\Documents\CODINGS\NEW_BACKEND\zerohunger\target\classes\com\unimap\zerohunger\exception\OAuth2AuthenticationProcessingException.class]
2023-03-01T14:42:24.622+08:00 TRACE 908 --- [           main] o.s.c.a.ClassPathBeanDefinitionScanner   : Scanning file [c:\Users\MSI\Documents\CODINGS\NEW_BACKEND\zerohunger\target\classes\com\unimap\zerohunger\exception\ResourceNotFoundException.class]
2023-03-01T14:42:24.623+08:00 TRACE 908 --- [           main] o.s.c.a.ClassPathBeanDefinitionScanner   : Ignored because not matching any filter: file [c:\Users\MSI\Documents\CODINGS\NEW_BACKEND\zerohunger\target\classes\com\unimap\zerohunger\exception\ResourceNotFoundException.class]
2023-03-01T14:42:24.623+08:00 TRACE 908 --- [           main] o.s.c.a.ClassPathBeanDefinitionScanner   : Scanning file [c:\Users\MSI\Documents\CODINGS\NEW_BACKEND\zerohunger\target\classes\com\unimap\zerohunger\exception\UserAlreadyExistAuthenticationException.class]
2023-03-01T14:42:24.627+08:00 TRACE 908 --- [           main] o.s.c.a.ClassPathBeanDefinitionScanner   : Ignored because not matching any filter: file [c:\Users\MSI\Documents\CODINGS\NEW_BACKEND\zerohunger\target\classes\com\unimap\zerohunger\exception\UserAlreadyExistAuthenticationException.class]
2023-03-01T14:42:24.627+08:00 TRACE 908 --- [           main] o.s.c.a.ClassPathBeanDefinitionScanner   : Scanning file [c:\Users\MSI\Documents\CODINGS\NEW_BACKEND\zerohunger\target\classes\com\unimap\zerohunger\model\Entity.class]
2023-03-01T14:42:24.629+08:00 TRACE 908 --- [           main] o.s.c.a.ClassPathBeanDefinitionScanner   : Ignored because not matching any filter: file [c:\Users\MSI\Documents\CODINGS\NEW_BACKEND\zerohunger\target\classes\com\unimap\zerohunger\model\Entity.class]
2023-03-01T14:42:24.629+08:00 TRACE 908 --- [           main] o.s.c.a.ClassPathBeanDefinitionScanner   : Scanning file [c:\Users\MSI\Documents\CODINGS\NEW_BACKEND\zerohunger\target\classes\com\unimap\zerohunger\model\Role.class]
2023-03-01T14:42:24.633+08:00 TRACE 908 --- [           main] o.s.c.a.ClassPathBeanDefinitionScanner   : Ignored because not matching any filter: file [c:\Users\MSI\Documents\CODINGS\NEW_BACKEND\zerohunger\target\classes\com\unimap\zerohunger\model\Role.class]
2023-03-01T14:42:24.633+08:00 TRACE 908 --- [           main] o.s.c.a.ClassPathBeanDefinitionScanner   : Scanning file [c:\Users\MSI\Documents\CODINGS\NEW_BACKEND\zerohunger\target\classes\com\unimap\zerohunger\model\User.class]
2023-03-01T14:42:24.639+08:00 TRACE 908 --- [           main] o.s.c.a.ClassPathBeanDefinitionScanner   : Ignored because not matching any filter: file [c:\Users\MSI\Documents\CODINGS\NEW_BACKEND\zerohunger\target\classes\com\unimap\zerohunger\model\User.class]
2023-03-01T14:42:24.639+08:00 TRACE 908 --- [           main] o.s.c.a.ClassPathBeanDefinitionScanner   : Scanning file [c:\Users\MSI\Documents\CODINGS\NEW_BACKEND\zerohunger\target\classes\com\unimap\zerohunger\repo\RoleRepository.class]
2023-03-01T14:42:24.645+08:00 DEBUG 908 --- [           main] o.s.c.a.ClassPathBeanDefinitionScanner   : Ignored because not a concrete top-level class: file [c:\Users\MSI\Documents\CODINGS\NEW_BACKEND\zerohunger\target\classes\com\unimap\zerohunger\repo\RoleRepository.class]
2023-03-01T14:42:24.645+08:00 TRACE 908 --- [           main] o.s.c.a.ClassPathBeanDefinitionScanner   : Scanning file [c:\Users\MSI\Documents\CODINGS\NEW_BACKEND\zerohunger\target\classes\com\unimap\zerohunger\repo\UserRepository.class]
2023-03-01T14:42:24.649+08:00 DEBUG 908 --- [           main] o.s.c.a.ClassPathBeanDefinitionScanner   : Ignored because not a concrete top-level class: file [c:\Users\MSI\Documents\CODINGS\NEW_BACKEND\zerohunger\target\classes\com\unimap\zerohunger\repo\UserRepository.class]
2023-03-01T14:42:24.649+08:00 TRACE 908 --- [           main] o.s.c.a.ClassPathBeanDefinitionScanner   : Scanning file [c:\Users\MSI\Documents\CODINGS\NEW_BACKEND\zerohunger\target\classes\com\unimap\zerohunger\security\jwt\TokenAuthenticationFilter.class]
2023-03-01T14:42:24.656+08:00 TRACE 908 --- [           main] o.s.c.a.ClassPathBeanDefinitionScanner   : Ignored because not matching any filter: file [c:\Users\MSI\Documents\CODINGS\NEW_BACKEND\zerohunger\target\classes\com\unimap\zerohunger\security\jwt\TokenAuthenticationFilter.class]
2023-03-01T14:42:24.656+08:00 TRACE 908 --- [           main] o.s.c.a.ClassPathBeanDefinitionScanner   : Scanning file [c:\Users\MSI\Documents\CODINGS\NEW_BACKEND\zerohunger\target\classes\com\unimap\zerohunger\security\jwt\TokenProvider.class]
2023-03-01T14:42:24.661+08:00 DEBUG 908 --- [           main] o.s.c.a.ClassPathBeanDefinitionScanner   : Identified candidate component class: file [c:\Users\MSI\Documents\CODINGS\NEW_BACKEND\zerohunger\target\classes\com\unimap\zerohunger\security\jwt\TokenProvider.class]
2023-03-01T14:42:24.661+08:00 TRACE 908 --- [           main] o.s.c.a.ClassPathBeanDefinitionScanner   : Scanning file [c:\Users\MSI\Documents\CODINGS\NEW_BACKEND\zerohunger\target\classes\com\unimap\zerohunger\security\oauth2\AppUserInfo.class]
2023-03-01T14:42:24.665+08:00 TRACE 908 --- [           main] o.s.c.a.ClassPathBeanDefinitionScanner   : Ignored because not matching any filter: file [c:\Users\MSI\Documents\CODINGS\NEW_BACKEND\zerohunger\target\classes\com\unimap\zerohunger\security\oauth2\AppUserInfo.class]
2023-03-01T14:42:24.665+08:00 TRACE 908 --- [           main] o.s.c.a.ClassPathBeanDefinitionScanner   : Scanning file [c:\Users\MSI\Documents\CODINGS\NEW_BACKEND\zerohunger\target\classes\com\unimap\zerohunger\security\oauth2\CustomOAuth2UserService.class]
2023-03-01T14:42:24.669+08:00 DEBUG 908 --- [           main] o.s.c.a.ClassPathBeanDefinitionScanner   : Identified candidate component class: file [c:\Users\MSI\Documents\CODINGS\NEW_BACKEND\zerohunger\target\classes\com\unimap\zerohunger\security\oauth2\CustomOAuth2UserService.class]
2023-03-01T14:42:24.669+08:00 TRACE 908 --- [           main] o.s.c.a.ClassPathBeanDefinitionScanner   : Scanning file [c:\Users\MSI\Documents\CODINGS\NEW_BACKEND\zerohunger\target\classes\com\unimap\zerohunger\security\oauth2\CustomOidcUserService.class]
2023-03-01T14:42:24.673+08:00 DEBUG 908 --- [           main] o.s.c.a.ClassPathBeanDefinitionScanner   : Identified candidate component class: file [c:\Users\MSI\Documents\CODINGS\NEW_BACKEND\zerohunger\target\classes\com\unimap\zerohunger\security\oauth2\CustomOidcUserService.class]
2023-03-01T14:42:24.674+08:00 TRACE 908 --- [           main] o.s.c.a.ClassPathBeanDefinitionScanner   : Scanning file [c:\Users\MSI\Documents\CODINGS\NEW_BACKEND\zerohunger\target\classes\com\unimap\zerohunger\security\oauth2\HttpCookieOAuth2AuthorizationRequestRepository.class]
2023-03-01T14:42:24.675+08:00 DEBUG 908 --- [           main] o.s.c.a.ClassPathBeanDefinitionScanner   : Identified candidate component class: file [c:\Users\MSI\Documents\CODINGS\NEW_BACKEND\zerohunger\target\classes\com\unimap\zerohunger\security\oauth2\HttpCookieOAuth2AuthorizationRequestRepository.class]
2023-03-01T14:42:24.675+08:00 TRACE 908 --- [           main] o.s.c.a.ClassPathBeanDefinitionScanner   : Scanning file [c:\Users\MSI\Documents\CODINGS\NEW_BACKEND\zerohunger\target\classes\com\unimap\zerohunger\security\oauth2\OAuth2AccessTokenResponseConverterWithDefaults.class]
2023-03-01T14:42:24.679+08:00 TRACE 908 --- [           main] o.s.c.a.ClassPathBeanDefinitionScanner   : Ignored because not matching any filter: file [c:\Users\MSI\Documents\CODINGS\NEW_BACKEND\zerohunger\target\classes\com\unimap\zerohunger\security\oauth2\OAuth2AccessTokenResponseConverterWithDefaults.class]
2023-03-01T14:42:24.679+08:00 TRACE 908 --- [           main] o.s.c.a.ClassPathBeanDefinitionScanner   : Scanning file [c:\Users\MSI\Documents\CODINGS\NEW_BACKEND\zerohunger\target\classes\com\unimap\zerohunger\security\oauth2\OAuth2AuthenticationFailureHandler.class]
2023-03-01T14:42:24.682+08:00 DEBUG 908 --- [           main] o.s.c.a.ClassPathBeanDefinitionScanner   : Identified candidate component class: file [c:\Users\MSI\Documents\CODINGS\NEW_BACKEND\zerohunger\target\classes\com\unimap\zerohunger\security\oauth2\OAuth2AuthenticationFailureHandler.class]
2023-03-01T14:42:24.682+08:00 TRACE 908 --- [           main] o.s.c.a.ClassPathBeanDefinitionScanner   : Scanning file [c:\Users\MSI\Documents\CODINGS\NEW_BACKEND\zerohunger\target\classes\com\unimap\zerohunger\security\oauth2\OAuth2AuthenticationSuccessHandler.class]
2023-03-01T14:42:24.686+08:00 DEBUG 908 --- [           main] o.s.c.a.ClassPathBeanDefinitionScanner   : Identified candidate component class: file [c:\Users\MSI\Documents\CODINGS\NEW_BACKEND\zerohunger\target\classes\com\unimap\zerohunger\security\oauth2\OAuth2AuthenticationSuccessHandler.class]
2023-03-01T14:42:24.686+08:00 TRACE 908 --- [           main] o.s.c.a.ClassPathBeanDefinitionScanner   : Scanning file [c:\Users\MSI\Documents\CODINGS\NEW_BACKEND\zerohunger\target\classes\com\unimap\zerohunger\security\oauth2\OAuth2UserInfo.class]
2023-03-01T14:42:24.690+08:00 TRACE 908 --- [           main] o.s.c.a.ClassPathBeanDefinitionScanner   : Ignored because not matching any filter: file [c:\Users\MSI\Documents\CODINGS\NEW_BACKEND\zerohunger\target\classes\com\unimap\zerohunger\security\oauth2\OAuth2UserInfo.class]
2023-03-01T14:42:24.690+08:00 TRACE 908 --- [           main] o.s.c.a.ClassPathBeanDefinitionScanner   : Scanning file [c:\Users\MSI\Documents\CODINGS\NEW_BACKEND\zerohunger\target\classes\com\unimap\zerohunger\security\oauth2\user\GoogleOAuth2UserInfo.class]
2023-03-01T14:42:24.693+08:00 TRACE 908 --- [           main] o.s.c.a.ClassPathBeanDefinitionScanner   : Ignored because not matching any filter: file [c:\Users\MSI\Documents\CODINGS\NEW_BACKEND\zerohunger\target\classes\com\unimap\zerohunger\security\oauth2\user\GoogleOAuth2UserInfo.class]
2023-03-01T14:42:24.694+08:00 TRACE 908 --- [           main] o.s.c.a.ClassPathBeanDefinitionScanner   : Scanning file [c:\Users\MSI\Documents\CODINGS\NEW_BACKEND\zerohunger\target\classes\com\unimap\zerohunger\security\oauth2\user\OAuth2UserInfoFactory.class]
2023-03-01T14:42:24.697+08:00 TRACE 908 --- [           main] o.s.c.a.ClassPathBeanDefinitionScanner   : Ignored because not matching any filter: file [c:\Users\MSI\Documents\CODINGS\NEW_BACKEND\zerohunger\target\classes\com\unimap\zerohunger\security\oauth2\user\OAuth2UserInfoFactory.class]
2023-03-01T14:42:24.698+08:00 TRACE 908 --- [           main] o.s.c.a.ClassPathBeanDefinitionScanner   : Scanning file [c:\Users\MSI\Documents\CODINGS\NEW_BACKEND\zerohunger\target\classes\com\unimap\zerohunger\service\LocalUserDetailService.class]
2023-03-01T14:42:24.702+08:00 DEBUG 908 --- [           main] o.s.c.a.ClassPathBeanDefinitionScanner   : Identified candidate component class: file [c:\Users\MSI\Documents\CODINGS\NEW_BACKEND\zerohunger\target\classes\com\unimap\zerohunger\service\LocalUserDetailService.class]
2023-03-01T14:42:24.702+08:00 TRACE 908 --- [           main] o.s.c.a.ClassPathBeanDefinitionScanner   : Scanning file [c:\Users\MSI\Documents\CODINGS\NEW_BACKEND\zerohunger\target\classes\com\unimap\zerohunger\service\UserService.class]
2023-03-01T14:42:24.705+08:00 TRACE 908 --- [           main] o.s.c.a.ClassPathBeanDefinitionScanner   : Ignored because not matching any filter: file [c:\Users\MSI\Documents\CODINGS\NEW_BACKEND\zerohunger\target\classes\com\unimap\zerohunger\service\UserService.class]
2023-03-01T14:42:24.705+08:00 TRACE 908 --- [           main] o.s.c.a.ClassPathBeanDefinitionScanner   : Scanning file [c:\Users\MSI\Documents\CODINGS\NEW_BACKEND\zerohunger\target\classes\com\unimap\zerohunger\service\UserServiceImpl.class]
2023-03-01T14:42:24.710+08:00 DEBUG 908 --- [           main] o.s.c.a.ClassPathBeanDefinitionScanner   : Identified candidate component class: file [c:\Users\MSI\Documents\CODINGS\NEW_BACKEND\zerohunger\target\classes\com\unimap\zerohunger\service\UserServiceImpl.class]
2023-03-01T14:42:24.710+08:00 TRACE 908 --- [           main] o.s.c.a.ClassPathBeanDefinitionScanner   : Scanning file [c:\Users\MSI\Documents\CODINGS\NEW_BACKEND\zerohunger\target\classes\com\unimap\zerohunger\util\CookieUtils.class]
2023-03-01T14:42:24.715+08:00 TRACE 908 --- [           main] o.s.c.a.ClassPathBeanDefinitionScanner   : Ignored because not matching any filter: file [c:\Users\MSI\Documents\CODINGS\NEW_BACKEND\zerohunger\target\classes\com\unimap\zerohunger\util\CookieUtils.class]
2023-03-01T14:42:24.716+08:00 TRACE 908 --- [           main] o.s.c.a.ClassPathBeanDefinitionScanner   : Scanning file [c:\Users\MSI\Documents\CODINGS\NEW_BACKEND\zerohunger\target\classes\com\unimap\zerohunger\util\GeneralUtils.class]
2023-03-01T14:42:24.719+08:00 TRACE 908 --- [           main] o.s.c.a.ClassPathBeanDefinitionScanner   : Ignored because not matching any filter: file [c:\Users\MSI\Documents\CODINGS\NEW_BACKEND\zerohunger\target\classes\com\unimap\zerohunger\util\GeneralUtils.class]
2023-03-01T14:42:24.720+08:00 TRACE 908 --- [           main] o.s.c.a.ClassPathBeanDefinitionScanner   : Scanning file [c:\Users\MSI\Documents\CODINGS\NEW_BACKEND\zerohunger\target\classes\com\unimap\zerohunger\validator\PasswordMatches.class]
2023-03-01T14:42:24.722+08:00 TRACE 908 --- [           main] o.s.c.a.ClassPathBeanDefinitionScanner   : Ignored because not matching any filter: file [c:\Users\MSI\Documents\CODINGS\NEW_BACKEND\zerohunger\target\classes\com\unimap\zerohunger\validator\PasswordMatches.class]
2023-03-01T14:42:24.722+08:00 TRACE 908 --- [           main] o.s.c.a.ClassPathBeanDefinitionScanner   : Scanning file [c:\Users\MSI\Documents\CODINGS\NEW_BACKEND\zerohunger\target\classes\com\unimap\zerohunger\validator\PasswordMatchesValidator.class]
2023-03-01T14:42:24.723+08:00 TRACE 908 --- [           main] o.s.c.a.ClassPathBeanDefinitionScanner   : Ignored because not matching any filter: file [c:\Users\MSI\Documents\CODINGS\NEW_BACKEND\zerohunger\target\classes\com\unimap\zerohunger\validator\PasswordMatchesValidator.class]
2023-03-01T14:42:24.795+08:00 TRACE 908 --- [           main] o.s.c.io.support.SpringFactoriesLoader   : Loaded [org.springframework.boot.autoconfigure.AutoConfigurationImportFilter] names: [org.springframework.boot.autoconfigure.condition.OnBeanCondition, org.springframework.boot.autoconfigure.condition.OnClassCondition, org.springframework.boot.autoconfigure.condition.OnWebApplicationCondition]
2023-03-01T14:42:24.817+08:00 TRACE 908 --- [           main] o.s.b.f.s.DefaultListableBeanFactory     : Returning cached instance of singleton bean 'autoConfigurationReport'
2023-03-01T14:42:24.819+08:00 TRACE 908 --- [           main] o.s.b.f.s.DefaultListableBeanFactory     : Returning cached instance of singleton bean 'autoConfigurationReport'
2023-03-01T14:42:24.819+08:00 TRACE 908 --- [           main] o.s.b.f.s.DefaultListableBeanFactory     : Returning cached instance of singleton bean 'autoConfigurationReport'
2023-03-01T14:42:24.822+08:00 TRACE 908 --- [           main] o.s.b.f.s.DefaultListableBeanFactory     : Returning cached instance of singleton bean 'autoConfigurationReport'
2023-03-01T14:42:24.822+08:00 TRACE 908 --- [           main] o.s.b.f.s.DefaultListableBeanFactory     : Returning cached instance of singleton bean 'autoConfigurationReport'
2023-03-01T14:42:24.822+08:00 TRACE 908 --- [           main] o.s.b.f.s.DefaultListableBeanFactory     : Returning cached instance of singleton bean 'autoConfigurationReport'
2023-03-01T14:42:24.825+08:00 TRACE 908 --- [           main] o.s.b.f.s.DefaultListableBeanFactory     : Returning cached instance of singleton bean 'autoConfigurationReport'
2023-03-01T14:42:24.825+08:00 TRACE 908 --- [           main] o.s.b.f.s.DefaultListableBeanFactory     : Returning cached instance of singleton bean 'autoConfigurationReport'
2023-03-01T14:42:24.825+08:00 TRACE 908 --- [           main] o.s.b.f.s.DefaultListableBeanFactory     : Returning cached instance of singleton bean 'autoConfigurationReport'
2023-03-01T14:42:24.841+08:00 TRACE 908 --- [           main] o.s.b.f.s.DefaultListableBeanFactory     : Returning cached instance of singleton bean 'autoConfigurationReport'
2023-03-01T14:42:24.912+08:00 TRACE 908 --- [           main] o.s.b.a.condition.OnClassCondition       : Condition OnClassCondition on org.springframework.boot.autoconfigure.amqp.RabbitAutoConfiguration did not match due to @ConditionalOnClass did not find required class 'com.rabbitmq.client.Channel'
2023-03-01T14:42:24.913+08:00 TRACE 908 --- [           main] o.s.b.a.condition.OnClassCondition       : Condition OnClassCondition on org.springframework.boot.autoconfigure.batch.BatchAutoConfiguration did not match due to @ConditionalOnClass did not find required class 'org.springframework.batch.core.launch.JobLauncher'
2023-03-01T14:42:24.913+08:00 TRACE 908 --- [           main] o.s.b.a.condition.OnClassCondition       : Condition OnClassCondition on org.springframework.boot.autoconfigure.cassandra.CassandraAutoConfiguration did not match due to @ConditionalOnClass did not find required class 'com.datastax.oss.driver.api.core.CqlSession'
2023-03-01T14:42:24.913+08:00 TRACE 908 --- [           main] o.s.b.a.condition.OnClassCondition       : Condition OnClassCondition on org.springframework.boot.autoconfigure.couchbase.CouchbaseAutoConfiguration did not match due to @ConditionalOnClass did not find required class 'com.couchbase.client.java.Cluster'
2023-03-01T14:42:24.913+08:00 TRACE 908 --- [           main] o.s.b.a.condition.OnClassCondition       : Condition OnClassCondition on org.springframework.boot.autoconfigure.data.cassandra.CassandraDataAutoConfiguration did not match due to @ConditionalOnClass did not find required class 'com.datastax.oss.driver.api.core.CqlSession'
2023-03-01T14:42:24.913+08:00 TRACE 908 --- [           main] o.s.b.a.condition.OnClassCondition       : Condition OnClassCondition on org.springframework.boot.autoconfigure.data.cassandra.CassandraReactiveDataAutoConfiguration did not match due to @ConditionalOnClass did not find required class 'com.datastax.oss.driver.api.core.CqlSession'
2023-03-01T14:42:24.913+08:00 TRACE 908 --- [           main] o.s.b.a.condition.OnClassCondition       : Condition OnClassCondition on org.springframework.boot.autoconfigure.data.cassandra.CassandraReactiveRepositoriesAutoConfiguration did not match due to @ConditionalOnClass did not find required class 'org.springframework.data.cassandra.ReactiveSession'
2023-03-01T14:42:24.913+08:00 TRACE 908 --- [           main] o.s.b.a.condition.OnClassCondition       : Condition OnClassCondition on org.springframework.boot.autoconfigure.data.cassandra.CassandraRepositoriesAutoConfiguration did not match due to @ConditionalOnClass did not find required class 'com.datastax.oss.driver.api.core.CqlSession'
2023-03-01T14:42:24.913+08:00 TRACE 908 --- [           main] o.s.b.a.condition.OnClassCondition       : Condition OnClassCondition on org.springframework.boot.autoconfigure.data.couchbase.CouchbaseDataAutoConfiguration did not match due to @ConditionalOnClass did not find required class 'com.couchbase.client.java.Bucket'
2023-03-01T14:42:24.913+08:00 TRACE 908 --- [           main] o.s.b.a.condition.OnClassCondition       : Condition OnClassCondition on org.springframework.boot.autoconfigure.data.couchbase.CouchbaseReactiveDataAutoConfiguration did not match due to @ConditionalOnClass did not find required class 'com.couchbase.client.java.Cluster'
2023-03-01T14:42:24.913+08:00 TRACE 908 --- [           main] o.s.b.a.condition.OnClassCondition       : Condition OnClassCondition on org.springframework.boot.autoconfigure.data.couchbase.CouchbaseReactiveRepositoriesAutoConfiguration did not match due to @ConditionalOnClass did not find required class 'com.couchbase.client.java.Cluster'
2023-03-01T14:42:24.913+08:00 TRACE 908 --- [           main] o.s.b.a.condition.OnClassCondition       : Condition OnClassCondition on org.springframework.boot.autoconfigure.data.couchbase.CouchbaseRepositoriesAutoConfiguration did not match due to @ConditionalOnClass did not find required class 'com.couchbase.client.java.Bucket'
2023-03-01T14:42:24.913+08:00 TRACE 908 --- [           main] o.s.b.a.condition.OnClassCondition       : Condition OnClassCondition on org.springframework.boot.autoconfigure.data.elasticsearch.ElasticsearchDataAutoConfiguration did not match due to @ConditionalOnClass did not find required class 'org.springframework.data.elasticsearch.client.elc.ElasticsearchTemplate'
2023-03-01T14:42:24.914+08:00 TRACE 908 --- [           main] o.s.b.a.condition.OnClassCondition       : Condition OnClassCondition on org.springframework.boot.autoconfigure.data.elasticsearch.ElasticsearchRepositoriesAutoConfiguration did not match due to @ConditionalOnClass did not find required class 'org.springframework.data.elasticsearch.repository.ElasticsearchRepository'
2023-03-01T14:42:24.914+08:00 TRACE 908 --- [           main] o.s.b.a.condition.OnClassCondition       : Condition OnClassCondition on org.springframework.boot.autoconfigure.data.elasticsearch.ReactiveElasticsearchRepositoriesAutoConfiguration did not match due to @ConditionalOnClass did not find required class 'org.springframework.data.elasticsearch.client.elc.ReactiveElasticsearchClient'
2023-03-01T14:42:24.914+08:00 TRACE 908 --- [           main] o.s.b.a.condition.OnClassCondition       : Condition OnClassCondition on org.springframework.boot.autoconfigure.data.jdbc.JdbcRepositoriesAutoConfiguration did not match due to @ConditionalOnClass did not find required class 'org.springframework.data.jdbc.repository.config.AbstractJdbcConfiguration'
2023-03-01T14:42:24.914+08:00 TRACE 908 --- [           main] o.s.b.a.condition.OnClassCondition       : Condition OnClassCondition on org.springframework.boot.autoconfigure.data.ldap.LdapRepositoriesAutoConfiguration did not match due to @ConditionalOnClass did not find required class 'org.springframework.data.ldap.repository.LdapRepository'
2023-03-01T14:42:24.914+08:00 TRACE 908 --- [           main] o.s.b.a.condition.OnClassCondition       : Condition OnClassCondition on org.springframework.boot.autoconfigure.data.mongo.MongoDataAutoConfiguration did not match due to @ConditionalOnClass did not find required class 'com.mongodb.client.MongoClient'
2023-03-01T14:42:24.914+08:00 TRACE 908 --- [           main] o.s.b.a.condition.OnClassCondition       : Condition OnClassCondition on org.springframework.boot.autoconfigure.data.mongo.MongoReactiveDataAutoConfiguration did not match due to @ConditionalOnClass did not find required class 'com.mongodb.reactivestreams.client.MongoClient'
2023-03-01T14:42:24.914+08:00 TRACE 908 --- [           main] o.s.b.a.condition.OnClassCondition       : Condition OnClassCondition on org.springframework.boot.autoconfigure.data.mongo.MongoReactiveRepositoriesAutoConfiguration did not match due to @ConditionalOnClass did not find required class 'com.mongodb.reactivestreams.client.MongoClient'
2023-03-01T14:42:24.914+08:00 TRACE 908 --- [           main] o.s.b.a.condition.OnClassCondition       : Condition OnClassCondition on org.springframework.boot.autoconfigure.data.mongo.MongoRepositoriesAutoConfiguration did not match due to @ConditionalOnClass did not find required class 'com.mongodb.client.MongoClient'
2023-03-01T14:42:24.914+08:00 TRACE 908 --- [           main] o.s.b.a.condition.OnClassCondition       : Condition OnClassCondition on org.springframework.boot.autoconfigure.data.neo4j.Neo4jDataAutoConfiguration did not match due to @ConditionalOnClass did not find required class 'org.neo4j.driver.Driver'
2023-03-01T14:42:24.914+08:00 TRACE 908 --- [           main] o.s.b.a.condition.OnClassCondition       : Condition OnClassCondition on org.springframework.boot.autoconfigure.data.neo4j.Neo4jReactiveDataAutoConfiguration did not match due to @ConditionalOnClass did not find required class 'org.neo4j.driver.Driver'
2023-03-01T14:42:24.914+08:00 TRACE 908 --- [           main] o.s.b.a.condition.OnClassCondition       : Condition OnClassCondition on org.springframework.boot.autoconfigure.data.neo4j.Neo4jReactiveRepositoriesAutoConfiguration did not match due to @ConditionalOnClass did not find required class 'org.neo4j.driver.Driver'
2023-03-01T14:42:24.915+08:00 TRACE 908 --- [           main] o.s.b.a.condition.OnClassCondition       : Condition OnClassCondition on org.springframework.boot.autoconfigure.data.neo4j.Neo4jRepositoriesAutoConfiguration did not match due to @ConditionalOnClass did not find required class 'org.neo4j.driver.Driver'
2023-03-01T14:42:24.915+08:00 TRACE 908 --- [           main] o.s.b.a.condition.OnClassCondition       : Condition OnClassCondition on org.springframework.boot.autoconfigure.data.redis.RedisAutoConfiguration did not match due to @ConditionalOnClass did not find required class 'org.springframework.data.redis.core.RedisOperations'
2023-03-01T14:42:24.915+08:00 TRACE 908 --- [           main] o.s.b.a.condition.OnClassCondition       : Condition OnClassCondition on org.springframework.boot.autoconfigure.data.redis.RedisReactiveAutoConfiguration did not match due to @ConditionalOnClass did not find required class 'org.springframework.data.redis.connection.ReactiveRedisConnectionFactory'
2023-03-01T14:42:24.915+08:00 TRACE 908 --- [           main] o.s.b.a.condition.OnClassCondition       : Condition OnClassCondition on org.springframework.boot.autoconfigure.data.redis.RedisRepositoriesAutoConfiguration did not match due to @ConditionalOnClass did not find required class 'org.springframework.data.redis.repository.configuration.EnableRedisRepositories'
2023-03-01T14:42:24.915+08:00 TRACE 908 --- [           main] o.s.b.a.condition.OnClassCondition       : Condition OnClassCondition on org.springframework.boot.autoconfigure.data.rest.RepositoryRestMvcAutoConfiguration did not match due to @ConditionalOnClass did not find required class 'org.springframework.data.rest.webmvc.config.RepositoryRestMvcConfiguration'
2023-03-01T14:42:24.915+08:00 TRACE 908 --- [           main] o.s.b.a.condition.OnClassCondition       : Condition OnClassCondition on org.springframework.boot.autoconfigure.elasticsearch.ElasticsearchClientAutoConfiguration did not match due to @ConditionalOnClass did not find required class 'co.elastic.clients.elasticsearch.ElasticsearchClient'
2023-03-01T14:42:24.915+08:00 TRACE 908 --- [           main] o.s.b.a.condition.OnClassCondition       : Condition OnClassCondition on org.springframework.boot.autoconfigure.elasticsearch.ElasticsearchRestClientAutoConfiguration did not match due to @ConditionalOnClass did not find required class 'org.elasticsearch.client.RestClientBuilder'
2023-03-01T14:42:24.915+08:00 TRACE 908 --- [           main] o.s.b.a.condition.OnClassCondition       : Condition OnClassCondition on org.springframework.boot.autoconfigure.elasticsearch.ReactiveElasticsearchClientAutoConfiguration did not match due to @ConditionalOnClass did not find required class 'co.elastic.clients.transport.ElasticsearchTransport'
2023-03-01T14:42:24.915+08:00 TRACE 908 --- [           main] o.s.b.a.condition.OnClassCondition       : Condition OnClassCondition on org.springframework.boot.autoconfigure.flyway.FlywayAutoConfiguration did not match due to @ConditionalOnClass did not find required class 'org.flywaydb.core.Flyway'
2023-03-01T14:42:24.915+08:00 TRACE 908 --- [           main] o.s.b.a.condition.OnClassCondition       : Condition OnClassCondition on org.springframework.boot.autoconfigure.freemarker.FreeMarkerAutoConfiguration did not match due to @ConditionalOnClass did not find required class 'freemarker.template.Configuration'
2023-03-01T14:42:24.915+08:00 TRACE 908 --- [           main] o.s.b.a.condition.OnClassCondition       : Condition OnClassCondition on org.springframework.boot.autoconfigure.graphql.GraphQlAutoConfiguration did not match due to @ConditionalOnClass did not find required class 'graphql.GraphQL'
2023-03-01T14:42:24.915+08:00 TRACE 908 --- [           main] o.s.b.a.condition.OnClassCondition       : Condition OnClassCondition on org.springframework.boot.autoconfigure.graphql.data.GraphQlReactiveQueryByExampleAutoConfiguration did not match due to @ConditionalOnClass did not find required class 'graphql.GraphQL'
2023-03-01T14:42:24.915+08:00 TRACE 908 --- [           main] o.s.b.a.condition.OnClassCondition       : Condition OnClassCondition on org.springframework.boot.autoconfigure.graphql.data.GraphQlReactiveQuerydslAutoConfiguration did not match due to @ConditionalOnClass did not find required class 'graphql.GraphQL'
2023-03-01T14:42:24.915+08:00 TRACE 908 --- [           main] o.s.b.a.condition.OnClassCondition       : Condition OnClassCondition on org.springframework.boot.autoconfigure.graphql.data.GraphQlQueryByExampleAutoConfiguration did not match due to @ConditionalOnClass did not find required class 'graphql.GraphQL'
2023-03-01T14:42:24.916+08:00 TRACE 908 --- [           main] o.s.b.a.condition.OnClassCondition       : Condition OnClassCondition on org.springframework.boot.autoconfigure.graphql.data.GraphQlQuerydslAutoConfiguration did not match due to @ConditionalOnClass did not find required class 'graphql.GraphQL'
2023-03-01T14:42:24.916+08:00 TRACE 908 --- [           main] o.s.b.a.condition.OnClassCondition       : Condition OnClassCondition on org.springframework.boot.autoconfigure.graphql.reactive.GraphQlWebFluxAutoConfiguration did not match due to @ConditionalOnClass did not find required class 'graphql.GraphQL'
2023-03-01T14:42:24.916+08:00 TRACE 908 --- [           main] o.s.b.a.condition.OnClassCondition       : Condition OnClassCondition on org.springframework.boot.autoconfigure.graphql.rsocket.GraphQlRSocketAutoConfiguration did not match due to @ConditionalOnClass did not find required class 'graphql.GraphQL'
2023-03-01T14:42:24.916+08:00 TRACE 908 --- [           main] o.s.b.a.condition.OnClassCondition       : Condition OnClassCondition on org.springframework.boot.autoconfigure.graphql.rsocket.RSocketGraphQlClientAutoConfiguration did not match due to @ConditionalOnClass did not find required class 'graphql.GraphQL'
2023-03-01T14:42:24.916+08:00 TRACE 908 --- [           main] o.s.b.a.condition.OnClassCondition       : Condition OnClassCondition on org.springframework.boot.autoconfigure.graphql.security.GraphQlWebFluxSecurityAutoConfiguration did not match due to @ConditionalOnClass did not find required class 'graphql.GraphQL'
2023-03-01T14:42:24.916+08:00 TRACE 908 --- [           main] o.s.b.a.condition.OnClassCondition       : Condition OnClassCondition on org.springframework.boot.autoconfigure.graphql.security.GraphQlWebMvcSecurityAutoConfiguration did not match due to @ConditionalOnClass did not find required class 'graphql.GraphQL'
2023-03-01T14:42:24.916+08:00 TRACE 908 --- [           main] o.s.b.a.condition.OnClassCondition       : Condition OnClassCondition on org.springframework.boot.autoconfigure.graphql.servlet.GraphQlWebMvcAutoConfiguration did not match due to @ConditionalOnClass did not find required class 'graphql.GraphQL'
2023-03-01T14:42:24.916+08:00 TRACE 908 --- [           main] o.s.b.a.condition.OnClassCondition       : Condition OnClassCondition on org.springframework.boot.autoconfigure.groovy.template.GroovyTemplateAutoConfiguration did not match due to @ConditionalOnClass did not find required class 'groovy.text.markup.MarkupTemplateEngine'
2023-03-01T14:42:24.916+08:00 TRACE 908 --- [           main] o.s.b.a.condition.OnClassCondition       : Condition OnClassCondition on org.springframework.boot.autoconfigure.gson.GsonAutoConfiguration did not match due to @ConditionalOnClass did not find required class 'com.google.gson.Gson'
2023-03-01T14:42:24.916+08:00 TRACE 908 --- [           main] o.s.b.a.condition.OnClassCondition       : Condition OnClassCondition on org.springframework.boot.autoconfigure.hateoas.HypermediaAutoConfiguration did not match due to @ConditionalOnClass did not find required class 'org.springframework.hateoas.EntityModel'
2023-03-01T14:42:24.916+08:00 TRACE 908 --- [           main] o.s.b.a.condition.OnClassCondition       : Condition OnClassCondition on org.springframework.boot.autoconfigure.hazelcast.HazelcastAutoConfiguration did not match due to @ConditionalOnClass did not find required class 'com.hazelcast.core.HazelcastInstance'
2023-03-01T14:42:24.916+08:00 TRACE 908 --- [           main] o.s.b.a.condition.OnClassCondition       : Condition OnClassCondition on org.springframework.boot.autoconfigure.hazelcast.HazelcastJpaDependencyAutoConfiguration did not match due to @ConditionalOnClass did not find required class 'com.hazelcast.core.HazelcastInstance'
2023-03-01T14:42:24.916+08:00 TRACE 908 --- [           main] o.s.b.a.condition.OnClassCondition       : Condition OnClassCondition on org.springframework.boot.autoconfigure.http.codec.CodecsAutoConfiguration did not match due to @ConditionalOnClass did not find required class 'org.springframework.web.reactive.function.client.WebClient'
2023-03-01T14:42:24.916+08:00 TRACE 908 --- [           main] o.s.b.a.condition.OnClassCondition       : Condition OnClassCondition on org.springframework.boot.autoconfigure.influx.InfluxDbAutoConfiguration did not match due to @ConditionalOnClass did not find required class 'org.influxdb.InfluxDB'
2023-03-01T14:42:24.916+08:00 TRACE 908 --- [           main] o.s.b.a.condition.OnClassCondition       : Condition OnClassCondition on org.springframework.boot.autoconfigure.integration.IntegrationAutoConfiguration did not match due to @ConditionalOnClass did not find required class 'org.springframework.integration.config.EnableIntegration'
2023-03-01T14:42:24.916+08:00 TRACE 908 --- [           main] o.s.b.a.condition.OnClassCondition       : Condition OnClassCondition on org.springframework.boot.autoconfigure.jersey.JerseyAutoConfiguration did not match due to @ConditionalOnClass did not find required class 'org.glassfish.jersey.server.spring.SpringComponentProvider'
2023-03-01T14:42:24.916+08:00 TRACE 908 --- [           main] o.s.b.a.condition.OnClassCondition       : Condition OnClassCondition on org.springframework.boot.autoconfigure.jms.JmsAutoConfiguration did not match due to @ConditionalOnClass did not find required class 'jakarta.jms.Message'
2023-03-01T14:42:24.917+08:00 TRACE 908 --- [           main] o.s.b.a.condition.OnClassCondition       : Condition OnClassCondition on org.springframework.boot.autoconfigure.jms.JndiConnectionFactoryAutoConfiguration did not match due to @ConditionalOnClass did not find required class 'org.springframework.jms.core.JmsTemplate'
2023-03-01T14:42:24.917+08:00 TRACE 908 --- [           main] o.s.b.a.condition.OnClassCondition       : Condition OnClassCondition on org.springframework.boot.autoconfigure.jms.artemis.ArtemisAutoConfiguration did not match due to @ConditionalOnClass did not find required class 'jakarta.jms.ConnectionFactory'
2023-03-01T14:42:24.917+08:00 TRACE 908 --- [           main] o.s.b.a.condition.OnClassCondition       : Condition OnClassCondition on org.springframework.boot.autoconfigure.jooq.JooqAutoConfiguration did not match due to @ConditionalOnClass did not find required class 'org.jooq.DSLContext'
2023-03-01T14:42:24.917+08:00 TRACE 908 --- [           main] o.s.b.a.condition.OnClassCondition       : Condition OnClassCondition on org.springframework.boot.autoconfigure.jsonb.JsonbAutoConfiguration did not match due to @ConditionalOnClass did not find required class 'jakarta.json.bind.Jsonb'
2023-03-01T14:42:24.917+08:00 TRACE 908 --- [           main] o.s.b.a.condition.OnClassCondition       : Condition OnClassCondition on org.springframework.boot.autoconfigure.kafka.KafkaAutoConfiguration did not match due to @ConditionalOnClass did not find required class 'org.springframework.kafka.core.KafkaTemplate'
2023-03-01T14:42:24.935+08:00 TRACE 908 --- [           main] o.s.b.a.condition.OnClassCondition       : Condition OnClassCondition on org.springframework.boot.autoconfigure.ldap.embedded.EmbeddedLdapAutoConfiguration did not match due to @ConditionalOnClass did not find required class 'com.unboundid.ldap.listener.InMemoryDirectoryServer'
2023-03-01T14:42:24.935+08:00 TRACE 908 --- [           main] o.s.b.a.condition.OnClassCondition       : Condition OnClassCondition on org.springframework.boot.autoconfigure.ldap.LdapAutoConfiguration did not match due to @ConditionalOnClass did not find required class 'org.springframework.ldap.core.ContextSource'
2023-03-01T14:42:24.935+08:00 TRACE 908 --- [           main] o.s.b.a.condition.OnClassCondition       : Condition OnClassCondition on org.springframework.boot.autoconfigure.mail.MailSenderAutoConfiguration did not match due to @ConditionalOnClass did not find required class 'jakarta.mail.internet.MimeMessage'
2023-03-01T14:42:24.935+08:00 TRACE 908 --- [           main] o.s.b.a.condition.OnClassCondition       : Condition OnClassCondition on org.springframework.boot.autoconfigure.mongo.MongoAutoConfiguration did not match due to @ConditionalOnClass did not find required class 'com.mongodb.client.MongoClient'
2023-03-01T14:42:24.935+08:00 TRACE 908 --- [           main] o.s.b.a.condition.OnClassCondition       : Condition OnClassCondition on org.springframework.boot.autoconfigure.mongo.MongoReactiveAutoConfiguration did not match due to @ConditionalOnClass did not find required class 'com.mongodb.reactivestreams.client.MongoClient'
2023-03-01T14:42:24.935+08:00 TRACE 908 --- [           main] o.s.b.a.condition.OnClassCondition       : Condition OnClassCondition on org.springframework.boot.autoconfigure.mustache.MustacheAutoConfiguration did not match due to @ConditionalOnClass did not find required class 'com.samskivert.mustache.Mustache'
2023-03-01T14:42:24.936+08:00 TRACE 908 --- [           main] o.s.b.a.condition.OnClassCondition       : Condition OnClassCondition on org.springframework.boot.autoconfigure.neo4j.Neo4jAutoConfiguration did not match due to @ConditionalOnClass did not find required class 'org.neo4j.driver.Driver'
2023-03-01T14:42:24.936+08:00 TRACE 908 --- [           main] o.s.b.a.condition.OnClassCondition       : Condition OnClassCondition on org.springframework.boot.autoconfigure.quartz.QuartzAutoConfiguration did not match due to @ConditionalOnClass did not find required class 'org.quartz.Scheduler'
2023-03-01T14:42:24.936+08:00 TRACE 908 --- [           main] o.s.b.a.condition.OnClassCondition       : Condition OnClassCondition on org.springframework.boot.autoconfigure.rsocket.RSocketMessagingAutoConfiguration did not match due to @ConditionalOnClass did not find required class 'io.rsocket.RSocket'
2023-03-01T14:42:24.936+08:00 TRACE 908 --- [           main] o.s.b.a.condition.OnClassCondition       : Condition OnClassCondition on org.springframework.boot.autoconfigure.rsocket.RSocketRequesterAutoConfiguration did not match due to @ConditionalOnClass did not find required class 'io.rsocket.RSocket'
2023-03-01T14:42:24.936+08:00 TRACE 908 --- [           main] o.s.b.a.condition.OnClassCondition       : Condition OnClassCondition on org.springframework.boot.autoconfigure.rsocket.RSocketServerAutoConfiguration did not match due to @ConditionalOnClass did not find required class 'io.rsocket.core.RSocketServer'
2023-03-01T14:42:24.936+08:00 TRACE 908 --- [           main] o.s.b.a.condition.OnClassCondition       : Condition OnClassCondition on org.springframework.boot.autoconfigure.rsocket.RSocketStrategiesAutoConfiguration did not match due to @ConditionalOnClass did not find required class 'io.rsocket.RSocket'
2023-03-01T14:42:24.936+08:00 TRACE 908 --- [           main] o.s.b.a.condition.OnClassCondition       : Condition OnClassCondition on org.springframework.boot.autoconfigure.security.reactive.ReactiveSecurityAutoConfiguration did not match due to @ConditionalOnClass did not find required class 'org.springframework.web.reactive.config.WebFluxConfigurer'
2023-03-01T14:42:24.936+08:00 TRACE 908 --- [           main] o.s.b.a.condition.OnClassCondition       : Condition OnClassCondition on org.springframework.boot.autoconfigure.security.rsocket.RSocketSecurityAutoConfiguration did not match due to @ConditionalOnClass did not find required class 'org.springframework.security.rsocket.core.SecuritySocketAcceptorInterceptor'
2023-03-01T14:42:24.936+08:00 TRACE 908 --- [           main] o.s.b.a.condition.OnClassCondition       : Condition OnClassCondition on org.springframework.boot.autoconfigure.security.saml2.Saml2RelyingPartyAutoConfiguration did not match due to @ConditionalOnClass did not find required class 'org.springframework.security.saml2.provider.service.registration.RelyingPartyRegistrationRepository'
2023-03-01T14:42:24.936+08:00 TRACE 908 --- [           main] o.s.b.a.condition.OnClassCondition       : Condition OnClassCondition on org.springframework.boot.autoconfigure.sendgrid.SendGridAutoConfiguration did not match due to @ConditionalOnClass did not find required class 'com.sendgrid.SendGrid'
2023-03-01T14:42:24.936+08:00 TRACE 908 --- [           main] o.s.b.a.condition.OnClassCondition       : Condition OnClassCondition on org.springframework.boot.autoconfigure.session.SessionAutoConfiguration did not match due to @ConditionalOnClass did not find required class 'org.springframework.session.Session'
2023-03-01T14:42:24.936+08:00 TRACE 908 --- [           main] o.s.b.a.condition.OnClassCondition       : Condition OnClassCondition on org.springframework.boot.autoconfigure.security.oauth2.resource.servlet.OAuth2ResourceServerAutoConfiguration did not match due to @ConditionalOnClass did not find required class 'org.springframework.security.oauth2.server.resource.authentication.BearerTokenAuthenticationToken'
2023-03-01T14:42:24.937+08:00 TRACE 908 --- [           main] o.s.b.a.condition.OnClassCondition       : Condition OnClassCondition on org.springframework.boot.autoconfigure.web.reactive.HttpHandlerAutoConfiguration did not match due to @ConditionalOnClass did not find required class 'org.springframework.web.reactive.DispatcherHandler'
2023-03-01T14:42:24.937+08:00 TRACE 908 --- [           main] o.s.b.a.condition.OnClassCondition       : Condition OnClassCondition on org.springframework.boot.autoconfigure.web.reactive.ReactiveMultipartAutoConfiguration did not match due to @ConditionalOnClass did not find required class 'org.springframework.web.reactive.config.WebFluxConfigurer'
2023-03-01T14:42:24.937+08:00 TRACE 908 --- [           main] o.s.b.a.condition.OnClassCondition       : Condition OnClassCondition on org.springframework.boot.autoconfigure.web.reactive.WebFluxAutoConfiguration did not match due to @ConditionalOnClass did not find required class 'org.springframework.web.reactive.config.WebFluxConfigurer'
2023-03-01T14:42:24.937+08:00 TRACE 908 --- [           main] o.s.b.a.condition.OnClassCondition       : Condition OnClassCondition on org.springframework.boot.autoconfigure.web.reactive.error.ErrorWebFluxAutoConfiguration did not match due to @ConditionalOnClass did not find required class 'org.springframework.web.reactive.config.WebFluxConfigurer'
2023-03-01T14:42:24.937+08:00 TRACE 908 --- [           main] o.s.b.a.condition.OnClassCondition       : Condition OnClassCondition on org.springframework.boot.autoconfigure.web.reactive.function.client.ClientHttpConnectorAutoConfiguration did not match due to @ConditionalOnClass did not find required class 'org.springframework.web.reactive.function.client.WebClient'
2023-03-01T14:42:24.937+08:00 TRACE 908 --- [           main] o.s.b.a.condition.OnClassCondition       : Condition OnClassCondition on org.springframework.boot.autoconfigure.web.reactive.function.client.WebClientAutoConfiguration did not match due to @ConditionalOnClass did not find required class 'org.springframework.web.reactive.function.client.WebClient'
2023-03-01T14:42:24.937+08:00 TRACE 908 --- [           main] o.s.b.a.condition.OnClassCondition       : Condition OnClassCondition on org.springframework.boot.autoconfigure.websocket.servlet.WebSocketMessagingAutoConfiguration did not match due to @ConditionalOnClass did not find required class 'org.springframework.web.socket.config.annotation.WebSocketMessageBrokerConfigurer'
2023-03-01T14:42:24.937+08:00 TRACE 908 --- [           main] o.s.b.a.condition.OnClassCondition       : Condition OnClassCondition on org.springframework.boot.autoconfigure.webservices.WebServicesAutoConfiguration did not match due to @ConditionalOnClass did not find required class 'org.springframework.ws.transport.http.MessageDispatcherServlet'
2023-03-01T14:42:24.937+08:00 TRACE 908 --- [           main] o.s.b.a.condition.OnClassCondition       : Condition OnClassCondition on org.springframework.boot.autoconfigure.webservices.client.WebServiceTemplateAutoConfiguration did not match due to @ConditionalOnClass did not find required class 'org.springframework.oxm.Marshaller'
2023-03-01T14:42:24.937+08:00 TRACE 908 --- [           main] o.s.b.f.s.DefaultListableBeanFactory     : Returning cached instance of singleton bean 'autoConfigurationReport'
2023-03-01T14:42:24.941+08:00 TRACE 908 --- [           main] o.s.b.a.c.OnWebApplicationCondition      : Condition OnWebApplicationCondition on org.springframework.boot.autoconfigure.security.oauth2.resource.reactive.ReactiveOAuth2ResourceServerAutoConfiguration did not match due to @ConditionalOnWebApplication did not find reactive web application classes
2023-03-01T14:42:24.941+08:00 TRACE 908 --- [           main] o.s.b.a.c.OnWebApplicationCondition      : Condition OnWebApplicationCondition on org.springframework.boot.autoconfigure.web.reactive.ReactiveWebServerFactoryAutoConfiguration did not match due to @ConditionalOnWebApplication did not find reactive web application classes
2023-03-01T14:42:24.941+08:00 TRACE 908 --- [           main] o.s.b.a.c.OnWebApplicationCondition      : Condition OnWebApplicationCondition on org.springframework.boot.autoconfigure.web.reactive.WebSessionIdResolverAutoConfiguration did not match due to @ConditionalOnWebApplication did not find reactive web application classes
2023-03-01T14:42:24.941+08:00 TRACE 908 --- [           main] o.s.b.a.c.OnWebApplicationCondition      : Condition OnWebApplicationCondition on org.springframework.boot.autoconfigure.websocket.reactive.WebSocketReactiveAutoConfiguration did not match due to @ConditionalOnWebApplication did not find reactive web application classes
2023-03-01T14:42:24.941+08:00 TRACE 908 --- [           main] o.s.b.f.s.DefaultListableBeanFactory     : Returning cached instance of singleton bean 'autoConfigurationReport'
2023-03-01T14:42:24.947+08:00 TRACE 908 --- [           main] o.s.b.a.condition.OnBeanCondition        : Condition OnBeanCondition on org.springframework.boot.autoconfigure.mail.MailSenderValidatorAutoConfiguration did not match due to @ConditionalOnSingleCandidate did not find required type 'org.springframework.mail.javamail.JavaMailSenderImpl'
2023-03-01T14:42:24.954+08:00 TRACE 908 --- [           main] o.s.b.a.AutoConfigurationImportSelector  : Filtered 92 auto configuration class in 107 ms
2023-03-01T14:42:24.956+08:00 TRACE 908 --- [           main] o.s.c.io.support.SpringFactoriesLoader   : Loaded [org.springframework.boot.autoconfigure.AutoConfigurationImportListener] names: [org.springframework.boot.autoconfigure.condition.ConditionEvaluationReportAutoConfigurationImportListener]
2023-03-01T14:42:24.959+08:00 TRACE 908 --- [           main] o.s.b.f.s.DefaultListableBeanFactory     : Returning cached instance of singleton bean 'autoConfigurationReport'
2023-03-01T14:42:24.971+08:00 TRACE 908 --- [           main] o.s.b.f.s.DefaultListableBeanFactory     : Returning cached instance of singleton bean 'org.springframework.boot.autoconfigure.internalCachingMetadataReaderFactory'
2023-03-01T14:42:24.981+08:00 TRACE 908 --- [           main] o.s.b.f.s.DefaultListableBeanFactory     : Returning cached instance of singleton bean 'autoConfigurationReport'
2023-03-01T14:42:24.981+08:00 TRACE 908 --- [           main] o.s.b.f.s.DefaultListableBeanFactory     : Returning cached instance of singleton bean 'autoConfigurationReport'
2023-03-01T14:42:24.982+08:00 TRACE 908 --- [           main] o.s.b.f.s.DefaultListableBeanFactory     : Returning cached instance of singleton bean 'autoConfigurationReport'
2023-03-01T14:42:24.982+08:00 TRACE 908 --- [           main] o.s.b.f.s.DefaultListableBeanFactory     : Returning cached instance of singleton bean 'autoConfigurationReport'
2023-03-01T14:42:24.982+08:00 TRACE 908 --- [           main] o.s.b.f.s.DefaultListableBeanFactory     : Returning cached instance of singleton bean 'autoConfigurationReport'
2023-03-01T14:42:24.982+08:00 TRACE 908 --- [           main] o.s.b.f.s.DefaultListableBeanFactory     : Returning cached instance of singleton bean 'autoConfigurationReport'
2023-03-01T14:42:25.009+08:00 TRACE 908 --- [           main] .i.s.PathMatchingResourcePatternResolver : Resolved module-path location pattern [messages.properties] to resources []
2023-03-01T14:42:25.010+08:00 TRACE 908 --- [           main] .i.s.PathMatchingResourcePatternResolver : Resolved classpath location [messages.properties] to resources []
2023-03-01T14:42:25.011+08:00 TRACE 908 --- [           main] utoConfiguration$ResourceBundleCondition : Condition MessageSourceAutoConfiguration.ResourceBundleCondition on org.springframework.boot.autoconfigure.context.MessageSourceAutoConfiguration did not match due to ResourceBundle did not find bundle with basename messages
2023-03-01T14:42:25.011+08:00 TRACE 908 --- [           main] o.s.b.f.s.DefaultListableBeanFactory     : Returning cached instance of singleton bean 'autoConfigurationReport'
2023-03-01T14:42:25.012+08:00 TRACE 908 --- [           main] o.s.b.f.s.DefaultListableBeanFactory     : Returning cached instance of singleton bean 'autoConfigurationReport'
2023-03-01T14:42:25.012+08:00 TRACE 908 --- [           main] o.s.b.f.s.DefaultListableBeanFactory     : Returning cached instance of singleton bean 'autoConfigurationReport'
2023-03-01T14:42:25.012+08:00 TRACE 908 --- [           main] o.s.b.f.s.DefaultListableBeanFactory     : Returning cached instance of singleton bean 'autoConfigurationReport'
2023-03-01T14:42:25.012+08:00 TRACE 908 --- [           main] o.s.b.f.s.DefaultListableBeanFactory     : Returning cached instance of singleton bean 'autoConfigurationReport'
2023-03-01T14:42:25.012+08:00 TRACE 908 --- [           main] o.s.b.f.s.DefaultListableBeanFactory     : Returning cached instance of singleton bean 'autoConfigurationReport'
2023-03-01T14:42:25.013+08:00 TRACE 908 --- [           main] o.s.b.f.s.DefaultListableBeanFactory     : Returning cached instance of singleton bean 'autoConfigurationReport'
2023-03-01T14:42:25.014+08:00 TRACE 908 --- [           main] o.s.b.f.s.DefaultListableBeanFactory     : Returning cached instance of singleton bean 'autoConfigurationReport'
2023-03-01T14:42:25.014+08:00 TRACE 908 --- [           main] o.s.b.f.s.DefaultListableBeanFactory     : Returning cached instance of singleton bean 'autoConfigurationReport'
2023-03-01T14:42:25.014+08:00 TRACE 908 --- [           main] o.s.b.f.s.DefaultListableBeanFactory     : Returning cached instance of singleton bean 'autoConfigurationReport'
2023-03-01T14:42:25.019+08:00 TRACE 908 --- [           main] o.s.b.f.s.DefaultListableBeanFactory     : Returning cached instance of singleton bean 'autoConfigurationReport'
2023-03-01T14:42:25.019+08:00 TRACE 908 --- [           main] o.s.b.f.s.DefaultListableBeanFactory     : Returning cached instance of singleton bean 'autoConfigurationReport'
2023-03-01T14:42:25.020+08:00 TRACE 908 --- [           main] o.s.b.f.s.DefaultListableBeanFactory     : Returning cached instance of singleton bean 'autoConfigurationReport'
2023-03-01T14:42:25.020+08:00 TRACE 908 --- [           main] o.s.b.f.s.DefaultListableBeanFactory     : Returning cached instance of singleton bean 'autoConfigurationReport'
2023-03-01T14:42:25.020+08:00 TRACE 908 --- [           main] o.s.b.f.s.DefaultListableBeanFactory     : Returning cached instance of singleton bean 'autoConfigurationReport'
2023-03-01T14:42:25.020+08:00 TRACE 908 --- [           main] o.s.b.f.s.DefaultListableBeanFactory     : Returning cached instance of singleton bean 'autoConfigurationReport'
2023-03-01T14:42:25.023+08:00 TRACE 908 --- [           main] o.s.b.a.condition.OnClassCondition       : Condition OnClassCondition on org.springframework.boot.autoconfigure.websocket.servlet.WebSocketServletAutoConfiguration matched due to @ConditionalOnClass found required classes 'jakarta.servlet.Servlet', 'jakarta.websocket.server.ServerContainer'
2023-03-01T14:42:25.023+08:00 TRACE 908 --- [           main] o.s.b.f.s.DefaultListableBeanFactory     : Returning cached instance of singleton bean 'autoConfigurationReport'
2023-03-01T14:42:25.024+08:00 TRACE 908 --- [           main] o.s.b.a.c.OnWebApplicationCondition      : Condition OnWebApplicationCondition on org.springframework.boot.autoconfigure.websocket.servlet.WebSocketServletAutoConfiguration matched due to found 'session' scope
2023-03-01T14:42:25.024+08:00 TRACE 908 --- [           main] o.s.b.f.s.DefaultListableBeanFactory     : Returning cached instance of singleton bean 'autoConfigurationReport'
2023-03-01T14:42:25.025+08:00 TRACE 908 --- [           main] o.s.b.f.s.DefaultListableBeanFactory     : Returning cached instance of singleton bean 'autoConfigurationReport'
2023-03-01T14:42:25.025+08:00 TRACE 908 --- [           main] o.s.b.f.s.DefaultListableBeanFactory     : Returning cached instance of singleton bean 'autoConfigurationReport'
2023-03-01T14:42:25.025+08:00 TRACE 908 --- [           main] o.s.b.f.s.DefaultListableBeanFactory     : Returning cached instance of singleton bean 'autoConfigurationReport'
2023-03-01T14:42:25.029+08:00 TRACE 908 --- [           main] o.s.b.a.condition.OnClassCondition       : Condition OnClassCondition on org.springframework.boot.autoconfigure.websocket.servlet.WebSocketServletAutoConfiguration$UndertowWebSocketConfiguration did not match due to @ConditionalOnClass did not find required class 'io.undertow.websockets.jsr.Bootstrap'
2023-03-01T14:42:25.030+08:00 TRACE 908 --- [           main] o.s.b.f.s.DefaultListableBeanFactory     : Returning cached instance of singleton bean 'autoConfigurationReport'
2023-03-01T14:42:25.031+08:00 TRACE 908 --- [           main] o.s.b.a.condition.OnClassCondition       : Condition OnClassCondition on org.springframework.boot.autoconfigure.websocket.servlet.WebSocketServletAutoConfiguration$JettyWebSocketConfiguration did not match due to @ConditionalOnClass did not find required class 'org.eclipse.jetty.websocket.jakarta.server.config.JakartaWebSocketServletContainerInitializer'
2023-03-01T14:42:25.032+08:00 TRACE 908 --- [           main] o.s.b.f.s.DefaultListableBeanFactory     : Returning cached instance of singleton bean 'autoConfigurationReport'
2023-03-01T14:42:25.037+08:00 TRACE 908 --- [           main] o.s.b.a.condition.OnClassCondition       : Condition OnClassCondition on org.springframework.boot.autoconfigure.websocket.servlet.WebSocketServletAutoConfiguration$TomcatWebSocketConfiguration matched due to @ConditionalOnClass found required classes 'org.apache.catalina.startup.Tomcat', 'org.apache.tomcat.websocket.server.WsSci'
2023-03-01T14:42:25.038+08:00 TRACE 908 --- [           main] o.s.b.f.s.DefaultListableBeanFactory     : Returning cached instance of singleton bean 'autoConfigurationReport'
2023-03-01T14:42:25.038+08:00 TRACE 908 --- [           main] o.s.b.f.s.DefaultListableBeanFactory     : Returning cached instance of singleton bean 'autoConfigurationReport'
2023-03-01T14:42:25.038+08:00 TRACE 908 --- [           main] o.s.b.f.s.DefaultListableBeanFactory     : Returning cached instance of singleton bean 'autoConfigurationReport'
2023-03-01T14:42:25.038+08:00 TRACE 908 --- [           main] o.s.b.f.s.DefaultListableBeanFactory     : Returning cached instance of singleton bean 'autoConfigurationReport'
2023-03-01T14:42:25.041+08:00 TRACE 908 --- [           main] o.s.b.f.s.DefaultListableBeanFactory     : Returning cached instance of singleton bean 'autoConfigurationReport'
2023-03-01T14:42:25.041+08:00 TRACE 908 --- [           main] o.s.b.f.s.DefaultListableBeanFactory     : Returning cached instance of singleton bean 'autoConfigurationReport'
2023-03-01T14:42:25.041+08:00 TRACE 908 --- [           main] o.s.b.f.s.DefaultListableBeanFactory     : Returning cached instance of singleton bean 'autoConfigurationReport'
2023-03-01T14:42:25.041+08:00 TRACE 908 --- [           main] o.s.b.f.s.DefaultListableBeanFactory     : Returning cached instance of singleton bean 'autoConfigurationReport'
2023-03-01T14:42:25.041+08:00 TRACE 908 --- [           main] o.s.b.f.s.DefaultListableBeanFactory     : Returning cached instance of singleton bean 'autoConfigurationReport'
2023-03-01T14:42:25.041+08:00 TRACE 908 --- [           main] o.s.b.f.s.DefaultListableBeanFactory     : Returning cached instance of singleton bean 'autoConfigurationReport'
2023-03-01T14:42:25.043+08:00 TRACE 908 --- [           main] o.s.b.a.condition.OnClassCondition       : Condition OnClassCondition on org.springframework.boot.autoconfigure.web.servlet.ServletWebServerFactoryAutoConfiguration matched due to @ConditionalOnClass found required class 'jakarta.servlet.ServletRequest'
2023-03-01T14:42:25.043+08:00 TRACE 908 --- [           main] o.s.b.f.s.DefaultListableBeanFactory     : Returning cached instance of singleton bean 'autoConfigurationReport'
2023-03-01T14:42:25.043+08:00 TRACE 908 --- [           main] o.s.b.a.c.OnWebApplicationCondition      : Condition OnWebApplicationCondition on org.springframework.boot.autoconfigure.web.servlet.ServletWebServerFactoryAutoConfiguration matched due to found 'session' scope
2023-03-01T14:42:25.044+08:00 TRACE 908 --- [           main] o.s.b.f.s.DefaultListableBeanFactory     : Returning cached instance of singleton bean 'autoConfigurationReport'
2023-03-01T14:42:25.044+08:00 TRACE 908 --- [           main] o.s.b.f.s.DefaultListableBeanFactory     : Returning cached instance of singleton bean 'autoConfigurationReport'
2023-03-01T14:42:25.044+08:00 TRACE 908 --- [           main] o.s.b.f.s.DefaultListableBeanFactory     : Returning cached instance of singleton bean 'autoConfigurationReport'
2023-03-01T14:42:25.044+08:00 TRACE 908 --- [           main] o.s.b.f.s.DefaultListableBeanFactory     : Returning cached instance of singleton bean 'autoConfigurationReport'
2023-03-01T14:42:25.060+08:00 TRACE 908 --- [           main] o.s.b.a.condition.OnPropertyCondition    : Condition OnPropertyCondition on org.springframework.boot.autoconfigure.web.servlet.ServletWebServerFactoryAutoConfiguration$ForwardedHeaderFilterConfiguration did not match due to @ConditionalOnProperty (server.forward-headers-strategy=framework) did not find property 'server.forward-headers-strategy'
2023-03-01T14:42:25.060+08:00 TRACE 908 --- [           main] o.s.b.f.s.DefaultListableBeanFactory     : Returning cached instance of singleton bean 'autoConfigurationReport'
2023-03-01T14:42:25.069+08:00 TRACE 908 --- [           main] o.s.b.a.condition.OnClassCondition       : Condition OnClassCondition on org.springframework.boot.autoconfigure.web.servlet.ServletWebServerFactoryConfiguration$EmbeddedTomcat matched due to @ConditionalOnClass found required classes 'jakarta.servlet.Servlet', 'org.apache.catalina.startup.Tomcat', 'org.apache.coyote.UpgradeProtocol'
2023-03-01T14:42:25.069+08:00 TRACE 908 --- [           main] o.s.b.f.s.DefaultListableBeanFactory     : Returning cached instance of singleton bean 'autoConfigurationReport'
2023-03-01T14:42:25.070+08:00 TRACE 908 --- [           main] o.s.b.f.s.DefaultListableBeanFactory     : Returning cached instance of singleton bean 'autoConfigurationReport'
2023-03-01T14:42:25.070+08:00 TRACE 908 --- [           main] o.s.b.f.s.DefaultListableBeanFactory     : Returning cached instance of singleton bean 'autoConfigurationReport'
2023-03-01T14:42:25.070+08:00 TRACE 908 --- [           main] o.s.b.f.s.DefaultListableBeanFactory     : Returning cached instance of singleton bean 'autoConfigurationReport'
2023-03-01T14:42:25.075+08:00 TRACE 908 --- [           main] o.s.b.a.condition.OnClassCondition       : Condition OnClassCondition on org.springframework.boot.autoconfigure.web.servlet.ServletWebServerFactoryConfiguration$EmbeddedJetty did not match due to @ConditionalOnClass did not find required classes 'org.eclipse.jetty.server.Server', 'org.eclipse.jetty.util.Loader', 'org.eclipse.jetty.webapp.WebAppContext'
2023-03-01T14:42:25.075+08:00 TRACE 908 --- [           main] o.s.b.f.s.DefaultListableBeanFactory     : Returning cached instance of singleton bean 'autoConfigurationReport'
2023-03-01T14:42:25.077+08:00 TRACE 908 --- [           main] o.s.b.a.condition.OnClassCondition       : Condition OnClassCondition on org.springframework.boot.autoconfigure.web.servlet.ServletWebServerFactoryConfiguration$EmbeddedUndertow did not match due to @ConditionalOnClass did not find required classes 'io.undertow.Undertow', 'org.xnio.SslClientAuthMode'
2023-03-01T14:42:25.078+08:00 TRACE 908 --- [           main] o.s.b.f.s.DefaultListableBeanFactory     : Returning cached instance of singleton bean 'autoConfigurationReport'
2023-03-01T14:42:25.078+08:00 TRACE 908 --- [           main] o.s.b.f.s.DefaultListableBeanFactory     : Returning cached instance of singleton bean 'autoConfigurationReport'
2023-03-01T14:42:25.078+08:00 TRACE 908 --- [           main] o.s.b.f.s.DefaultListableBeanFactory     : Returning cached instance of singleton bean 'autoConfigurationReport'
2023-03-01T14:42:25.078+08:00 TRACE 908 --- [           main] o.s.b.f.s.DefaultListableBeanFactory     : Returning cached instance of singleton bean 'autoConfigurationReport'
2023-03-01T14:42:25.078+08:00 TRACE 908 --- [           main] o.s.b.f.s.DefaultListableBeanFactory     : Returning cached instance of singleton bean 'autoConfigurationReport'
2023-03-01T14:42:25.078+08:00 TRACE 908 --- [           main] o.s.b.f.s.DefaultListableBeanFactory     : Returning cached instance of singleton bean 'autoConfigurationReport'
2023-03-01T14:42:25.079+08:00 TRACE 908 --- [           main] o.s.b.f.s.DefaultListableBeanFactory     : Returning cached instance of singleton bean 'autoConfigurationReport'
2023-03-01T14:42:25.082+08:00 TRACE 908 --- [           main] o.s.b.a.condition.OnClassCondition       : Condition OnClassCondition on org.springframework.boot.autoconfigure.web.servlet.DispatcherServletAutoConfiguration matched due to @ConditionalOnClass found required class 'org.springframework.web.servlet.DispatcherServlet'
2023-03-01T14:42:25.082+08:00 TRACE 908 --- [           main] o.s.b.f.s.DefaultListableBeanFactory     : Returning cached instance of singleton bean 'autoConfigurationReport'
2023-03-01T14:42:25.083+08:00 TRACE 908 --- [           main] o.s.b.a.c.OnWebApplicationCondition      : Condition OnWebApplicationCondition on org.springframework.boot.autoconfigure.web.servlet.DispatcherServletAutoConfiguration matched due to found 'session' scope
2023-03-01T14:42:25.083+08:00 TRACE 908 --- [           main] o.s.b.f.s.DefaultListableBeanFactory     : Returning cached instance of singleton bean 'autoConfigurationReport'
2023-03-01T14:42:25.083+08:00 TRACE 908 --- [           main] o.s.b.f.s.DefaultListableBeanFactory     : Returning cached instance of singleton bean 'autoConfigurationReport'
2023-03-01T14:42:25.083+08:00 TRACE 908 --- [           main] o.s.b.f.s.DefaultListableBeanFactory     : Returning cached instance of singleton bean 'autoConfigurationReport'
2023-03-01T14:42:25.083+08:00 TRACE 908 --- [           main] o.s.b.f.s.DefaultListableBeanFactory     : Returning cached instance of singleton bean 'autoConfigurationReport'
2023-03-01T14:42:25.089+08:00 TRACE 908 --- [           main] o.s.b.a.condition.OnClassCondition       : Condition OnClassCondition on org.springframework.boot.autoconfigure.web.servlet.DispatcherServletAutoConfiguration$DispatcherServletRegistrationConfiguration matched due to @ConditionalOnClass found required class 'jakarta.servlet.ServletRegistration'
2023-03-01T14:42:25.090+08:00 TRACE 908 --- [           main] o.s.b.f.s.DefaultListableBeanFactory     : Returning cached instance of singleton bean 'autoConfigurationReport'
2023-03-01T14:42:25.112+08:00 TRACE 908 --- [           main] n$DispatcherServletRegistrationCondition : Condition DispatcherServletAutoConfiguration.DispatcherServletRegistrationCondition on org.springframework.boot.autoconfigure.web.servlet.DispatcherServletAutoConfiguration$DispatcherServletRegistrationConfiguration matched due to DispatcherServlet Registration did not find servlet registration bean
2023-03-01T14:42:25.113+08:00 TRACE 908 --- [           main] o.s.b.f.s.DefaultListableBeanFactory     : Returning cached instance of singleton bean 'autoConfigurationReport'
2023-03-01T14:42:25.113+08:00 TRACE 908 --- [           main] o.s.b.f.s.DefaultListableBeanFactory     : Returning cached instance of singleton bean 'autoConfigurationReport'
2023-03-01T14:42:25.113+08:00 TRACE 908 --- [           main] o.s.b.f.s.DefaultListableBeanFactory     : Returning cached instance of singleton bean 'autoConfigurationReport'
2023-03-01T14:42:25.113+08:00 TRACE 908 --- [           main] o.s.b.f.s.DefaultListableBeanFactory     : Returning cached instance of singleton bean 'autoConfigurationReport'
2023-03-01T14:42:25.117+08:00 TRACE 908 --- [           main] o.s.b.a.condition.OnClassCondition       : Condition OnClassCondition on org.springframework.boot.autoconfigure.web.servlet.DispatcherServletAutoConfiguration$DispatcherServletConfiguration matched due to @ConditionalOnClass found required class 'jakarta.servlet.ServletRegistration'
2023-03-01T14:42:25.117+08:00 TRACE 908 --- [           main] o.s.b.f.s.DefaultListableBeanFactory     : Returning cached instance of singleton bean 'autoConfigurationReport'
2023-03-01T14:42:25.118+08:00 TRACE 908 --- [           main] ration$DefaultDispatcherServletCondition : Condition DispatcherServletAutoConfiguration.DefaultDispatcherServletCondition on org.springframework.boot.autoconfigure.web.servlet.DispatcherServletAutoConfiguration$DispatcherServletConfiguration matched due to Default DispatcherServlet did not find dispatcher servlet beans
2023-03-01T14:42:25.118+08:00 TRACE 908 --- [           main] o.s.b.f.s.DefaultListableBeanFactory     : Returning cached instance of singleton bean 'autoConfigurationReport'
2023-03-01T14:42:25.118+08:00 TRACE 908 --- [           main] o.s.b.f.s.DefaultListableBeanFactory     : Returning cached instance of singleton bean 'autoConfigurationReport'
2023-03-01T14:42:25.118+08:00 TRACE 908 --- [           main] o.s.b.f.s.DefaultListableBeanFactory     : Returning cached instance of singleton bean 'autoConfigurationReport'
2023-03-01T14:42:25.119+08:00 TRACE 908 --- [           main] o.s.b.f.s.DefaultListableBeanFactory     : Returning cached instance of singleton bean 'autoConfigurationReport'
2023-03-01T14:42:25.120+08:00 TRACE 908 --- [           main] o.s.b.a.condition.OnClassCondition       : Condition OnClassCondition on org.springframework.boot.autoconfigure.web.servlet.DispatcherServletAutoConfiguration$DispatcherServletConfiguration matched due to @ConditionalOnClass found required class 'jakarta.servlet.ServletRegistration'
2023-03-01T14:42:25.120+08:00 TRACE 908 --- [           main] o.s.b.f.s.DefaultListableBeanFactory     : Returning cached instance of singleton bean 'autoConfigurationReport'
2023-03-01T14:42:25.122+08:00 TRACE 908 --- [           main] ration$DefaultDispatcherServletCondition : Condition DispatcherServletAutoConfiguration.DefaultDispatcherServletCondition on org.springframework.boot.autoconfigure.web.servlet.DispatcherServletAutoConfiguration$DispatcherServletConfiguration matched due to Default DispatcherServlet did not find dispatcher servlet beans
2023-03-01T14:42:25.122+08:00 TRACE 908 --- [           main] o.s.b.f.s.DefaultListableBeanFactory     : Returning cached instance of singleton bean 'autoConfigurationReport'
2023-03-01T14:42:25.123+08:00 TRACE 908 --- [           main] o.s.b.f.s.DefaultListableBeanFactory     : Returning cached instance of singleton bean 'autoConfigurationReport'
2023-03-01T14:42:25.123+08:00 TRACE 908 --- [           main] o.s.b.f.s.DefaultListableBeanFactory     : Returning cached instance of singleton bean 'autoConfigurationReport'
2023-03-01T14:42:25.123+08:00 TRACE 908 --- [           main] o.s.b.f.s.DefaultListableBeanFactory     : Returning cached instance of singleton bean 'autoConfigurationReport'
2023-03-01T14:42:25.123+08:00 TRACE 908 --- [           main] o.s.b.f.s.DefaultListableBeanFactory     : Returning cached instance of singleton bean 'autoConfigurationReport'
2023-03-01T14:42:25.123+08:00 TRACE 908 --- [           main] o.s.b.f.s.DefaultListableBeanFactory     : Returning cached instance of singleton bean 'autoConfigurationReport'
2023-03-01T14:42:25.123+08:00 TRACE 908 --- [           main] o.s.b.f.s.DefaultListableBeanFactory     : Returning cached instance of singleton bean 'autoConfigurationReport'
2023-03-01T14:42:25.126+08:00 TRACE 908 --- [           main] o.s.b.a.condition.OnClassCondition       : Condition OnClassCondition on org.springframework.boot.autoconfigure.task.TaskExecutionAutoConfiguration matched due to @ConditionalOnClass found required class 'org.springframework.scheduling.concurrent.ThreadPoolTaskExecutor'
2023-03-01T14:42:25.126+08:00 TRACE 908 --- [           main] o.s.b.f.s.DefaultListableBeanFactory     : Returning cached instance of singleton bean 'autoConfigurationReport'
2023-03-01T14:42:25.126+08:00 TRACE 908 --- [           main] o.s.b.f.s.DefaultListableBeanFactory     : Returning cached instance of singleton bean 'autoConfigurationReport'
2023-03-01T14:42:25.126+08:00 TRACE 908 --- [           main] o.s.b.f.s.DefaultListableBeanFactory     : Returning cached instance of singleton bean 'autoConfigurationReport'
2023-03-01T14:42:25.126+08:00 TRACE 908 --- [           main] o.s.b.f.s.DefaultListableBeanFactory     : Returning cached instance of singleton bean 'autoConfigurationReport'
2023-03-01T14:42:25.126+08:00 TRACE 908 --- [           main] o.s.b.f.s.DefaultListableBeanFactory     : Returning cached instance of singleton bean 'autoConfigurationReport'
2023-03-01T14:42:25.127+08:00 TRACE 908 --- [           main] o.s.b.f.s.DefaultListableBeanFactory     : Returning cached instance of singleton bean 'autoConfigurationReport'
2023-03-01T14:42:25.127+08:00 TRACE 908 --- [           main] o.s.b.f.s.DefaultListableBeanFactory     : Returning cached instance of singleton bean 'autoConfigurationReport'
2023-03-01T14:42:25.127+08:00 TRACE 908 --- [           main] o.s.b.f.s.DefaultListableBeanFactory     : Returning cached instance of singleton bean 'autoConfigurationReport'
2023-03-01T14:42:25.127+08:00 TRACE 908 --- [           main] o.s.b.f.s.DefaultListableBeanFactory     : Returning cached instance of singleton bean 'autoConfigurationReport'
2023-03-01T14:42:25.127+08:00 TRACE 908 --- [           main] o.s.b.f.s.DefaultListableBeanFactory     : Returning cached instance of singleton bean 'autoConfigurationReport'
2023-03-01T14:42:25.132+08:00 TRACE 908 --- [           main] o.s.b.a.condition.OnClassCondition       : Condition OnClassCondition on org.springframework.boot.autoconfigure.validation.ValidationAutoConfiguration matched due to @ConditionalOnClass found required class 'jakarta.validation.executable.ExecutableValidator'
2023-03-01T14:42:25.132+08:00 TRACE 908 --- [           main] o.s.b.f.s.DefaultListableBeanFactory     : Returning cached instance of singleton bean 'autoConfigurationReport'
2023-03-01T14:42:25.133+08:00 TRACE 908 --- [           main] o.s.b.a.condition.OnResourceCondition    : Condition OnResourceCondition on org.springframework.boot.autoconfigure.validation.ValidationAutoConfiguration matched due to @ConditionalOnResource found location classpath:META-INF/services/jakarta.validation.spi.ValidationProvider
2023-03-01T14:42:25.134+08:00 TRACE 908 --- [           main] o.s.b.f.s.DefaultListableBeanFactory     : Returning cached instance of singleton bean 'autoConfigurationReport'
2023-03-01T14:42:25.134+08:00 TRACE 908 --- [           main] o.s.b.f.s.DefaultListableBeanFactory     : Returning cached instance of singleton bean 'autoConfigurationReport'
2023-03-01T14:42:25.134+08:00 TRACE 908 --- [           main] o.s.b.f.s.DefaultListableBeanFactory     : Returning cached instance of singleton bean 'autoConfigurationReport'
2023-03-01T14:42:25.134+08:00 TRACE 908 --- [           main] o.s.b.f.s.DefaultListableBeanFactory     : Returning cached instance of singleton bean 'autoConfigurationReport'
2023-03-01T14:42:25.137+08:00 TRACE 908 --- [           main] o.s.b.f.s.DefaultListableBeanFactory     : Returning cached instance of singleton bean 'autoConfigurationReport'
2023-03-01T14:42:25.137+08:00 TRACE 908 --- [           main] o.s.b.f.s.DefaultListableBeanFactory     : Returning cached instance of singleton bean 'autoConfigurationReport'
2023-03-01T14:42:25.137+08:00 TRACE 908 --- [           main] o.s.b.f.s.DefaultListableBeanFactory     : Returning cached instance of singleton bean 'autoConfigurationReport'
2023-03-01T14:42:25.137+08:00 TRACE 908 --- [           main] o.s.b.f.s.DefaultListableBeanFactory     : Returning cached instance of singleton bean 'autoConfigurationReport'
2023-03-01T14:42:25.138+08:00 TRACE 908 --- [           main] o.s.b.f.s.DefaultListableBeanFactory     : Returning cached instance of singleton bean 'autoConfigurationReport'
2023-03-01T14:42:25.138+08:00 TRACE 908 --- [           main] o.s.b.f.s.DefaultListableBeanFactory     : Returning cached instance of singleton bean 'autoConfigurationReport'
2023-03-01T14:42:25.140+08:00 TRACE 908 --- [           main] o.s.b.a.condition.OnClassCondition       : Condition OnClassCondition on org.springframework.boot.autoconfigure.web.servlet.error.ErrorMvcAutoConfiguration matched due to @ConditionalOnClass found required classes 'jakarta.servlet.Servlet', 'org.springframework.web.servlet.DispatcherServlet'
2023-03-01T14:42:25.140+08:00 TRACE 908 --- [           main] o.s.b.f.s.DefaultListableBeanFactory     : Returning cached instance of singleton bean 'autoConfigurationReport'
2023-03-01T14:42:25.140+08:00 TRACE 908 --- [           main] o.s.b.a.c.OnWebApplicationCondition      : Condition OnWebApplicationCondition on org.springframework.boot.autoconfigure.web.servlet.error.ErrorMvcAutoConfiguration matched due to found 'session' scope
2023-03-01T14:42:25.140+08:00 TRACE 908 --- [           main] o.s.b.f.s.DefaultListableBeanFactory     : Returning cached instance of singleton bean 'autoConfigurationReport'
2023-03-01T14:42:25.140+08:00 TRACE 908 --- [           main] o.s.b.f.s.DefaultListableBeanFactory     : Returning cached instance of singleton bean 'autoConfigurationReport'
2023-03-01T14:42:25.141+08:00 TRACE 908 --- [           main] o.s.b.f.s.DefaultListableBeanFactory     : Returning cached instance of singleton bean 'autoConfigurationReport'
2023-03-01T14:42:25.141+08:00 TRACE 908 --- [           main] o.s.b.f.s.DefaultListableBeanFactory     : Returning cached instance of singleton bean 'autoConfigurationReport'
2023-03-01T14:42:25.151+08:00 TRACE 908 --- [           main] o.s.b.a.condition.OnPropertyCondition    : Condition OnPropertyCondition on org.springframework.boot.autoconfigure.web.servlet.error.ErrorMvcAutoConfiguration$WhitelabelErrorViewConfiguration matched due to @ConditionalOnProperty (server.error.whitelabel.enabled) matched
2023-03-01T14:42:25.152+08:00 TRACE 908 --- [           main] o.s.b.f.s.DefaultListableBeanFactory     : Returning cached instance of singleton bean 'autoConfigurationReport'
2023-03-01T14:42:25.159+08:00 TRACE 908 --- [           main] o.s.c.io.support.SpringFactoriesLoader   : Loaded [org.springframework.boot.autoconfigure.template.TemplateAvailabilityProvider] names: [org.springframework.boot.autoconfigure.freemarker.FreeMarkerTemplateAvailabilityProvider, org.springframework.boot.autoconfigure.mustache.MustacheTemplateAvailabilityProvider, org.springframework.boot.autoconfigure.groovy.template.GroovyTemplateAvailabilityProvider, org.springframework.boot.autoconfigure.thymeleaf.ThymeleafTemplateAvailabilityProvider, org.springframework.boot.autoconfigure.web.servlet.JspTemplateAvailabilityProvider]
2023-03-01T14:42:25.178+08:00 TRACE 908 --- [           main] figuration$ErrorTemplateMissingCondition : Condition ErrorMvcAutoConfiguration.ErrorTemplateMissingCondition on org.springframework.boot.autoconfigure.web.servlet.error.ErrorMvcAutoConfiguration$WhitelabelErrorViewConfiguration matched due to ErrorTemplate Missing did not find error template view
2023-03-01T14:42:25.179+08:00 TRACE 908 --- [           main] o.s.b.f.s.DefaultListableBeanFactory     : Returning cached instance of singleton bean 'autoConfigurationReport'
2023-03-01T14:42:25.179+08:00 TRACE 908 --- [           main] o.s.b.f.s.DefaultListableBeanFactory     : Returning cached instance of singleton bean 'autoConfigurationReport'
2023-03-01T14:42:25.179+08:00 TRACE 908 --- [           main] o.s.b.f.s.DefaultListableBeanFactory     : Returning cached instance of singleton bean 'autoConfigurationReport'
2023-03-01T14:42:25.179+08:00 TRACE 908 --- [           main] o.s.b.f.s.DefaultListableBeanFactory     : Returning cached instance of singleton bean 'autoConfigurationReport'
2023-03-01T14:42:25.181+08:00 TRACE 908 --- [           main] o.s.b.f.s.DefaultListableBeanFactory     : Returning cached instance of singleton bean 'autoConfigurationReport'
2023-03-01T14:42:25.182+08:00 TRACE 908 --- [           main] o.s.b.f.s.DefaultListableBeanFactory     : Returning cached instance of singleton bean 'autoConfigurationReport'
2023-03-01T14:42:25.182+08:00 TRACE 908 --- [           main] o.s.b.f.s.DefaultListableBeanFactory     : Returning cached instance of singleton bean 'autoConfigurationReport'
2023-03-01T14:42:25.186+08:00 TRACE 908 --- [           main] o.s.b.f.s.DefaultListableBeanFactory     : Returning cached instance of singleton bean 'autoConfigurationReport'
2023-03-01T14:42:25.186+08:00 TRACE 908 --- [           main] o.s.b.f.s.DefaultListableBeanFactory     : Returning cached instance of singleton bean 'autoConfigurationReport'
2023-03-01T14:42:25.186+08:00 TRACE 908 --- [           main] o.s.b.f.s.DefaultListableBeanFactory     : Returning cached instance of singleton bean 'autoConfigurationReport'
2023-03-01T14:42:25.186+08:00 TRACE 908 --- [           main] o.s.b.f.s.DefaultListableBeanFactory     : Returning cached instance of singleton bean 'autoConfigurationReport'
2023-03-01T14:42:25.186+08:00 TRACE 908 --- [           main] o.s.b.f.s.DefaultListableBeanFactory     : Returning cached instance of singleton bean 'autoConfigurationReport'
2023-03-01T14:42:25.186+08:00 TRACE 908 --- [           main] o.s.b.f.s.DefaultListableBeanFactory     : Returning cached instance of singleton bean 'autoConfigurationReport'
2023-03-01T14:42:25.190+08:00 TRACE 908 --- [           main] o.s.b.a.condition.OnClassCondition       : Condition OnClassCondition on org.springframework.boot.autoconfigure.web.servlet.WebMvcAutoConfiguration matched due to @ConditionalOnClass found required classes 'jakarta.servlet.Servlet', 'org.springframework.web.servlet.DispatcherServlet', 'org.springframework.web.servlet.config.annotation.WebMvcConfigurer'
2023-03-01T14:42:25.191+08:00 TRACE 908 --- [           main] o.s.b.f.s.DefaultListableBeanFactory     : Returning cached instance of singleton bean 'autoConfigurationReport'
2023-03-01T14:42:25.191+08:00 TRACE 908 --- [           main] o.s.b.a.c.OnWebApplicationCondition      : Condition OnWebApplicationCondition on org.springframework.boot.autoconfigure.web.servlet.WebMvcAutoConfiguration matched due to found 'session' scope
2023-03-01T14:42:25.191+08:00 TRACE 908 --- [           main] o.s.b.f.s.DefaultListableBeanFactory     : Returning cached instance of singleton bean 'autoConfigurationReport'
2023-03-01T14:42:25.191+08:00 TRACE 908 --- [           main] o.s.b.f.s.DefaultListableBeanFactory     : Returning cached instance of singleton bean 'autoConfigurationReport'
2023-03-01T14:42:25.191+08:00 TRACE 908 --- [           main] o.s.b.f.s.DefaultListableBeanFactory     : Returning cached instance of singleton bean 'autoConfigurationReport'
2023-03-01T14:42:25.192+08:00 TRACE 908 --- [           main] o.s.b.f.s.DefaultListableBeanFactory     : Returning cached instance of singleton bean 'autoConfigurationReport'
2023-03-01T14:42:25.200+08:00 TRACE 908 --- [           main] o.s.b.f.s.DefaultListableBeanFactory     : Returning cached instance of singleton bean 'autoConfigurationReport'
2023-03-01T14:42:25.200+08:00 TRACE 908 --- [           main] o.s.b.f.s.DefaultListableBeanFactory     : Returning cached instance of singleton bean 'autoConfigurationReport'
2023-03-01T14:42:25.201+08:00 TRACE 908 --- [           main] o.s.b.f.s.DefaultListableBeanFactory     : Returning cached instance of singleton bean 'autoConfigurationReport'
2023-03-01T14:42:25.206+08:00 TRACE 908 --- [           main] o.s.b.f.s.DefaultListableBeanFactory     : Returning cached instance of singleton bean 'autoConfigurationReport'
2023-03-01T14:42:25.206+08:00 TRACE 908 --- [           main] o.s.b.f.s.DefaultListableBeanFactory     : Returning cached instance of singleton bean 'autoConfigurationReport'
2023-03-01T14:42:25.206+08:00 TRACE 908 --- [           main] o.s.b.f.s.DefaultListableBeanFactory     : Returning cached instance of singleton bean 'autoConfigurationReport'
2023-03-01T14:42:25.209+08:00 TRACE 908 --- [           main] o.s.b.a.condition.OnPropertyCondition    : Condition OnPropertyCondition on org.springframework.boot.autoconfigure.web.servlet.WebMvcAutoConfiguration$ProblemDetailsErrorHandlingConfiguration did not match due to @ConditionalOnProperty (spring.mvc.problemdetails.enabled=true) did not find property 'enabled'
2023-03-01T14:42:25.209+08:00 TRACE 908 --- [           main] o.s.b.f.s.DefaultListableBeanFactory     : Returning cached instance of singleton bean 'autoConfigurationReport'
2023-03-01T14:42:25.213+08:00 TRACE 908 --- [           main] .s.b.a.w.OnEnabledResourceChainCondition : Condition OnEnabledResourceChainCondition on org.springframework.boot.autoconfigure.web.servlet.WebMvcAutoConfiguration$ResourceChainCustomizerConfiguration did not match due to @ConditionalOnEnabledResourceChain did not find class org.webjars.WebJarAssetLocator
2023-03-01T14:42:25.213+08:00 TRACE 908 --- [           main] o.s.b.f.s.DefaultListableBeanFactory     : Returning cached instance of singleton bean 'autoConfigurationReport'
2023-03-01T14:42:25.214+08:00 TRACE 908 --- [           main] o.s.b.f.s.DefaultListableBeanFactory     : Returning cached instance of singleton bean 'autoConfigurationReport'
2023-03-01T14:42:25.214+08:00 TRACE 908 --- [           main] o.s.b.f.s.DefaultListableBeanFactory     : Returning cached instance of singleton bean 'autoConfigurationReport'
2023-03-01T14:42:25.214+08:00 TRACE 908 --- [           main] o.s.b.f.s.DefaultListableBeanFactory     : Returning cached instance of singleton bean 'autoConfigurationReport'
2023-03-01T14:42:25.214+08:00 TRACE 908 --- [           main] o.s.b.f.s.DefaultListableBeanFactory     : Returning cached instance of singleton bean 'autoConfigurationReport'
2023-03-01T14:42:25.214+08:00 TRACE 908 --- [           main] o.s.b.f.s.DefaultListableBeanFactory     : Returning cached instance of singleton bean 'autoConfigurationReport'
2023-03-01T14:42:25.214+08:00 TRACE 908 --- [           main] o.s.b.f.s.DefaultListableBeanFactory     : Returning cached instance of singleton bean 'autoConfigurationReport'
2023-03-01T14:42:25.217+08:00 TRACE 908 --- [           main] o.s.b.a.condition.OnClassCondition       : Condition OnClassCondition on org.springframework.boot.autoconfigure.jmx.JmxAutoConfiguration matched due to @ConditionalOnClass found required class 'org.springframework.jmx.export.MBeanExporter'
2023-03-01T14:42:25.217+08:00 TRACE 908 --- [           main] o.s.b.f.s.DefaultListableBeanFactory     : Returning cached instance of singleton bean 'autoConfigurationReport'
2023-03-01T14:42:25.218+08:00 TRACE 908 --- [           main] o.s.b.a.condition.OnPropertyCondition    : Condition OnPropertyCondition on org.springframework.boot.autoconfigure.jmx.JmxAutoConfiguration did not match due to @ConditionalOnProperty (spring.jmx.enabled=true) found different value in property 'enabled'
2023-03-01T14:42:25.219+08:00 TRACE 908 --- [           main] o.s.b.f.s.DefaultListableBeanFactory     : Returning cached instance of singleton bean 'autoConfigurationReport'
2023-03-01T14:42:25.219+08:00 TRACE 908 --- [           main] o.s.b.f.s.DefaultListableBeanFactory     : Returning cached instance of singleton bean 'autoConfigurationReport'
2023-03-01T14:42:25.219+08:00 TRACE 908 --- [           main] o.s.b.f.s.DefaultListableBeanFactory     : Returning cached instance of singleton bean 'autoConfigurationReport'
2023-03-01T14:42:25.219+08:00 TRACE 908 --- [           main] o.s.b.f.s.DefaultListableBeanFactory     : Returning cached instance of singleton bean 'autoConfigurationReport'
2023-03-01T14:42:25.219+08:00 TRACE 908 --- [           main] o.s.b.f.s.DefaultListableBeanFactory     : Returning cached instance of singleton bean 'autoConfigurationReport'
2023-03-01T14:42:25.219+08:00 TRACE 908 --- [           main] o.s.b.f.s.DefaultListableBeanFactory     : Returning cached instance of singleton bean 'autoConfigurationReport'
2023-03-01T14:42:25.219+08:00 TRACE 908 --- [           main] o.s.b.f.s.DefaultListableBeanFactory     : Returning cached instance of singleton bean 'autoConfigurationReport'
2023-03-01T14:42:25.222+08:00 TRACE 908 --- [           main] o.s.b.a.condition.OnPropertyCondition    : Condition OnPropertyCondition on org.springframework.boot.autoconfigure.admin.SpringApplicationAdminJmxAutoConfiguration did not match due to @ConditionalOnProperty (spring.application.admin.enabled=true) did not find property 'enabled'
2023-03-01T14:42:25.222+08:00 TRACE 908 --- [           main] o.s.b.f.s.DefaultListableBeanFactory     : Returning cached instance of singleton bean 'autoConfigurationReport'
2023-03-01T14:42:25.222+08:00 TRACE 908 --- [           main] o.s.b.f.s.DefaultListableBeanFactory     : Returning cached instance of singleton bean 'autoConfigurationReport'
2023-03-01T14:42:25.222+08:00 TRACE 908 --- [           main] o.s.b.f.s.DefaultListableBeanFactory     : Returning cached instance of singleton bean 'autoConfigurationReport'
2023-03-01T14:42:25.222+08:00 TRACE 908 --- [           main] o.s.b.f.s.DefaultListableBeanFactory     : Returning cached instance of singleton bean 'autoConfigurationReport'
2023-03-01T14:42:25.222+08:00 TRACE 908 --- [           main] o.s.b.f.s.DefaultListableBeanFactory     : Returning cached instance of singleton bean 'autoConfigurationReport'
2023-03-01T14:42:25.222+08:00 TRACE 908 --- [           main] o.s.b.f.s.DefaultListableBeanFactory     : Returning cached instance of singleton bean 'autoConfigurationReport'
2023-03-01T14:42:25.222+08:00 TRACE 908 --- [           main] o.s.b.f.s.DefaultListableBeanFactory     : Returning cached instance of singleton bean 'autoConfigurationReport'
2023-03-01T14:42:25.224+08:00 TRACE 908 --- [           main] o.s.b.a.condition.OnPropertyCondition    : Condition OnPropertyCondition on org.springframework.boot.autoconfigure.aop.AopAutoConfiguration matched due to @ConditionalOnProperty (spring.aop.auto=true) matched
2023-03-01T14:42:25.224+08:00 TRACE 908 --- [           main] o.s.b.f.s.DefaultListableBeanFactory     : Returning cached instance of singleton bean 'autoConfigurationReport'
2023-03-01T14:42:25.224+08:00 TRACE 908 --- [           main] o.s.b.f.s.DefaultListableBeanFactory     : Returning cached instance of singleton bean 'autoConfigurationReport'
2023-03-01T14:42:25.224+08:00 TRACE 908 --- [           main] o.s.b.f.s.DefaultListableBeanFactory     : Returning cached instance of singleton bean 'autoConfigurationReport'
2023-03-01T14:42:25.224+08:00 TRACE 908 --- [           main] o.s.b.f.s.DefaultListableBeanFactory     : Returning cached instance of singleton bean 'autoConfigurationReport'
2023-03-01T14:42:25.232+08:00 TRACE 908 --- [           main] o.s.b.a.condition.OnClassCondition       : Condition OnClassCondition on org.springframework.boot.autoconfigure.aop.AopAutoConfiguration$ClassProxyingConfiguration did not match due to @ConditionalOnMissingClass found unwanted class 'org.aspectj.weaver.Advice'
2023-03-01T14:42:25.233+08:00 TRACE 908 --- [           main] o.s.b.f.s.DefaultListableBeanFactory     : Returning cached instance of singleton bean 'autoConfigurationReport'
2023-03-01T14:42:25.233+08:00 TRACE 908 --- [           main] o.s.b.a.condition.OnClassCondition       : Condition OnClassCondition on org.springframework.boot.autoconfigure.aop.AopAutoConfiguration$AspectJAutoProxyingConfiguration matched due to @ConditionalOnClass found required class 'org.aspectj.weaver.Advice'
2023-03-01T14:42:25.233+08:00 TRACE 908 --- [           main] o.s.b.f.s.DefaultListableBeanFactory     : Returning cached instance of singleton bean 'autoConfigurationReport'
2023-03-01T14:42:25.233+08:00 TRACE 908 --- [           main] o.s.b.f.s.DefaultListableBeanFactory     : Returning cached instance of singleton bean 'autoConfigurationReport'
2023-03-01T14:42:25.233+08:00 TRACE 908 --- [           main] o.s.b.f.s.DefaultListableBeanFactory     : Returning cached instance of singleton bean 'autoConfigurationReport'
2023-03-01T14:42:25.233+08:00 TRACE 908 --- [           main] o.s.b.f.s.DefaultListableBeanFactory     : Returning cached instance of singleton bean 'autoConfigurationReport'
2023-03-01T14:42:25.240+08:00 TRACE 908 --- [           main] o.s.b.a.condition.OnPropertyCondition    : Condition OnPropertyCondition on org.springframework.boot.autoconfigure.aop.AopAutoConfiguration$AspectJAutoProxyingConfiguration$CglibAutoProxyConfiguration matched due to @ConditionalOnProperty (spring.aop.proxy-target-class=true) matched
2023-03-01T14:42:25.240+08:00 TRACE 908 --- [           main] o.s.b.f.s.DefaultListableBeanFactory     : Returning cached instance of singleton bean 'autoConfigurationReport'
2023-03-01T14:42:25.241+08:00 TRACE 908 --- [           main] o.s.b.f.s.DefaultListableBeanFactory     : Returning cached instance of singleton bean 'autoConfigurationReport'
2023-03-01T14:42:25.241+08:00 TRACE 908 --- [           main] o.s.b.f.s.DefaultListableBeanFactory     : Returning cached instance of singleton bean 'autoConfigurationReport'
2023-03-01T14:42:25.243+08:00 TRACE 908 --- [           main] o.s.b.f.s.DefaultListableBeanFactory     : Returning cached instance of singleton bean 'autoConfigurationReport'
2023-03-01T14:42:25.249+08:00 TRACE 908 --- [           main] o.s.b.a.condition.OnPropertyCondition    : Condition OnPropertyCondition on org.springframework.boot.autoconfigure.aop.AopAutoConfiguration$AspectJAutoProxyingConfiguration$JdkDynamicAutoProxyConfiguration did not match due to @ConditionalOnProperty (spring.aop.proxy-target-class=false) did not find property 'proxy-target-class'
2023-03-01T14:42:25.249+08:00 TRACE 908 --- [           main] o.s.b.f.s.DefaultListableBeanFactory     : Returning cached instance of singleton bean 'autoConfigurationReport'
2023-03-01T14:42:25.249+08:00 TRACE 908 --- [           main] o.s.b.f.s.DefaultListableBeanFactory     : Returning cached instance of singleton bean 'autoConfigurationReport'
2023-03-01T14:42:25.250+08:00 TRACE 908 --- [           main] o.s.b.f.s.DefaultListableBeanFactory     : Returning cached instance of singleton bean 'autoConfigurationReport'
2023-03-01T14:42:25.250+08:00 TRACE 908 --- [           main] o.s.b.f.s.DefaultListableBeanFactory     : Returning cached instance of singleton bean 'autoConfigurationReport'
2023-03-01T14:42:25.251+08:00 TRACE 908 --- [           main] o.s.b.f.s.DefaultListableBeanFactory     : Returning cached instance of singleton bean 'autoConfigurationReport'
2023-03-01T14:42:25.251+08:00 TRACE 908 --- [           main] o.s.b.f.s.DefaultListableBeanFactory     : Returning cached instance of singleton bean 'autoConfigurationReport'
2023-03-01T14:42:25.251+08:00 TRACE 908 --- [           main] o.s.b.f.s.DefaultListableBeanFactory     : Returning cached instance of singleton bean 'autoConfigurationReport'
2023-03-01T14:42:25.253+08:00 TRACE 908 --- [           main] o.s.b.f.s.DefaultListableBeanFactory     : Returning cached instance of singleton bean 'autoConfigurationReport'
2023-03-01T14:42:25.253+08:00 TRACE 908 --- [           main] o.s.b.f.s.DefaultListableBeanFactory     : Returning cached instance of singleton bean 'autoConfigurationReport'
2023-03-01T14:42:25.253+08:00 TRACE 908 --- [           main] o.s.b.f.s.DefaultListableBeanFactory     : Returning cached instance of singleton bean 'autoConfigurationReport'
2023-03-01T14:42:25.255+08:00 TRACE 908 --- [           main] o.s.b.f.s.DefaultListableBeanFactory     : Returning cached instance of singleton bean 'autoConfigurationReport'
2023-03-01T14:42:25.256+08:00 TRACE 908 --- [           main] o.s.b.f.s.DefaultListableBeanFactory     : Returning cached instance of singleton bean 'autoConfigurationReport'
2023-03-01T14:42:25.256+08:00 TRACE 908 --- [           main] o.s.b.f.s.DefaultListableBeanFactory     : Returning cached instance of singleton bean 'autoConfigurationReport'
2023-03-01T14:42:25.257+08:00 TRACE 908 --- [           main] o.s.b.f.s.DefaultListableBeanFactory     : Returning cached instance of singleton bean 'autoConfigurationReport'
2023-03-01T14:42:25.257+08:00 TRACE 908 --- [           main] o.s.b.f.s.DefaultListableBeanFactory     : Returning cached instance of singleton bean 'autoConfigurationReport'
2023-03-01T14:42:25.257+08:00 TRACE 908 --- [           main] o.s.b.f.s.DefaultListableBeanFactory     : Returning cached instance of singleton bean 'autoConfigurationReport'
2023-03-01T14:42:25.258+08:00 TRACE 908 --- [           main] o.s.b.a.condition.OnClassCondition       : Condition OnClassCondition on org.springframework.boot.autoconfigure.jackson.JacksonAutoConfiguration matched due to @ConditionalOnClass found required class 'com.fasterxml.jackson.databind.ObjectMapper'
2023-03-01T14:42:25.260+08:00 TRACE 908 --- [           main] o.s.b.f.s.DefaultListableBeanFactory     : Returning cached instance of singleton bean 'autoConfigurationReport'
2023-03-01T14:42:25.260+08:00 TRACE 908 --- [           main] o.s.b.f.s.DefaultListableBeanFactory     : Returning cached instance of singleton bean 'autoConfigurationReport'
2023-03-01T14:42:25.261+08:00 TRACE 908 --- [           main] o.s.b.f.s.DefaultListableBeanFactory     : Returning cached instance of singleton bean 'autoConfigurationReport'
2023-03-01T14:42:25.261+08:00 TRACE 908 --- [           main] o.s.b.f.s.DefaultListableBeanFactory     : Returning cached instance of singleton bean 'autoConfigurationReport'
2023-03-01T14:42:25.264+08:00 TRACE 908 --- [           main] o.s.b.a.condition.OnClassCondition       : Condition OnClassCondition on org.springframework.boot.autoconfigure.jackson.JacksonAutoConfiguration$Jackson2ObjectMapperBuilderCustomizerConfiguration matched due to @ConditionalOnClass found required class 'org.springframework.http.converter.json.Jackson2ObjectMapperBuilder'
2023-03-01T14:42:25.266+08:00 TRACE 908 --- [           main] o.s.b.f.s.DefaultListableBeanFactory     : Returning cached instance of singleton bean 'autoConfigurationReport'
2023-03-01T14:42:25.266+08:00 TRACE 908 --- [           main] o.s.b.f.s.DefaultListableBeanFactory     : Returning cached instance of singleton bean 'autoConfigurationReport'
2023-03-01T14:42:25.266+08:00 TRACE 908 --- [           main] o.s.b.f.s.DefaultListableBeanFactory     : Returning cached instance of singleton bean 'autoConfigurationReport'
2023-03-01T14:42:25.266+08:00 TRACE 908 --- [           main] o.s.b.f.s.DefaultListableBeanFactory     : Returning cached instance of singleton bean 'autoConfigurationReport'
2023-03-01T14:42:25.270+08:00 TRACE 908 --- [           main] o.s.b.a.condition.OnClassCondition       : Condition OnClassCondition on org.springframework.boot.autoconfigure.jackson.JacksonAutoConfiguration$JacksonObjectMapperBuilderConfiguration matched due to @ConditionalOnClass found required class 'org.springframework.http.converter.json.Jackson2ObjectMapperBuilder'
2023-03-01T14:42:25.270+08:00 TRACE 908 --- [           main] o.s.b.f.s.DefaultListableBeanFactory     : Returning cached instance of singleton bean 'autoConfigurationReport'
2023-03-01T14:42:25.270+08:00 TRACE 908 --- [           main] o.s.b.f.s.DefaultListableBeanFactory     : Returning cached instance of singleton bean 'autoConfigurationReport'
2023-03-01T14:42:25.270+08:00 TRACE 908 --- [           main] o.s.b.f.s.DefaultListableBeanFactory     : Returning cached instance of singleton bean 'autoConfigurationReport'
2023-03-01T14:42:25.270+08:00 TRACE 908 --- [           main] o.s.b.f.s.DefaultListableBeanFactory     : Returning cached instance of singleton bean 'autoConfigurationReport'
2023-03-01T14:42:25.273+08:00 TRACE 908 --- [           main] o.s.b.a.condition.OnClassCondition       : Condition OnClassCondition on org.springframework.boot.autoconfigure.jackson.JacksonAutoConfiguration$ParameterNamesModuleConfiguration matched due to @ConditionalOnClass found required class 'com.fasterxml.jackson.module.paramnames.ParameterNamesModule'
2023-03-01T14:42:25.273+08:00 TRACE 908 --- [           main] o.s.b.f.s.DefaultListableBeanFactory     : Returning cached instance of singleton bean 'autoConfigurationReport'
2023-03-01T14:42:25.275+08:00 TRACE 908 --- [           main] o.s.b.f.s.DefaultListableBeanFactory     : Returning cached instance of singleton bean 'autoConfigurationReport'
2023-03-01T14:42:25.275+08:00 TRACE 908 --- [           main] o.s.b.f.s.DefaultListableBeanFactory     : Returning cached instance of singleton bean 'autoConfigurationReport'
2023-03-01T14:42:25.275+08:00 TRACE 908 --- [           main] o.s.b.f.s.DefaultListableBeanFactory     : Returning cached instance of singleton bean 'autoConfigurationReport'
2023-03-01T14:42:25.275+08:00 TRACE 908 --- [           main] o.s.b.a.condition.OnClassCondition       : Condition OnClassCondition on org.springframework.boot.autoconfigure.jackson.JacksonAutoConfiguration$JacksonObjectMapperConfiguration matched due to @ConditionalOnClass found required class 'org.springframework.http.converter.json.Jackson2ObjectMapperBuilder'
2023-03-01T14:42:25.275+08:00 TRACE 908 --- [           main] o.s.b.f.s.DefaultListableBeanFactory     : Returning cached instance of singleton bean 'autoConfigurationReport'
2023-03-01T14:42:25.275+08:00 TRACE 908 --- [           main] o.s.b.f.s.DefaultListableBeanFactory     : Returning cached instance of singleton bean 'autoConfigurationReport'
2023-03-01T14:42:25.275+08:00 TRACE 908 --- [           main] o.s.b.f.s.DefaultListableBeanFactory     : Returning cached instance of singleton bean 'autoConfigurationReport'
2023-03-01T14:42:25.275+08:00 TRACE 908 --- [           main] o.s.b.f.s.DefaultListableBeanFactory     : Returning cached instance of singleton bean 'autoConfigurationReport'
2023-03-01T14:42:25.275+08:00 TRACE 908 --- [           main] o.s.b.f.s.DefaultListableBeanFactory     : Returning cached instance of singleton bean 'autoConfigurationReport'
2023-03-01T14:42:25.276+08:00 TRACE 908 --- [           main] o.s.b.f.s.DefaultListableBeanFactory     : Returning cached instance of singleton bean 'autoConfigurationReport'
2023-03-01T14:42:25.276+08:00 TRACE 908 --- [           main] o.s.b.f.s.DefaultListableBeanFactory     : Returning cached instance of singleton bean 'autoConfigurationReport'
2023-03-01T14:42:25.276+08:00 TRACE 908 --- [           main] o.s.b.f.s.DefaultListableBeanFactory     : Returning cached instance of singleton bean 'autoConfigurationReport'
2023-03-01T14:42:25.276+08:00 TRACE 908 --- [           main] o.s.b.f.s.DefaultListableBeanFactory     : Returning cached instance of singleton bean 'autoConfigurationReport'
2023-03-01T14:42:25.276+08:00 TRACE 908 --- [           main] o.s.b.f.s.DefaultListableBeanFactory     : Returning cached instance of singleton bean 'autoConfigurationReport'
2023-03-01T14:42:25.276+08:00 TRACE 908 --- [           main] o.s.b.f.s.DefaultListableBeanFactory     : Returning cached instance of singleton bean 'autoConfigurationReport'
2023-03-01T14:42:25.276+08:00 TRACE 908 --- [           main] o.s.b.f.s.DefaultListableBeanFactory     : Returning cached instance of singleton bean 'autoConfigurationReport'
2023-03-01T14:42:25.276+08:00 TRACE 908 --- [           main] o.s.b.f.s.DefaultListableBeanFactory     : Returning cached instance of singleton bean 'autoConfigurationReport'
2023-03-01T14:42:25.277+08:00 TRACE 908 --- [           main] o.s.b.a.condition.OnClassCondition       : Condition OnClassCondition on org.springframework.boot.autoconfigure.r2dbc.R2dbcAutoConfiguration matched due to @ConditionalOnClass found required class 'io.r2dbc.spi.ConnectionFactory'
2023-03-01T14:42:25.277+08:00 TRACE 908 --- [           main] o.s.b.f.s.DefaultListableBeanFactory     : Returning cached instance of singleton bean 'autoConfigurationReport'
2023-03-01T14:42:25.278+08:00 TRACE 908 --- [           main] o.s.b.a.condition.OnResourceCondition    : Condition OnResourceCondition on org.springframework.boot.autoconfigure.r2dbc.R2dbcAutoConfiguration matched due to @ConditionalOnResource found location classpath:META-INF/services/io.r2dbc.spi.ConnectionFactoryProvider
2023-03-01T14:42:25.278+08:00 TRACE 908 --- [           main] o.s.b.f.s.DefaultListableBeanFactory     : Returning cached instance of singleton bean 'autoConfigurationReport'
2023-03-01T14:42:25.278+08:00 TRACE 908 --- [           main] o.s.b.f.s.DefaultListableBeanFactory     : Returning cached instance of singleton bean 'autoConfigurationReport'
2023-03-01T14:42:25.278+08:00 TRACE 908 --- [           main] o.s.b.f.s.DefaultListableBeanFactory     : Returning cached instance of singleton bean 'autoConfigurationReport'
2023-03-01T14:42:25.278+08:00 TRACE 908 --- [           main] o.s.b.f.s.DefaultListableBeanFactory     : Returning cached instance of singleton bean 'autoConfigurationReport'
2023-03-01T14:42:25.316+08:00 TRACE 908 --- [           main] rations$PooledConnectionFactoryCondition : Condition ConnectionFactoryConfigurations.PooledConnectionFactoryCondition on org.springframework.boot.autoconfigure.r2dbc.ConnectionFactoryConfigurations$PoolConfiguration matched due to Property-based pooling is enabled
2023-03-01T14:42:25.318+08:00 TRACE 908 --- [           main] o.s.b.f.s.DefaultListableBeanFactory     : Returning cached instance of singleton bean 'autoConfigurationReport'
2023-03-01T14:42:25.318+08:00 TRACE 908 --- [           main] o.s.b.f.s.DefaultListableBeanFactory     : Returning cached instance of singleton bean 'autoConfigurationReport'
2023-03-01T14:42:25.318+08:00 TRACE 908 --- [           main] o.s.b.f.s.DefaultListableBeanFactory     : Returning cached instance of singleton bean 'autoConfigurationReport'
2023-03-01T14:42:25.318+08:00 TRACE 908 --- [           main] o.s.b.f.s.DefaultListableBeanFactory     : Returning cached instance of singleton bean 'autoConfigurationReport'
2023-03-01T14:42:25.323+08:00 TRACE 908 --- [           main] o.s.b.a.condition.OnClassCondition       : Condition OnClassCondition on org.springframework.boot.autoconfigure.r2dbc.ConnectionFactoryConfigurations$PoolConfiguration$PooledConnectionFactoryConfiguration matched due to @ConditionalOnClass found required class 'io.r2dbc.pool.ConnectionPool'
2023-03-01T14:42:25.324+08:00 TRACE 908 --- [           main] o.s.b.f.s.DefaultListableBeanFactory     : Returning cached instance of singleton bean 'autoConfigurationReport'
2023-03-01T14:42:25.324+08:00 TRACE 908 --- [           main] o.s.b.f.s.DefaultListableBeanFactory     : Returning cached instance of singleton bean 'autoConfigurationReport'
2023-03-01T14:42:25.324+08:00 TRACE 908 --- [           main] o.s.b.f.s.DefaultListableBeanFactory     : Returning cached instance of singleton bean 'autoConfigurationReport'
2023-03-01T14:42:25.324+08:00 TRACE 908 --- [           main] o.s.b.f.s.DefaultListableBeanFactory     : Returning cached instance of singleton bean 'autoConfigurationReport'
2023-03-01T14:42:25.325+08:00 TRACE 908 --- [           main] o.s.b.a.condition.OnPropertyCondition    : Condition OnPropertyCondition on org.springframework.boot.autoconfigure.r2dbc.ConnectionFactoryConfigurations$GenericConfiguration matched due to @ConditionalOnProperty (spring.r2dbc.pool.enabled=false) matched
2023-03-01T14:42:25.326+08:00 TRACE 908 --- [           main] o.s.b.f.s.DefaultListableBeanFactory     : Returning cached instance of singleton bean 'autoConfigurationReport'
2023-03-01T14:42:25.326+08:00 TRACE 908 --- [           main] o.s.b.f.s.DefaultListableBeanFactory     : Returning cached instance of singleton bean 'autoConfigurationReport'
2023-03-01T14:42:25.326+08:00 TRACE 908 --- [           main] o.s.b.f.s.DefaultListableBeanFactory     : Returning cached instance of singleton bean 'autoConfigurationReport'
2023-03-01T14:42:25.326+08:00 TRACE 908 --- [           main] o.s.b.f.s.DefaultListableBeanFactory     : Returning cached instance of singleton bean 'autoConfigurationReport'
2023-03-01T14:42:25.326+08:00 TRACE 908 --- [           main] o.s.b.a.condition.OnClassCondition       : Condition OnClassCondition on org.springframework.boot.autoconfigure.r2dbc.ConnectionFactoryDependentConfiguration matched due to @ConditionalOnClass found required class 'org.springframework.r2dbc.core.DatabaseClient'
2023-03-01T14:42:25.326+08:00 TRACE 908 --- [           main] o.s.b.f.s.DefaultListableBeanFactory     : Returning cached instance of singleton bean 'autoConfigurationReport'
2023-03-01T14:42:25.326+08:00 TRACE 908 --- [           main] o.s.b.f.s.DefaultListableBeanFactory     : Returning cached instance of singleton bean 'autoConfigurationReport'
2023-03-01T14:42:25.326+08:00 TRACE 908 --- [           main] o.s.b.f.s.DefaultListableBeanFactory     : Returning cached instance of singleton bean 'autoConfigurationReport'
2023-03-01T14:42:25.326+08:00 TRACE 908 --- [           main] o.s.b.f.s.DefaultListableBeanFactory     : Returning cached instance of singleton bean 'autoConfigurationReport'
2023-03-01T14:42:25.328+08:00 TRACE 908 --- [           main] o.s.b.f.s.DefaultListableBeanFactory     : Returning cached instance of singleton bean 'autoConfigurationReport'
2023-03-01T14:42:25.328+08:00 TRACE 908 --- [           main] o.s.b.f.s.DefaultListableBeanFactory     : Returning cached instance of singleton bean 'autoConfigurationReport'
2023-03-01T14:42:25.328+08:00 TRACE 908 --- [           main] o.s.b.f.s.DefaultListableBeanFactory     : Returning cached instance of singleton bean 'autoConfigurationReport'
2023-03-01T14:42:25.328+08:00 TRACE 908 --- [           main] o.s.b.f.s.DefaultListableBeanFactory     : Returning cached instance of singleton bean 'autoConfigurationReport'
2023-03-01T14:42:25.328+08:00 TRACE 908 --- [           main] o.s.b.f.s.DefaultListableBeanFactory     : Returning cached instance of singleton bean 'autoConfigurationReport'
2023-03-01T14:42:25.328+08:00 TRACE 908 --- [           main] o.s.b.f.s.DefaultListableBeanFactory     : Returning cached instance of singleton bean 'autoConfigurationReport'
2023-03-01T14:42:25.330+08:00 TRACE 908 --- [           main] o.s.b.a.condition.OnClassCondition       : Condition OnClassCondition on org.springframework.boot.autoconfigure.jdbc.JndiDataSourceAutoConfiguration matched due to @ConditionalOnClass found required classes 'javax.sql.DataSource', 'org.springframework.jdbc.datasource.embedded.EmbeddedDatabaseType'
2023-03-01T14:42:25.330+08:00 TRACE 908 --- [           main] o.s.b.f.s.DefaultListableBeanFactory     : Returning cached instance of singleton bean 'autoConfigurationReport'
2023-03-01T14:42:25.331+08:00 TRACE 908 --- [           main] o.s.b.a.condition.OnPropertyCondition    : Condition OnPropertyCondition on org.springframework.boot.autoconfigure.jdbc.JndiDataSourceAutoConfiguration did not match due to @ConditionalOnProperty (spring.datasource.jndi-name) did not find property 'jndi-name'
2023-03-01T14:42:25.331+08:00 TRACE 908 --- [           main] o.s.b.f.s.DefaultListableBeanFactory     : Returning cached instance of singleton bean 'autoConfigurationReport'
2023-03-01T14:42:25.331+08:00 TRACE 908 --- [           main] o.s.b.f.s.DefaultListableBeanFactory     : Returning cached instance of singleton bean 'autoConfigurationReport'
2023-03-01T14:42:25.331+08:00 TRACE 908 --- [           main] o.s.b.f.s.DefaultListableBeanFactory     : Returning cached instance of singleton bean 'autoConfigurationReport'
2023-03-01T14:42:25.331+08:00 TRACE 908 --- [           main] o.s.b.f.s.DefaultListableBeanFactory     : Returning cached instance of singleton bean 'autoConfigurationReport'
2023-03-01T14:42:25.331+08:00 TRACE 908 --- [           main] o.s.b.f.s.DefaultListableBeanFactory     : Returning cached instance of singleton bean 'autoConfigurationReport'
2023-03-01T14:42:25.331+08:00 TRACE 908 --- [           main] o.s.b.f.s.DefaultListableBeanFactory     : Returning cached instance of singleton bean 'autoConfigurationReport'
2023-03-01T14:42:25.331+08:00 TRACE 908 --- [           main] o.s.b.f.s.DefaultListableBeanFactory     : Returning cached instance of singleton bean 'autoConfigurationReport'
2023-03-01T14:42:25.333+08:00 TRACE 908 --- [           main] o.s.b.a.condition.OnClassCondition       : Condition OnClassCondition on org.springframework.boot.autoconfigure.transaction.jta.JtaAutoConfiguration matched due to @ConditionalOnClass found required class 'jakarta.transaction.Transaction'
2023-03-01T14:42:25.333+08:00 TRACE 908 --- [           main] o.s.b.f.s.DefaultListableBeanFactory     : Returning cached instance of singleton bean 'autoConfigurationReport'
2023-03-01T14:42:25.334+08:00 TRACE 908 --- [           main] o.s.b.a.condition.OnPropertyCondition    : Condition OnPropertyCondition on org.springframework.boot.autoconfigure.transaction.jta.JtaAutoConfiguration matched due to @ConditionalOnProperty (spring.jta.enabled) matched
2023-03-01T14:42:25.334+08:00 TRACE 908 --- [           main] o.s.b.f.s.DefaultListableBeanFactory     : Returning cached instance of singleton bean 'autoConfigurationReport'
2023-03-01T14:42:25.334+08:00 TRACE 908 --- [           main] o.s.b.f.s.DefaultListableBeanFactory     : Returning cached instance of singleton bean 'autoConfigurationReport'
2023-03-01T14:42:25.334+08:00 TRACE 908 --- [           main] o.s.b.f.s.DefaultListableBeanFactory     : Returning cached instance of singleton bean 'autoConfigurationReport'
2023-03-01T14:42:25.334+08:00 TRACE 908 --- [           main] o.s.b.f.s.DefaultListableBeanFactory     : Returning cached instance of singleton bean 'autoConfigurationReport'
2023-03-01T14:42:25.343+08:00 TRACE 908 --- [           main] o.s.b.a.condition.OnClassCondition       : Condition OnClassCondition on org.springframework.boot.autoconfigure.transaction.jta.JndiJtaConfiguration matched due to @ConditionalOnClass found required class 'org.springframework.transaction.jta.JtaTransactionManager'
2023-03-01T14:42:25.344+08:00 TRACE 908 --- [           main] o.s.b.f.s.DefaultListableBeanFactory     : Returning cached instance of singleton bean 'autoConfigurationReport'
2023-03-01T14:42:25.345+08:00 TRACE 908 --- [           main] o.s.b.a.condition.OnJndiCondition        : Condition OnJndiCondition on org.springframework.boot.autoconfigure.transaction.jta.JndiJtaConfiguration did not match due to @ConditionalOnJndi JNDI environment is not available
2023-03-01T14:42:25.345+08:00 TRACE 908 --- [           main] o.s.b.f.s.DefaultListableBeanFactory     : Returning cached instance of singleton bean 'autoConfigurationReport'
2023-03-01T14:42:25.345+08:00 TRACE 908 --- [           main] o.s.b.f.s.DefaultListableBeanFactory     : Returning cached instance of singleton bean 'autoConfigurationReport'
2023-03-01T14:42:25.345+08:00 TRACE 908 --- [           main] o.s.b.f.s.DefaultListableBeanFactory     : Returning cached instance of singleton bean 'autoConfigurationReport'
2023-03-01T14:42:25.345+08:00 TRACE 908 --- [           main] o.s.b.f.s.DefaultListableBeanFactory     : Returning cached instance of singleton bean 'autoConfigurationReport'
2023-03-01T14:42:25.345+08:00 TRACE 908 --- [           main] o.s.b.f.s.DefaultListableBeanFactory     : Returning cached instance of singleton bean 'autoConfigurationReport'
2023-03-01T14:42:25.346+08:00 TRACE 908 --- [           main] o.s.b.f.s.DefaultListableBeanFactory     : Returning cached instance of singleton bean 'autoConfigurationReport'
2023-03-01T14:42:25.346+08:00 TRACE 908 --- [           main] o.s.b.f.s.DefaultListableBeanFactory     : Returning cached instance of singleton bean 'autoConfigurationReport'
2023-03-01T14:42:25.348+08:00 TRACE 908 --- [           main] o.s.b.a.condition.OnClassCondition       : Condition OnClassCondition on org.springframework.boot.autoconfigure.jdbc.XADataSourceAutoConfiguration matched due to @ConditionalOnClass found required classes 'javax.sql.DataSource', 'jakarta.transaction.TransactionManager', 'org.springframework.jdbc.datasource.embedded.EmbeddedDatabaseType'
2023-03-01T14:42:25.348+08:00 TRACE 908 --- [           main] o.s.b.f.s.DefaultListableBeanFactory     : Returning cached instance of singleton bean 'autoConfigurationReport'
2023-03-01T14:42:25.348+08:00 TRACE 908 --- [           main] o.s.b.f.s.DefaultListableBeanFactory     : Returning cached instance of singleton bean 'autoConfigurationReport'
2023-03-01T14:42:25.348+08:00 TRACE 908 --- [           main] o.s.b.f.s.DefaultListableBeanFactory     : Returning cached instance of singleton bean 'autoConfigurationReport'
2023-03-01T14:42:25.348+08:00 TRACE 908 --- [           main] o.s.b.f.s.DefaultListableBeanFactory     : Returning cached instance of singleton bean 'autoConfigurationReport'
2023-03-01T14:42:25.350+08:00 TRACE 908 --- [           main] o.s.b.f.s.DefaultListableBeanFactory     : Returning cached instance of singleton bean 'autoConfigurationReport'
2023-03-01T14:42:25.350+08:00 TRACE 908 --- [           main] o.s.b.f.s.DefaultListableBeanFactory     : Returning cached instance of singleton bean 'autoConfigurationReport'
2023-03-01T14:42:25.350+08:00 TRACE 908 --- [           main] o.s.b.f.s.DefaultListableBeanFactory     : Returning cached instance of singleton bean 'autoConfigurationReport'
2023-03-01T14:42:25.350+08:00 TRACE 908 --- [           main] o.s.b.f.s.DefaultListableBeanFactory     : Returning cached instance of singleton bean 'autoConfigurationReport'
2023-03-01T14:42:25.350+08:00 TRACE 908 --- [           main] o.s.b.f.s.DefaultListableBeanFactory     : Returning cached instance of singleton bean 'autoConfigurationReport'
2023-03-01T14:42:25.350+08:00 TRACE 908 --- [           main] o.s.b.f.s.DefaultListableBeanFactory     : Returning cached instance of singleton bean 'autoConfigurationReport'
2023-03-01T14:42:25.353+08:00 TRACE 908 --- [           main] o.s.b.a.condition.OnClassCondition       : Condition OnClassCondition on org.springframework.boot.autoconfigure.jdbc.DataSourceAutoConfiguration matched due to @ConditionalOnClass found required classes 'javax.sql.DataSource', 'org.springframework.jdbc.datasource.embedded.EmbeddedDatabaseType'
2023-03-01T14:42:25.353+08:00 TRACE 908 --- [           main] o.s.b.f.s.DefaultListableBeanFactory     : Returning cached instance of singleton bean 'autoConfigurationReport'
2023-03-01T14:42:25.353+08:00 TRACE 908 --- [           main] o.s.b.f.s.DefaultListableBeanFactory     : Returning cached instance of singleton bean 'autoConfigurationReport'
2023-03-01T14:42:25.353+08:00 TRACE 908 --- [           main] o.s.b.f.s.DefaultListableBeanFactory     : Returning cached instance of singleton bean 'autoConfigurationReport'
2023-03-01T14:42:25.353+08:00 TRACE 908 --- [           main] o.s.b.f.s.DefaultListableBeanFactory     : Returning cached instance of singleton bean 'autoConfigurationReport'
2023-03-01T14:42:25.386+08:00 TRACE 908 --- [           main] oConfiguration$PooledDataSourceCondition : Condition DataSourceAutoConfiguration.PooledDataSourceCondition on org.springframework.boot.autoconfigure.jdbc.DataSourceAutoConfiguration$PooledDataSourceConfiguration matched due to AnyNestedCondition 1 matched 1 did not; NestedCondition on DataSourceAutoConfiguration.PooledDataSourceCondition.PooledDataSourceAvailable PooledDataSource found supported DataSource; NestedCondition on DataSourceAutoConfiguration.PooledDataSourceCondition.ExplicitType @ConditionalOnProperty (spring.datasource.type) did not find property 'type'
2023-03-01T14:42:25.386+08:00 TRACE 908 --- [           main] o.s.b.f.s.DefaultListableBeanFactory     : Returning cached instance of singleton bean 'autoConfigurationReport'
2023-03-01T14:42:25.387+08:00 TRACE 908 --- [           main] o.s.b.f.s.DefaultListableBeanFactory     : Returning cached instance of singleton bean 'autoConfigurationReport'
2023-03-01T14:42:25.387+08:00 TRACE 908 --- [           main] o.s.b.f.s.DefaultListableBeanFactory     : Returning cached instance of singleton bean 'autoConfigurationReport'
2023-03-01T14:42:25.387+08:00 TRACE 908 --- [           main] o.s.b.f.s.DefaultListableBeanFactory     : Returning cached instance of singleton bean 'autoConfigurationReport'
2023-03-01T14:42:25.392+08:00 TRACE 908 --- [           main] o.s.b.a.condition.OnClassCondition       : Condition OnClassCondition on org.springframework.boot.autoconfigure.jdbc.DataSourceConfiguration$Hikari matched due to @ConditionalOnClass found required class 'com.zaxxer.hikari.HikariDataSource'
2023-03-01T14:42:25.392+08:00 TRACE 908 --- [           main] o.s.b.f.s.DefaultListableBeanFactory     : Returning cached instance of singleton bean 'autoConfigurationReport'
2023-03-01T14:42:25.393+08:00 TRACE 908 --- [           main] o.s.b.a.condition.OnPropertyCondition    : Condition OnPropertyCondition on org.springframework.boot.autoconfigure.jdbc.DataSourceConfiguration$Hikari matched due to @ConditionalOnProperty (spring.datasource.type=com.zaxxer.hikari.HikariDataSource) matched
2023-03-01T14:42:25.393+08:00 TRACE 908 --- [           main] o.s.b.f.s.DefaultListableBeanFactory     : Returning cached instance of singleton bean 'autoConfigurationReport'
2023-03-01T14:42:25.393+08:00 TRACE 908 --- [           main] o.s.b.f.s.DefaultListableBeanFactory     : Returning cached instance of singleton bean 'autoConfigurationReport'
2023-03-01T14:42:25.393+08:00 TRACE 908 --- [           main] o.s.b.f.s.DefaultListableBeanFactory     : Returning cached instance of singleton bean 'autoConfigurationReport'
2023-03-01T14:42:25.393+08:00 TRACE 908 --- [           main] o.s.b.f.s.DefaultListableBeanFactory     : Returning cached instance of singleton bean 'autoConfigurationReport'
2023-03-01T14:42:25.394+08:00 TRACE 908 --- [           main] o.s.b.a.condition.OnClassCondition       : Condition OnClassCondition on org.springframework.boot.autoconfigure.jdbc.DataSourceConfiguration$Tomcat did not match due to @ConditionalOnClass did not find required class 'org.apache.tomcat.jdbc.pool.DataSource'
2023-03-01T14:42:25.394+08:00 TRACE 908 --- [           main] o.s.b.f.s.DefaultListableBeanFactory     : Returning cached instance of singleton bean 'autoConfigurationReport'
2023-03-01T14:42:25.396+08:00 TRACE 908 --- [           main] o.s.b.a.condition.OnClassCondition       : Condition OnClassCondition on org.springframework.boot.autoconfigure.jdbc.DataSourceConfiguration$Dbcp2 did not match due to @ConditionalOnClass did not find required class 'org.apache.commons.dbcp2.BasicDataSource'
2023-03-01T14:42:25.396+08:00 TRACE 908 --- [           main] o.s.b.f.s.DefaultListableBeanFactory     : Returning cached instance of singleton bean 'autoConfigurationReport'
2023-03-01T14:42:25.397+08:00 TRACE 908 --- [           main] o.s.b.a.condition.OnClassCondition       : Condition OnClassCondition on org.springframework.boot.autoconfigure.jdbc.DataSourceConfiguration$OracleUcp did not match due to @ConditionalOnClass did not find required classes 'oracle.ucp.jdbc.PoolDataSourceImpl', 'oracle.jdbc.OracleConnection'
2023-03-01T14:42:25.397+08:00 TRACE 908 --- [           main] o.s.b.f.s.DefaultListableBeanFactory     : Returning cached instance of singleton bean 'autoConfigurationReport'
2023-03-01T14:42:25.398+08:00 TRACE 908 --- [           main] o.s.b.a.condition.OnPropertyCondition    : Condition OnPropertyCondition on org.springframework.boot.autoconfigure.jdbc.DataSourceConfiguration$Generic did not match due to @ConditionalOnProperty (spring.datasource.type) did not find property 'spring.datasource.type'
2023-03-01T14:42:25.398+08:00 TRACE 908 --- [           main] o.s.b.f.s.DefaultListableBeanFactory     : Returning cached instance of singleton bean 'autoConfigurationReport'
2023-03-01T14:42:25.399+08:00 TRACE 908 --- [           main] o.s.b.a.condition.OnPropertyCondition    : Condition OnPropertyCondition on org.springframework.boot.autoconfigure.jdbc.DataSourceJmxConfiguration did not match due to @ConditionalOnProperty (spring.jmx.enabled=true) found different value in property 'enabled'
2023-03-01T14:42:25.399+08:00 TRACE 908 --- [           main] o.s.b.f.s.DefaultListableBeanFactory     : Returning cached instance of singleton bean 'autoConfigurationReport'
2023-03-01T14:42:25.401+08:00 TRACE 908 --- [           main] oConfiguration$EmbeddedDatabaseCondition : Condition DataSourceAutoConfiguration.EmbeddedDatabaseCondition on org.springframework.boot.autoconfigure.jdbc.DataSourceAutoConfiguration$EmbeddedDatabaseConfiguration did not match due to EmbeddedDataSource spring.datasource.url is set
2023-03-01T14:42:25.401+08:00 TRACE 908 --- [           main] o.s.b.f.s.DefaultListableBeanFactory     : Returning cached instance of singleton bean 'autoConfigurationReport'
2023-03-01T14:42:25.403+08:00 TRACE 908 --- [           main] o.s.b.f.s.DefaultListableBeanFactory     : Returning cached instance of singleton bean 'autoConfigurationReport'
2023-03-01T14:42:25.403+08:00 TRACE 908 --- [           main] o.s.b.f.s.DefaultListableBeanFactory     : Returning cached instance of singleton bean 'autoConfigurationReport'
2023-03-01T14:42:25.403+08:00 TRACE 908 --- [           main] o.s.b.f.s.DefaultListableBeanFactory     : Returning cached instance of singleton bean 'autoConfigurationReport'
2023-03-01T14:42:25.407+08:00 TRACE 908 --- [           main] o.s.b.a.condition.OnClassCondition       : Condition OnClassCondition on org.springframework.boot.autoconfigure.jdbc.metadata.DataSourcePoolMetadataProvidersConfiguration$OracleUcpPoolDataSourceMetadataProviderConfiguration did not match due to @ConditionalOnClass did not find required classes 'oracle.ucp.jdbc.PoolDataSource', 'oracle.jdbc.OracleConnection'
2023-03-01T14:42:25.407+08:00 TRACE 908 --- [           main] o.s.b.f.s.DefaultListableBeanFactory     : Returning cached instance of singleton bean 'autoConfigurationReport'
2023-03-01T14:42:25.408+08:00 TRACE 908 --- [           main] o.s.b.a.condition.OnClassCondition       : Condition OnClassCondition on org.springframework.boot.autoconfigure.jdbc.metadata.DataSourcePoolMetadataProvidersConfiguration$CommonsDbcp2PoolDataSourceMetadataProviderConfiguration did not match due to @ConditionalOnClass did not find required class 'org.apache.commons.dbcp2.BasicDataSource'
2023-03-01T14:42:25.408+08:00 TRACE 908 --- [           main] o.s.b.f.s.DefaultListableBeanFactory     : Returning cached instance of singleton bean 'autoConfigurationReport'
2023-03-01T14:42:25.408+08:00 TRACE 908 --- [           main] o.s.b.a.condition.OnClassCondition       : Condition OnClassCondition on org.springframework.boot.autoconfigure.jdbc.metadata.DataSourcePoolMetadataProvidersConfiguration$HikariPoolDataSourceMetadataProviderConfiguration matched due to @ConditionalOnClass found required class 'com.zaxxer.hikari.HikariDataSource'
2023-03-01T14:42:25.408+08:00 TRACE 908 --- [           main] o.s.b.f.s.DefaultListableBeanFactory     : Returning cached instance of singleton bean 'autoConfigurationReport'
2023-03-01T14:42:25.408+08:00 TRACE 908 --- [           main] o.s.b.f.s.DefaultListableBeanFactory     : Returning cached instance of singleton bean 'autoConfigurationReport'
2023-03-01T14:42:25.408+08:00 TRACE 908 --- [           main] o.s.b.f.s.DefaultListableBeanFactory     : Returning cached instance of singleton bean 'autoConfigurationReport'
2023-03-01T14:42:25.408+08:00 TRACE 908 --- [           main] o.s.b.f.s.DefaultListableBeanFactory     : Returning cached instance of singleton bean 'autoConfigurationReport'
2023-03-01T14:42:25.409+08:00 TRACE 908 --- [           main] o.s.b.a.condition.OnClassCondition       : Condition OnClassCondition on org.springframework.boot.autoconfigure.jdbc.metadata.DataSourcePoolMetadataProvidersConfiguration$TomcatDataSourcePoolMetadataProviderConfiguration did not match due to @ConditionalOnClass did not find required class 'org.apache.tomcat.jdbc.pool.DataSource'
2023-03-01T14:42:25.409+08:00 TRACE 908 --- [           main] o.s.b.f.s.DefaultListableBeanFactory     : Returning cached instance of singleton bean 'autoConfigurationReport'
2023-03-01T14:42:25.409+08:00 TRACE 908 --- [           main] o.s.b.f.s.DefaultListableBeanFactory     : Returning cached instance of singleton bean 'autoConfigurationReport'
2023-03-01T14:42:25.409+08:00 TRACE 908 --- [           main] o.s.b.f.s.DefaultListableBeanFactory     : Returning cached instance of singleton bean 'autoConfigurationReport'
2023-03-01T14:42:25.409+08:00 TRACE 908 --- [           main] o.s.b.f.s.DefaultListableBeanFactory     : Returning cached instance of singleton bean 'autoConfigurationReport'
2023-03-01T14:42:25.410+08:00 TRACE 908 --- [           main] o.s.b.f.s.DefaultListableBeanFactory     : Returning cached instance of singleton bean 'autoConfigurationReport'
2023-03-01T14:42:25.410+08:00 TRACE 908 --- [           main] o.s.b.f.s.DefaultListableBeanFactory     : Returning cached instance of singleton bean 'autoConfigurationReport'
2023-03-01T14:42:25.410+08:00 TRACE 908 --- [           main] o.s.b.f.s.DefaultListableBeanFactory     : Returning cached instance of singleton bean 'autoConfigurationReport'
2023-03-01T14:42:25.411+08:00 TRACE 908 --- [           main] o.s.b.a.condition.OnClassCondition       : Condition OnClassCondition on org.springframework.boot.autoconfigure.orm.jpa.HibernateJpaAutoConfiguration matched due to @ConditionalOnClass found required classes 'org.springframework.orm.jpa.LocalContainerEntityManagerFactoryBean', 'jakarta.persistence.EntityManager', 'org.hibernate.engine.spi.SessionImplementor'
2023-03-01T14:42:25.411+08:00 TRACE 908 --- [           main] o.s.b.f.s.DefaultListableBeanFactory     : Returning cached instance of singleton bean 'autoConfigurationReport'
2023-03-01T14:42:25.411+08:00 TRACE 908 --- [           main] o.s.b.f.s.DefaultListableBeanFactory     : Returning cached instance of singleton bean 'autoConfigurationReport'
2023-03-01T14:42:25.411+08:00 TRACE 908 --- [           main] o.s.b.f.s.DefaultListableBeanFactory     : Returning cached instance of singleton bean 'autoConfigurationReport'
2023-03-01T14:42:25.412+08:00 TRACE 908 --- [           main] o.s.b.f.s.DefaultListableBeanFactory     : Returning cached instance of singleton bean 'autoConfigurationReport'
2023-03-01T14:42:25.414+08:00 TRACE 908 --- [           main] o.s.b.f.s.DefaultListableBeanFactory     : Returning cached instance of singleton bean 'autoConfigurationReport'
2023-03-01T14:42:25.414+08:00 TRACE 908 --- [           main] o.s.b.f.s.DefaultListableBeanFactory     : Returning cached instance of singleton bean 'autoConfigurationReport'
2023-03-01T14:42:25.414+08:00 TRACE 908 --- [           main] o.s.b.f.s.DefaultListableBeanFactory     : Returning cached instance of singleton bean 'autoConfigurationReport'
2023-03-01T14:42:25.418+08:00 TRACE 908 --- [           main] o.s.b.a.condition.OnClassCondition       : Condition OnClassCondition on org.springframework.boot.autoconfigure.orm.jpa.JpaBaseConfiguration$JpaWebConfiguration matched due to @ConditionalOnClass found required class 'org.springframework.web.servlet.config.annotation.WebMvcConfigurer'
2023-03-01T14:42:25.418+08:00 TRACE 908 --- [           main] o.s.b.f.s.DefaultListableBeanFactory     : Returning cached instance of singleton bean 'autoConfigurationReport'
2023-03-01T14:42:25.418+08:00 TRACE 908 --- [           main] o.s.b.a.c.OnWebApplicationCondition      : Condition OnWebApplicationCondition on org.springframework.boot.autoconfigure.orm.jpa.JpaBaseConfiguration$JpaWebConfiguration matched due to found 'session' scope
2023-03-01T14:42:25.418+08:00 TRACE 908 --- [           main] o.s.b.f.s.DefaultListableBeanFactory     : Returning cached instance of singleton bean 'autoConfigurationReport'
2023-03-01T14:42:25.418+08:00 TRACE 908 --- [           main] o.s.b.a.condition.OnPropertyCondition    : Condition OnPropertyCondition on org.springframework.boot.autoconfigure.orm.jpa.JpaBaseConfiguration$JpaWebConfiguration matched due to @ConditionalOnProperty (spring.jpa.open-in-view=true) matched
2023-03-01T14:42:25.418+08:00 TRACE 908 --- [           main] o.s.b.f.s.DefaultListableBeanFactory     : Returning cached instance of singleton bean 'autoConfigurationReport'
2023-03-01T14:42:25.418+08:00 TRACE 908 --- [           main] o.s.b.f.s.DefaultListableBeanFactory     : Returning cached instance of singleton bean 'autoConfigurationReport'
2023-03-01T14:42:25.418+08:00 TRACE 908 --- [           main] o.s.b.f.s.DefaultListableBeanFactory     : Returning cached instance of singleton bean 'autoConfigurationReport'
2023-03-01T14:42:25.419+08:00 TRACE 908 --- [           main] o.s.b.f.s.DefaultListableBeanFactory     : Returning cached instance of singleton bean 'autoConfigurationReport'
2023-03-01T14:42:25.420+08:00 TRACE 908 --- [           main] o.s.b.f.s.DefaultListableBeanFactory     : Returning cached instance of singleton bean 'autoConfigurationReport'
2023-03-01T14:42:25.421+08:00 TRACE 908 --- [           main] o.s.b.f.s.DefaultListableBeanFactory     : Returning cached instance of singleton bean 'autoConfigurationReport'
2023-03-01T14:42:25.421+08:00 TRACE 908 --- [           main] o.s.b.f.s.DefaultListableBeanFactory     : Returning cached instance of singleton bean 'autoConfigurationReport'
2023-03-01T14:42:25.421+08:00 TRACE 908 --- [           main] o.s.b.f.s.DefaultListableBeanFactory     : Returning cached instance of singleton bean 'autoConfigurationReport'
2023-03-01T14:42:25.421+08:00 TRACE 908 --- [           main] o.s.b.f.s.DefaultListableBeanFactory     : Returning cached instance of singleton bean 'autoConfigurationReport'
2023-03-01T14:42:25.421+08:00 TRACE 908 --- [           main] o.s.b.f.s.DefaultListableBeanFactory     : Returning cached instance of singleton bean 'autoConfigurationReport'
2023-03-01T14:42:25.422+08:00 TRACE 908 --- [           main] o.s.b.f.s.DefaultListableBeanFactory     : Returning cached instance of singleton bean 'autoConfigurationReport'
2023-03-01T14:42:25.422+08:00 TRACE 908 --- [           main] o.s.b.f.s.DefaultListableBeanFactory     : Returning cached instance of singleton bean 'autoConfigurationReport'
2023-03-01T14:42:25.422+08:00 TRACE 908 --- [           main] o.s.b.f.s.DefaultListableBeanFactory     : Returning cached instance of singleton bean 'autoConfigurationReport'
2023-03-01T14:42:25.423+08:00 TRACE 908 --- [           main] o.s.b.a.condition.OnClassCondition       : Condition OnClassCondition on org.springframework.boot.autoconfigure.cache.CacheAutoConfiguration matched due to @ConditionalOnClass found required class 'org.springframework.cache.CacheManager'
2023-03-01T14:42:25.423+08:00 TRACE 908 --- [           main] o.s.b.f.s.DefaultListableBeanFactory     : Returning cached instance of singleton bean 'autoConfigurationReport'
2023-03-01T14:42:25.423+08:00 TRACE 908 --- [           main] o.s.b.f.s.DefaultListableBeanFactory     : Returning cached instance of singleton bean 'autoConfigurationReport'
2023-03-01T14:42:25.423+08:00 TRACE 908 --- [           main] o.s.b.f.s.DefaultListableBeanFactory     : Returning cached instance of singleton bean 'autoConfigurationReport'
2023-03-01T14:42:25.423+08:00 TRACE 908 --- [           main] o.s.b.f.s.DefaultListableBeanFactory     : Returning cached instance of singleton bean 'autoConfigurationReport'
2023-03-01T14:42:25.432+08:00 TRACE 908 --- [           main] o.s.b.f.s.DefaultListableBeanFactory     : Returning cached instance of singleton bean 'autoConfigurationReport'
2023-03-01T14:42:25.432+08:00 TRACE 908 --- [           main] o.s.b.f.s.DefaultListableBeanFactory     : Returning cached instance of singleton bean 'autoConfigurationReport'
2023-03-01T14:42:25.432+08:00 TRACE 908 --- [           main] o.s.b.f.s.DefaultListableBeanFactory     : Returning cached instance of singleton bean 'autoConfigurationReport'
2023-03-01T14:42:25.434+08:00 TRACE 908 --- [           main] o.s.b.f.s.DefaultListableBeanFactory     : Returning cached instance of singleton bean 'autoConfigurationReport'
2023-03-01T14:42:25.435+08:00 TRACE 908 --- [           main] o.s.b.a.condition.OnClassCondition       : Condition OnClassCondition on org.springframework.boot.autoconfigure.cache.JCacheCacheConfiguration did not match due to @ConditionalOnClass did not find required class 'javax.cache.Caching'
2023-03-01T14:42:25.436+08:00 TRACE 908 --- [           main] o.s.b.f.s.DefaultListableBeanFactory     : Returning cached instance of singleton bean 'autoConfigurationReport'
2023-03-01T14:42:25.436+08:00 TRACE 908 --- [           main] o.s.b.f.s.DefaultListableBeanFactory     : Returning cached instance of singleton bean 'autoConfigurationReport'
2023-03-01T14:42:25.436+08:00 TRACE 908 --- [           main] o.s.b.a.AutoConfigurationImportSelector  : Filtered 1 auto configuration class in 1 ms
2023-03-01T14:42:25.436+08:00 TRACE 908 --- [           main] o.s.b.f.s.DefaultListableBeanFactory     : Returning cached instance of singleton bean 'autoConfigurationReport'
2023-03-01T14:42:25.437+08:00 TRACE 908 --- [           main] o.s.b.a.condition.OnClassCondition       : Condition OnClassCondition on org.springframework.boot.autoconfigure.cache.HazelcastCacheConfiguration did not match due to @ConditionalOnClass did not find required class 'com.hazelcast.core.HazelcastInstance'
2023-03-01T14:42:25.437+08:00 TRACE 908 --- [           main] o.s.b.f.s.DefaultListableBeanFactory     : Returning cached instance of singleton bean 'autoConfigurationReport'
2023-03-01T14:42:25.437+08:00 TRACE 908 --- [           main] o.s.b.f.s.DefaultListableBeanFactory     : Returning cached instance of singleton bean 'autoConfigurationReport'
2023-03-01T14:42:25.437+08:00 TRACE 908 --- [           main] o.s.b.a.AutoConfigurationImportSelector  : Filtered 1 auto configuration class in 1 ms
2023-03-01T14:42:25.437+08:00 TRACE 908 --- [           main] o.s.b.f.s.DefaultListableBeanFactory     : Returning cached instance of singleton bean 'autoConfigurationReport'
2023-03-01T14:42:25.438+08:00 TRACE 908 --- [           main] o.s.b.a.condition.OnClassCondition       : Condition OnClassCondition on org.springframework.boot.autoconfigure.cache.CouchbaseCacheConfiguration did not match due to @ConditionalOnClass did not find required class 'com.couchbase.client.java.Cluster'
2023-03-01T14:42:25.438+08:00 TRACE 908 --- [           main] o.s.b.f.s.DefaultListableBeanFactory     : Returning cached instance of singleton bean 'autoConfigurationReport'
2023-03-01T14:42:25.438+08:00 TRACE 908 --- [           main] o.s.b.f.s.DefaultListableBeanFactory     : Returning cached instance of singleton bean 'autoConfigurationReport'
2023-03-01T14:42:25.438+08:00 TRACE 908 --- [           main] o.s.b.a.AutoConfigurationImportSelector  : Filtered 1 auto configuration class in 1 ms
2023-03-01T14:42:25.438+08:00 TRACE 908 --- [           main] o.s.b.f.s.DefaultListableBeanFactory     : Returning cached instance of singleton bean 'autoConfigurationReport'
2023-03-01T14:42:25.439+08:00 TRACE 908 --- [           main] o.s.b.a.condition.OnClassCondition       : Condition OnClassCondition on org.springframework.boot.autoconfigure.cache.InfinispanCacheConfiguration did not match due to @ConditionalOnClass did not find required class 'org.infinispan.spring.embedded.provider.SpringEmbeddedCacheManager'
2023-03-01T14:42:25.439+08:00 TRACE 908 --- [           main] o.s.b.f.s.DefaultListableBeanFactory     : Returning cached instance of singleton bean 'autoConfigurationReport'
2023-03-01T14:42:25.439+08:00 TRACE 908 --- [           main] o.s.b.f.s.DefaultListableBeanFactory     : Returning cached instance of singleton bean 'autoConfigurationReport'
2023-03-01T14:42:25.439+08:00 TRACE 908 --- [           main] o.s.b.a.AutoConfigurationImportSelector  : Filtered 1 auto configuration class in 0 ms
2023-03-01T14:42:25.439+08:00 TRACE 908 --- [           main] o.s.b.f.s.DefaultListableBeanFactory     : Returning cached instance of singleton bean 'autoConfigurationReport'
2023-03-01T14:42:25.439+08:00 TRACE 908 --- [           main] o.s.b.a.condition.OnClassCondition       : Condition OnClassCondition on org.springframework.boot.autoconfigure.cache.RedisCacheConfiguration did not match due to @ConditionalOnClass did not find required class 'org.springframework.data.redis.connection.RedisConnectionFactory'
2023-03-01T14:42:25.439+08:00 TRACE 908 --- [           main] o.s.b.f.s.DefaultListableBeanFactory     : Returning cached instance of singleton bean 'autoConfigurationReport'
2023-03-01T14:42:25.439+08:00 TRACE 908 --- [           main] o.s.b.f.s.DefaultListableBeanFactory     : Returning cached instance of singleton bean 'autoConfigurationReport'
2023-03-01T14:42:25.439+08:00 TRACE 908 --- [           main] o.s.b.a.AutoConfigurationImportSelector  : Filtered 1 auto configuration class in 0 ms
2023-03-01T14:42:25.439+08:00 TRACE 908 --- [           main] o.s.b.f.s.DefaultListableBeanFactory     : Returning cached instance of singleton bean 'autoConfigurationReport'
2023-03-01T14:42:25.440+08:00 TRACE 908 --- [           main] o.s.b.a.condition.OnClassCondition       : Condition OnClassCondition on org.springframework.boot.autoconfigure.cache.Cache2kCacheConfiguration did not match due to @ConditionalOnClass did not find required class 'org.cache2k.Cache2kBuilder'
2023-03-01T14:42:25.440+08:00 TRACE 908 --- [           main] o.s.b.f.s.DefaultListableBeanFactory     : Returning cached instance of singleton bean 'autoConfigurationReport'
2023-03-01T14:42:25.440+08:00 TRACE 908 --- [           main] o.s.b.f.s.DefaultListableBeanFactory     : Returning cached instance of singleton bean 'autoConfigurationReport'
2023-03-01T14:42:25.440+08:00 TRACE 908 --- [           main] o.s.b.a.AutoConfigurationImportSelector  : Filtered 1 auto configuration class in 0 ms
2023-03-01T14:42:25.440+08:00 TRACE 908 --- [           main] o.s.b.f.s.DefaultListableBeanFactory     : Returning cached instance of singleton bean 'autoConfigurationReport'
2023-03-01T14:42:25.442+08:00 TRACE 908 --- [           main] o.s.b.a.condition.OnClassCondition       : Condition OnClassCondition on org.springframework.boot.autoconfigure.cache.CaffeineCacheConfiguration did not match due to @ConditionalOnClass did not find required class 'org.springframework.cache.caffeine.CaffeineCacheManager'
2023-03-01T14:42:25.442+08:00 TRACE 908 --- [           main] o.s.b.f.s.DefaultListableBeanFactory     : Returning cached instance of singleton bean 'autoConfigurationReport'
2023-03-01T14:42:25.442+08:00 TRACE 908 --- [           main] o.s.b.f.s.DefaultListableBeanFactory     : Returning cached instance of singleton bean 'autoConfigurationReport'
2023-03-01T14:42:25.442+08:00 TRACE 908 --- [           main] o.s.b.a.AutoConfigurationImportSelector  : Filtered 1 auto configuration class in 2 ms
2023-03-01T14:42:25.442+08:00 TRACE 908 --- [           main] o.s.b.f.s.DefaultListableBeanFactory     : Returning cached instance of singleton bean 'autoConfigurationReport'
2023-03-01T14:42:25.443+08:00 TRACE 908 --- [           main] o.s.b.f.s.DefaultListableBeanFactory     : Returning cached instance of singleton bean 'autoConfigurationReport'
2023-03-01T14:42:25.443+08:00 TRACE 908 --- [           main] o.s.b.f.s.DefaultListableBeanFactory     : Returning cached instance of singleton bean 'autoConfigurationReport'
2023-03-01T14:42:25.444+08:00 TRACE 908 --- [           main] o.s.b.f.s.DefaultListableBeanFactory     : Returning cached instance of singleton bean 'autoConfigurationReport'
2023-03-01T14:42:25.444+08:00 TRACE 908 --- [           main] o.s.b.f.s.DefaultListableBeanFactory     : Returning cached instance of singleton bean 'autoConfigurationReport'
2023-03-01T14:42:25.444+08:00 TRACE 908 --- [           main] o.s.b.f.s.DefaultListableBeanFactory     : Returning cached instance of singleton bean 'autoConfigurationReport'
2023-03-01T14:42:25.446+08:00 TRACE 908 --- [           main] o.s.b.a.cache.CacheCondition             : Condition CacheCondition on org.springframework.boot.autoconfigure.cache.GenericCacheConfiguration matched due to Cache org.springframework.boot.autoconfigure.cache.GenericCacheConfiguration automatic cache type
2023-03-01T14:42:25.446+08:00 TRACE 908 --- [           main] o.s.b.f.s.DefaultListableBeanFactory     : Returning cached instance of singleton bean 'autoConfigurationReport'
2023-03-01T14:42:25.447+08:00 TRACE 908 --- [           main] o.s.b.f.s.DefaultListableBeanFactory     : Returning cached instance of singleton bean 'autoConfigurationReport'
2023-03-01T14:42:25.447+08:00 TRACE 908 --- [           main] o.s.b.f.s.DefaultListableBeanFactory     : Returning cached instance of singleton bean 'autoConfigurationReport'
2023-03-01T14:42:25.447+08:00 TRACE 908 --- [           main] o.s.b.f.s.DefaultListableBeanFactory     : Returning cached instance of singleton bean 'autoConfigurationReport'
2023-03-01T14:42:25.447+08:00 TRACE 908 --- [           main] o.s.b.f.s.DefaultListableBeanFactory     : Returning cached instance of singleton bean 'autoConfigurationReport'
2023-03-01T14:42:25.447+08:00 TRACE 908 --- [           main] o.s.b.f.s.DefaultListableBeanFactory     : Returning cached instance of singleton bean 'autoConfigurationReport'
2023-03-01T14:42:25.447+08:00 TRACE 908 --- [           main] o.s.b.f.s.DefaultListableBeanFactory     : Returning cached instance of singleton bean 'autoConfigurationReport'
2023-03-01T14:42:25.448+08:00 TRACE 908 --- [           main] o.s.b.a.cache.CacheCondition             : Condition CacheCondition on org.springframework.boot.autoconfigure.cache.SimpleCacheConfiguration matched due to Cache org.springframework.boot.autoconfigure.cache.SimpleCacheConfiguration automatic cache type
2023-03-01T14:42:25.449+08:00 TRACE 908 --- [           main] o.s.b.f.s.DefaultListableBeanFactory     : Returning cached instance of singleton bean 'autoConfigurationReport'
2023-03-01T14:42:25.449+08:00 TRACE 908 --- [           main] o.s.b.f.s.DefaultListableBeanFactory     : Returning cached instance of singleton bean 'autoConfigurationReport'
2023-03-01T14:42:25.449+08:00 TRACE 908 --- [           main] o.s.b.f.s.DefaultListableBeanFactory     : Returning cached instance of singleton bean 'autoConfigurationReport'
2023-03-01T14:42:25.449+08:00 TRACE 908 --- [           main] o.s.b.f.s.DefaultListableBeanFactory     : Returning cached instance of singleton bean 'autoConfigurationReport'
2023-03-01T14:42:25.450+08:00 TRACE 908 --- [           main] o.s.b.a.cache.CacheCondition             : Condition CacheCondition on org.springframework.boot.autoconfigure.cache.NoOpCacheConfiguration matched due to Cache org.springframework.boot.autoconfigure.cache.NoOpCacheConfiguration automatic cache type
2023-03-01T14:42:25.450+08:00 TRACE 908 --- [           main] o.s.b.f.s.DefaultListableBeanFactory     : Returning cached instance of singleton bean 'autoConfigurationReport'
2023-03-01T14:42:25.450+08:00 TRACE 908 --- [           main] o.s.b.f.s.DefaultListableBeanFactory     : Returning cached instance of singleton bean 'autoConfigurationReport'
2023-03-01T14:42:25.450+08:00 TRACE 908 --- [           main] o.s.b.f.s.DefaultListableBeanFactory     : Returning cached instance of singleton bean 'autoConfigurationReport'
2023-03-01T14:42:25.450+08:00 TRACE 908 --- [           main] o.s.b.f.s.DefaultListableBeanFactory     : Returning cached instance of singleton bean 'autoConfigurationReport'
2023-03-01T14:42:25.454+08:00 TRACE 908 --- [           main] o.s.b.a.condition.OnClassCondition       : Condition OnClassCondition on org.springframework.boot.autoconfigure.cache.CacheAutoConfiguration$CacheManagerEntityManagerFactoryDependsOnPostProcessor matched due to @ConditionalOnClass found required class 'org.springframework.orm.jpa.LocalContainerEntityManagerFactoryBean'
2023-03-01T14:42:25.454+08:00 TRACE 908 --- [           main] o.s.b.f.s.DefaultListableBeanFactory     : Returning cached instance of singleton bean 'autoConfigurationReport'
2023-03-01T14:42:25.454+08:00 TRACE 908 --- [           main] o.s.b.f.s.DefaultListableBeanFactory     : Returning cached instance of singleton bean 'autoConfigurationReport'
2023-03-01T14:42:25.454+08:00 TRACE 908 --- [           main] o.s.b.f.s.DefaultListableBeanFactory     : Returning cached instance of singleton bean 'autoConfigurationReport'
2023-03-01T14:42:25.455+08:00 TRACE 908 --- [           main] o.s.b.f.s.DefaultListableBeanFactory     : Returning cached instance of singleton bean 'autoConfigurationReport'
2023-03-01T14:42:25.455+08:00 TRACE 908 --- [           main] o.s.b.f.s.DefaultListableBeanFactory     : Returning cached instance of singleton bean 'autoConfigurationReport'
2023-03-01T14:42:25.455+08:00 TRACE 908 --- [           main] o.s.b.f.s.DefaultListableBeanFactory     : Returning cached instance of singleton bean 'autoConfigurationReport'
2023-03-01T14:42:25.455+08:00 TRACE 908 --- [           main] o.s.b.f.s.DefaultListableBeanFactory     : Returning cached instance of singleton bean 'autoConfigurationReport'
2023-03-01T14:42:25.455+08:00 TRACE 908 --- [           main] o.s.b.f.s.DefaultListableBeanFactory     : Returning cached instance of singleton bean 'autoConfigurationReport'
2023-03-01T14:42:25.455+08:00 TRACE 908 --- [           main] o.s.b.f.s.DefaultListableBeanFactory     : Returning cached instance of singleton bean 'autoConfigurationReport'
2023-03-01T14:42:25.455+08:00 TRACE 908 --- [           main] o.s.b.f.s.DefaultListableBeanFactory     : Returning cached instance of singleton bean 'autoConfigurationReport'
2023-03-01T14:42:25.457+08:00 TRACE 908 --- [           main] o.s.b.f.s.DefaultListableBeanFactory     : Returning cached instance of singleton bean 'autoConfigurationReport'
2023-03-01T14:42:25.457+08:00 TRACE 908 --- [           main] o.s.b.f.s.DefaultListableBeanFactory     : Returning cached instance of singleton bean 'autoConfigurationReport'
2023-03-01T14:42:25.457+08:00 TRACE 908 --- [           main] o.s.b.f.s.DefaultListableBeanFactory     : Returning cached instance of singleton bean 'autoConfigurationReport'
2023-03-01T14:42:25.457+08:00 TRACE 908 --- [           main] o.s.b.f.s.DefaultListableBeanFactory     : Returning cached instance of singleton bean 'autoConfigurationReport'
2023-03-01T14:42:25.457+08:00 TRACE 908 --- [           main] o.s.b.f.s.DefaultListableBeanFactory     : Returning cached instance of singleton bean 'autoConfigurationReport'
2023-03-01T14:42:25.457+08:00 TRACE 908 --- [           main] o.s.b.f.s.DefaultListableBeanFactory     : Returning cached instance of singleton bean 'autoConfigurationReport'
2023-03-01T14:42:25.458+08:00 TRACE 908 --- [           main] o.s.b.f.s.DefaultListableBeanFactory     : Returning cached instance of singleton bean 'autoConfigurationReport'
2023-03-01T14:42:25.458+08:00 TRACE 908 --- [           main] o.s.b.f.s.DefaultListableBeanFactory     : Returning cached instance of singleton bean 'autoConfigurationReport'
2023-03-01T14:42:25.458+08:00 TRACE 908 --- [           main] o.s.b.f.s.DefaultListableBeanFactory     : Returning cached instance of singleton bean 'autoConfigurationReport'
2023-03-01T14:42:25.459+08:00 TRACE 908 --- [           main] o.s.b.f.s.DefaultListableBeanFactory     : Returning cached instance of singleton bean 'autoConfigurationReport'
2023-03-01T14:42:25.459+08:00 TRACE 908 --- [           main] o.s.b.f.s.DefaultListableBeanFactory     : Returning cached instance of singleton bean 'autoConfigurationReport'
2023-03-01T14:42:25.459+08:00 TRACE 908 --- [           main] o.s.b.f.s.DefaultListableBeanFactory     : Returning cached instance of singleton bean 'autoConfigurationReport'
2023-03-01T14:42:25.460+08:00 TRACE 908 --- [           main] o.s.b.f.s.DefaultListableBeanFactory     : Returning cached instance of singleton bean 'autoConfigurationReport'
2023-03-01T14:42:25.460+08:00 TRACE 908 --- [           main] o.s.b.f.s.DefaultListableBeanFactory     : Returning cached instance of singleton bean 'autoConfigurationReport'
2023-03-01T14:42:25.460+08:00 TRACE 908 --- [           main] o.s.b.f.s.DefaultListableBeanFactory     : Returning cached instance of singleton bean 'autoConfigurationReport'
2023-03-01T14:42:25.460+08:00 TRACE 908 --- [           main] o.s.b.f.s.DefaultListableBeanFactory     : Returning cached instance of singleton bean 'autoConfigurationReport'
2023-03-01T14:42:25.460+08:00 TRACE 908 --- [           main] o.s.b.f.s.DefaultListableBeanFactory     : Returning cached instance of singleton bean 'autoConfigurationReport'
2023-03-01T14:42:25.460+08:00 TRACE 908 --- [           main] o.s.b.f.s.DefaultListableBeanFactory     : Returning cached instance of singleton bean 'autoConfigurationReport'
2023-03-01T14:42:25.461+08:00 TRACE 908 --- [           main] o.s.b.a.condition.OnClassCondition       : Condition OnClassCondition on org.springframework.boot.autoconfigure.dao.PersistenceExceptionTranslationAutoConfiguration matched due to @ConditionalOnClass found required class 'org.springframework.dao.annotation.PersistenceExceptionTranslationPostProcessor'
2023-03-01T14:42:25.461+08:00 TRACE 908 --- [           main] o.s.b.f.s.DefaultListableBeanFactory     : Returning cached instance of singleton bean 'autoConfigurationReport'
2023-03-01T14:42:25.461+08:00 TRACE 908 --- [           main] o.s.b.f.s.DefaultListableBeanFactory     : Returning cached instance of singleton bean 'autoConfigurationReport'
2023-03-01T14:42:25.462+08:00 TRACE 908 --- [           main] o.s.b.f.s.DefaultListableBeanFactory     : Returning cached instance of singleton bean 'autoConfigurationReport'
2023-03-01T14:42:25.462+08:00 TRACE 908 --- [           main] o.s.b.f.s.DefaultListableBeanFactory     : Returning cached instance of singleton bean 'autoConfigurationReport'
2023-03-01T14:42:25.462+08:00 TRACE 908 --- [           main] o.s.b.f.s.DefaultListableBeanFactory     : Returning cached instance of singleton bean 'autoConfigurationReport'
2023-03-01T14:42:25.462+08:00 TRACE 908 --- [           main] o.s.b.f.s.DefaultListableBeanFactory     : Returning cached instance of singleton bean 'autoConfigurationReport'
2023-03-01T14:42:25.462+08:00 TRACE 908 --- [           main] o.s.b.f.s.DefaultListableBeanFactory     : Returning cached instance of singleton bean 'autoConfigurationReport'
2023-03-01T14:42:25.462+08:00 TRACE 908 --- [           main] o.s.b.f.s.DefaultListableBeanFactory     : Returning cached instance of singleton bean 'autoConfigurationReport'
2023-03-01T14:42:25.462+08:00 TRACE 908 --- [           main] o.s.b.f.s.DefaultListableBeanFactory     : Returning cached instance of singleton bean 'autoConfigurationReport'
2023-03-01T14:42:25.462+08:00 TRACE 908 --- [           main] o.s.b.f.s.DefaultListableBeanFactory     : Returning cached instance of singleton bean 'autoConfigurationReport'
2023-03-01T14:42:25.463+08:00 TRACE 908 --- [           main] o.s.b.a.condition.OnClassCondition       : Condition OnClassCondition on org.springframework.boot.autoconfigure.data.jpa.JpaRepositoriesAutoConfiguration matched due to @ConditionalOnClass found required class 'org.springframework.data.jpa.repository.JpaRepository'
2023-03-01T14:42:25.463+08:00 TRACE 908 --- [           main] o.s.b.f.s.DefaultListableBeanFactory     : Returning cached instance of singleton bean 'autoConfigurationReport'
2023-03-01T14:42:25.464+08:00 TRACE 908 --- [           main] o.s.b.a.condition.OnPropertyCondition    : Condition OnPropertyCondition on org.springframework.boot.autoconfigure.data.jpa.JpaRepositoriesAutoConfiguration matched due to @ConditionalOnProperty (spring.data.jpa.repositories.enabled=true) matched
2023-03-01T14:42:25.464+08:00 TRACE 908 --- [           main] o.s.b.f.s.DefaultListableBeanFactory     : Returning cached instance of singleton bean 'autoConfigurationReport'
2023-03-01T14:42:25.464+08:00 TRACE 908 --- [           main] o.s.b.f.s.DefaultListableBeanFactory     : Returning cached instance of singleton bean 'autoConfigurationReport'
2023-03-01T14:42:25.464+08:00 TRACE 908 --- [           main] o.s.b.f.s.DefaultListableBeanFactory     : Returning cached instance of singleton bean 'autoConfigurationReport'
2023-03-01T14:42:25.464+08:00 TRACE 908 --- [           main] o.s.b.f.s.DefaultListableBeanFactory     : Returning cached instance of singleton bean 'autoConfigurationReport'
2023-03-01T14:42:25.469+08:00 TRACE 908 --- [           main] o.s.b.f.s.DefaultListableBeanFactory     : Returning cached instance of singleton bean 'autoConfigurationReport'
2023-03-01T14:42:25.469+08:00 TRACE 908 --- [           main] o.s.b.f.s.DefaultListableBeanFactory     : Returning cached instance of singleton bean 'autoConfigurationReport'
2023-03-01T14:42:25.469+08:00 TRACE 908 --- [           main] o.s.b.f.s.DefaultListableBeanFactory     : Returning cached instance of singleton bean 'autoConfigurationReport'
2023-03-01T14:42:25.474+08:00 TRACE 908 --- [           main] o.s.b.f.s.DefaultListableBeanFactory     : Returning cached instance of singleton bean 'autoConfigurationReport'
2023-03-01T14:42:25.474+08:00 TRACE 908 --- [           main] o.s.b.f.s.DefaultListableBeanFactory     : Returning cached instance of singleton bean 'autoConfigurationReport'
2023-03-01T14:42:25.474+08:00 TRACE 908 --- [           main] o.s.b.f.s.DefaultListableBeanFactory     : Returning cached instance of singleton bean 'autoConfigurationReport'
2023-03-01T14:42:25.474+08:00 TRACE 908 --- [           main] o.s.b.f.s.DefaultListableBeanFactory     : Returning cached instance of singleton bean 'autoConfigurationReport'
2023-03-01T14:42:25.474+08:00 TRACE 908 --- [           main] o.s.b.f.s.DefaultListableBeanFactory     : Returning cached instance of singleton bean 'autoConfigurationReport'
2023-03-01T14:42:25.474+08:00 TRACE 908 --- [           main] o.s.b.f.s.DefaultListableBeanFactory     : Returning cached instance of singleton bean 'autoConfigurationReport'
2023-03-01T14:42:25.476+08:00 TRACE 908 --- [           main] o.s.b.a.condition.OnClassCondition       : Condition OnClassCondition on org.springframework.boot.autoconfigure.data.r2dbc.R2dbcDataAutoConfiguration matched due to @ConditionalOnClass found required classes 'org.springframework.r2dbc.core.DatabaseClient', 'org.springframework.data.r2dbc.core.R2dbcEntityTemplate'
2023-03-01T14:42:25.476+08:00 TRACE 908 --- [           main] o.s.b.f.s.DefaultListableBeanFactory     : Returning cached instance of singleton bean 'autoConfigurationReport'
2023-03-01T14:42:25.476+08:00 TRACE 908 --- [           main] o.s.b.f.s.DefaultListableBeanFactory     : Returning cached instance of singleton bean 'autoConfigurationReport'
2023-03-01T14:42:25.476+08:00 TRACE 908 --- [           main] o.s.b.f.s.DefaultListableBeanFactory     : Returning cached instance of singleton bean 'autoConfigurationReport'
2023-03-01T14:42:25.476+08:00 TRACE 908 --- [           main] o.s.b.f.s.DefaultListableBeanFactory     : Returning cached instance of singleton bean 'autoConfigurationReport'
2023-03-01T14:42:25.476+08:00 TRACE 908 --- [           main] o.s.b.f.s.DefaultListableBeanFactory     : Returning cached instance of singleton bean 'autoConfigurationReport'
2023-03-01T14:42:25.476+08:00 TRACE 908 --- [           main] o.s.b.f.s.DefaultListableBeanFactory     : Returning cached instance of singleton bean 'autoConfigurationReport'
2023-03-01T14:42:25.476+08:00 TRACE 908 --- [           main] o.s.b.f.s.DefaultListableBeanFactory     : Returning cached instance of singleton bean 'autoConfigurationReport'
2023-03-01T14:42:25.476+08:00 TRACE 908 --- [           main] o.s.b.f.s.DefaultListableBeanFactory     : Returning cached instance of singleton bean 'autoConfigurationReport'
2023-03-01T14:42:25.476+08:00 TRACE 908 --- [           main] o.s.b.f.s.DefaultListableBeanFactory     : Returning cached instance of singleton bean 'autoConfigurationReport'
2023-03-01T14:42:25.476+08:00 TRACE 908 --- [           main] o.s.b.f.s.DefaultListableBeanFactory     : Returning cached instance of singleton bean 'autoConfigurationReport'
2023-03-01T14:42:25.477+08:00 TRACE 908 --- [           main] o.s.b.a.condition.OnClassCondition       : Condition OnClassCondition on org.springframework.boot.autoconfigure.data.r2dbc.R2dbcRepositoriesAutoConfiguration matched due to @ConditionalOnClass found required classes 'io.r2dbc.spi.ConnectionFactory', 'org.springframework.data.r2dbc.repository.R2dbcRepository'
2023-03-01T14:42:25.477+08:00 TRACE 908 --- [           main] o.s.b.f.s.DefaultListableBeanFactory     : Returning cached instance of singleton bean 'autoConfigurationReport'
2023-03-01T14:42:25.478+08:00 TRACE 908 --- [           main] o.s.b.a.condition.OnPropertyCondition    : Condition OnPropertyCondition on org.springframework.boot.autoconfigure.data.r2dbc.R2dbcRepositoriesAutoConfiguration matched due to @ConditionalOnProperty (spring.data.r2dbc.repositories.enabled=true) matched
2023-03-01T14:42:25.478+08:00 TRACE 908 --- [           main] o.s.b.f.s.DefaultListableBeanFactory     : Returning cached instance of singleton bean 'autoConfigurationReport'
2023-03-01T14:42:25.478+08:00 TRACE 908 --- [           main] o.s.b.f.s.DefaultListableBeanFactory     : Returning cached instance of singleton bean 'autoConfigurationReport'
2023-03-01T14:42:25.478+08:00 TRACE 908 --- [           main] o.s.b.f.s.DefaultListableBeanFactory     : Returning cached instance of singleton bean 'autoConfigurationReport'
2023-03-01T14:42:25.478+08:00 TRACE 908 --- [           main] o.s.b.f.s.DefaultListableBeanFactory     : Returning cached instance of singleton bean 'autoConfigurationReport'
2023-03-01T14:42:25.479+08:00 TRACE 908 --- [           main] o.s.b.f.s.DefaultListableBeanFactory     : Returning cached instance of singleton bean 'autoConfigurationReport'
2023-03-01T14:42:25.479+08:00 TRACE 908 --- [           main] o.s.b.f.s.DefaultListableBeanFactory     : Returning cached instance of singleton bean 'autoConfigurationReport'
2023-03-01T14:42:25.479+08:00 TRACE 908 --- [           main] o.s.b.f.s.DefaultListableBeanFactory     : Returning cached instance of singleton bean 'autoConfigurationReport'
2023-03-01T14:42:25.480+08:00 TRACE 908 --- [           main] o.s.b.f.s.DefaultListableBeanFactory     : Returning cached instance of singleton bean 'autoConfigurationReport'
2023-03-01T14:42:25.480+08:00 TRACE 908 --- [           main] o.s.b.f.s.DefaultListableBeanFactory     : Returning cached instance of singleton bean 'autoConfigurationReport'
2023-03-01T14:42:25.480+08:00 TRACE 908 --- [           main] o.s.b.f.s.DefaultListableBeanFactory     : Returning cached instance of singleton bean 'autoConfigurationReport'
2023-03-01T14:42:25.484+08:00 TRACE 908 --- [           main] o.s.b.a.condition.OnClassCondition       : Condition OnClassCondition on org.springframework.boot.autoconfigure.http.HttpMessageConvertersAutoConfiguration matched due to @ConditionalOnClass found required class 'org.springframework.http.converter.HttpMessageConverter'
2023-03-01T14:42:25.484+08:00 TRACE 908 --- [           main] o.s.b.f.s.DefaultListableBeanFactory     : Returning cached instance of singleton bean 'autoConfigurationReport'
2023-03-01T14:42:25.488+08:00 TRACE 908 --- [           main] ation$NotReactiveWebApplicationCondition : Condition HttpMessageConvertersAutoConfiguration.NotReactiveWebApplicationCondition on org.springframework.boot.autoconfigure.http.HttpMessageConvertersAutoConfiguration matched due to NoneNestedConditions 0 matched 1 did not; NestedCondition on HttpMessageConvertersAutoConfiguration.NotReactiveWebApplicationCondition.ReactiveWebApplication did not find reactive web application classes
2023-03-01T14:42:25.488+08:00 TRACE 908 --- [           main] o.s.b.f.s.DefaultListableBeanFactory     : Returning cached instance of singleton bean 'autoConfigurationReport'
2023-03-01T14:42:25.488+08:00 TRACE 908 --- [           main] o.s.b.f.s.DefaultListableBeanFactory     : Returning cached instance of singleton bean 'autoConfigurationReport'
2023-03-01T14:42:25.488+08:00 TRACE 908 --- [           main] o.s.b.f.s.DefaultListableBeanFactory     : Returning cached instance of singleton bean 'autoConfigurationReport'
2023-03-01T14:42:25.488+08:00 TRACE 908 --- [           main] o.s.b.f.s.DefaultListableBeanFactory     : Returning cached instance of singleton bean 'autoConfigurationReport'
2023-03-01T14:42:25.491+08:00 TRACE 908 --- [           main] o.s.b.a.condition.OnClassCondition       : Condition OnClassCondition on org.springframework.boot.autoconfigure.http.HttpMessageConvertersAutoConfiguration$StringHttpMessageConverterConfiguration matched due to @ConditionalOnClass found required class 'org.springframework.http.converter.StringHttpMessageConverter'
2023-03-01T14:42:25.491+08:00 TRACE 908 --- [           main] o.s.b.f.s.DefaultListableBeanFactory     : Returning cached instance of singleton bean 'autoConfigurationReport'
2023-03-01T14:42:25.491+08:00 TRACE 908 --- [           main] o.s.b.f.s.DefaultListableBeanFactory     : Returning cached instance of singleton bean 'autoConfigurationReport'
2023-03-01T14:42:25.491+08:00 TRACE 908 --- [           main] o.s.b.f.s.DefaultListableBeanFactory     : Returning cached instance of singleton bean 'autoConfigurationReport'
2023-03-01T14:42:25.491+08:00 TRACE 908 --- [           main] o.s.b.f.s.DefaultListableBeanFactory     : Returning cached instance of singleton bean 'autoConfigurationReport'
2023-03-01T14:42:25.494+08:00 TRACE 908 --- [           main] o.s.b.f.s.DefaultListableBeanFactory     : Returning cached instance of singleton bean 'autoConfigurationReport'
2023-03-01T14:42:25.494+08:00 TRACE 908 --- [           main] o.s.b.f.s.DefaultListableBeanFactory     : Returning cached instance of singleton bean 'autoConfigurationReport'
2023-03-01T14:42:25.494+08:00 TRACE 908 --- [           main] o.s.b.f.s.DefaultListableBeanFactory     : Returning cached instance of singleton bean 'autoConfigurationReport'
2023-03-01T14:42:25.496+08:00 TRACE 908 --- [           main] o.s.b.a.condition.OnClassCondition       : Condition OnClassCondition on org.springframework.boot.autoconfigure.http.JacksonHttpMessageConvertersConfiguration$MappingJackson2XmlHttpMessageConverterConfiguration did not match due to @ConditionalOnClass did not find required class 'com.fasterxml.jackson.dataformat.xml.XmlMapper'
2023-03-01T14:42:25.496+08:00 TRACE 908 --- [           main] o.s.b.f.s.DefaultListableBeanFactory     : Returning cached instance of singleton bean 'autoConfigurationReport'
2023-03-01T14:42:25.497+08:00 TRACE 908 --- [           main] o.s.b.a.condition.OnClassCondition       : Condition OnClassCondition on org.springframework.boot.autoconfigure.http.JacksonHttpMessageConvertersConfiguration$MappingJackson2HttpMessageConverterConfiguration matched due to @ConditionalOnClass found required class 'com.fasterxml.jackson.databind.ObjectMapper'
2023-03-01T14:42:25.497+08:00 TRACE 908 --- [           main] o.s.b.f.s.DefaultListableBeanFactory     : Returning cached instance of singleton bean 'autoConfigurationReport'
2023-03-01T14:42:25.498+08:00 TRACE 908 --- [           main] o.s.b.a.condition.OnPropertyCondition    : Condition OnPropertyCondition on org.springframework.boot.autoconfigure.http.JacksonHttpMessageConvertersConfiguration$MappingJackson2HttpMessageConverterConfiguration matched due to @ConditionalOnProperty (spring.mvc.converters.preferred-json-mapper=jackson) matched
2023-03-01T14:42:25.498+08:00 TRACE 908 --- [           main] o.s.b.f.s.DefaultListableBeanFactory     : Returning cached instance of singleton bean 'autoConfigurationReport'
2023-03-01T14:42:25.498+08:00 TRACE 908 --- [           main] o.s.b.f.s.DefaultListableBeanFactory     : Returning cached instance of singleton bean 'autoConfigurationReport'
2023-03-01T14:42:25.498+08:00 TRACE 908 --- [           main] o.s.b.f.s.DefaultListableBeanFactory     : Returning cached instance of singleton bean 'autoConfigurationReport'
2023-03-01T14:42:25.498+08:00 TRACE 908 --- [           main] o.s.b.f.s.DefaultListableBeanFactory     : Returning cached instance of singleton bean 'autoConfigurationReport'
2023-03-01T14:42:25.499+08:00 TRACE 908 --- [           main] o.s.b.a.condition.OnClassCondition       : Condition OnClassCondition on org.springframework.boot.autoconfigure.http.GsonHttpMessageConvertersConfiguration did not match due to @ConditionalOnClass did not find required class 'com.google.gson.Gson'
2023-03-01T14:42:25.499+08:00 TRACE 908 --- [           main] o.s.b.f.s.DefaultListableBeanFactory     : Returning cached instance of singleton bean 'autoConfigurationReport'
2023-03-01T14:42:25.500+08:00 TRACE 908 --- [           main] o.s.b.a.condition.OnClassCondition       : Condition OnClassCondition on org.springframework.boot.autoconfigure.http.JsonbHttpMessageConvertersConfiguration did not match due to @ConditionalOnClass did not find required class 'jakarta.json.bind.Jsonb'
2023-03-01T14:42:25.500+08:00 TRACE 908 --- [           main] o.s.b.f.s.DefaultListableBeanFactory     : Returning cached instance of singleton bean 'autoConfigurationReport'
2023-03-01T14:42:25.500+08:00 TRACE 908 --- [           main] o.s.b.f.s.DefaultListableBeanFactory     : Returning cached instance of singleton bean 'autoConfigurationReport'
2023-03-01T14:42:25.500+08:00 TRACE 908 --- [           main] o.s.b.f.s.DefaultListableBeanFactory     : Returning cached instance of singleton bean 'autoConfigurationReport'
2023-03-01T14:42:25.500+08:00 TRACE 908 --- [           main] o.s.b.f.s.DefaultListableBeanFactory     : Returning cached instance of singleton bean 'autoConfigurationReport'
2023-03-01T14:42:25.500+08:00 TRACE 908 --- [           main] o.s.b.f.s.DefaultListableBeanFactory     : Returning cached instance of singleton bean 'autoConfigurationReport'
2023-03-01T14:42:25.501+08:00 TRACE 908 --- [           main] o.s.b.f.s.DefaultListableBeanFactory     : Returning cached instance of singleton bean 'autoConfigurationReport'
2023-03-01T14:42:25.501+08:00 TRACE 908 --- [           main] o.s.b.f.s.DefaultListableBeanFactory     : Returning cached instance of singleton bean 'autoConfigurationReport'
2023-03-01T14:42:25.504+08:00 TRACE 908 --- [           main] o.s.b.a.condition.OnClassCondition       : Condition OnClassCondition on org.springframework.boot.autoconfigure.data.web.SpringDataWebAutoConfiguration matched due to @ConditionalOnClass found required classes 'org.springframework.data.web.PageableHandlerMethodArgumentResolver', 'org.springframework.web.servlet.config.annotation.WebMvcConfigurer'
2023-03-01T14:42:25.504+08:00 TRACE 908 --- [           main] o.s.b.f.s.DefaultListableBeanFactory     : Returning cached instance of singleton bean 'autoConfigurationReport'
2023-03-01T14:42:25.504+08:00 TRACE 908 --- [           main] o.s.b.a.c.OnWebApplicationCondition      : Condition OnWebApplicationCondition on org.springframework.boot.autoconfigure.data.web.SpringDataWebAutoConfiguration matched due to found 'session' scope
2023-03-01T14:42:25.504+08:00 TRACE 908 --- [           main] o.s.b.f.s.DefaultListableBeanFactory     : Returning cached instance of singleton bean 'autoConfigurationReport'
2023-03-01T14:42:25.504+08:00 TRACE 908 --- [           main] o.s.b.f.s.DefaultListableBeanFactory     : Returning cached instance of singleton bean 'autoConfigurationReport'
2023-03-01T14:42:25.505+08:00 TRACE 908 --- [           main] o.s.b.f.s.DefaultListableBeanFactory     : Returning cached instance of singleton bean 'autoConfigurationReport'
2023-03-01T14:42:25.505+08:00 TRACE 908 --- [           main] o.s.b.f.s.DefaultListableBeanFactory     : Returning cached instance of singleton bean 'autoConfigurationReport'
2023-03-01T14:42:25.512+08:00 TRACE 908 --- [           main] o.s.b.f.s.DefaultListableBeanFactory     : Returning cached instance of singleton bean 'autoConfigurationReport'
2023-03-01T14:42:25.512+08:00 TRACE 908 --- [           main] o.s.b.f.s.DefaultListableBeanFactory     : Returning cached instance of singleton bean 'autoConfigurationReport'
2023-03-01T14:42:25.512+08:00 TRACE 908 --- [           main] o.s.b.f.s.DefaultListableBeanFactory     : Returning cached instance of singleton bean 'autoConfigurationReport'
2023-03-01T14:42:25.513+08:00 TRACE 908 --- [           main] o.s.b.f.s.DefaultListableBeanFactory     : Returning cached instance of singleton bean 'autoConfigurationReport'
2023-03-01T14:42:25.513+08:00 TRACE 908 --- [           main] o.s.b.f.s.DefaultListableBeanFactory     : Returning cached instance of singleton bean 'autoConfigurationReport'
2023-03-01T14:42:25.513+08:00 TRACE 908 --- [           main] o.s.b.f.s.DefaultListableBeanFactory     : Returning cached instance of singleton bean 'autoConfigurationReport'
2023-03-01T14:42:25.514+08:00 TRACE 908 --- [           main] o.s.b.f.s.DefaultListableBeanFactory     : Returning cached instance of singleton bean 'autoConfigurationReport'
2023-03-01T14:42:25.514+08:00 TRACE 908 --- [           main] o.s.b.f.s.DefaultListableBeanFactory     : Returning cached instance of singleton bean 'autoConfigurationReport'
2023-03-01T14:42:25.514+08:00 TRACE 908 --- [           main] o.s.b.f.s.DefaultListableBeanFactory     : Returning cached instance of singleton bean 'autoConfigurationReport'
2023-03-01T14:42:25.514+08:00 TRACE 908 --- [           main] o.s.b.f.s.DefaultListableBeanFactory     : Returning cached instance of singleton bean 'autoConfigurationReport'
2023-03-01T14:42:25.514+08:00 TRACE 908 --- [           main] o.s.b.f.s.DefaultListableBeanFactory     : Returning cached instance of singleton bean 'autoConfigurationReport'
2023-03-01T14:42:25.514+08:00 TRACE 908 --- [           main] o.s.b.f.s.DefaultListableBeanFactory     : Returning cached instance of singleton bean 'autoConfigurationReport'
2023-03-01T14:42:25.515+08:00 TRACE 908 --- [           main] o.s.b.f.s.DefaultListableBeanFactory     : Returning cached instance of singleton bean 'autoConfigurationReport'
2023-03-01T14:42:25.515+08:00 TRACE 908 --- [           main] o.s.b.f.s.DefaultListableBeanFactory     : Returning cached instance of singleton bean 'autoConfigurationReport'
2023-03-01T14:42:25.515+08:00 TRACE 908 --- [           main] o.s.b.f.s.DefaultListableBeanFactory     : Returning cached instance of singleton bean 'autoConfigurationReport'
2023-03-01T14:42:25.516+08:00 TRACE 908 --- [           main] o.s.b.f.s.DefaultListableBeanFactory     : Returning cached instance of singleton bean 'autoConfigurationReport'
2023-03-01T14:42:25.516+08:00 TRACE 908 --- [           main] o.s.b.f.s.DefaultListableBeanFactory     : Returning cached instance of singleton bean 'autoConfigurationReport'
2023-03-01T14:42:25.516+08:00 TRACE 908 --- [           main] o.s.b.f.s.DefaultListableBeanFactory     : Returning cached instance of singleton bean 'autoConfigurationReport'
2023-03-01T14:42:25.519+08:00 TRACE 908 --- [           main] o.s.b.f.s.DefaultListableBeanFactory     : Returning cached instance of singleton bean 'autoConfigurationReport'
2023-03-01T14:42:25.520+08:00 TRACE 908 --- [           main] o.s.b.f.s.DefaultListableBeanFactory     : Returning cached instance of singleton bean 'autoConfigurationReport'
2023-03-01T14:42:25.520+08:00 TRACE 908 --- [           main] o.s.b.f.s.DefaultListableBeanFactory     : Returning cached instance of singleton bean 'autoConfigurationReport'
2023-03-01T14:42:25.520+08:00 TRACE 908 --- [           main] o.s.b.f.s.DefaultListableBeanFactory     : Returning cached instance of singleton bean 'autoConfigurationReport'
2023-03-01T14:42:25.520+08:00 TRACE 908 --- [           main] o.s.b.f.s.DefaultListableBeanFactory     : Returning cached instance of singleton bean 'autoConfigurationReport'
2023-03-01T14:42:25.521+08:00 TRACE 908 --- [           main] o.s.b.f.s.DefaultListableBeanFactory     : Returning cached instance of singleton bean 'autoConfigurationReport'
2023-03-01T14:42:25.523+08:00 TRACE 908 --- [           main] o.s.b.a.condition.OnClassCondition       : Condition OnClassCondition on org.springframework.boot.autoconfigure.h2.H2ConsoleAutoConfiguration matched due to @ConditionalOnClass found required class 'org.h2.server.web.JakartaWebServlet'
2023-03-01T14:42:25.523+08:00 TRACE 908 --- [           main] o.s.b.f.s.DefaultListableBeanFactory     : Returning cached instance of singleton bean 'autoConfigurationReport'
2023-03-01T14:42:25.523+08:00 TRACE 908 --- [           main] o.s.b.a.c.OnWebApplicationCondition      : Condition OnWebApplicationCondition on org.springframework.boot.autoconfigure.h2.H2ConsoleAutoConfiguration matched due to found 'session' scope
2023-03-01T14:42:25.523+08:00 TRACE 908 --- [           main] o.s.b.f.s.DefaultListableBeanFactory     : Returning cached instance of singleton bean 'autoConfigurationReport'
2023-03-01T14:42:25.523+08:00 TRACE 908 --- [           main] o.s.b.a.condition.OnPropertyCondition    : Condition OnPropertyCondition on org.springframework.boot.autoconfigure.h2.H2ConsoleAutoConfiguration did not match due to @ConditionalOnProperty (spring.h2.console.enabled=true) did not find property 'enabled'
2023-03-01T14:42:25.523+08:00 TRACE 908 --- [           main] o.s.b.f.s.DefaultListableBeanFactory     : Returning cached instance of singleton bean 'autoConfigurationReport'
2023-03-01T14:42:25.523+08:00 TRACE 908 --- [           main] o.s.b.f.s.DefaultListableBeanFactory     : Returning cached instance of singleton bean 'autoConfigurationReport'
2023-03-01T14:42:25.523+08:00 TRACE 908 --- [           main] o.s.b.f.s.DefaultListableBeanFactory     : Returning cached instance of singleton bean 'autoConfigurationReport'
2023-03-01T14:42:25.523+08:00 TRACE 908 --- [           main] o.s.b.f.s.DefaultListableBeanFactory     : Returning cached instance of singleton bean 'autoConfigurationReport'
2023-03-01T14:42:25.523+08:00 TRACE 908 --- [           main] o.s.b.f.s.DefaultListableBeanFactory     : Returning cached instance of singleton bean 'autoConfigurationReport'
2023-03-01T14:42:25.523+08:00 TRACE 908 --- [           main] o.s.b.f.s.DefaultListableBeanFactory     : Returning cached instance of singleton bean 'autoConfigurationReport'
2023-03-01T14:42:25.523+08:00 TRACE 908 --- [           main] o.s.b.f.s.DefaultListableBeanFactory     : Returning cached instance of singleton bean 'autoConfigurationReport'
2023-03-01T14:42:25.524+08:00 TRACE 908 --- [           main] o.s.b.f.s.DefaultListableBeanFactory     : Returning cached instance of singleton bean 'autoConfigurationReport'
2023-03-01T14:42:25.524+08:00 TRACE 908 --- [           main] o.s.b.f.s.DefaultListableBeanFactory     : Returning cached instance of singleton bean 'autoConfigurationReport'
2023-03-01T14:42:25.524+08:00 TRACE 908 --- [           main] o.s.b.f.s.DefaultListableBeanFactory     : Returning cached instance of singleton bean 'autoConfigurationReport'
2023-03-01T14:42:25.525+08:00 TRACE 908 --- [           main] o.s.b.f.s.DefaultListableBeanFactory     : Returning cached instance of singleton bean 'autoConfigurationReport'
2023-03-01T14:42:25.525+08:00 TRACE 908 --- [           main] o.s.b.f.s.DefaultListableBeanFactory     : Returning cached instance of singleton bean 'autoConfigurationReport'
2023-03-01T14:42:25.525+08:00 TRACE 908 --- [           main] o.s.b.f.s.DefaultListableBeanFactory     : Returning cached instance of singleton bean 'autoConfigurationReport'
2023-03-01T14:42:25.525+08:00 TRACE 908 --- [           main] o.s.b.f.s.DefaultListableBeanFactory     : Returning cached instance of singleton bean 'autoConfigurationReport'
2023-03-01T14:42:25.525+08:00 TRACE 908 --- [           main] o.s.b.f.s.DefaultListableBeanFactory     : Returning cached instance of singleton bean 'autoConfigurationReport'
2023-03-01T14:42:25.525+08:00 TRACE 908 --- [           main] o.s.b.f.s.DefaultListableBeanFactory     : Returning cached instance of singleton bean 'autoConfigurationReport'
2023-03-01T14:42:25.526+08:00 TRACE 908 --- [           main] o.s.b.a.condition.OnClassCondition       : Condition OnClassCondition on org.springframework.boot.autoconfigure.jdbc.JdbcTemplateAutoConfiguration matched due to @ConditionalOnClass found required classes 'javax.sql.DataSource', 'org.springframework.jdbc.core.JdbcTemplate'
2023-03-01T14:42:25.526+08:00 TRACE 908 --- [           main] o.s.b.f.s.DefaultListableBeanFactory     : Returning cached instance of singleton bean 'autoConfigurationReport'
2023-03-01T14:42:25.526+08:00 TRACE 908 --- [           main] o.s.b.f.s.DefaultListableBeanFactory     : Returning cached instance of singleton bean 'autoConfigurationReport'
2023-03-01T14:42:25.526+08:00 TRACE 908 --- [           main] o.s.b.f.s.DefaultListableBeanFactory     : Returning cached instance of singleton bean 'autoConfigurationReport'
2023-03-01T14:42:25.526+08:00 TRACE 908 --- [           main] o.s.b.f.s.DefaultListableBeanFactory     : Returning cached instance of singleton bean 'autoConfigurationReport'
2023-03-01T14:42:25.528+08:00 TRACE 908 --- [           main] o.s.b.f.s.DefaultListableBeanFactory     : Returning cached instance of singleton bean 'autoConfigurationReport'
2023-03-01T14:42:25.528+08:00 TRACE 908 --- [           main] o.s.b.f.s.DefaultListableBeanFactory     : Returning cached instance of singleton bean 'autoConfigurationReport'
2023-03-01T14:42:25.528+08:00 TRACE 908 --- [           main] o.s.b.f.s.DefaultListableBeanFactory     : Returning cached instance of singleton bean 'autoConfigurationReport'
2023-03-01T14:42:25.528+08:00 TRACE 908 --- [           main] o.s.b.f.s.DefaultListableBeanFactory     : Returning cached instance of singleton bean 'autoConfigurationReport'
2023-03-01T14:42:25.528+08:00 TRACE 908 --- [           main] o.s.b.f.s.DefaultListableBeanFactory     : Returning cached instance of singleton bean 'autoConfigurationReport'
2023-03-01T14:42:25.528+08:00 TRACE 908 --- [           main] o.s.b.f.s.DefaultListableBeanFactory     : Returning cached instance of singleton bean 'autoConfigurationReport'
2023-03-01T14:42:25.529+08:00 TRACE 908 --- [           main] o.s.b.f.s.DefaultListableBeanFactory     : Returning cached instance of singleton bean 'autoConfigurationReport'
2023-03-01T14:42:25.529+08:00 TRACE 908 --- [           main] o.s.b.f.s.DefaultListableBeanFactory     : Returning cached instance of singleton bean 'autoConfigurationReport'
2023-03-01T14:42:25.529+08:00 TRACE 908 --- [           main] o.s.b.f.s.DefaultListableBeanFactory     : Returning cached instance of singleton bean 'autoConfigurationReport'
2023-03-01T14:42:25.529+08:00 TRACE 908 --- [           main] o.s.b.f.s.DefaultListableBeanFactory     : Returning cached instance of singleton bean 'autoConfigurationReport'
2023-03-01T14:42:25.529+08:00 TRACE 908 --- [           main] o.s.b.f.s.DefaultListableBeanFactory     : Returning cached instance of singleton bean 'autoConfigurationReport'
2023-03-01T14:42:25.529+08:00 TRACE 908 --- [           main] o.s.b.f.s.DefaultListableBeanFactory     : Returning cached instance of singleton bean 'autoConfigurationReport'
2023-03-01T14:42:25.530+08:00 TRACE 908 --- [           main] o.s.b.a.condition.OnClassCondition       : Condition OnClassCondition on org.springframework.boot.autoconfigure.liquibase.LiquibaseAutoConfiguration matched due to @ConditionalOnClass found required classes 'liquibase.integration.spring.SpringLiquibase', 'liquibase.change.DatabaseChange'
2023-03-01T14:42:25.530+08:00 TRACE 908 --- [           main] o.s.b.f.s.DefaultListableBeanFactory     : Returning cached instance of singleton bean 'autoConfigurationReport'
2023-03-01T14:42:25.531+08:00 TRACE 908 --- [           main] o.s.b.a.condition.OnPropertyCondition    : Condition OnPropertyCondition on org.springframework.boot.autoconfigure.liquibase.LiquibaseAutoConfiguration matched due to @ConditionalOnProperty (spring.liquibase.enabled) matched
2023-03-01T14:42:25.531+08:00 TRACE 908 --- [           main] o.s.b.f.s.DefaultListableBeanFactory     : Returning cached instance of singleton bean 'autoConfigurationReport'
2023-03-01T14:42:25.531+08:00 TRACE 908 --- [           main] o.s.b.f.s.DefaultListableBeanFactory     : Returning cached instance of singleton bean 'autoConfigurationReport'
2023-03-01T14:42:25.531+08:00 TRACE 908 --- [           main] o.s.b.f.s.DefaultListableBeanFactory     : Returning cached instance of singleton bean 'autoConfigurationReport'
2023-03-01T14:42:25.531+08:00 TRACE 908 --- [           main] o.s.b.f.s.DefaultListableBeanFactory     : Returning cached instance of singleton bean 'autoConfigurationReport'
2023-03-01T14:42:25.536+08:00 TRACE 908 --- [           main] o.s.b.a.condition.OnClassCondition       : Condition OnClassCondition on org.springframework.boot.autoconfigure.liquibase.LiquibaseAutoConfiguration$LiquibaseConfiguration matched due to @ConditionalOnClass found required class 'org.springframework.jdbc.core.ConnectionCallback'
2023-03-01T14:42:25.536+08:00 TRACE 908 --- [           main] o.s.b.f.s.DefaultListableBeanFactory     : Returning cached instance of singleton bean 'autoConfigurationReport'
2023-03-01T14:42:25.536+08:00 TRACE 908 --- [           main] o.s.b.f.s.DefaultListableBeanFactory     : Returning cached instance of singleton bean 'autoConfigurationReport'
2023-03-01T14:42:25.537+08:00 TRACE 908 --- [           main] o.s.b.f.s.DefaultListableBeanFactory     : Returning cached instance of singleton bean 'autoConfigurationReport'
2023-03-01T14:42:25.537+08:00 TRACE 908 --- [           main] o.s.b.f.s.DefaultListableBeanFactory     : Returning cached instance of singleton bean 'autoConfigurationReport'
2023-03-01T14:42:25.537+08:00 TRACE 908 --- [           main] o.s.b.f.s.DefaultListableBeanFactory     : Returning cached instance of singleton bean 'autoConfigurationReport'
2023-03-01T14:42:25.538+08:00 TRACE 908 --- [           main] o.s.b.f.s.DefaultListableBeanFactory     : Returning cached instance of singleton bean 'autoConfigurationReport'
2023-03-01T14:42:25.538+08:00 TRACE 908 --- [           main] o.s.b.f.s.DefaultListableBeanFactory     : Returning cached instance of singleton bean 'autoConfigurationReport'
2023-03-01T14:42:25.538+08:00 TRACE 908 --- [           main] o.s.b.f.s.DefaultListableBeanFactory     : Returning cached instance of singleton bean 'autoConfigurationReport'
2023-03-01T14:42:25.538+08:00 TRACE 908 --- [           main] o.s.b.f.s.DefaultListableBeanFactory     : Returning cached instance of singleton bean 'autoConfigurationReport'
2023-03-01T14:42:25.538+08:00 TRACE 908 --- [           main] o.s.b.f.s.DefaultListableBeanFactory     : Returning cached instance of singleton bean 'autoConfigurationReport'
2023-03-01T14:42:25.540+08:00 TRACE 908 --- [           main] o.s.b.a.condition.OnClassCondition       : Condition OnClassCondition on org.springframework.boot.autoconfigure.netty.NettyAutoConfiguration matched due to @ConditionalOnClass found required class 'io.netty.util.NettyRuntime'
2023-03-01T14:42:25.540+08:00 TRACE 908 --- [           main] o.s.b.f.s.DefaultListableBeanFactory     : Returning cached instance of singleton bean 'autoConfigurationReport'
2023-03-01T14:42:25.540+08:00 TRACE 908 --- [           main] o.s.b.f.s.DefaultListableBeanFactory     : Returning cached instance of singleton bean 'autoConfigurationReport'
2023-03-01T14:42:25.541+08:00 TRACE 908 --- [           main] o.s.b.f.s.DefaultListableBeanFactory     : Returning cached instance of singleton bean 'autoConfigurationReport'
2023-03-01T14:42:25.541+08:00 TRACE 908 --- [           main] o.s.b.f.s.DefaultListableBeanFactory     : Returning cached instance of singleton bean 'autoConfigurationReport'
2023-03-01T14:42:25.541+08:00 TRACE 908 --- [           main] o.s.b.f.s.DefaultListableBeanFactory     : Returning cached instance of singleton bean 'autoConfigurationReport'
2023-03-01T14:42:25.541+08:00 TRACE 908 --- [           main] o.s.b.f.s.DefaultListableBeanFactory     : Returning cached instance of singleton bean 'autoConfigurationReport'
2023-03-01T14:42:25.541+08:00 TRACE 908 --- [           main] o.s.b.f.s.DefaultListableBeanFactory     : Returning cached instance of singleton bean 'autoConfigurationReport'
2023-03-01T14:42:25.541+08:00 TRACE 908 --- [           main] o.s.b.f.s.DefaultListableBeanFactory     : Returning cached instance of singleton bean 'autoConfigurationReport'
2023-03-01T14:42:25.541+08:00 TRACE 908 --- [           main] o.s.b.f.s.DefaultListableBeanFactory     : Returning cached instance of singleton bean 'autoConfigurationReport'
2023-03-01T14:42:25.541+08:00 TRACE 908 --- [           main] o.s.b.f.s.DefaultListableBeanFactory     : Returning cached instance of singleton bean 'autoConfigurationReport'
2023-03-01T14:42:25.544+08:00 TRACE 908 --- [           main] o.s.b.a.condition.OnClassCondition       : Condition OnClassCondition on org.springframework.boot.autoconfigure.security.oauth2.client.reactive.ReactiveOAuth2ClientAutoConfiguration matched due to @ConditionalOnClass found required classes 'reactor.core.publisher.Flux', 'org.springframework.security.config.annotation.web.reactive.EnableWebFluxSecurity', 'org.springframework.security.oauth2.client.registration.ClientRegistration'
2023-03-01T14:42:25.545+08:00 TRACE 908 --- [           main] o.s.b.f.s.DefaultListableBeanFactory     : Returning cached instance of singleton bean 'autoConfigurationReport'
2023-03-01T14:42:25.548+08:00 TRACE 908 --- [           main] iguration$NonServletApplicationCondition : Condition ReactiveOAuth2ClientAutoConfiguration.NonServletApplicationCondition on org.springframework.boot.autoconfigure.security.oauth2.client.reactive.ReactiveOAuth2ClientAutoConfiguration did not match due to NoneNestedConditions 1 matched 0 did not; NestedCondition on ReactiveOAuth2ClientAutoConfiguration.NonServletApplicationCondition.ServletApplicationCondition found 'session' scope
2023-03-01T14:42:25.548+08:00 TRACE 908 --- [           main] o.s.b.f.s.DefaultListableBeanFactory     : Returning cached instance of singleton bean 'autoConfigurationReport'
2023-03-01T14:42:25.548+08:00 TRACE 908 --- [           main] o.s.b.f.s.DefaultListableBeanFactory     : Returning cached instance of singleton bean 'autoConfigurationReport'
2023-03-01T14:42:25.548+08:00 TRACE 908 --- [           main] o.s.b.f.s.DefaultListableBeanFactory     : Returning cached instance of singleton bean 'autoConfigurationReport'
2023-03-01T14:42:25.548+08:00 TRACE 908 --- [           main] o.s.b.f.s.DefaultListableBeanFactory     : Returning cached instance of singleton bean 'autoConfigurationReport'
2023-03-01T14:42:25.548+08:00 TRACE 908 --- [           main] o.s.b.f.s.DefaultListableBeanFactory     : Returning cached instance of singleton bean 'autoConfigurationReport'
2023-03-01T14:42:25.549+08:00 TRACE 908 --- [           main] o.s.b.f.s.DefaultListableBeanFactory     : Returning cached instance of singleton bean 'autoConfigurationReport'
2023-03-01T14:42:25.549+08:00 TRACE 908 --- [           main] o.s.b.f.s.DefaultListableBeanFactory     : Returning cached instance of singleton bean 'autoConfigurationReport'
2023-03-01T14:42:25.551+08:00 TRACE 908 --- [           main] o.s.b.a.condition.OnClassCondition       : Condition OnClassCondition on org.springframework.boot.autoconfigure.security.oauth2.client.servlet.OAuth2ClientAutoConfiguration matched due to @ConditionalOnClass found required classes 'org.springframework.security.config.annotation.web.configuration.EnableWebSecurity', 'org.springframework.security.oauth2.client.registration.ClientRegistration'
2023-03-01T14:42:25.551+08:00 TRACE 908 --- [           main] o.s.b.f.s.DefaultListableBeanFactory     : Returning cached instance of singleton bean 'autoConfigurationReport'
2023-03-01T14:42:25.551+08:00 TRACE 908 --- [           main] o.s.b.a.c.OnWebApplicationCondition      : Condition OnWebApplicationCondition on org.springframework.boot.autoconfigure.security.oauth2.client.servlet.OAuth2ClientAutoConfiguration matched due to found 'session' scope
2023-03-01T14:42:25.551+08:00 TRACE 908 --- [           main] o.s.b.f.s.DefaultListableBeanFactory     : Returning cached instance of singleton bean 'autoConfigurationReport'
2023-03-01T14:42:25.551+08:00 TRACE 908 --- [           main] o.s.b.f.s.DefaultListableBeanFactory     : Returning cached instance of singleton bean 'autoConfigurationReport'
2023-03-01T14:42:25.551+08:00 TRACE 908 --- [           main] o.s.b.f.s.DefaultListableBeanFactory     : Returning cached instance of singleton bean 'autoConfigurationReport'
2023-03-01T14:42:25.551+08:00 TRACE 908 --- [           main] o.s.b.f.s.DefaultListableBeanFactory     : Returning cached instance of singleton bean 'autoConfigurationReport'
2023-03-01T14:42:25.564+08:00 TRACE 908 --- [           main] o.s.b.a.s.o.c.ClientsConfiguredCondition : Condition ClientsConfiguredCondition on org.springframework.boot.autoconfigure.security.oauth2.client.servlet.OAuth2ClientRegistrationRepositoryConfiguration matched due to OAuth2 Clients Configured Condition found registered clients 886196325840-29fa6bu5aka8m1nj6p80a9vn5p2uttb4.apps.googleusercontent.com
2023-03-01T14:42:25.564+08:00 TRACE 908 --- [           main] o.s.b.f.s.DefaultListableBeanFactory     : Returning cached instance of singleton bean 'autoConfigurationReport'
2023-03-01T14:42:25.564+08:00 TRACE 908 --- [           main] o.s.b.f.s.DefaultListableBeanFactory     : Returning cached instance of singleton bean 'autoConfigurationReport'
2023-03-01T14:42:25.565+08:00 TRACE 908 --- [           main] o.s.b.f.s.DefaultListableBeanFactory     : Returning cached instance of singleton bean 'autoConfigurationReport'
2023-03-01T14:42:25.565+08:00 TRACE 908 --- [           main] o.s.b.f.s.DefaultListableBeanFactory     : Returning cached instance of singleton bean 'autoConfigurationReport'
2023-03-01T14:42:25.565+08:00 TRACE 908 --- [           main] o.s.b.f.s.DefaultListableBeanFactory     : Returning cached instance of singleton bean 'autoConfigurationReport'
2023-03-01T14:42:25.565+08:00 TRACE 908 --- [           main] o.s.b.f.s.DefaultListableBeanFactory     : Returning cached instance of singleton bean 'autoConfigurationReport'
2023-03-01T14:42:25.565+08:00 TRACE 908 --- [           main] o.s.b.f.s.DefaultListableBeanFactory     : Returning cached instance of singleton bean 'autoConfigurationReport'
2023-03-01T14:42:25.568+08:00 TRACE 908 --- [           main] o.s.b.f.s.DefaultListableBeanFactory     : Returning cached instance of singleton bean 'autoConfigurationReport'
2023-03-01T14:42:25.569+08:00 TRACE 908 --- [           main] o.s.b.f.s.DefaultListableBeanFactory     : Returning cached instance of singleton bean 'autoConfigurationReport'
2023-03-01T14:42:25.569+08:00 TRACE 908 --- [           main] o.s.b.f.s.DefaultListableBeanFactory     : Returning cached instance of singleton bean 'autoConfigurationReport'
2023-03-01T14:42:25.570+08:00 TRACE 908 --- [           main] o.s.b.f.s.DefaultListableBeanFactory     : Returning cached instance of singleton bean 'autoConfigurationReport'
2023-03-01T14:42:25.570+08:00 TRACE 908 --- [           main] o.s.b.f.s.DefaultListableBeanFactory     : Returning cached instance of singleton bean 'autoConfigurationReport'
2023-03-01T14:42:25.570+08:00 TRACE 908 --- [           main] o.s.b.f.s.DefaultListableBeanFactory     : Returning cached instance of singleton bean 'autoConfigurationReport'
2023-03-01T14:42:25.570+08:00 TRACE 908 --- [           main] o.s.b.f.s.DefaultListableBeanFactory     : Returning cached instance of singleton bean 'autoConfigurationReport'
2023-03-01T14:42:25.570+08:00 TRACE 908 --- [           main] o.s.b.f.s.DefaultListableBeanFactory     : Returning cached instance of singleton bean 'autoConfigurationReport'
2023-03-01T14:42:25.570+08:00 TRACE 908 --- [           main] o.s.b.f.s.DefaultListableBeanFactory     : Returning cached instance of singleton bean 'autoConfigurationReport'
2023-03-01T14:42:25.572+08:00 TRACE 908 --- [           main] o.s.b.a.condition.OnClassCondition       : Condition OnClassCondition on org.springframework.boot.autoconfigure.security.reactive.ReactiveUserDetailsServiceAutoConfiguration matched due to @ConditionalOnClass found required class 'org.springframework.security.authentication.ReactiveAuthenticationManager'
2023-03-01T14:42:25.572+08:00 TRACE 908 --- [           main] o.s.b.f.s.DefaultListableBeanFactory     : Returning cached instance of singleton bean 'autoConfigurationReport'
2023-03-01T14:42:25.573+08:00 TRACE 908 --- [           main] o.s.b.f.s.DefaultListableBeanFactory     : Returning cached instance of singleton bean 'autoConfigurationReport'
2023-03-01T14:42:25.573+08:00 TRACE 908 --- [           main] o.s.b.f.s.DefaultListableBeanFactory     : Returning cached instance of singleton bean 'autoConfigurationReport'
2023-03-01T14:42:25.573+08:00 TRACE 908 --- [           main] o.s.b.f.s.DefaultListableBeanFactory     : Returning cached instance of singleton bean 'autoConfigurationReport'
2023-03-01T14:42:25.575+08:00 TRACE 908 --- [           main] o.s.b.f.s.DefaultListableBeanFactory     : Returning cached instance of singleton bean 'autoConfigurationReport'
2023-03-01T14:42:25.575+08:00 TRACE 908 --- [           main] o.s.b.f.s.DefaultListableBeanFactory     : Returning cached instance of singleton bean 'autoConfigurationReport'
2023-03-01T14:42:25.575+08:00 TRACE 908 --- [           main] o.s.b.f.s.DefaultListableBeanFactory     : Returning cached instance of singleton bean 'autoConfigurationReport'
2023-03-01T14:42:25.575+08:00 TRACE 908 --- [           main] o.s.b.f.s.DefaultListableBeanFactory     : Returning cached instance of singleton bean 'autoConfigurationReport'
2023-03-01T14:42:25.575+08:00 TRACE 908 --- [           main] o.s.b.f.s.DefaultListableBeanFactory     : Returning cached instance of singleton bean 'autoConfigurationReport'
2023-03-01T14:42:25.575+08:00 TRACE 908 --- [           main] o.s.b.f.s.DefaultListableBeanFactory     : Returning cached instance of singleton bean 'autoConfigurationReport'
2023-03-01T14:42:25.577+08:00 TRACE 908 --- [           main] o.s.b.a.condition.OnClassCondition       : Condition OnClassCondition on org.springframework.boot.autoconfigure.security.servlet.SecurityAutoConfiguration matched due to @ConditionalOnClass found required class 'org.springframework.security.authentication.DefaultAuthenticationEventPublisher'
2023-03-01T14:42:25.577+08:00 TRACE 908 --- [           main] o.s.b.f.s.DefaultListableBeanFactory     : Returning cached instance of singleton bean 'autoConfigurationReport'
2023-03-01T14:42:25.578+08:00 TRACE 908 --- [           main] o.s.b.f.s.DefaultListableBeanFactory     : Returning cached instance of singleton bean 'autoConfigurationReport'
2023-03-01T14:42:25.578+08:00 TRACE 908 --- [           main] o.s.b.f.s.DefaultListableBeanFactory     : Returning cached instance of singleton bean 'autoConfigurationReport'
2023-03-01T14:42:25.578+08:00 TRACE 908 --- [           main] o.s.b.f.s.DefaultListableBeanFactory     : Returning cached instance of singleton bean 'autoConfigurationReport'
2023-03-01T14:42:25.581+08:00 TRACE 908 --- [           main] o.s.b.a.c.OnWebApplicationCondition      : Condition OnWebApplicationCondition on org.springframework.boot.autoconfigure.security.servlet.SpringBootWebSecurityConfiguration matched due to found 'session' scope
2023-03-01T14:42:25.582+08:00 TRACE 908 --- [           main] o.s.b.f.s.DefaultListableBeanFactory     : Returning cached instance of singleton bean 'autoConfigurationReport'
2023-03-01T14:42:25.582+08:00 TRACE 908 --- [           main] o.s.b.f.s.DefaultListableBeanFactory     : Returning cached instance of singleton bean 'autoConfigurationReport'
2023-03-01T14:42:25.582+08:00 TRACE 908 --- [           main] o.s.b.f.s.DefaultListableBeanFactory     : Returning cached instance of singleton bean 'autoConfigurationReport'
2023-03-01T14:42:25.582+08:00 TRACE 908 --- [           main] o.s.b.f.s.DefaultListableBeanFactory     : Returning cached instance of singleton bean 'autoConfigurationReport'
2023-03-01T14:42:25.584+08:00 TRACE 908 --- [           main] o.s.b.a.condition.OnClassCondition       : Condition OnClassCondition on org.springframework.boot.autoconfigure.security.servlet.SpringBootWebSecurityConfiguration$WebSecurityEnablerConfiguration matched due to @ConditionalOnClass found required class 'org.springframework.security.config.annotation.web.configuration.EnableWebSecurity'
2023-03-01T14:42:25.584+08:00 TRACE 908 --- [           main] o.s.b.f.s.DefaultListableBeanFactory     : Returning cached instance of singleton bean 'autoConfigurationReport'
2023-03-01T14:42:25.584+08:00 TRACE 908 --- [           main] o.s.b.f.s.DefaultListableBeanFactory     : Returning cached instance of singleton bean 'autoConfigurationReport'
2023-03-01T14:42:25.584+08:00 TRACE 908 --- [           main] o.s.b.f.s.DefaultListableBeanFactory     : Returning cached instance of singleton bean 'autoConfigurationReport'
2023-03-01T14:42:25.584+08:00 TRACE 908 --- [           main] o.s.b.f.s.DefaultListableBeanFactory     : Returning cached instance of singleton bean 'autoConfigurationReport'
2023-03-01T14:42:25.585+08:00 TRACE 908 --- [           main] o.s.b.f.s.DefaultListableBeanFactory     : Returning cached instance of singleton bean 'autoConfigurationReport'
2023-03-01T14:42:25.585+08:00 TRACE 908 --- [           main] o.s.b.f.s.DefaultListableBeanFactory     : Returning cached instance of singleton bean 'autoConfigurationReport'
2023-03-01T14:42:25.585+08:00 TRACE 908 --- [           main] o.s.b.f.s.DefaultListableBeanFactory     : Returning cached instance of singleton bean 'autoConfigurationReport'
2023-03-01T14:42:25.585+08:00 TRACE 908 --- [           main] o.s.b.f.s.DefaultListableBeanFactory     : Returning cached instance of singleton bean 'autoConfigurationReport'
2023-03-01T14:42:25.585+08:00 TRACE 908 --- [           main] o.s.b.f.s.DefaultListableBeanFactory     : Returning cached instance of singleton bean 'autoConfigurationReport'
2023-03-01T14:42:25.585+08:00 TRACE 908 --- [           main] o.s.b.f.s.DefaultListableBeanFactory     : Returning cached instance of singleton bean 'autoConfigurationReport'
2023-03-01T14:42:25.585+08:00 TRACE 908 --- [           main] o.s.b.f.s.DefaultListableBeanFactory     : Returning cached instance of singleton bean 'autoConfigurationReport'
2023-03-01T14:42:25.586+08:00 TRACE 908 --- [           main] o.s.b.f.s.DefaultListableBeanFactory     : Returning cached instance of singleton bean 'autoConfigurationReport'
2023-03-01T14:42:25.586+08:00 TRACE 908 --- [           main] o.s.b.f.s.DefaultListableBeanFactory     : Returning cached instance of singleton bean 'autoConfigurationReport'
2023-03-01T14:42:25.586+08:00 TRACE 908 --- [           main] o.s.b.a.condition.OnClassCondition       : Condition OnClassCondition on org.springframework.boot.autoconfigure.security.SecurityDataConfiguration did not match due to @ConditionalOnClass did not find required class 'org.springframework.security.data.repository.query.SecurityEvaluationContextExtension'
2023-03-01T14:42:25.587+08:00 TRACE 908 --- [           main] o.s.b.f.s.DefaultListableBeanFactory     : Returning cached instance of singleton bean 'autoConfigurationReport'
2023-03-01T14:42:25.587+08:00 TRACE 908 --- [           main] o.s.b.f.s.DefaultListableBeanFactory     : Returning cached instance of singleton bean 'autoConfigurationReport'
2023-03-01T14:42:25.587+08:00 TRACE 908 --- [           main] o.s.b.f.s.DefaultListableBeanFactory     : Returning cached instance of singleton bean 'autoConfigurationReport'
2023-03-01T14:42:25.587+08:00 TRACE 908 --- [           main] o.s.b.f.s.DefaultListableBeanFactory     : Returning cached instance of singleton bean 'autoConfigurationReport'
2023-03-01T14:42:25.587+08:00 TRACE 908 --- [           main] o.s.b.f.s.DefaultListableBeanFactory     : Returning cached instance of singleton bean 'autoConfigurationReport'
2023-03-01T14:42:25.587+08:00 TRACE 908 --- [           main] o.s.b.f.s.DefaultListableBeanFactory     : Returning cached instance of singleton bean 'autoConfigurationReport'
2023-03-01T14:42:25.587+08:00 TRACE 908 --- [           main] o.s.b.f.s.DefaultListableBeanFactory     : Returning cached instance of singleton bean 'autoConfigurationReport'
2023-03-01T14:42:25.589+08:00 TRACE 908 --- [           main] o.s.b.a.condition.OnClassCondition       : Condition OnClassCondition on org.springframework.boot.autoconfigure.security.servlet.SecurityFilterAutoConfiguration matched due to @ConditionalOnClass found required classes 'org.springframework.security.web.context.AbstractSecurityWebApplicationInitializer', 'org.springframework.security.config.http.SessionCreationPolicy'
2023-03-01T14:42:25.589+08:00 TRACE 908 --- [           main] o.s.b.f.s.DefaultListableBeanFactory     : Returning cached instance of singleton bean 'autoConfigurationReport'
2023-03-01T14:42:25.589+08:00 TRACE 908 --- [           main] o.s.b.a.c.OnWebApplicationCondition      : Condition OnWebApplicationCondition on org.springframework.boot.autoconfigure.security.servlet.SecurityFilterAutoConfiguration matched due to found 'session' scope
2023-03-01T14:42:25.589+08:00 TRACE 908 --- [           main] o.s.b.f.s.DefaultListableBeanFactory     : Returning cached instance of singleton bean 'autoConfigurationReport'
2023-03-01T14:42:25.590+08:00 TRACE 908 --- [           main] o.s.b.f.s.DefaultListableBeanFactory     : Returning cached instance of singleton bean 'autoConfigurationReport'
2023-03-01T14:42:25.590+08:00 TRACE 908 --- [           main] o.s.b.f.s.DefaultListableBeanFactory     : Returning cached instance of singleton bean 'autoConfigurationReport'
2023-03-01T14:42:25.590+08:00 TRACE 908 --- [           main] o.s.b.f.s.DefaultListableBeanFactory     : Returning cached instance of singleton bean 'autoConfigurationReport'
2023-03-01T14:42:25.591+08:00 TRACE 908 --- [           main] o.s.b.f.s.DefaultListableBeanFactory     : Returning cached instance of singleton bean 'autoConfigurationReport'
2023-03-01T14:42:25.591+08:00 TRACE 908 --- [           main] o.s.b.f.s.DefaultListableBeanFactory     : Returning cached instance of singleton bean 'autoConfigurationReport'
2023-03-01T14:42:25.591+08:00 TRACE 908 --- [           main] o.s.b.f.s.DefaultListableBeanFactory     : Returning cached instance of singleton bean 'autoConfigurationReport'
2023-03-01T14:42:25.591+08:00 TRACE 908 --- [           main] o.s.b.f.s.DefaultListableBeanFactory     : Returning cached instance of singleton bean 'autoConfigurationReport'
2023-03-01T14:42:25.591+08:00 TRACE 908 --- [           main] o.s.b.f.s.DefaultListableBeanFactory     : Returning cached instance of singleton bean 'autoConfigurationReport'
2023-03-01T14:42:25.591+08:00 TRACE 908 --- [           main] o.s.b.f.s.DefaultListableBeanFactory     : Returning cached instance of singleton bean 'autoConfigurationReport'
2023-03-01T14:42:25.592+08:00 TRACE 908 --- [           main] o.s.b.a.condition.OnClassCondition       : Condition OnClassCondition on org.springframework.boot.autoconfigure.security.servlet.UserDetailsServiceAutoConfiguration matched due to @ConditionalOnClass found required class 'org.springframework.security.authentication.AuthenticationManager'
2023-03-01T14:42:25.593+08:00 TRACE 908 --- [           main] o.s.b.f.s.DefaultListableBeanFactory     : Returning cached instance of singleton bean 'autoConfigurationReport'
2023-03-01T14:42:25.593+08:00 TRACE 908 --- [           main] o.s.b.f.s.DefaultListableBeanFactory     : Returning cached instance of singleton bean 'autoConfigurationReport'
2023-03-01T14:42:25.593+08:00 TRACE 908 --- [           main] o.s.b.f.s.DefaultListableBeanFactory     : Returning cached instance of singleton bean 'autoConfigurationReport'
2023-03-01T14:42:25.594+08:00 TRACE 908 --- [           main] o.s.b.f.s.DefaultListableBeanFactory     : Returning cached instance of singleton bean 'autoConfigurationReport'
2023-03-01T14:42:25.594+08:00 TRACE 908 --- [           main] o.s.b.f.s.DefaultListableBeanFactory     : Returning cached instance of singleton bean 'autoConfigurationReport'
2023-03-01T14:42:25.594+08:00 TRACE 908 --- [           main] o.s.b.f.s.DefaultListableBeanFactory     : Returning cached instance of singleton bean 'autoConfigurationReport'
2023-03-01T14:42:25.594+08:00 TRACE 908 --- [           main] o.s.b.f.s.DefaultListableBeanFactory     : Returning cached instance of singleton bean 'autoConfigurationReport'
2023-03-01T14:42:25.594+08:00 TRACE 908 --- [           main] o.s.b.f.s.DefaultListableBeanFactory     : Returning cached instance of singleton bean 'autoConfigurationReport'
2023-03-01T14:42:25.594+08:00 TRACE 908 --- [           main] o.s.b.f.s.DefaultListableBeanFactory     : Returning cached instance of singleton bean 'autoConfigurationReport'
2023-03-01T14:42:25.594+08:00 TRACE 908 --- [           main] o.s.b.f.s.DefaultListableBeanFactory     : Returning cached instance of singleton bean 'autoConfigurationReport'
2023-03-01T14:42:25.598+08:00 TRACE 908 --- [           main] o.s.b.a.condition.OnPropertyCondition    : Condition OnPropertyCondition on org.springframework.boot.autoconfigure.sql.init.SqlInitializationAutoConfiguration matched due to @ConditionalOnProperty (spring.sql.init.enabled) matched
2023-03-01T14:42:25.598+08:00 TRACE 908 --- [           main] o.s.b.f.s.DefaultListableBeanFactory     : Returning cached instance of singleton bean 'autoConfigurationReport'
2023-03-01T14:42:25.602+08:00 TRACE 908 --- [           main] iguration$SqlInitializationModeCondition : Condition SqlInitializationAutoConfiguration.SqlInitializationModeCondition on org.springframework.boot.autoconfigure.sql.init.SqlInitializationAutoConfiguration matched due to NoneNestedConditions 0 matched 1 did not; NestedCondition on SqlInitializationAutoConfiguration.SqlInitializationModeCondition.ModeIsNever @ConditionalOnProperty (spring.sql.init.mode=never) did not find property 'mode'
2023-03-01T14:42:25.602+08:00 TRACE 908 --- [           main] o.s.b.f.s.DefaultListableBeanFactory     : Returning cached instance of singleton bean 'autoConfigurationReport'
2023-03-01T14:42:25.602+08:00 TRACE 908 --- [           main] o.s.b.f.s.DefaultListableBeanFactory     : Returning cached instance of singleton bean 'autoConfigurationReport'
2023-03-01T14:42:25.602+08:00 TRACE 908 --- [           main] o.s.b.f.s.DefaultListableBeanFactory     : Returning cached instance of singleton bean 'autoConfigurationReport'
2023-03-01T14:42:25.602+08:00 TRACE 908 --- [           main] o.s.b.f.s.DefaultListableBeanFactory     : Returning cached instance of singleton bean 'autoConfigurationReport'
2023-03-01T14:42:25.606+08:00 TRACE 908 --- [           main] o.s.b.a.condition.OnClassCondition       : Condition OnClassCondition on org.springframework.boot.autoconfigure.sql.init.R2dbcInitializationConfiguration matched due to @ConditionalOnClass found required classes 'io.r2dbc.spi.ConnectionFactory', 'org.springframework.r2dbc.connection.init.DatabasePopulator'
2023-03-01T14:42:25.606+08:00 TRACE 908 --- [           main] o.s.b.f.s.DefaultListableBeanFactory     : Returning cached instance of singleton bean 'autoConfigurationReport'
2023-03-01T14:42:25.606+08:00 TRACE 908 --- [           main] o.s.b.f.s.DefaultListableBeanFactory     : Returning cached instance of singleton bean 'autoConfigurationReport'
2023-03-01T14:42:25.607+08:00 TRACE 908 --- [           main] o.s.b.f.s.DefaultListableBeanFactory     : Returning cached instance of singleton bean 'autoConfigurationReport'
2023-03-01T14:42:25.607+08:00 TRACE 908 --- [           main] o.s.b.f.s.DefaultListableBeanFactory     : Returning cached instance of singleton bean 'autoConfigurationReport'
2023-03-01T14:42:25.608+08:00 TRACE 908 --- [           main] o.s.b.a.condition.OnClassCondition       : Condition OnClassCondition on org.springframework.boot.autoconfigure.sql.init.DataSourceInitializationConfiguration matched due to @ConditionalOnClass found required class 'org.springframework.jdbc.datasource.init.DatabasePopulator'
2023-03-01T14:42:25.609+08:00 TRACE 908 --- [           main] o.s.b.f.s.DefaultListableBeanFactory     : Returning cached instance of singleton bean 'autoConfigurationReport'
2023-03-01T14:42:25.609+08:00 TRACE 908 --- [           main] o.s.b.f.s.DefaultListableBeanFactory     : Returning cached instance of singleton bean 'autoConfigurationReport'
2023-03-01T14:42:25.609+08:00 TRACE 908 --- [           main] o.s.b.f.s.DefaultListableBeanFactory     : Returning cached instance of singleton bean 'autoConfigurationReport'
2023-03-01T14:42:25.609+08:00 TRACE 908 --- [           main] o.s.b.f.s.DefaultListableBeanFactory     : Returning cached instance of singleton bean 'autoConfigurationReport'
2023-03-01T14:42:25.609+08:00 TRACE 908 --- [           main] o.s.b.f.s.DefaultListableBeanFactory     : Returning cached instance of singleton bean 'autoConfigurationReport'
2023-03-01T14:42:25.609+08:00 TRACE 908 --- [           main] o.s.b.f.s.DefaultListableBeanFactory     : Returning cached instance of singleton bean 'autoConfigurationReport'
2023-03-01T14:42:25.609+08:00 TRACE 908 --- [           main] o.s.b.f.s.DefaultListableBeanFactory     : Returning cached instance of singleton bean 'autoConfigurationReport'
2023-03-01T14:42:25.609+08:00 TRACE 908 --- [           main] o.s.b.f.s.DefaultListableBeanFactory     : Returning cached instance of singleton bean 'autoConfigurationReport'
2023-03-01T14:42:25.609+08:00 TRACE 908 --- [           main] o.s.b.f.s.DefaultListableBeanFactory     : Returning cached instance of singleton bean 'autoConfigurationReport'
2023-03-01T14:42:25.609+08:00 TRACE 908 --- [           main] o.s.b.f.s.DefaultListableBeanFactory     : Returning cached instance of singleton bean 'autoConfigurationReport'
2023-03-01T14:42:25.611+08:00 TRACE 908 --- [           main] o.s.b.a.condition.OnClassCondition       : Condition OnClassCondition on org.springframework.boot.autoconfigure.task.TaskSchedulingAutoConfiguration matched due to @ConditionalOnClass found required class 'org.springframework.scheduling.concurrent.ThreadPoolTaskScheduler'
2023-03-01T14:42:25.611+08:00 TRACE 908 --- [           main] o.s.b.f.s.DefaultListableBeanFactory     : Returning cached instance of singleton bean 'autoConfigurationReport'
2023-03-01T14:42:25.611+08:00 TRACE 908 --- [           main] o.s.b.f.s.DefaultListableBeanFactory     : Returning cached instance of singleton bean 'autoConfigurationReport'
2023-03-01T14:42:25.611+08:00 TRACE 908 --- [           main] o.s.b.f.s.DefaultListableBeanFactory     : Returning cached instance of singleton bean 'autoConfigurationReport'
2023-03-01T14:42:25.611+08:00 TRACE 908 --- [           main] o.s.b.f.s.DefaultListableBeanFactory     : Returning cached instance of singleton bean 'autoConfigurationReport'
2023-03-01T14:42:25.612+08:00 TRACE 908 --- [           main] o.s.b.f.s.DefaultListableBeanFactory     : Returning cached instance of singleton bean 'autoConfigurationReport'
2023-03-01T14:42:25.612+08:00 TRACE 908 --- [           main] o.s.b.f.s.DefaultListableBeanFactory     : Returning cached instance of singleton bean 'autoConfigurationReport'
2023-03-01T14:42:25.612+08:00 TRACE 908 --- [           main] o.s.b.f.s.DefaultListableBeanFactory     : Returning cached instance of singleton bean 'autoConfigurationReport'
2023-03-01T14:42:25.612+08:00 TRACE 908 --- [           main] o.s.b.f.s.DefaultListableBeanFactory     : Returning cached instance of singleton bean 'autoConfigurationReport'
2023-03-01T14:42:25.612+08:00 TRACE 908 --- [           main] o.s.b.f.s.DefaultListableBeanFactory     : Returning cached instance of singleton bean 'autoConfigurationReport'
2023-03-01T14:42:25.612+08:00 TRACE 908 --- [           main] o.s.b.f.s.DefaultListableBeanFactory     : Returning cached instance of singleton bean 'autoConfigurationReport'
2023-03-01T14:42:25.614+08:00 TRACE 908 --- [           main] o.s.b.a.condition.OnClassCondition       : Condition OnClassCondition on org.springframework.boot.autoconfigure.thymeleaf.ThymeleafAutoConfiguration matched due to @ConditionalOnClass found required classes 'org.thymeleaf.templatemode.TemplateMode', 'org.thymeleaf.spring6.SpringTemplateEngine'
2023-03-01T14:42:25.614+08:00 TRACE 908 --- [           main] o.s.b.f.s.DefaultListableBeanFactory     : Returning cached instance of singleton bean 'autoConfigurationReport'
2023-03-01T14:42:25.614+08:00 TRACE 908 --- [           main] o.s.b.f.s.DefaultListableBeanFactory     : Returning cached instance of singleton bean 'autoConfigurationReport'
2023-03-01T14:42:25.614+08:00 TRACE 908 --- [           main] o.s.b.f.s.DefaultListableBeanFactory     : Returning cached instance of singleton bean 'autoConfigurationReport'
2023-03-01T14:42:25.614+08:00 TRACE 908 --- [           main] o.s.b.f.s.DefaultListableBeanFactory     : Returning cached instance of singleton bean 'autoConfigurationReport'
2023-03-01T14:42:25.620+08:00 TRACE 908 --- [           main] o.s.b.a.condition.OnClassCondition       : Condition OnClassCondition on org.springframework.boot.autoconfigure.thymeleaf.ThymeleafAutoConfiguration$ThymeleafSecurityDialectConfiguration did not match due to @ConditionalOnClass did not find required class 'org.thymeleaf.extras.springsecurity6.dialect.SpringSecurityDialect'
2023-03-01T14:42:25.620+08:00 TRACE 908 --- [           main] o.s.b.f.s.DefaultListableBeanFactory     : Returning cached instance of singleton bean 'autoConfigurationReport'
2023-03-01T14:42:25.621+08:00 TRACE 908 --- [           main] o.s.b.a.condition.OnClassCondition       : Condition OnClassCondition on org.springframework.boot.autoconfigure.thymeleaf.ThymeleafAutoConfiguration$DataAttributeDialectConfiguration did not match due to @ConditionalOnClass did not find required class 'com.github.mxab.thymeleaf.extras.dataattribute.dialect.DataAttributeDialect'
2023-03-01T14:42:25.622+08:00 TRACE 908 --- [           main] o.s.b.f.s.DefaultListableBeanFactory     : Returning cached instance of singleton bean 'autoConfigurationReport'
2023-03-01T14:42:25.623+08:00 TRACE 908 --- [           main] o.s.b.a.condition.OnClassCondition       : Condition OnClassCondition on org.springframework.boot.autoconfigure.thymeleaf.ThymeleafAutoConfiguration$ThymeleafWebLayoutConfiguration did not match due to @ConditionalOnClass did not find required class 'nz.net.ultraq.thymeleaf.layoutdialect.LayoutDialect'
2023-03-01T14:42:25.623+08:00 TRACE 908 --- [           main] o.s.b.f.s.DefaultListableBeanFactory     : Returning cached instance of singleton bean 'autoConfigurationReport'
2023-03-01T14:42:25.624+08:00 TRACE 908 --- [           main] o.s.b.a.c.OnWebApplicationCondition      : Condition OnWebApplicationCondition on org.springframework.boot.autoconfigure.thymeleaf.ThymeleafAutoConfiguration$ThymeleafWebFluxConfiguration did not match due to did not find reactive web application classes
2023-03-01T14:42:25.624+08:00 TRACE 908 --- [           main] o.s.b.f.s.DefaultListableBeanFactory     : Returning cached instance of singleton bean 'autoConfigurationReport'
2023-03-01T14:42:25.625+08:00 TRACE 908 --- [           main] o.s.b.a.c.OnWebApplicationCondition      : Condition OnWebApplicationCondition on org.springframework.boot.autoconfigure.thymeleaf.ThymeleafAutoConfiguration$ThymeleafWebMvcConfiguration matched due to found 'session' scope
2023-03-01T14:42:25.625+08:00 TRACE 908 --- [           main] o.s.b.f.s.DefaultListableBeanFactory     : Returning cached instance of singleton bean 'autoConfigurationReport'
2023-03-01T14:42:25.626+08:00 TRACE 908 --- [           main] o.s.b.a.condition.OnPropertyCondition    : Condition OnPropertyCondition on org.springframework.boot.autoconfigure.thymeleaf.ThymeleafAutoConfiguration$ThymeleafWebMvcConfiguration matched due to @ConditionalOnProperty (spring.thymeleaf.enabled) matched
2023-03-01T14:42:25.626+08:00 TRACE 908 --- [           main] o.s.b.f.s.DefaultListableBeanFactory     : Returning cached instance of singleton bean 'autoConfigurationReport'
2023-03-01T14:42:25.626+08:00 TRACE 908 --- [           main] o.s.b.f.s.DefaultListableBeanFactory     : Returning cached instance of singleton bean 'autoConfigurationReport'
2023-03-01T14:42:25.626+08:00 TRACE 908 --- [           main] o.s.b.f.s.DefaultListableBeanFactory     : Returning cached instance of singleton bean 'autoConfigurationReport'
2023-03-01T14:42:25.626+08:00 TRACE 908 --- [           main] o.s.b.f.s.DefaultListableBeanFactory     : Returning cached instance of singleton bean 'autoConfigurationReport'
2023-03-01T14:42:25.627+08:00 TRACE 908 --- [           main] o.s.b.f.s.DefaultListableBeanFactory     : Returning cached instance of singleton bean 'autoConfigurationReport'
2023-03-01T14:42:25.627+08:00 TRACE 908 --- [           main] o.s.b.f.s.DefaultListableBeanFactory     : Returning cached instance of singleton bean 'autoConfigurationReport'
2023-03-01T14:42:25.627+08:00 TRACE 908 --- [           main] o.s.b.f.s.DefaultListableBeanFactory     : Returning cached instance of singleton bean 'autoConfigurationReport'
2023-03-01T14:42:25.627+08:00 TRACE 908 --- [           main] o.s.b.f.s.DefaultListableBeanFactory     : Returning cached instance of singleton bean 'autoConfigurationReport'
2023-03-01T14:42:25.627+08:00 TRACE 908 --- [           main] o.s.b.f.s.DefaultListableBeanFactory     : Returning cached instance of singleton bean 'autoConfigurationReport'
2023-03-01T14:42:25.627+08:00 TRACE 908 --- [           main] o.s.b.f.s.DefaultListableBeanFactory     : Returning cached instance of singleton bean 'autoConfigurationReport'
2023-03-01T14:42:25.629+08:00 TRACE 908 --- [           main] o.s.b.a.c.OnWebApplicationCondition      : Condition OnWebApplicationCondition on org.springframework.boot.autoconfigure.thymeleaf.TemplateEngineConfigurations$ReactiveTemplateEngineConfiguration did not match due to did not find reactive web application classes
2023-03-01T14:42:25.630+08:00 TRACE 908 --- [           main] o.s.b.f.s.DefaultListableBeanFactory     : Returning cached instance of singleton bean 'autoConfigurationReport'
2023-03-01T14:42:25.630+08:00 TRACE 908 --- [           main] o.s.b.f.s.DefaultListableBeanFactory     : Returning cached instance of singleton bean 'autoConfigurationReport'
2023-03-01T14:42:25.630+08:00 TRACE 908 --- [           main] o.s.b.f.s.DefaultListableBeanFactory     : Returning cached instance of singleton bean 'autoConfigurationReport'
2023-03-01T14:42:25.630+08:00 TRACE 908 --- [           main] o.s.b.f.s.DefaultListableBeanFactory     : Returning cached instance of singleton bean 'autoConfigurationReport'
2023-03-01T14:42:25.630+08:00 TRACE 908 --- [           main] o.s.b.f.s.DefaultListableBeanFactory     : Returning cached instance of singleton bean 'autoConfigurationReport'
2023-03-01T14:42:25.630+08:00 TRACE 908 --- [           main] o.s.b.f.s.DefaultListableBeanFactory     : Returning cached instance of singleton bean 'autoConfigurationReport'
2023-03-01T14:42:25.630+08:00 TRACE 908 --- [           main] o.s.b.f.s.DefaultListableBeanFactory     : Returning cached instance of singleton bean 'autoConfigurationReport'
2023-03-01T14:42:25.630+08:00 TRACE 908 --- [           main] o.s.b.f.s.DefaultListableBeanFactory     : Returning cached instance of singleton bean 'autoConfigurationReport'
2023-03-01T14:42:25.631+08:00 TRACE 908 --- [           main] o.s.b.f.s.DefaultListableBeanFactory     : Returning cached instance of singleton bean 'autoConfigurationReport'
2023-03-01T14:42:25.631+08:00 TRACE 908 --- [           main] o.s.b.f.s.DefaultListableBeanFactory     : Returning cached instance of singleton bean 'autoConfigurationReport'
2023-03-01T14:42:25.632+08:00 TRACE 908 --- [           main] o.s.b.a.condition.OnClassCondition       : Condition OnClassCondition on org.springframework.boot.autoconfigure.r2dbc.R2dbcTransactionManagerAutoConfiguration matched due to @ConditionalOnClass found required classes 'org.springframework.r2dbc.connection.R2dbcTransactionManager', 'org.springframework.transaction.ReactiveTransactionManager'
2023-03-01T14:42:25.632+08:00 TRACE 908 --- [           main] o.s.b.f.s.DefaultListableBeanFactory     : Returning cached instance of singleton bean 'autoConfigurationReport'
2023-03-01T14:42:25.632+08:00 TRACE 908 --- [           main] o.s.b.f.s.DefaultListableBeanFactory     : Returning cached instance of singleton bean 'autoConfigurationReport'
2023-03-01T14:42:25.632+08:00 TRACE 908 --- [           main] o.s.b.f.s.DefaultListableBeanFactory     : Returning cached instance of singleton bean 'autoConfigurationReport'
2023-03-01T14:42:25.632+08:00 TRACE 908 --- [           main] o.s.b.f.s.DefaultListableBeanFactory     : Returning cached instance of singleton bean 'autoConfigurationReport'
2023-03-01T14:42:25.633+08:00 TRACE 908 --- [           main] o.s.b.f.s.DefaultListableBeanFactory     : Returning cached instance of singleton bean 'autoConfigurationReport'
2023-03-01T14:42:25.633+08:00 TRACE 908 --- [           main] o.s.b.f.s.DefaultListableBeanFactory     : Returning cached instance of singleton bean 'autoConfigurationReport'
2023-03-01T14:42:25.633+08:00 TRACE 908 --- [           main] o.s.b.f.s.DefaultListableBeanFactory     : Returning cached instance of singleton bean 'autoConfigurationReport'
2023-03-01T14:42:25.633+08:00 TRACE 908 --- [           main] o.s.b.f.s.DefaultListableBeanFactory     : Returning cached instance of singleton bean 'autoConfigurationReport'
2023-03-01T14:42:25.633+08:00 TRACE 908 --- [           main] o.s.b.f.s.DefaultListableBeanFactory     : Returning cached instance of singleton bean 'autoConfigurationReport'
2023-03-01T14:42:25.633+08:00 TRACE 908 --- [           main] o.s.b.f.s.DefaultListableBeanFactory     : Returning cached instance of singleton bean 'autoConfigurationReport'
2023-03-01T14:42:25.634+08:00 TRACE 908 --- [           main] o.s.b.a.condition.OnClassCondition       : Condition OnClassCondition on org.springframework.boot.autoconfigure.jdbc.DataSourceTransactionManagerAutoConfiguration matched due to @ConditionalOnClass found required classes 'org.springframework.jdbc.core.JdbcTemplate', 'org.springframework.transaction.TransactionManager'
2023-03-01T14:42:25.635+08:00 TRACE 908 --- [           main] o.s.b.f.s.DefaultListableBeanFactory     : Returning cached instance of singleton bean 'autoConfigurationReport'
2023-03-01T14:42:25.635+08:00 TRACE 908 --- [           main] o.s.b.f.s.DefaultListableBeanFactory     : Returning cached instance of singleton bean 'autoConfigurationReport'
2023-03-01T14:42:25.635+08:00 TRACE 908 --- [           main] o.s.b.f.s.DefaultListableBeanFactory     : Returning cached instance of singleton bean 'autoConfigurationReport'
2023-03-01T14:42:25.635+08:00 TRACE 908 --- [           main] o.s.b.f.s.DefaultListableBeanFactory     : Returning cached instance of singleton bean 'autoConfigurationReport'
2023-03-01T14:42:25.636+08:00 TRACE 908 --- [           main] o.s.b.f.s.DefaultListableBeanFactory     : Returning cached instance of singleton bean 'autoConfigurationReport'
2023-03-01T14:42:25.636+08:00 TRACE 908 --- [           main] o.s.b.f.s.DefaultListableBeanFactory     : Returning cached instance of singleton bean 'autoConfigurationReport'
2023-03-01T14:42:25.636+08:00 TRACE 908 --- [           main] o.s.b.f.s.DefaultListableBeanFactory     : Returning cached instance of singleton bean 'autoConfigurationReport'
2023-03-01T14:42:25.636+08:00 TRACE 908 --- [           main] o.s.b.f.s.DefaultListableBeanFactory     : Returning cached instance of singleton bean 'autoConfigurationReport'
2023-03-01T14:42:25.637+08:00 TRACE 908 --- [           main] o.s.b.f.s.DefaultListableBeanFactory     : Returning cached instance of singleton bean 'autoConfigurationReport'
2023-03-01T14:42:25.637+08:00 TRACE 908 --- [           main] o.s.b.f.s.DefaultListableBeanFactory     : Returning cached instance of singleton bean 'autoConfigurationReport'
2023-03-01T14:42:25.637+08:00 TRACE 908 --- [           main] o.s.b.f.s.DefaultListableBeanFactory     : Returning cached instance of singleton bean 'autoConfigurationReport'
2023-03-01T14:42:25.637+08:00 TRACE 908 --- [           main] o.s.b.f.s.DefaultListableBeanFactory     : Returning cached instance of singleton bean 'autoConfigurationReport'
2023-03-01T14:42:25.637+08:00 TRACE 908 --- [           main] o.s.b.f.s.DefaultListableBeanFactory     : Returning cached instance of singleton bean 'autoConfigurationReport'
2023-03-01T14:42:25.638+08:00 TRACE 908 --- [           main] o.s.b.a.condition.OnClassCondition       : Condition OnClassCondition on org.springframework.boot.autoconfigure.transaction.TransactionAutoConfiguration matched due to @ConditionalOnClass found required class 'org.springframework.transaction.PlatformTransactionManager'
2023-03-01T14:42:25.638+08:00 TRACE 908 --- [           main] o.s.b.f.s.DefaultListableBeanFactory     : Returning cached instance of singleton bean 'autoConfigurationReport'
2023-03-01T14:42:25.638+08:00 TRACE 908 --- [           main] o.s.b.f.s.DefaultListableBeanFactory     : Returning cached instance of singleton bean 'autoConfigurationReport'
2023-03-01T14:42:25.638+08:00 TRACE 908 --- [           main] o.s.b.f.s.DefaultListableBeanFactory     : Returning cached instance of singleton bean 'autoConfigurationReport'
2023-03-01T14:42:25.638+08:00 TRACE 908 --- [           main] o.s.b.f.s.DefaultListableBeanFactory     : Returning cached instance of singleton bean 'autoConfigurationReport'
2023-03-01T14:42:25.640+08:00 TRACE 908 --- [           main] o.s.b.f.s.DefaultListableBeanFactory     : Returning cached instance of singleton bean 'autoConfigurationReport'
2023-03-01T14:42:25.640+08:00 TRACE 908 --- [           main] o.s.b.f.s.DefaultListableBeanFactory     : Returning cached instance of singleton bean 'autoConfigurationReport'
2023-03-01T14:42:25.640+08:00 TRACE 908 --- [           main] o.s.b.f.s.DefaultListableBeanFactory     : Returning cached instance of singleton bean 'autoConfigurationReport'
2023-03-01T14:42:25.643+08:00 TRACE 908 --- [           main] o.s.b.a.condition.OnPropertyCondition    : Condition OnPropertyCondition on org.springframework.boot.autoconfigure.transaction.TransactionAutoConfiguration$EnableTransactionManagementConfiguration$CglibAutoProxyConfiguration matched due to @ConditionalOnProperty (spring.aop.proxy-target-class=true) matched
2023-03-01T14:42:25.643+08:00 TRACE 908 --- [           main] o.s.b.f.s.DefaultListableBeanFactory     : Returning cached instance of singleton bean 'autoConfigurationReport'
2023-03-01T14:42:25.643+08:00 TRACE 908 --- [           main] o.s.b.f.s.DefaultListableBeanFactory     : Returning cached instance of singleton bean 'autoConfigurationReport'
2023-03-01T14:42:25.643+08:00 TRACE 908 --- [           main] o.s.b.f.s.DefaultListableBeanFactory     : Returning cached instance of singleton bean 'autoConfigurationReport'
2023-03-01T14:42:25.643+08:00 TRACE 908 --- [           main] o.s.b.f.s.DefaultListableBeanFactory     : Returning cached instance of singleton bean 'autoConfigurationReport'
2023-03-01T14:42:25.647+08:00 TRACE 908 --- [           main] o.s.b.f.s.DefaultListableBeanFactory     : Returning cached instance of singleton bean 'autoConfigurationReport'
2023-03-01T14:42:25.649+08:00 TRACE 908 --- [           main] o.s.b.f.s.DefaultListableBeanFactory     : Returning cached instance of singleton bean 'autoConfigurationReport'
2023-03-01T14:42:25.649+08:00 TRACE 908 --- [           main] o.s.b.f.s.DefaultListableBeanFactory     : Returning cached instance of singleton bean 'autoConfigurationReport'
2023-03-01T14:42:25.650+08:00 TRACE 908 --- [           main] o.s.b.f.s.DefaultListableBeanFactory     : Returning cached instance of singleton bean 'autoConfigurationReport'
2023-03-01T14:42:25.650+08:00 TRACE 908 --- [           main] o.s.b.f.s.DefaultListableBeanFactory     : Returning cached instance of singleton bean 'autoConfigurationReport'
2023-03-01T14:42:25.650+08:00 TRACE 908 --- [           main] o.s.b.f.s.DefaultListableBeanFactory     : Returning cached instance of singleton bean 'autoConfigurationReport'
2023-03-01T14:42:25.651+08:00 TRACE 908 --- [           main] o.s.b.a.condition.OnPropertyCondition    : Condition OnPropertyCondition on org.springframework.boot.autoconfigure.transaction.TransactionAutoConfiguration$EnableTransactionManagementConfiguration$JdkDynamicAutoProxyConfiguration did not match due to @ConditionalOnProperty (spring.aop.proxy-target-class=false) did not find property 'proxy-target-class'
2023-03-01T14:42:25.652+08:00 TRACE 908 --- [           main] o.s.b.f.s.DefaultListableBeanFactory     : Returning cached instance of singleton bean 'autoConfigurationReport'
2023-03-01T14:42:25.652+08:00 TRACE 908 --- [           main] o.s.b.f.s.DefaultListableBeanFactory     : Returning cached instance of singleton bean 'autoConfigurationReport'
2023-03-01T14:42:25.652+08:00 TRACE 908 --- [           main] o.s.b.f.s.DefaultListableBeanFactory     : Returning cached instance of singleton bean 'autoConfigurationReport'
2023-03-01T14:42:25.653+08:00 TRACE 908 --- [           main] o.s.b.f.s.DefaultListableBeanFactory     : Returning cached instance of singleton bean 'autoConfigurationReport'
2023-03-01T14:42:25.654+08:00 TRACE 908 --- [           main] o.s.b.f.s.DefaultListableBeanFactory     : Returning cached instance of singleton bean 'autoConfigurationReport'
2023-03-01T14:42:25.655+08:00 TRACE 908 --- [           main] o.s.b.f.s.DefaultListableBeanFactory     : Returning cached instance of singleton bean 'autoConfigurationReport'
2023-03-01T14:42:25.655+08:00 TRACE 908 --- [           main] o.s.b.f.s.DefaultListableBeanFactory     : Returning cached instance of singleton bean 'autoConfigurationReport'
2023-03-01T14:42:25.655+08:00 TRACE 908 --- [           main] o.s.b.f.s.DefaultListableBeanFactory     : Returning cached instance of singleton bean 'autoConfigurationReport'
2023-03-01T14:42:25.655+08:00 TRACE 908 --- [           main] o.s.b.f.s.DefaultListableBeanFactory     : Returning cached instance of singleton bean 'autoConfigurationReport'
2023-03-01T14:42:25.655+08:00 TRACE 908 --- [           main] o.s.b.f.s.DefaultListableBeanFactory     : Returning cached instance of singleton bean 'autoConfigurationReport'
2023-03-01T14:42:25.658+08:00 TRACE 908 --- [           main] o.s.b.a.condition.OnClassCondition       : Condition OnClassCondition on org.springframework.boot.autoconfigure.web.client.RestTemplateAutoConfiguration matched due to @ConditionalOnClass found required class 'org.springframework.web.client.RestTemplate'
2023-03-01T14:42:25.658+08:00 TRACE 908 --- [           main] o.s.b.f.s.DefaultListableBeanFactory     : Returning cached instance of singleton bean 'autoConfigurationReport'
2023-03-01T14:42:25.660+08:00 TRACE 908 --- [           main] ation$NotReactiveWebApplicationCondition : Condition RestTemplateAutoConfiguration.NotReactiveWebApplicationCondition on org.springframework.boot.autoconfigure.web.client.RestTemplateAutoConfiguration matched due to NoneNestedConditions 0 matched 1 did not; NestedCondition on RestTemplateAutoConfiguration.NotReactiveWebApplicationCondition.ReactiveWebApplication did not find reactive web application classes
2023-03-01T14:42:25.660+08:00 TRACE 908 --- [           main] o.s.b.f.s.DefaultListableBeanFactory     : Returning cached instance of singleton bean 'autoConfigurationReport'
2023-03-01T14:42:25.661+08:00 TRACE 908 --- [           main] o.s.b.f.s.DefaultListableBeanFactory     : Returning cached instance of singleton bean 'autoConfigurationReport'
2023-03-01T14:42:25.661+08:00 TRACE 908 --- [           main] o.s.b.f.s.DefaultListableBeanFactory     : Returning cached instance of singleton bean 'autoConfigurationReport'
2023-03-01T14:42:25.661+08:00 TRACE 908 --- [           main] o.s.b.f.s.DefaultListableBeanFactory     : Returning cached instance of singleton bean 'autoConfigurationReport'
2023-03-01T14:42:25.661+08:00 TRACE 908 --- [           main] o.s.b.f.s.DefaultListableBeanFactory     : Returning cached instance of singleton bean 'autoConfigurationReport'
2023-03-01T14:42:25.661+08:00 TRACE 908 --- [           main] o.s.b.f.s.DefaultListableBeanFactory     : Returning cached instance of singleton bean 'autoConfigurationReport'
2023-03-01T14:42:25.661+08:00 TRACE 908 --- [           main] o.s.b.f.s.DefaultListableBeanFactory     : Returning cached instance of singleton bean 'autoConfigurationReport'
2023-03-01T14:42:25.661+08:00 TRACE 908 --- [           main] o.s.b.f.s.DefaultListableBeanFactory     : Returning cached instance of singleton bean 'autoConfigurationReport'
2023-03-01T14:42:25.661+08:00 TRACE 908 --- [           main] o.s.b.f.s.DefaultListableBeanFactory     : Returning cached instance of singleton bean 'autoConfigurationReport'
2023-03-01T14:42:25.661+08:00 TRACE 908 --- [           main] o.s.b.f.s.DefaultListableBeanFactory     : Returning cached instance of singleton bean 'autoConfigurationReport'
2023-03-01T14:42:25.662+08:00 TRACE 908 --- [           main] o.s.b.a.c.OnWebApplicationCondition      : Condition OnWebApplicationCondition on org.springframework.boot.autoconfigure.web.embedded.EmbeddedWebServerFactoryCustomizerAutoConfiguration matched due to @ConditionalOnWebApplication (required) found 'session' scope
2023-03-01T14:42:25.663+08:00 TRACE 908 --- [           main] o.s.b.f.s.DefaultListableBeanFactory     : Returning cached instance of singleton bean 'autoConfigurationReport'
2023-03-01T14:42:25.663+08:00 TRACE 908 --- [           main] o.s.b.f.s.DefaultListableBeanFactory     : Returning cached instance of singleton bean 'autoConfigurationReport'
2023-03-01T14:42:25.663+08:00 TRACE 908 --- [           main] o.s.b.f.s.DefaultListableBeanFactory     : Returning cached instance of singleton bean 'autoConfigurationReport'
2023-03-01T14:42:25.663+08:00 TRACE 908 --- [           main] o.s.b.f.s.DefaultListableBeanFactory     : Returning cached instance of singleton bean 'autoConfigurationReport'
2023-03-01T14:42:25.675+08:00 TRACE 908 --- [           main] o.s.b.a.condition.OnClassCondition       : Condition OnClassCondition on org.springframework.boot.autoconfigure.web.embedded.EmbeddedWebServerFactoryCustomizerAutoConfiguration$NettyWebServerFactoryCustomizerConfiguration matched due to @ConditionalOnClass found required class 'reactor.netty.http.server.HttpServer'
2023-03-01T14:42:25.676+08:00 TRACE 908 --- [           main] o.s.b.f.s.DefaultListableBeanFactory     : Returning cached instance of singleton bean 'autoConfigurationReport'
2023-03-01T14:42:25.676+08:00 TRACE 908 --- [           main] o.s.b.f.s.DefaultListableBeanFactory     : Returning cached instance of singleton bean 'autoConfigurationReport'
2023-03-01T14:42:25.676+08:00 TRACE 908 --- [           main] o.s.b.f.s.DefaultListableBeanFactory     : Returning cached instance of singleton bean 'autoConfigurationReport'
2023-03-01T14:42:25.676+08:00 TRACE 908 --- [           main] o.s.b.f.s.DefaultListableBeanFactory     : Returning cached instance of singleton bean 'autoConfigurationReport'
2023-03-01T14:42:25.677+08:00 TRACE 908 --- [           main] o.s.b.a.condition.OnClassCondition       : Condition OnClassCondition on org.springframework.boot.autoconfigure.web.embedded.EmbeddedWebServerFactoryCustomizerAutoConfiguration$UndertowWebServerFactoryCustomizerConfiguration did not match due to @ConditionalOnClass did not find required classes 'io.undertow.Undertow', 'org.xnio.SslClientAuthMode'
2023-03-01T14:42:25.677+08:00 TRACE 908 --- [           main] o.s.b.f.s.DefaultListableBeanFactory     : Returning cached instance of singleton bean 'autoConfigurationReport'
2023-03-01T14:42:25.677+08:00 TRACE 908 --- [           main] o.s.b.a.condition.OnClassCondition       : Condition OnClassCondition on org.springframework.boot.autoconfigure.web.embedded.EmbeddedWebServerFactoryCustomizerAutoConfiguration$JettyWebServerFactoryCustomizerConfiguration did not match due to @ConditionalOnClass did not find required classes 'org.eclipse.jetty.server.Server', 'org.eclipse.jetty.util.Loader', 'org.eclipse.jetty.webapp.WebAppContext'
2023-03-01T14:42:25.677+08:00 TRACE 908 --- [           main] o.s.b.f.s.DefaultListableBeanFactory     : Returning cached instance of singleton bean 'autoConfigurationReport'
2023-03-01T14:42:25.678+08:00 TRACE 908 --- [           main] o.s.b.a.condition.OnClassCondition       : Condition OnClassCondition on org.springframework.boot.autoconfigure.web.embedded.EmbeddedWebServerFactoryCustomizerAutoConfiguration$TomcatWebServerFactoryCustomizerConfiguration matched due to @ConditionalOnClass found required classes 'org.apache.catalina.startup.Tomcat', 'org.apache.coyote.UpgradeProtocol'
2023-03-01T14:42:25.678+08:00 TRACE 908 --- [           main] o.s.b.f.s.DefaultListableBeanFactory     : Returning cached instance of singleton bean 'autoConfigurationReport'
2023-03-01T14:42:25.678+08:00 TRACE 908 --- [           main] o.s.b.f.s.DefaultListableBeanFactory     : Returning cached instance of singleton bean 'autoConfigurationReport'
2023-03-01T14:42:25.678+08:00 TRACE 908 --- [           main] o.s.b.f.s.DefaultListableBeanFactory     : Returning cached instance of singleton bean 'autoConfigurationReport'
2023-03-01T14:42:25.678+08:00 TRACE 908 --- [           main] o.s.b.f.s.DefaultListableBeanFactory     : Returning cached instance of singleton bean 'autoConfigurationReport'
2023-03-01T14:42:25.678+08:00 TRACE 908 --- [           main] o.s.b.f.s.DefaultListableBeanFactory     : Returning cached instance of singleton bean 'autoConfigurationReport'
2023-03-01T14:42:25.678+08:00 TRACE 908 --- [           main] o.s.b.f.s.DefaultListableBeanFactory     : Returning cached instance of singleton bean 'autoConfigurationReport'
2023-03-01T14:42:25.678+08:00 TRACE 908 --- [           main] o.s.b.f.s.DefaultListableBeanFactory     : Returning cached instance of singleton bean 'autoConfigurationReport'
2023-03-01T14:42:25.679+08:00 TRACE 908 --- [           main] o.s.b.f.s.DefaultListableBeanFactory     : Returning cached instance of singleton bean 'autoConfigurationReport'
2023-03-01T14:42:25.679+08:00 TRACE 908 --- [           main] o.s.b.f.s.DefaultListableBeanFactory     : Returning cached instance of singleton bean 'autoConfigurationReport'
2023-03-01T14:42:25.679+08:00 TRACE 908 --- [           main] o.s.b.f.s.DefaultListableBeanFactory     : Returning cached instance of singleton bean 'autoConfigurationReport'
2023-03-01T14:42:25.680+08:00 TRACE 908 --- [           main] o.s.b.a.condition.OnClassCondition       : Condition OnClassCondition on org.springframework.boot.autoconfigure.web.servlet.HttpEncodingAutoConfiguration matched due to @ConditionalOnClass found required class 'org.springframework.web.filter.CharacterEncodingFilter'
2023-03-01T14:42:25.680+08:00 TRACE 908 --- [           main] o.s.b.f.s.DefaultListableBeanFactory     : Returning cached instance of singleton bean 'autoConfigurationReport'
2023-03-01T14:42:25.681+08:00 TRACE 908 --- [           main] o.s.b.a.c.OnWebApplicationCondition      : Condition OnWebApplicationCondition on org.springframework.boot.autoconfigure.web.servlet.HttpEncodingAutoConfiguration matched due to found 'session' scope
2023-03-01T14:42:25.681+08:00 TRACE 908 --- [           main] o.s.b.f.s.DefaultListableBeanFactory     : Returning cached instance of singleton bean 'autoConfigurationReport'
2023-03-01T14:42:25.683+08:00 TRACE 908 --- [           main] o.s.b.a.condition.OnPropertyCondition    : Condition OnPropertyCondition on org.springframework.boot.autoconfigure.web.servlet.HttpEncodingAutoConfiguration matched due to @ConditionalOnProperty (server.servlet.encoding.enabled) matched
2023-03-01T14:42:25.683+08:00 TRACE 908 --- [           main] o.s.b.f.s.DefaultListableBeanFactory     : Returning cached instance of singleton bean 'autoConfigurationReport'
2023-03-01T14:42:25.683+08:00 TRACE 908 --- [           main] o.s.b.f.s.DefaultListableBeanFactory     : Returning cached instance of singleton bean 'autoConfigurationReport'
2023-03-01T14:42:25.683+08:00 TRACE 908 --- [           main] o.s.b.f.s.DefaultListableBeanFactory     : Returning cached instance of singleton bean 'autoConfigurationReport'
2023-03-01T14:42:25.683+08:00 TRACE 908 --- [           main] o.s.b.f.s.DefaultListableBeanFactory     : Returning cached instance of singleton bean 'autoConfigurationReport'
2023-03-01T14:42:25.684+08:00 TRACE 908 --- [           main] o.s.b.f.s.DefaultListableBeanFactory     : Returning cached instance of singleton bean 'autoConfigurationReport'
2023-03-01T14:42:25.684+08:00 TRACE 908 --- [           main] o.s.b.f.s.DefaultListableBeanFactory     : Returning cached instance of singleton bean 'autoConfigurationReport'
2023-03-01T14:42:25.684+08:00 TRACE 908 --- [           main] o.s.b.f.s.DefaultListableBeanFactory     : Returning cached instance of singleton bean 'autoConfigurationReport'
2023-03-01T14:42:25.684+08:00 TRACE 908 --- [           main] o.s.b.f.s.DefaultListableBeanFactory     : Returning cached instance of singleton bean 'autoConfigurationReport'
2023-03-01T14:42:25.684+08:00 TRACE 908 --- [           main] o.s.b.f.s.DefaultListableBeanFactory     : Returning cached instance of singleton bean 'autoConfigurationReport'
2023-03-01T14:42:25.684+08:00 TRACE 908 --- [           main] o.s.b.f.s.DefaultListableBeanFactory     : Returning cached instance of singleton bean 'autoConfigurationReport'
2023-03-01T14:42:25.686+08:00 TRACE 908 --- [           main] o.s.b.a.condition.OnClassCondition       : Condition OnClassCondition on org.springframework.boot.autoconfigure.web.servlet.MultipartAutoConfiguration matched due to @ConditionalOnClass found required classes 'jakarta.servlet.Servlet', 'org.springframework.web.multipart.support.StandardServletMultipartResolver', 'jakarta.servlet.MultipartConfigElement'
2023-03-01T14:42:25.687+08:00 TRACE 908 --- [           main] o.s.b.f.s.DefaultListableBeanFactory     : Returning cached instance of singleton bean 'autoConfigurationReport'
2023-03-01T14:42:25.687+08:00 TRACE 908 --- [           main] o.s.b.a.c.OnWebApplicationCondition      : Condition OnWebApplicationCondition on org.springframework.boot.autoconfigure.web.servlet.MultipartAutoConfiguration matched due to found 'session' scope
2023-03-01T14:42:25.687+08:00 TRACE 908 --- [           main] o.s.b.f.s.DefaultListableBeanFactory     : Returning cached instance of singleton bean 'autoConfigurationReport'
2023-03-01T14:42:25.687+08:00 TRACE 908 --- [           main] o.s.b.a.condition.OnPropertyCondition    : Condition OnPropertyCondition on org.springframework.boot.autoconfigure.web.servlet.MultipartAutoConfiguration matched due to @ConditionalOnProperty (spring.servlet.multipart.enabled) matched
2023-03-01T14:42:25.687+08:00 TRACE 908 --- [           main] o.s.b.f.s.DefaultListableBeanFactory     : Returning cached instance of singleton bean 'autoConfigurationReport'
2023-03-01T14:42:25.687+08:00 TRACE 908 --- [           main] o.s.b.f.s.DefaultListableBeanFactory     : Returning cached instance of singleton bean 'autoConfigurationReport'
2023-03-01T14:42:25.687+08:00 TRACE 908 --- [           main] o.s.b.f.s.DefaultListableBeanFactory     : Returning cached instance of singleton bean 'autoConfigurationReport'
2023-03-01T14:42:25.687+08:00 TRACE 908 --- [           main] o.s.b.f.s.DefaultListableBeanFactory     : Returning cached instance of singleton bean 'autoConfigurationReport'
2023-03-01T14:42:25.688+08:00 TRACE 908 --- [           main] o.s.b.f.s.DefaultListableBeanFactory     : Returning cached instance of singleton bean 'autoConfigurationReport'
2023-03-01T14:42:25.688+08:00 TRACE 908 --- [           main] o.s.b.f.s.DefaultListableBeanFactory     : Returning cached instance of singleton bean 'autoConfigurationReport'
2023-03-01T14:42:25.688+08:00 TRACE 908 --- [           main] o.s.b.f.s.DefaultListableBeanFactory     : Returning cached instance of singleton bean 'autoConfigurationReport'
2023-03-01T14:42:25.702+08:00 TRACE 908 --- [           main] o.s.b.f.s.DefaultListableBeanFactory     : Returning cached instance of singleton bean 'autoConfigurationReport'
2023-03-01T14:42:25.702+08:00 TRACE 908 --- [           main] o.s.b.f.s.DefaultListableBeanFactory     : Returning cached instance of singleton bean 'autoConfigurationReport'
2023-03-01T14:42:25.702+08:00 TRACE 908 --- [           main] o.s.b.f.s.DefaultListableBeanFactory     : Returning cached instance of singleton bean 'autoConfigurationReport'
2023-03-01T14:42:25.705+08:00 TRACE 908 --- [           main] o.s.b.d.a.OnEnabledDevToolsCondition     : Condition OnEnabledDevToolsCondition on org.springframework.boot.devtools.autoconfigure.DevToolsDataSourceAutoConfiguration did not match due to Devtools devtools is disabled for current context.
2023-03-01T14:42:25.705+08:00 TRACE 908 --- [           main] o.s.b.f.s.DefaultListableBeanFactory     : Returning cached instance of singleton bean 'autoConfigurationReport'
2023-03-01T14:42:25.706+08:00 TRACE 908 --- [           main] o.s.b.f.s.DefaultListableBeanFactory     : Returning cached instance of singleton bean 'autoConfigurationReport'
2023-03-01T14:42:25.706+08:00 TRACE 908 --- [           main] o.s.b.f.s.DefaultListableBeanFactory     : Returning cached instance of singleton bean 'autoConfigurationReport'
2023-03-01T14:42:25.706+08:00 TRACE 908 --- [           main] o.s.b.f.s.DefaultListableBeanFactory     : Returning cached instance of singleton bean 'autoConfigurationReport'
2023-03-01T14:42:25.706+08:00 TRACE 908 --- [           main] o.s.b.f.s.DefaultListableBeanFactory     : Returning cached instance of singleton bean 'autoConfigurationReport'
2023-03-01T14:42:25.706+08:00 TRACE 908 --- [           main] o.s.b.f.s.DefaultListableBeanFactory     : Returning cached instance of singleton bean 'autoConfigurationReport'
2023-03-01T14:42:25.706+08:00 TRACE 908 --- [           main] o.s.b.f.s.DefaultListableBeanFactory     : Returning cached instance of singleton bean 'autoConfigurationReport'
2023-03-01T14:42:25.707+08:00 TRACE 908 --- [           main] o.s.b.a.condition.OnClassCondition       : Condition OnClassCondition on org.springframework.boot.devtools.autoconfigure.DevToolsR2dbcAutoConfiguration matched due to @ConditionalOnClass found required class 'io.r2dbc.spi.ConnectionFactory'
2023-03-01T14:42:25.707+08:00 TRACE 908 --- [           main] o.s.b.f.s.DefaultListableBeanFactory     : Returning cached instance of singleton bean 'autoConfigurationReport'
2023-03-01T14:42:25.708+08:00 TRACE 908 --- [           main] o.s.b.d.a.OnEnabledDevToolsCondition     : Condition OnEnabledDevToolsCondition on org.springframework.boot.devtools.autoconfigure.DevToolsR2dbcAutoConfiguration did not match due to Devtools devtools is disabled for current context.
2023-03-01T14:42:25.708+08:00 TRACE 908 --- [           main] o.s.b.f.s.DefaultListableBeanFactory     : Returning cached instance of singleton bean 'autoConfigurationReport'
2023-03-01T14:42:25.708+08:00 TRACE 908 --- [           main] o.s.b.f.s.DefaultListableBeanFactory     : Returning cached instance of singleton bean 'autoConfigurationReport'
2023-03-01T14:42:25.708+08:00 TRACE 908 --- [           main] o.s.b.f.s.DefaultListableBeanFactory     : Returning cached instance of singleton bean 'autoConfigurationReport'
2023-03-01T14:42:25.708+08:00 TRACE 908 --- [           main] o.s.b.f.s.DefaultListableBeanFactory     : Returning cached instance of singleton bean 'autoConfigurationReport'
2023-03-01T14:42:25.708+08:00 TRACE 908 --- [           main] o.s.b.f.s.DefaultListableBeanFactory     : Returning cached instance of singleton bean 'autoConfigurationReport'
2023-03-01T14:42:25.708+08:00 TRACE 908 --- [           main] o.s.b.f.s.DefaultListableBeanFactory     : Returning cached instance of singleton bean 'autoConfigurationReport'
2023-03-01T14:42:25.708+08:00 TRACE 908 --- [           main] o.s.b.f.s.DefaultListableBeanFactory     : Returning cached instance of singleton bean 'autoConfigurationReport'
2023-03-01T14:42:25.710+08:00 TRACE 908 --- [           main] .s.b.d.r.OnInitializedRestarterCondition : Condition OnInitializedRestarterCondition on org.springframework.boot.devtools.autoconfigure.LocalDevToolsAutoConfiguration did not match due to Initialized Restarter Condition initialized without URLs
2023-03-01T14:42:25.711+08:00 TRACE 908 --- [           main] o.s.b.f.s.DefaultListableBeanFactory     : Returning cached instance of singleton bean 'autoConfigurationReport'
2023-03-01T14:42:25.711+08:00 TRACE 908 --- [           main] o.s.b.f.s.DefaultListableBeanFactory     : Returning cached instance of singleton bean 'autoConfigurationReport'
2023-03-01T14:42:25.711+08:00 TRACE 908 --- [           main] o.s.b.f.s.DefaultListableBeanFactory     : Returning cached instance of singleton bean 'autoConfigurationReport'
2023-03-01T14:42:25.711+08:00 TRACE 908 --- [           main] o.s.b.f.s.DefaultListableBeanFactory     : Returning cached instance of singleton bean 'autoConfigurationReport'
2023-03-01T14:42:25.711+08:00 TRACE 908 --- [           main] o.s.b.f.s.DefaultListableBeanFactory     : Returning cached instance of singleton bean 'autoConfigurationReport'
2023-03-01T14:42:25.711+08:00 TRACE 908 --- [           main] o.s.b.f.s.DefaultListableBeanFactory     : Returning cached instance of singleton bean 'autoConfigurationReport'
2023-03-01T14:42:25.711+08:00 TRACE 908 --- [           main] o.s.b.f.s.DefaultListableBeanFactory     : Returning cached instance of singleton bean 'autoConfigurationReport'
2023-03-01T14:42:25.712+08:00 TRACE 908 --- [           main] o.s.b.a.condition.OnClassCondition       : Condition OnClassCondition on org.springframework.boot.devtools.autoconfigure.RemoteDevToolsAutoConfiguration matched due to @ConditionalOnClass found required classes 'jakarta.servlet.Filter', 'org.springframework.http.server.ServerHttpRequest'
2023-03-01T14:42:25.712+08:00 TRACE 908 --- [           main] o.s.b.f.s.DefaultListableBeanFactory     : Returning cached instance of singleton bean 'autoConfigurationReport'
2023-03-01T14:42:25.712+08:00 TRACE 908 --- [           main] o.s.b.a.condition.OnPropertyCondition    : Condition OnPropertyCondition on org.springframework.boot.devtools.autoconfigure.RemoteDevToolsAutoConfiguration did not match due to @ConditionalOnProperty (spring.devtools.remote.secret) did not find property 'secret'
2023-03-01T14:42:25.712+08:00 TRACE 908 --- [           main] o.s.b.f.s.DefaultListableBeanFactory     : Returning cached instance of singleton bean 'autoConfigurationReport'
2023-03-01T14:42:25.717+08:00 TRACE 908 --- [           main] a.ConfigurationClassBeanDefinitionReader : Registering bean definition for @Bean method com.unimap.zerohunger.config.WebConfig.messageSource()
2023-03-01T14:42:25.717+08:00 TRACE 908 --- [           main] a.ConfigurationClassBeanDefinitionReader : Registering bean definition for @Bean method com.unimap.zerohunger.config.WebConfig.localeResolver()
2023-03-01T14:42:25.718+08:00 TRACE 908 --- [           main] a.ConfigurationClassBeanDefinitionReader : Registered bean definition for imported class 'org.springframework.security.config.annotation.configuration.ObjectPostProcessorConfiguration'
2023-03-01T14:42:25.718+08:00 TRACE 908 --- [           main] a.ConfigurationClassBeanDefinitionReader : Registering bean definition for @Bean method org.springframework.security.config.annotation.configuration.ObjectPostProcessorConfiguration.objectPostProcessor()
2023-03-01T14:42:25.719+08:00 TRACE 908 --- [           main] a.ConfigurationClassBeanDefinitionReader : Registered bean definition for imported class 'org.springframework.security.config.annotation.authentication.configuration.AuthenticationConfiguration'
2023-03-01T14:42:25.720+08:00 TRACE 908 --- [           main] a.ConfigurationClassBeanDefinitionReader : Registering bean definition for @Bean method org.springframework.security.config.annotation.authentication.configuration.AuthenticationConfiguration.authenticationManagerBuilder()
2023-03-01T14:42:25.720+08:00 TRACE 908 --- [           main] a.ConfigurationClassBeanDefinitionReader : Registering bean definition for @Bean method org.springframework.security.config.annotation.authentication.configuration.AuthenticationConfiguration.enableGlobalAuthenticationAutowiredConfigurer()
2023-03-01T14:42:25.720+08:00 TRACE 908 --- [           main] a.ConfigurationClassBeanDefinitionReader : Registering bean definition for @Bean method org.springframework.security.config.annotation.authentication.configuration.AuthenticationConfiguration.initializeUserDetailsBeanManagerConfigurer()
2023-03-01T14:42:25.720+08:00 TRACE 908 --- [           main] a.ConfigurationClassBeanDefinitionReader : Registering bean definition for @Bean method org.springframework.security.config.annotation.authentication.configuration.AuthenticationConfiguration.initializeAuthenticationProviderBeanManagerConfigurer()
2023-03-01T14:42:25.721+08:00 TRACE 908 --- [           main] a.ConfigurationClassBeanDefinitionReader : Registered bean definition for imported class 'org.springframework.security.config.annotation.web.configuration.WebSecurityConfiguration'
2023-03-01T14:42:25.721+08:00 TRACE 908 --- [           main] a.ConfigurationClassBeanDefinitionReader : Registering bean definition for @Bean method org.springframework.security.config.annotation.web.configuration.WebSecurityConfiguration.delegatingApplicationListener()
2023-03-01T14:42:25.721+08:00 TRACE 908 --- [           main] a.ConfigurationClassBeanDefinitionReader : Registering bean definition for @Bean method org.springframework.security.config.annotation.web.configuration.WebSecurityConfiguration.webSecurityExpressionHandler()
2023-03-01T14:42:25.721+08:00 TRACE 908 --- [           main] a.ConfigurationClassBeanDefinitionReader : Registering bean definition for @Bean method org.springframework.security.config.annotation.web.configuration.WebSecurityConfiguration.springSecurityFilterChain()
2023-03-01T14:42:25.721+08:00 TRACE 908 --- [           main] a.ConfigurationClassBeanDefinitionReader : Registering bean definition for @Bean method org.springframework.security.config.annotation.web.configuration.WebSecurityConfiguration.privilegeEvaluator()
2023-03-01T14:42:25.721+08:00 TRACE 908 --- [           main] a.ConfigurationClassBeanDefinitionReader : Registering bean definition for @Bean method org.springframework.security.config.annotation.web.configuration.WebSecurityConfiguration.autowiredWebSecurityConfigurersIgnoreParents()
2023-03-01T14:42:25.722+08:00 TRACE 908 --- [           main] a.ConfigurationClassBeanDefinitionReader : Registered bean definition for imported class 'org.springframework.security.config.annotation.web.configuration.WebMvcSecurityConfiguration'
2023-03-01T14:42:25.722+08:00 TRACE 908 --- [           main] a.ConfigurationClassBeanDefinitionReader : Registering bean definition for @Bean method org.springframework.security.config.annotation.web.configuration.WebMvcSecurityConfiguration.requestDataValueProcessor()
2023-03-01T14:42:25.722+08:00 TRACE 908 --- [           main] a.ConfigurationClassBeanDefinitionReader : Registered bean definition for imported class 'org.springframework.security.config.annotation.web.configuration.OAuth2ClientConfiguration$OAuth2ClientWebMvcSecurityConfiguration'
2023-03-01T14:42:25.722+08:00 TRACE 908 --- [           main] a.ConfigurationClassBeanDefinitionReader : Registered bean definition for imported class 'org.springframework.security.config.annotation.web.configuration.OAuth2ClientConfiguration'
2023-03-01T14:42:25.722+08:00 TRACE 908 --- [           main] a.ConfigurationClassBeanDefinitionReader : Registered bean definition for imported class 'org.springframework.security.config.annotation.method.configuration.GlobalMethodSecurityConfiguration'
2023-03-01T14:42:25.722+08:00 TRACE 908 --- [           main] a.ConfigurationClassBeanDefinitionReader : Registering bean definition for @Bean method org.springframework.security.config.annotation.method.configuration.GlobalMethodSecurityConfiguration.methodSecurityInterceptor()
2023-03-01T14:42:25.723+08:00 TRACE 908 --- [           main] a.ConfigurationClassBeanDefinitionReader : Registering bean definition for @Bean method org.springframework.security.config.annotation.method.configuration.GlobalMethodSecurityConfiguration.methodSecurityMetadataSource()
2023-03-01T14:42:25.723+08:00 TRACE 908 --- [           main] a.ConfigurationClassBeanDefinitionReader : Registering bean definition for @Bean method org.springframework.security.config.annotation.method.configuration.GlobalMethodSecurityConfiguration.preInvocationAuthorizationAdvice()
2023-03-01T14:42:25.723+08:00 TRACE 908 --- [           main] a.ConfigurationClassBeanDefinitionReader : Registered bean definition for imported class 'org.springframework.security.config.annotation.method.configuration.Jsr250MetadataSourceConfiguration'
2023-03-01T14:42:25.724+08:00 TRACE 908 --- [           main] a.ConfigurationClassBeanDefinitionReader : Registering bean definition for @Bean method org.springframework.security.config.annotation.method.configuration.Jsr250MetadataSourceConfiguration.jsr250MethodSecurityMetadataSource()
2023-03-01T14:42:25.724+08:00 TRACE 908 --- [           main] a.ConfigurationClassBeanDefinitionReader : Registering bean definition for @Bean method com.unimap.zerohunger.config.WebSecurityConfig.cookieAuthorizationRequestRepository()
2023-03-01T14:42:25.725+08:00 TRACE 908 --- [           main] a.ConfigurationClassBeanDefinitionReader : Registering bean definition for @Bean method com.unimap.zerohunger.config.WebSecurityConfig.passwordEncoder()
2023-03-01T14:42:25.725+08:00 TRACE 908 --- [           main] a.ConfigurationClassBeanDefinitionReader : Registering bean definition for @Bean method com.unimap.zerohunger.config.WebSecurityConfig.org.springframework.security.authenticationManager()
2023-03-01T14:42:25.726+08:00 TRACE 908 --- [           main] a.ConfigurationClassBeanDefinitionReader : Registering bean definition for @Bean method com.unimap.zerohunger.config.WebSecurityConfig.authorizationCodeTokenResponseClient()
2023-03-01T14:42:25.737+08:00 TRACE 908 --- [           main] a.ConfigurationClassBeanDefinitionReader : Registered bean definition for imported class 'org.springframework.transaction.annotation.ProxyTransactionManagementConfiguration'
2023-03-01T14:42:25.738+08:00 TRACE 908 --- [           main] a.ConfigurationClassBeanDefinitionReader : Registering bean definition for @Bean method org.springframework.transaction.annotation.ProxyTransactionManagementConfiguration.org.springframework.transaction.config.internalTransactionAdvisor()
2023-03-01T14:42:25.738+08:00 TRACE 908 --- [           main] a.ConfigurationClassBeanDefinitionReader : Registering bean definition for @Bean method org.springframework.transaction.annotation.ProxyTransactionManagementConfiguration.transactionAttributeSource()
2023-03-01T14:42:25.738+08:00 TRACE 908 --- [           main] a.ConfigurationClassBeanDefinitionReader : Registering bean definition for @Bean method org.springframework.transaction.annotation.ProxyTransactionManagementConfiguration.transactionInterceptor()
2023-03-01T14:42:25.738+08:00 TRACE 908 --- [           main] a.ConfigurationClassBeanDefinitionReader : Registering bean definition for @Bean method org.springframework.transaction.annotation.ProxyTransactionManagementConfiguration.org.springframework.transaction.config.internalTransactionalEventListenerFactory()
2023-03-01T14:42:25.754+08:00  INFO 908 --- [           main] .s.d.r.c.RepositoryConfigurationDelegate : Multiple Spring Data modules found, entering strict repository configuration mode
2023-03-01T14:42:25.754+08:00  INFO 908 --- [           main] .s.d.r.c.RepositoryConfigurationDelegate : Bootstrapping Spring Data JPA repositories in DEFAULT mode.
2023-03-01T14:42:25.768+08:00 DEBUG 908 --- [           main] .s.d.r.c.RepositoryConfigurationDelegate : Scanning for JPA repositories in packages com.unimap.
2023-03-01T14:42:25.777+08:00 TRACE 908 --- [           main] .i.s.PathMatchingResourcePatternResolver : Resolved module-path location pattern [com/unimap/**/*.class] to resources []
2023-03-01T14:42:25.777+08:00 TRACE 908 --- [           main] .i.s.PathMatchingResourcePatternResolver : Resolved module-path location pattern [com/unimap/] to resources []
2023-03-01T14:42:25.778+08:00 TRACE 908 --- [           main] .i.s.PathMatchingResourcePatternResolver : Resolved classpath location [com/unimap/] to resources [file [c:\Users\MSI\Documents\CODINGS\NEW_BACKEND\zerohunger\target\test-classes\com\unimap], file [c:\Users\MSI\Documents\CODINGS\NEW_BACKEND\zerohunger\target\classes\com\unimap]]
2023-03-01T14:42:25.778+08:00 TRACE 908 --- [           main] .i.s.PathMatchingResourcePatternResolver : Searching directory [c:\Users\MSI\Documents\CODINGS\NEW_BACKEND\zerohunger\target\test-classes\com\unimap] for files matching pattern [**/*.class]
2023-03-01T14:42:25.779+08:00 TRACE 908 --- [           main] .i.s.PathMatchingResourcePatternResolver : Searching directory [c:\Users\MSI\Documents\CODINGS\NEW_BACKEND\zerohunger\target\classes\com\unimap] for files matching pattern [**/*.class]
2023-03-01T14:42:25.786+08:00 TRACE 908 --- [           main] .i.s.PathMatchingResourcePatternResolver : Resolved location pattern [classpath*:com/unimap/**/*.class] to resources [file [c:\Users\MSI\Documents\CODINGS\NEW_BACKEND\zerohunger\target\test-classes\com\unimap\zerohunger\ZerohungerApplicationTests.class], file [c:\Users\MSI\Documents\CODINGS\NEW_BACKEND\zerohunger\target\classes\com\unimap\ZerohungerApplication.class], file [c:\Users\MSI\Documents\CODINGS\NEW_BACKEND\zerohunger\target\classes\com\unimap\zerohunger\config\AppProperties$Auth.class], file [c:\Users\MSI\Documents\CODINGS\NEW_BACKEND\zerohunger\target\classes\com\unimap\zerohunger\config\AppProperties$OAuth2.class], file [c:\Users\MSI\Documents\CODINGS\NEW_BACKEND\zerohunger\target\classes\com\unimap\zerohunger\config\AppProperties.class], file [c:\Users\MSI\Documents\CODINGS\NEW_BACKEND\zerohunger\target\classes\com\unimap\zerohunger\config\CurrentUser.class], file [c:\Users\MSI\Documents\CODINGS\NEW_BACKEND\zerohunger\target\classes\com\unimap\zerohunger\config\RestAuthenticationEntryPoint.class], file [c:\Users\MSI\Documents\CODINGS\NEW_BACKEND\zerohunger\target\classes\com\unimap\zerohunger\config\SetupDataLoader.class], file [c:\Users\MSI\Documents\CODINGS\NEW_BACKEND\zerohunger\target\classes\com\unimap\zerohunger\config\WebConfig.class], file [c:\Users\MSI\Documents\CODINGS\NEW_BACKEND\zerohunger\target\classes\com\unimap\zerohunger\config\WebSecurityConfig.class], file [c:\Users\MSI\Documents\CODINGS\NEW_BACKEND\zerohunger\target\classes\com\unimap\zerohunger\controller\AuthController.class], file [c:\Users\MSI\Documents\CODINGS\NEW_BACKEND\zerohunger\target\classes\com\unimap\zerohunger\controller\UserController.class], file [c:\Users\MSI\Documents\CODINGS\NEW_BACKEND\zerohunger\target\classes\com\unimap\zerohunger\dto\ApiResponse.class], file [c:\Users\MSI\Documents\CODINGS\NEW_BACKEND\zerohunger\target\classes\com\unimap\zerohunger\dto\JwtAuthenticationResponse.class], file [c:\Users\MSI\Documents\CODINGS\NEW_BACKEND\zerohunger\target\classes\com\unimap\zerohunger\dto\LocalUser.class], file [c:\Users\MSI\Documents\CODINGS\NEW_BACKEND\zerohunger\target\classes\com\unimap\zerohunger\dto\LoginRequest.class], file [c:\Users\MSI\Documents\CODINGS\NEW_BACKEND\zerohunger\target\classes\com\unimap\zerohunger\dto\SignUpRequest$Builder.class], file [c:\Users\MSI\Documents\CODINGS\NEW_BACKEND\zerohunger\target\classes\com\unimap\zerohunger\dto\SignUpRequest.class], file [c:\Users\MSI\Documents\CODINGS\NEW_BACKEND\zerohunger\target\classes\com\unimap\zerohunger\dto\SocialProvider.class], file [c:\Users\MSI\Documents\CODINGS\NEW_BACKEND\zerohunger\target\classes\com\unimap\zerohunger\dto\UserInfo.class], file [c:\Users\MSI\Documents\CODINGS\NEW_BACKEND\zerohunger\target\classes\com\unimap\zerohunger\exception\BadRequestException.class], file [c:\Users\MSI\Documents\CODINGS\NEW_BACKEND\zerohunger\target\classes\com\unimap\zerohunger\exception\handler\RestResponseEntityExceptionHandler.class], file [c:\Users\MSI\Documents\CODINGS\NEW_BACKEND\zerohunger\target\classes\com\unimap\zerohunger\exception\OAuth2AuthenticationProcessingException.class], file [c:\Users\MSI\Documents\CODINGS\NEW_BACKEND\zerohunger\target\classes\com\unimap\zerohunger\exception\ResourceNotFoundException.class], file [c:\Users\MSI\Documents\CODINGS\NEW_BACKEND\zerohunger\target\classes\com\unimap\zerohunger\exception\UserAlreadyExistAuthenticationException.class], file [c:\Users\MSI\Documents\CODINGS\NEW_BACKEND\zerohunger\target\classes\com\unimap\zerohunger\model\Entity.class], file [c:\Users\MSI\Documents\CODINGS\NEW_BACKEND\zerohunger\target\classes\com\unimap\zerohunger\model\Role.class], file [c:\Users\MSI\Documents\CODINGS\NEW_BACKEND\zerohunger\target\classes\com\unimap\zerohunger\model\User.class], file [c:\Users\MSI\Documents\CODINGS\NEW_BACKEND\zerohunger\target\classes\com\unimap\zerohunger\repo\RoleRepository.class], file [c:\Users\MSI\Documents\CODINGS\NEW_BACKEND\zerohunger\target\classes\com\unimap\zerohunger\repo\UserRepository.class], file [c:\Users\MSI\Documents\CODINGS\NEW_BACKEND\zerohunger\target\classes\com\unimap\zerohunger\security\jwt\TokenAuthenticationFilter.class], file [c:\Users\MSI\Documents\CODINGS\NEW_BACKEND\zerohunger\target\classes\com\unimap\zerohunger\security\jwt\TokenProvider.class], file [c:\Users\MSI\Documents\CODINGS\NEW_BACKEND\zerohunger\target\classes\com\unimap\zerohunger\security\oauth2\AppUserInfo.class], file [c:\Users\MSI\Documents\CODINGS\NEW_BACKEND\zerohunger\target\classes\com\unimap\zerohunger\security\oauth2\CustomOAuth2UserService.class], file [c:\Users\MSI\Documents\CODINGS\NEW_BACKEND\zerohunger\target\classes\com\unimap\zerohunger\security\oauth2\CustomOidcUserService.class], file [c:\Users\MSI\Documents\CODINGS\NEW_BACKEND\zerohunger\target\classes\com\unimap\zerohunger\security\oauth2\HttpCookieOAuth2AuthorizationRequestRepository.class], file [c:\Users\MSI\Documents\CODINGS\NEW_BACKEND\zerohunger\target\classes\com\unimap\zerohunger\security\oauth2\OAuth2AccessTokenResponseConverterWithDefaults.class], file [c:\Users\MSI\Documents\CODINGS\NEW_BACKEND\zerohunger\target\classes\com\unimap\zerohunger\security\oauth2\OAuth2AuthenticationFailureHandler.class], file [c:\Users\MSI\Documents\CODINGS\NEW_BACKEND\zerohunger\target\classes\com\unimap\zerohunger\security\oauth2\OAuth2AuthenticationSuccessHandler.class], file [c:\Users\MSI\Documents\CODINGS\NEW_BACKEND\zerohunger\target\classes\com\unimap\zerohunger\security\oauth2\OAuth2UserInfo.class], file [c:\Users\MSI\Documents\CODINGS\NEW_BACKEND\zerohunger\target\classes\com\unimap\zerohunger\security\oauth2\user\GoogleOAuth2UserInfo.class], file [c:\Users\MSI\Documents\CODINGS\NEW_BACKEND\zerohunger\target\classes\com\unimap\zerohunger\security\oauth2\user\OAuth2UserInfoFactory.class], file [c:\Users\MSI\Documents\CODINGS\NEW_BACKEND\zerohunger\target\classes\com\unimap\zerohunger\service\LocalUserDetailService.class], file [c:\Users\MSI\Documents\CODINGS\NEW_BACKEND\zerohunger\target\classes\com\unimap\zerohunger\service\UserService.class], file [c:\Users\MSI\Documents\CODINGS\NEW_BACKEND\zerohunger\target\classes\com\unimap\zerohunger\service\UserServiceImpl.class], file [c:\Users\MSI\Documents\CODINGS\NEW_BACKEND\zerohunger\target\classes\com\unimap\zerohunger\util\CookieUtils.class], file [c:\Users\MSI\Documents\CODINGS\NEW_BACKEND\zerohunger\target\classes\com\unimap\zerohunger\util\GeneralUtils.class], file [c:\Users\MSI\Documents\CODINGS\NEW_BACKEND\zerohunger\target\classes\com\unimap\zerohunger\validator\PasswordMatches.class], file [c:\Users\MSI\Documents\CODINGS\NEW_BACKEND\zerohunger\target\classes\com\unimap\zerohunger\validator\PasswordMatchesValidator.class]]
2023-03-01T14:42:25.787+08:00 TRACE 908 --- [           main] o.s.d.r.c.RepositoryComponentProvider    : Scanning file [c:\Users\MSI\Documents\CODINGS\NEW_BACKEND\zerohunger\target\test-classes\com\unimap\zerohunger\ZerohungerApplicationTests.class]
2023-03-01T14:42:25.787+08:00 TRACE 908 --- [           main] o.s.d.r.c.RepositoryComponentProvider    : Ignored because not matching any filter: file [c:\Users\MSI\Documents\CODINGS\NEW_BACKEND\zerohunger\target\test-classes\com\unimap\zerohunger\ZerohungerApplicationTests.class]
2023-03-01T14:42:25.787+08:00 TRACE 908 --- [           main] o.s.d.r.c.RepositoryComponentProvider    : Scanning file [c:\Users\MSI\Documents\CODINGS\NEW_BACKEND\zerohunger\target\classes\com\unimap\ZerohungerApplication.class]
2023-03-01T14:42:25.790+08:00 TRACE 908 --- [           main] o.s.d.r.c.RepositoryComponentProvider    : Ignored because not matching any filter: file [c:\Users\MSI\Documents\CODINGS\NEW_BACKEND\zerohunger\target\classes\com\unimap\ZerohungerApplication.class]
2023-03-01T14:42:25.790+08:00 TRACE 908 --- [           main] o.s.d.r.c.RepositoryComponentProvider    : Scanning file [c:\Users\MSI\Documents\CODINGS\NEW_BACKEND\zerohunger\target\classes\com\unimap\zerohunger\config\AppProperties$Auth.class]
2023-03-01T14:42:25.790+08:00 TRACE 908 --- [           main] o.s.d.r.c.RepositoryComponentProvider    : Ignored because not matching any filter: file [c:\Users\MSI\Documents\CODINGS\NEW_BACKEND\zerohunger\target\classes\com\unimap\zerohunger\config\AppProperties$Auth.class]
2023-03-01T14:42:25.790+08:00 TRACE 908 --- [           main] o.s.d.r.c.RepositoryComponentProvider    : Scanning file [c:\Users\MSI\Documents\CODINGS\NEW_BACKEND\zerohunger\target\classes\com\unimap\zerohunger\config\AppProperties$OAuth2.class]
2023-03-01T14:42:25.790+08:00 TRACE 908 --- [           main] o.s.d.r.c.RepositoryComponentProvider    : Ignored because not matching any filter: file [c:\Users\MSI\Documents\CODINGS\NEW_BACKEND\zerohunger\target\classes\com\unimap\zerohunger\config\AppProperties$OAuth2.class]
2023-03-01T14:42:25.790+08:00 TRACE 908 --- [           main] o.s.d.r.c.RepositoryComponentProvider    : Scanning file [c:\Users\MSI\Documents\CODINGS\NEW_BACKEND\zerohunger\target\classes\com\unimap\zerohunger\config\AppProperties.class]
2023-03-01T14:42:25.790+08:00 TRACE 908 --- [           main] o.s.d.r.c.RepositoryComponentProvider    : Ignored because not matching any filter: file [c:\Users\MSI\Documents\CODINGS\NEW_BACKEND\zerohunger\target\classes\com\unimap\zerohunger\config\AppProperties.class]
2023-03-01T14:42:25.790+08:00 TRACE 908 --- [           main] o.s.d.r.c.RepositoryComponentProvider    : Scanning file [c:\Users\MSI\Documents\CODINGS\NEW_BACKEND\zerohunger\target\classes\com\unimap\zerohunger\config\CurrentUser.class]
2023-03-01T14:42:25.790+08:00 TRACE 908 --- [           main] o.s.d.r.c.RepositoryComponentProvider    : Ignored because not matching any filter: file [c:\Users\MSI\Documents\CODINGS\NEW_BACKEND\zerohunger\target\classes\com\unimap\zerohunger\config\CurrentUser.class]
2023-03-01T14:42:25.790+08:00 TRACE 908 --- [           main] o.s.d.r.c.RepositoryComponentProvider    : Scanning file [c:\Users\MSI\Documents\CODINGS\NEW_BACKEND\zerohunger\target\classes\com\unimap\zerohunger\config\RestAuthenticationEntryPoint.class]
2023-03-01T14:42:25.791+08:00 TRACE 908 --- [           main] o.s.d.r.c.RepositoryComponentProvider    : Ignored because not matching any filter: file [c:\Users\MSI\Documents\CODINGS\NEW_BACKEND\zerohunger\target\classes\com\unimap\zerohunger\config\RestAuthenticationEntryPoint.class]
2023-03-01T14:42:25.791+08:00 TRACE 908 --- [           main] o.s.d.r.c.RepositoryComponentProvider    : Scanning file [c:\Users\MSI\Documents\CODINGS\NEW_BACKEND\zerohunger\target\classes\com\unimap\zerohunger\config\SetupDataLoader.class]
2023-03-01T14:42:25.792+08:00 TRACE 908 --- [           main] o.s.d.r.c.RepositoryComponentProvider    : Ignored because not matching any filter: file [c:\Users\MSI\Documents\CODINGS\NEW_BACKEND\zerohunger\target\classes\com\unimap\zerohunger\config\SetupDataLoader.class]
2023-03-01T14:42:25.792+08:00 TRACE 908 --- [           main] o.s.d.r.c.RepositoryComponentProvider    : Scanning file [c:\Users\MSI\Documents\CODINGS\NEW_BACKEND\zerohunger\target\classes\com\unimap\zerohunger\config\WebConfig.class]
2023-03-01T14:42:25.792+08:00 TRACE 908 --- [           main] o.s.d.r.c.RepositoryComponentProvider    : Ignored because not matching any filter: file [c:\Users\MSI\Documents\CODINGS\NEW_BACKEND\zerohunger\target\classes\com\unimap\zerohunger\config\WebConfig.class]
2023-03-01T14:42:25.792+08:00 TRACE 908 --- [           main] o.s.d.r.c.RepositoryComponentProvider    : Scanning file [c:\Users\MSI\Documents\CODINGS\NEW_BACKEND\zerohunger\target\classes\com\unimap\zerohunger\config\WebSecurityConfig.class]
2023-03-01T14:42:25.794+08:00 TRACE 908 --- [           main] o.s.d.r.c.RepositoryComponentProvider    : Ignored because not matching any filter: file [c:\Users\MSI\Documents\CODINGS\NEW_BACKEND\zerohunger\target\classes\com\unimap\zerohunger\config\WebSecurityConfig.class]
2023-03-01T14:42:25.794+08:00 TRACE 908 --- [           main] o.s.d.r.c.RepositoryComponentProvider    : Scanning file [c:\Users\MSI\Documents\CODINGS\NEW_BACKEND\zerohunger\target\classes\com\unimap\zerohunger\controller\AuthController.class]
2023-03-01T14:42:25.794+08:00 TRACE 908 --- [           main] o.s.d.r.c.RepositoryComponentProvider    : Ignored because not matching any filter: file [c:\Users\MSI\Documents\CODINGS\NEW_BACKEND\zerohunger\target\classes\com\unimap\zerohunger\controller\AuthController.class]
2023-03-01T14:42:25.794+08:00 TRACE 908 --- [           main] o.s.d.r.c.RepositoryComponentProvider    : Scanning file [c:\Users\MSI\Documents\CODINGS\NEW_BACKEND\zerohunger\target\classes\com\unimap\zerohunger\controller\UserController.class]
2023-03-01T14:42:25.794+08:00 TRACE 908 --- [           main] o.s.d.r.c.RepositoryComponentProvider    : Ignored because not matching any filter: file [c:\Users\MSI\Documents\CODINGS\NEW_BACKEND\zerohunger\target\classes\com\unimap\zerohunger\controller\UserController.class]
2023-03-01T14:42:25.794+08:00 TRACE 908 --- [           main] o.s.d.r.c.RepositoryComponentProvider    : Scanning file [c:\Users\MSI\Documents\CODINGS\NEW_BACKEND\zerohunger\target\classes\com\unimap\zerohunger\dto\ApiResponse.class]
2023-03-01T14:42:25.794+08:00 TRACE 908 --- [           main] o.s.d.r.c.RepositoryComponentProvider    : Ignored because not matching any filter: file [c:\Users\MSI\Documents\CODINGS\NEW_BACKEND\zerohunger\target\classes\com\unimap\zerohunger\dto\ApiResponse.class]
2023-03-01T14:42:25.794+08:00 TRACE 908 --- [           main] o.s.d.r.c.RepositoryComponentProvider    : Scanning file [c:\Users\MSI\Documents\CODINGS\NEW_BACKEND\zerohunger\target\classes\com\unimap\zerohunger\dto\JwtAuthenticationResponse.class]
2023-03-01T14:42:25.794+08:00 TRACE 908 --- [           main] o.s.d.r.c.RepositoryComponentProvider    : Ignored because not matching any filter: file [c:\Users\MSI\Documents\CODINGS\NEW_BACKEND\zerohunger\target\classes\com\unimap\zerohunger\dto\JwtAuthenticationResponse.class]
2023-03-01T14:42:25.794+08:00 TRACE 908 --- [           main] o.s.d.r.c.RepositoryComponentProvider    : Scanning file [c:\Users\MSI\Documents\CODINGS\NEW_BACKEND\zerohunger\target\classes\com\unimap\zerohunger\dto\LocalUser.class]
2023-03-01T14:42:25.798+08:00 TRACE 908 --- [           main] o.s.d.r.c.RepositoryComponentProvider    : Ignored because not matching any filter: file [c:\Users\MSI\Documents\CODINGS\NEW_BACKEND\zerohunger\target\classes\com\unimap\zerohunger\dto\LocalUser.class]
2023-03-01T14:42:25.799+08:00 TRACE 908 --- [           main] o.s.d.r.c.RepositoryComponentProvider    : Scanning file [c:\Users\MSI\Documents\CODINGS\NEW_BACKEND\zerohunger\target\classes\com\unimap\zerohunger\dto\LoginRequest.class]
2023-03-01T14:42:25.799+08:00 TRACE 908 --- [           main] o.s.d.r.c.RepositoryComponentProvider    : Ignored because not matching any filter: file [c:\Users\MSI\Documents\CODINGS\NEW_BACKEND\zerohunger\target\classes\com\unimap\zerohunger\dto\LoginRequest.class]
2023-03-01T14:42:25.799+08:00 TRACE 908 --- [           main] o.s.d.r.c.RepositoryComponentProvider    : Scanning file [c:\Users\MSI\Documents\CODINGS\NEW_BACKEND\zerohunger\target\classes\com\unimap\zerohunger\dto\SignUpRequest$Builder.class]
2023-03-01T14:42:25.799+08:00 TRACE 908 --- [           main] o.s.d.r.c.RepositoryComponentProvider    : Ignored because not matching any filter: file [c:\Users\MSI\Documents\CODINGS\NEW_BACKEND\zerohunger\target\classes\com\unimap\zerohunger\dto\SignUpRequest$Builder.class]
2023-03-01T14:42:25.799+08:00 TRACE 908 --- [           main] o.s.d.r.c.RepositoryComponentProvider    : Scanning file [c:\Users\MSI\Documents\CODINGS\NEW_BACKEND\zerohunger\target\classes\com\unimap\zerohunger\dto\SignUpRequest.class]
2023-03-01T14:42:25.799+08:00 TRACE 908 --- [           main] o.s.d.r.c.RepositoryComponentProvider    : Ignored because not matching any filter: file [c:\Users\MSI\Documents\CODINGS\NEW_BACKEND\zerohunger\target\classes\com\unimap\zerohunger\dto\SignUpRequest.class]
2023-03-01T14:42:25.799+08:00 TRACE 908 --- [           main] o.s.d.r.c.RepositoryComponentProvider    : Scanning file [c:\Users\MSI\Documents\CODINGS\NEW_BACKEND\zerohunger\target\classes\com\unimap\zerohunger\dto\SocialProvider.class]
2023-03-01T14:42:25.799+08:00 TRACE 908 --- [           main] o.s.d.r.c.RepositoryComponentProvider    : Ignored because not matching any filter: file [c:\Users\MSI\Documents\CODINGS\NEW_BACKEND\zerohunger\target\classes\com\unimap\zerohunger\dto\SocialProvider.class]
2023-03-01T14:42:25.799+08:00 TRACE 908 --- [           main] o.s.d.r.c.RepositoryComponentProvider    : Scanning file [c:\Users\MSI\Documents\CODINGS\NEW_BACKEND\zerohunger\target\classes\com\unimap\zerohunger\dto\UserInfo.class]
2023-03-01T14:42:25.799+08:00 TRACE 908 --- [           main] o.s.d.r.c.RepositoryComponentProvider    : Ignored because not matching any filter: file [c:\Users\MSI\Documents\CODINGS\NEW_BACKEND\zerohunger\target\classes\com\unimap\zerohunger\dto\UserInfo.class]
2023-03-01T14:42:25.799+08:00 TRACE 908 --- [           main] o.s.d.r.c.RepositoryComponentProvider    : Scanning file [c:\Users\MSI\Documents\CODINGS\NEW_BACKEND\zerohunger\target\classes\com\unimap\zerohunger\exception\BadRequestException.class]
2023-03-01T14:42:25.799+08:00 TRACE 908 --- [           main] o.s.d.r.c.RepositoryComponentProvider    : Ignored because not matching any filter: file [c:\Users\MSI\Documents\CODINGS\NEW_BACKEND\zerohunger\target\classes\com\unimap\zerohunger\exception\BadRequestException.class]
2023-03-01T14:42:25.799+08:00 TRACE 908 --- [           main] o.s.d.r.c.RepositoryComponentProvider    : Scanning file [c:\Users\MSI\Documents\CODINGS\NEW_BACKEND\zerohunger\target\classes\com\unimap\zerohunger\exception\handler\RestResponseEntityExceptionHandler.class]
2023-03-01T14:42:25.802+08:00 TRACE 908 --- [           main] o.s.d.r.c.RepositoryComponentProvider    : Ignored because not matching any filter: file [c:\Users\MSI\Documents\CODINGS\NEW_BACKEND\zerohunger\target\classes\com\unimap\zerohunger\exception\handler\RestResponseEntityExceptionHandler.class]
2023-03-01T14:42:25.802+08:00 TRACE 908 --- [           main] o.s.d.r.c.RepositoryComponentProvider    : Scanning file [c:\Users\MSI\Documents\CODINGS\NEW_BACKEND\zerohunger\target\classes\com\unimap\zerohunger\exception\OAuth2AuthenticationProcessingException.class]
2023-03-01T14:42:25.803+08:00 TRACE 908 --- [           main] o.s.d.r.c.RepositoryComponentProvider    : Ignored because not matching any filter: file [c:\Users\MSI\Documents\CODINGS\NEW_BACKEND\zerohunger\target\classes\com\unimap\zerohunger\exception\OAuth2AuthenticationProcessingException.class]
2023-03-01T14:42:25.803+08:00 TRACE 908 --- [           main] o.s.d.r.c.RepositoryComponentProvider    : Scanning file [c:\Users\MSI\Documents\CODINGS\NEW_BACKEND\zerohunger\target\classes\com\unimap\zerohunger\exception\ResourceNotFoundException.class]
2023-03-01T14:42:25.803+08:00 TRACE 908 --- [           main] o.s.d.r.c.RepositoryComponentProvider    : Ignored because not matching any filter: file [c:\Users\MSI\Documents\CODINGS\NEW_BACKEND\zerohunger\target\classes\com\unimap\zerohunger\exception\ResourceNotFoundException.class]
2023-03-01T14:42:25.803+08:00 TRACE 908 --- [           main] o.s.d.r.c.RepositoryComponentProvider    : Scanning file [c:\Users\MSI\Documents\CODINGS\NEW_BACKEND\zerohunger\target\classes\com\unimap\zerohunger\exception\UserAlreadyExistAuthenticationException.class]
2023-03-01T14:42:25.803+08:00 TRACE 908 --- [           main] o.s.d.r.c.RepositoryComponentProvider    : Ignored because not matching any filter: file [c:\Users\MSI\Documents\CODINGS\NEW_BACKEND\zerohunger\target\classes\com\unimap\zerohunger\exception\UserAlreadyExistAuthenticationException.class]
2023-03-01T14:42:25.803+08:00 TRACE 908 --- [           main] o.s.d.r.c.RepositoryComponentProvider    : Scanning file [c:\Users\MSI\Documents\CODINGS\NEW_BACKEND\zerohunger\target\classes\com\unimap\zerohunger\model\Entity.class]
2023-03-01T14:42:25.803+08:00 TRACE 908 --- [           main] o.s.d.r.c.RepositoryComponentProvider    : Ignored because not matching any filter: file [c:\Users\MSI\Documents\CODINGS\NEW_BACKEND\zerohunger\target\classes\com\unimap\zerohunger\model\Entity.class]
2023-03-01T14:42:25.803+08:00 TRACE 908 --- [           main] o.s.d.r.c.RepositoryComponentProvider    : Scanning file [c:\Users\MSI\Documents\CODINGS\NEW_BACKEND\zerohunger\target\classes\com\unimap\zerohunger\model\Role.class]
2023-03-01T14:42:25.803+08:00 TRACE 908 --- [           main] o.s.d.r.c.RepositoryComponentProvider    : Ignored because not matching any filter: file [c:\Users\MSI\Documents\CODINGS\NEW_BACKEND\zerohunger\target\classes\com\unimap\zerohunger\model\Role.class]
2023-03-01T14:42:25.804+08:00 TRACE 908 --- [           main] o.s.d.r.c.RepositoryComponentProvider    : Scanning file [c:\Users\MSI\Documents\CODINGS\NEW_BACKEND\zerohunger\target\classes\com\unimap\zerohunger\model\User.class]
2023-03-01T14:42:25.804+08:00 TRACE 908 --- [           main] o.s.d.r.c.RepositoryComponentProvider    : Ignored because not matching any filter: file [c:\Users\MSI\Documents\CODINGS\NEW_BACKEND\zerohunger\target\classes\com\unimap\zerohunger\model\User.class]
2023-03-01T14:42:25.804+08:00 TRACE 908 --- [           main] o.s.d.r.c.RepositoryComponentProvider    : Scanning file [c:\Users\MSI\Documents\CODINGS\NEW_BACKEND\zerohunger\target\classes\com\unimap\zerohunger\repo\RoleRepository.class]
2023-03-01T14:42:25.807+08:00 DEBUG 908 --- [           main] o.s.d.r.c.RepositoryComponentProvider    : Identified candidate component class: file [c:\Users\MSI\Documents\CODINGS\NEW_BACKEND\zerohunger\target\classes\com\unimap\zerohunger\repo\RoleRepository.class]
2023-03-01T14:42:25.807+08:00 TRACE 908 --- [           main] o.s.d.r.c.RepositoryComponentProvider    : Scanning file [c:\Users\MSI\Documents\CODINGS\NEW_BACKEND\zerohunger\target\classes\com\unimap\zerohunger\repo\UserRepository.class]
2023-03-01T14:42:25.807+08:00 DEBUG 908 --- [           main] o.s.d.r.c.RepositoryComponentProvider    : Identified candidate component class: file [c:\Users\MSI\Documents\CODINGS\NEW_BACKEND\zerohunger\target\classes\com\unimap\zerohunger\repo\UserRepository.class]
2023-03-01T14:42:25.807+08:00 TRACE 908 --- [           main] o.s.d.r.c.RepositoryComponentProvider    : Scanning file [c:\Users\MSI\Documents\CODINGS\NEW_BACKEND\zerohunger\target\classes\com\unimap\zerohunger\security\jwt\TokenAuthenticationFilter.class]
2023-03-01T14:42:25.810+08:00 TRACE 908 --- [           main] o.s.d.r.c.RepositoryComponentProvider    : Ignored because not matching any filter: file [c:\Users\MSI\Documents\CODINGS\NEW_BACKEND\zerohunger\target\classes\com\unimap\zerohunger\security\jwt\TokenAuthenticationFilter.class]
2023-03-01T14:42:25.810+08:00 TRACE 908 --- [           main] o.s.d.r.c.RepositoryComponentProvider    : Scanning file [c:\Users\MSI\Documents\CODINGS\NEW_BACKEND\zerohunger\target\classes\com\unimap\zerohunger\security\jwt\TokenProvider.class]
2023-03-01T14:42:25.810+08:00 TRACE 908 --- [           main] o.s.d.r.c.RepositoryComponentProvider    : Ignored because not matching any filter: file [c:\Users\MSI\Documents\CODINGS\NEW_BACKEND\zerohunger\target\classes\com\unimap\zerohunger\security\jwt\TokenProvider.class]
2023-03-01T14:42:25.810+08:00 TRACE 908 --- [           main] o.s.d.r.c.RepositoryComponentProvider    : Scanning file [c:\Users\MSI\Documents\CODINGS\NEW_BACKEND\zerohunger\target\classes\com\unimap\zerohunger\security\oauth2\AppUserInfo.class]
2023-03-01T14:42:25.810+08:00 TRACE 908 --- [           main] o.s.d.r.c.RepositoryComponentProvider    : Ignored because not matching any filter: file [c:\Users\MSI\Documents\CODINGS\NEW_BACKEND\zerohunger\target\classes\com\unimap\zerohunger\security\oauth2\AppUserInfo.class]
2023-03-01T14:42:25.810+08:00 TRACE 908 --- [           main] o.s.d.r.c.RepositoryComponentProvider    : Scanning file [c:\Users\MSI\Documents\CODINGS\NEW_BACKEND\zerohunger\target\classes\com\unimap\zerohunger\security\oauth2\CustomOAuth2UserService.class]
2023-03-01T14:42:25.811+08:00 TRACE 908 --- [           main] o.s.d.r.c.RepositoryComponentProvider    : Ignored because not matching any filter: file [c:\Users\MSI\Documents\CODINGS\NEW_BACKEND\zerohunger\target\classes\com\unimap\zerohunger\security\oauth2\CustomOAuth2UserService.class]
2023-03-01T14:42:25.811+08:00 TRACE 908 --- [           main] o.s.d.r.c.RepositoryComponentProvider    : Scanning file [c:\Users\MSI\Documents\CODINGS\NEW_BACKEND\zerohunger\target\classes\com\unimap\zerohunger\security\oauth2\CustomOidcUserService.class]
2023-03-01T14:42:25.812+08:00 TRACE 908 --- [           main] o.s.d.r.c.RepositoryComponentProvider    : Ignored because not matching any filter: file [c:\Users\MSI\Documents\CODINGS\NEW_BACKEND\zerohunger\target\classes\com\unimap\zerohunger\security\oauth2\CustomOidcUserService.class]
2023-03-01T14:42:25.812+08:00 TRACE 908 --- [           main] o.s.d.r.c.RepositoryComponentProvider    : Scanning file [c:\Users\MSI\Documents\CODINGS\NEW_BACKEND\zerohunger\target\classes\com\unimap\zerohunger\security\oauth2\HttpCookieOAuth2AuthorizationRequestRepository.class]
2023-03-01T14:42:25.812+08:00 TRACE 908 --- [           main] o.s.d.r.c.RepositoryComponentProvider    : Ignored because not matching any filter: file [c:\Users\MSI\Documents\CODINGS\NEW_BACKEND\zerohunger\target\classes\com\unimap\zerohunger\security\oauth2\HttpCookieOAuth2AuthorizationRequestRepository.class]
2023-03-01T14:42:25.812+08:00 TRACE 908 --- [           main] o.s.d.r.c.RepositoryComponentProvider    : Scanning file [c:\Users\MSI\Documents\CODINGS\NEW_BACKEND\zerohunger\target\classes\com\unimap\zerohunger\security\oauth2\OAuth2AccessTokenResponseConverterWithDefaults.class]
2023-03-01T14:42:25.812+08:00 TRACE 908 --- [           main] o.s.d.r.c.RepositoryComponentProvider    : Ignored because not matching any filter: file [c:\Users\MSI\Documents\CODINGS\NEW_BACKEND\zerohunger\target\classes\com\unimap\zerohunger\security\oauth2\OAuth2AccessTokenResponseConverterWithDefaults.class]
2023-03-01T14:42:25.812+08:00 TRACE 908 --- [           main] o.s.d.r.c.RepositoryComponentProvider    : Scanning file [c:\Users\MSI\Documents\CODINGS\NEW_BACKEND\zerohunger\target\classes\com\unimap\zerohunger\security\oauth2\OAuth2AuthenticationFailureHandler.class]
2023-03-01T14:42:25.813+08:00 TRACE 908 --- [           main] o.s.d.r.c.RepositoryComponentProvider    : Ignored because not matching any filter: file [c:\Users\MSI\Documents\CODINGS\NEW_BACKEND\zerohunger\target\classes\com\unimap\zerohunger\security\oauth2\OAuth2AuthenticationFailureHandler.class]
2023-03-01T14:42:25.813+08:00 TRACE 908 --- [           main] o.s.d.r.c.RepositoryComponentProvider    : Scanning file [c:\Users\MSI\Documents\CODINGS\NEW_BACKEND\zerohunger\target\classes\com\unimap\zerohunger\security\oauth2\OAuth2AuthenticationSuccessHandler.class]
2023-03-01T14:42:25.814+08:00 TRACE 908 --- [           main] o.s.d.r.c.RepositoryComponentProvider    : Ignored because not matching any filter: file [c:\Users\MSI\Documents\CODINGS\NEW_BACKEND\zerohunger\target\classes\com\unimap\zerohunger\security\oauth2\OAuth2AuthenticationSuccessHandler.class]
2023-03-01T14:42:25.815+08:00 TRACE 908 --- [           main] o.s.d.r.c.RepositoryComponentProvider    : Scanning file [c:\Users\MSI\Documents\CODINGS\NEW_BACKEND\zerohunger\target\classes\com\unimap\zerohunger\security\oauth2\OAuth2UserInfo.class]
2023-03-01T14:42:25.815+08:00 TRACE 908 --- [           main] o.s.d.r.c.RepositoryComponentProvider    : Ignored because not matching any filter: file [c:\Users\MSI\Documents\CODINGS\NEW_BACKEND\zerohunger\target\classes\com\unimap\zerohunger\security\oauth2\OAuth2UserInfo.class]
2023-03-01T14:42:25.815+08:00 TRACE 908 --- [           main] o.s.d.r.c.RepositoryComponentProvider    : Scanning file [c:\Users\MSI\Documents\CODINGS\NEW_BACKEND\zerohunger\target\classes\com\unimap\zerohunger\security\oauth2\user\GoogleOAuth2UserInfo.class]
2023-03-01T14:42:25.815+08:00 TRACE 908 --- [           main] o.s.d.r.c.RepositoryComponentProvider    : Ignored because not matching any filter: file [c:\Users\MSI\Documents\CODINGS\NEW_BACKEND\zerohunger\target\classes\com\unimap\zerohunger\security\oauth2\user\GoogleOAuth2UserInfo.class]
2023-03-01T14:42:25.816+08:00 TRACE 908 --- [           main] o.s.d.r.c.RepositoryComponentProvider    : Scanning file [c:\Users\MSI\Documents\CODINGS\NEW_BACKEND\zerohunger\target\classes\com\unimap\zerohunger\security\oauth2\user\OAuth2UserInfoFactory.class]
2023-03-01T14:42:25.816+08:00 TRACE 908 --- [           main] o.s.d.r.c.RepositoryComponentProvider    : Ignored because not matching any filter: file [c:\Users\MSI\Documents\CODINGS\NEW_BACKEND\zerohunger\target\classes\com\unimap\zerohunger\security\oauth2\user\OAuth2UserInfoFactory.class]
2023-03-01T14:42:25.816+08:00 TRACE 908 --- [           main] o.s.d.r.c.RepositoryComponentProvider    : Scanning file [c:\Users\MSI\Documents\CODINGS\NEW_BACKEND\zerohunger\target\classes\com\unimap\zerohunger\service\LocalUserDetailService.class]
2023-03-01T14:42:25.816+08:00 TRACE 908 --- [           main] o.s.d.r.c.RepositoryComponentProvider    : Ignored because not matching any filter: file [c:\Users\MSI\Documents\CODINGS\NEW_BACKEND\zerohunger\target\classes\com\unimap\zerohunger\service\LocalUserDetailService.class]
2023-03-01T14:42:25.816+08:00 TRACE 908 --- [           main] o.s.d.r.c.RepositoryComponentProvider    : Scanning file [c:\Users\MSI\Documents\CODINGS\NEW_BACKEND\zerohunger\target\classes\com\unimap\zerohunger\service\UserService.class]
2023-03-01T14:42:25.816+08:00 TRACE 908 --- [           main] o.s.d.r.c.RepositoryComponentProvider    : Ignored because not matching any filter: file [c:\Users\MSI\Documents\CODINGS\NEW_BACKEND\zerohunger\target\classes\com\unimap\zerohunger\service\UserService.class]
2023-03-01T14:42:25.816+08:00 TRACE 908 --- [           main] o.s.d.r.c.RepositoryComponentProvider    : Scanning file [c:\Users\MSI\Documents\CODINGS\NEW_BACKEND\zerohunger\target\classes\com\unimap\zerohunger\service\UserServiceImpl.class]
2023-03-01T14:42:25.816+08:00 TRACE 908 --- [           main] o.s.d.r.c.RepositoryComponentProvider    : Ignored because not matching any filter: file [c:\Users\MSI\Documents\CODINGS\NEW_BACKEND\zerohunger\target\classes\com\unimap\zerohunger\service\UserServiceImpl.class]
2023-03-01T14:42:25.816+08:00 TRACE 908 --- [           main] o.s.d.r.c.RepositoryComponentProvider    : Scanning file [c:\Users\MSI\Documents\CODINGS\NEW_BACKEND\zerohunger\target\classes\com\unimap\zerohunger\util\CookieUtils.class]
2023-03-01T14:42:25.817+08:00 TRACE 908 --- [           main] o.s.d.r.c.RepositoryComponentProvider    : Ignored because not matching any filter: file [c:\Users\MSI\Documents\CODINGS\NEW_BACKEND\zerohunger\target\classes\com\unimap\zerohunger\util\CookieUtils.class]
2023-03-01T14:42:25.817+08:00 TRACE 908 --- [           main] o.s.d.r.c.RepositoryComponentProvider    : Scanning file [c:\Users\MSI\Documents\CODINGS\NEW_BACKEND\zerohunger\target\classes\com\unimap\zerohunger\util\GeneralUtils.class]
2023-03-01T14:42:25.817+08:00 TRACE 908 --- [           main] o.s.d.r.c.RepositoryComponentProvider    : Ignored because not matching any filter: file [c:\Users\MSI\Documents\CODINGS\NEW_BACKEND\zerohunger\target\classes\com\unimap\zerohunger\util\GeneralUtils.class]
2023-03-01T14:42:25.817+08:00 TRACE 908 --- [           main] o.s.d.r.c.RepositoryComponentProvider    : Scanning file [c:\Users\MSI\Documents\CODINGS\NEW_BACKEND\zerohunger\target\classes\com\unimap\zerohunger\validator\PasswordMatches.class]
2023-03-01T14:42:25.817+08:00 TRACE 908 --- [           main] o.s.d.r.c.RepositoryComponentProvider    : Ignored because not matching any filter: file [c:\Users\MSI\Documents\CODINGS\NEW_BACKEND\zerohunger\target\classes\com\unimap\zerohunger\validator\PasswordMatches.class]
2023-03-01T14:42:25.817+08:00 TRACE 908 --- [           main] o.s.d.r.c.RepositoryComponentProvider    : Scanning file [c:\Users\MSI\Documents\CODINGS\NEW_BACKEND\zerohunger\target\classes\com\unimap\zerohunger\validator\PasswordMatchesValidator.class]
2023-03-01T14:42:25.817+08:00 TRACE 908 --- [           main] o.s.d.r.c.RepositoryComponentProvider    : Ignored because not matching any filter: file [c:\Users\MSI\Documents\CODINGS\NEW_BACKEND\zerohunger\target\classes\com\unimap\zerohunger\validator\PasswordMatchesValidator.class]
2023-03-01T14:42:25.854+08:00 TRACE 908 --- [           main] o.s.c.io.support.SpringFactoriesLoader   : Loaded [org.springframework.data.util.ProxyUtils$ProxyDetector] names: [org.springframework.data.jpa.util.HibernateProxyDetector]
2023-03-01T14:42:26.017+08:00 TRACE 908 --- [           main] .i.s.PathMatchingResourcePatternResolver : Resolved module-path location pattern [com/unimap/**/*Impl.class] to resources []
2023-03-01T14:42:26.017+08:00 TRACE 908 --- [           main] .i.s.PathMatchingResourcePatternResolver : Resolved module-path location pattern [com/unimap/] to resources []
2023-03-01T14:42:26.017+08:00 TRACE 908 --- [           main] .i.s.PathMatchingResourcePatternResolver : Resolved classpath location [com/unimap/] to resources [file [c:\Users\MSI\Documents\CODINGS\NEW_BACKEND\zerohunger\target\test-classes\com\unimap], file [c:\Users\MSI\Documents\CODINGS\NEW_BACKEND\zerohunger\target\classes\com\unimap]]
2023-03-01T14:42:26.018+08:00 TRACE 908 --- [           main] .i.s.PathMatchingResourcePatternResolver : Searching directory [c:\Users\MSI\Documents\CODINGS\NEW_BACKEND\zerohunger\target\test-classes\com\unimap] for files matching pattern [**/*Impl.class]
2023-03-01T14:42:26.018+08:00 TRACE 908 --- [           main] .i.s.PathMatchingResourcePatternResolver : Searching directory [c:\Users\MSI\Documents\CODINGS\NEW_BACKEND\zerohunger\target\classes\com\unimap] for files matching pattern [**/*Impl.class]
2023-03-01T14:42:26.025+08:00 TRACE 908 --- [           main] .i.s.PathMatchingResourcePatternResolver : Resolved location pattern [classpath*:com/unimap/**/*Impl.class] to resources [file [c:\Users\MSI\Documents\CODINGS\NEW_BACKEND\zerohunger\target\classes\com\unimap\zerohunger\service\UserServiceImpl.class]]
2023-03-01T14:42:26.025+08:00 TRACE 908 --- [           main] ssPathScanningCandidateComponentProvider : Scanning file [c:\Users\MSI\Documents\CODINGS\NEW_BACKEND\zerohunger\target\classes\com\unimap\zerohunger\service\UserServiceImpl.class]
2023-03-01T14:42:26.025+08:00 DEBUG 908 --- [           main] ssPathScanningCandidateComponentProvider : Identified candidate component class: file [c:\Users\MSI\Documents\CODINGS\NEW_BACKEND\zerohunger\target\classes\com\unimap\zerohunger\service\UserServiceImpl.class]
2023-03-01T14:42:26.038+08:00 TRACE 908 --- [           main] .s.d.r.c.RepositoryConfigurationDelegate : Spring Data JPA - Registering repository: userRepository - Interface: com.unimap.zerohunger.repo.UserRepository - Factory: org.springframework.data.jpa.repository.support.JpaRepositoryFactoryBean
2023-03-01T14:42:26.046+08:00 TRACE 908 --- [           main] .s.d.r.c.RepositoryConfigurationDelegate : Spring Data JPA - Registering repository: roleRepository - Interface: com.unimap.zerohunger.repo.RoleRepository - Factory: org.springframework.data.jpa.repository.support.JpaRepositoryFactoryBean
2023-03-01T14:42:26.047+08:00  INFO 908 --- [           main] .s.d.r.c.RepositoryConfigurationDelegate : Finished Spring Data repository scanning in 277 ms. Found 2 JPA repository interfaces.
2023-03-01T14:42:26.051+08:00 TRACE 908 --- [           main] a.ConfigurationClassBeanDefinitionReader : Registered bean definition for imported class 'org.springframework.boot.autoconfigure.context.PropertyPlaceholderAutoConfiguration'
2023-03-01T14:42:26.117+08:00 TRACE 908 --- [           main] o.s.b.a.condition.OnBeanCondition        : Condition OnBeanCondition on org.springframework.boot.autoconfigure.context.PropertyPlaceholderAutoConfiguration#propertySourcesPlaceholderConfigurer matched due to @ConditionalOnMissingBean (types: org.springframework.context.support.PropertySourcesPlaceholderConfigurer; SearchStrategy: current) did not find any beans
2023-03-01T14:42:26.118+08:00 TRACE 908 --- [           main] o.s.b.f.s.DefaultListableBeanFactory     : Returning cached instance of singleton bean 'autoConfigurationReport'
2023-03-01T14:42:26.118+08:00 TRACE 908 --- [           main] a.ConfigurationClassBeanDefinitionReader : Registering bean definition for @Bean method org.springframework.boot.autoconfigure.context.PropertyPlaceholderAutoConfiguration.propertySourcesPlaceholderConfigurer()
2023-03-01T14:42:26.118+08:00 TRACE 908 --- [           main] o.s.b.a.condition.OnClassCondition       : Condition OnClassCondition on org.springframework.boot.autoconfigure.websocket.servlet.WebSocketServletAutoConfiguration matched due to @ConditionalOnClass found required classes 'jakarta.servlet.Servlet', 'jakarta.websocket.server.ServerContainer'
2023-03-01T14:42:26.118+08:00 TRACE 908 --- [           main] o.s.b.f.s.DefaultListableBeanFactory     : Returning cached instance of singleton bean 'autoConfigurationReport'
2023-03-01T14:42:26.118+08:00 TRACE 908 --- [           main] o.s.b.a.c.OnWebApplicationCondition      : Condition OnWebApplicationCondition on org.springframework.boot.autoconfigure.websocket.servlet.WebSocketServletAutoConfiguration matched due to found 'session' scope
2023-03-01T14:42:26.118+08:00 TRACE 908 --- [           main] o.s.b.f.s.DefaultListableBeanFactory     : Returning cached instance of singleton bean 'autoConfigurationReport'
2023-03-01T14:42:26.119+08:00 TRACE 908 --- [           main] o.s.b.a.condition.OnClassCondition       : Condition OnClassCondition on org.springframework.boot.autoconfigure.websocket.servlet.WebSocketServletAutoConfiguration$TomcatWebSocketConfiguration matched due to @ConditionalOnClass found required classes 'org.apache.catalina.startup.Tomcat', 'org.apache.tomcat.websocket.server.WsSci'
2023-03-01T14:42:26.119+08:00 TRACE 908 --- [           main] o.s.b.f.s.DefaultListableBeanFactory     : Returning cached instance of singleton bean 'autoConfigurationReport'
2023-03-01T14:42:26.119+08:00 TRACE 908 --- [           main] a.ConfigurationClassBeanDefinitionReader : Registered bean definition for imported class 'org.springframework.boot.autoconfigure.websocket.servlet.WebSocketServletAutoConfiguration$TomcatWebSocketConfiguration'
2023-03-01T14:42:26.119+08:00 TRACE 908 --- [           main] o.s.b.a.condition.OnBeanCondition        : Condition OnBeanCondition on org.springframework.boot.autoconfigure.websocket.servlet.WebSocketServletAutoConfiguration$TomcatWebSocketConfiguration#websocketServletWebServerCustomizer matched due to @ConditionalOnMissingBean (names: websocketServletWebServerCustomizer; SearchStrategy: all) did not find any beans
2023-03-01T14:42:26.119+08:00 TRACE 908 --- [           main] o.s.b.f.s.DefaultListableBeanFactory     : Returning cached instance of singleton bean 'autoConfigurationReport'
2023-03-01T14:42:26.119+08:00 TRACE 908 --- [           main] a.ConfigurationClassBeanDefinitionReader : Registering bean definition for @Bean method org.springframework.boot.autoconfigure.websocket.servlet.WebSocketServletAutoConfiguration$TomcatWebSocketConfiguration.websocketServletWebServerCustomizer()
2023-03-01T14:42:26.121+08:00 TRACE 908 --- [           main] a.ConfigurationClassBeanDefinitionReader : Registered bean definition for imported class 'org.springframework.boot.autoconfigure.websocket.servlet.WebSocketServletAutoConfiguration'
2023-03-01T14:42:26.121+08:00 TRACE 908 --- [           main] o.s.b.a.condition.OnClassCondition       : Condition OnClassCondition on org.springframework.boot.autoconfigure.web.servlet.ServletWebServerFactoryAutoConfiguration matched due to @ConditionalOnClass found required class 'jakarta.servlet.ServletRequest'
2023-03-01T14:42:26.121+08:00 TRACE 908 --- [           main] o.s.b.f.s.DefaultListableBeanFactory     : Returning cached instance of singleton bean 'autoConfigurationReport'
2023-03-01T14:42:26.121+08:00 TRACE 908 --- [           main] o.s.b.a.c.OnWebApplicationCondition      : Condition OnWebApplicationCondition on org.springframework.boot.autoconfigure.web.servlet.ServletWebServerFactoryAutoConfiguration matched due to found 'session' scope
2023-03-01T14:42:26.121+08:00 TRACE 908 --- [           main] o.s.b.f.s.DefaultListableBeanFactory     : Returning cached instance of singleton bean 'autoConfigurationReport'
2023-03-01T14:42:26.121+08:00 TRACE 908 --- [           main] o.s.b.a.condition.OnClassCondition       : Condition OnClassCondition on org.springframework.boot.autoconfigure.web.servlet.ServletWebServerFactoryConfiguration$EmbeddedTomcat matched due to @ConditionalOnClass found required classes 'jakarta.servlet.Servlet', 'org.apache.catalina.startup.Tomcat', 'org.apache.coyote.UpgradeProtocol'
2023-03-01T14:42:26.121+08:00 TRACE 908 --- [           main] o.s.b.f.s.DefaultListableBeanFactory     : Returning cached instance of singleton bean 'autoConfigurationReport'
2023-03-01T14:42:26.124+08:00 TRACE 908 --- [           main] o.s.b.a.condition.OnBeanCondition        : Condition OnBeanCondition on org.springframework.boot.autoconfigure.web.servlet.ServletWebServerFactoryConfiguration$EmbeddedTomcat matched due to @ConditionalOnMissingBean (types: org.springframework.boot.web.servlet.server.ServletWebServerFactory; SearchStrategy: current) did not find any beans
2023-03-01T14:42:26.124+08:00 TRACE 908 --- [           main] o.s.b.f.s.DefaultListableBeanFactory     : Returning cached instance of singleton bean 'autoConfigurationReport'
2023-03-01T14:42:26.125+08:00 TRACE 908 --- [           main] a.ConfigurationClassBeanDefinitionReader : Registered bean definition for imported class 'org.springframework.boot.autoconfigure.web.servlet.ServletWebServerFactoryConfiguration$EmbeddedTomcat'
2023-03-01T14:42:26.125+08:00 TRACE 908 --- [           main] a.ConfigurationClassBeanDefinitionReader : Registering bean definition for @Bean method org.springframework.boot.autoconfigure.web.servlet.ServletWebServerFactoryConfiguration$EmbeddedTomcat.tomcatServletWebServerFactory()
2023-03-01T14:42:26.127+08:00 TRACE 908 --- [           main] a.ConfigurationClassBeanDefinitionReader : Registered bean definition for imported class 'org.springframework.boot.autoconfigure.web.servlet.ServletWebServerFactoryAutoConfiguration'
2023-03-01T14:42:26.127+08:00 TRACE 908 --- [           main] a.ConfigurationClassBeanDefinitionReader : Registering bean definition for @Bean method org.springframework.boot.autoconfigure.web.servlet.ServletWebServerFactoryAutoConfiguration.servletWebServerFactoryCustomizer()
2023-03-01T14:42:26.128+08:00 TRACE 908 --- [           main] o.s.b.a.condition.OnClassCondition       : Condition OnClassCondition on org.springframework.boot.autoconfigure.web.servlet.ServletWebServerFactoryAutoConfiguration#tomcatServletWebServerFactoryCustomizer matched due to @ConditionalOnClass found required class 'org.apache.catalina.startup.Tomcat'
2023-03-01T14:42:26.128+08:00 TRACE 908 --- [           main] o.s.b.f.s.DefaultListableBeanFactory     : Returning cached instance of singleton bean 'autoConfigurationReport'
2023-03-01T14:42:26.128+08:00 TRACE 908 --- [           main] a.ConfigurationClassBeanDefinitionReader : Registering bean definition for @Bean method org.springframework.boot.autoconfigure.web.servlet.ServletWebServerFactoryAutoConfiguration.tomcatServletWebServerFactoryCustomizer()
2023-03-01T14:42:26.154+08:00 TRACE 908 --- [           main] o.s.b.a.condition.OnClassCondition       : Condition OnClassCondition on org.springframework.boot.autoconfigure.web.servlet.DispatcherServletAutoConfiguration matched due to @ConditionalOnClass found required class 'org.springframework.web.servlet.DispatcherServlet'
2023-03-01T14:42:26.154+08:00 TRACE 908 --- [           main] o.s.b.f.s.DefaultListableBeanFactory     : Returning cached instance of singleton bean 'autoConfigurationReport'
2023-03-01T14:42:26.154+08:00 TRACE 908 --- [           main] o.s.b.a.c.OnWebApplicationCondition      : Condition OnWebApplicationCondition on org.springframework.boot.autoconfigure.web.servlet.DispatcherServletAutoConfiguration matched due to found 'session' scope
2023-03-01T14:42:26.154+08:00 TRACE 908 --- [           main] o.s.b.f.s.DefaultListableBeanFactory     : Returning cached instance of singleton bean 'autoConfigurationReport'
2023-03-01T14:42:26.155+08:00 TRACE 908 --- [           main] o.s.b.a.condition.OnClassCondition       : Condition OnClassCondition on org.springframework.boot.autoconfigure.web.servlet.DispatcherServletAutoConfiguration$DispatcherServletRegistrationConfiguration matched due to @ConditionalOnClass found required class 'jakarta.servlet.ServletRegistration'
2023-03-01T14:42:26.155+08:00 TRACE 908 --- [           main] o.s.b.f.s.DefaultListableBeanFactory     : Returning cached instance of singleton bean 'autoConfigurationReport'
2023-03-01T14:42:26.155+08:00 TRACE 908 --- [           main] n$DispatcherServletRegistrationCondition : Condition DispatcherServletAutoConfiguration.DispatcherServletRegistrationCondition on org.springframework.boot.autoconfigure.web.servlet.DispatcherServletAutoConfiguration$DispatcherServletRegistrationConfiguration matched due to DispatcherServlet Registration did not find servlet registration bean
2023-03-01T14:42:26.155+08:00 TRACE 908 --- [           main] o.s.b.f.s.DefaultListableBeanFactory     : Returning cached instance of singleton bean 'autoConfigurationReport'
2023-03-01T14:42:26.156+08:00 TRACE 908 --- [           main] o.s.b.a.condition.OnClassCondition       : Condition OnClassCondition on org.springframework.boot.autoconfigure.web.servlet.DispatcherServletAutoConfiguration$DispatcherServletConfiguration matched due to @ConditionalOnClass found required class 'jakarta.servlet.ServletRegistration'
2023-03-01T14:42:26.156+08:00 TRACE 908 --- [           main] o.s.b.f.s.DefaultListableBeanFactory     : Returning cached instance of singleton bean 'autoConfigurationReport'
2023-03-01T14:42:26.156+08:00 TRACE 908 --- [           main] ration$DefaultDispatcherServletCondition : Condition DispatcherServletAutoConfiguration.DefaultDispatcherServletCondition on org.springframework.boot.autoconfigure.web.servlet.DispatcherServletAutoConfiguration$DispatcherServletConfiguration matched due to Default DispatcherServlet did not find dispatcher servlet beans
2023-03-01T14:42:26.156+08:00 TRACE 908 --- [           main] o.s.b.f.s.DefaultListableBeanFactory     : Returning cached instance of singleton bean 'autoConfigurationReport'
2023-03-01T14:42:26.157+08:00 TRACE 908 --- [           main] a.ConfigurationClassBeanDefinitionReader : Registered bean definition for imported class 'org.springframework.boot.autoconfigure.web.servlet.DispatcherServletAutoConfiguration$DispatcherServletConfiguration'
2023-03-01T14:42:26.158+08:00 TRACE 908 --- [           main] a.ConfigurationClassBeanDefinitionReader : Registering bean definition for @Bean method org.springframework.boot.autoconfigure.web.servlet.DispatcherServletAutoConfiguration$DispatcherServletConfiguration.dispatcherServlet()
2023-03-01T14:42:26.159+08:00 TRACE 908 --- [           main] o.s.b.a.condition.OnBeanCondition        : Condition OnBeanCondition on org.springframework.boot.autoconfigure.web.servlet.DispatcherServletAutoConfiguration$DispatcherServletConfiguration#multipartResolver did not match due to @ConditionalOnBean (types: org.springframework.web.multipart.MultipartResolver; SearchStrategy: all) did not find any beans of type org.springframework.web.multipart.MultipartResolver
2023-03-01T14:42:26.159+08:00 TRACE 908 --- [           main] o.s.b.f.s.DefaultListableBeanFactory     : Returning cached instance of singleton bean 'autoConfigurationReport'
2023-03-01T14:42:26.162+08:00 TRACE 908 --- [           main] a.ConfigurationClassBeanDefinitionReader : Registered bean definition for imported class 'org.springframework.boot.autoconfigure.web.servlet.DispatcherServletAutoConfiguration$DispatcherServletRegistrationConfiguration'
2023-03-01T14:42:26.164+08:00 TRACE 908 --- [           main] o.s.b.a.condition.OnBeanCondition        : Condition OnBeanCondition on org.springframework.boot.autoconfigure.web.servlet.DispatcherServletAutoConfiguration$DispatcherServletRegistrationConfiguration#dispatcherServletRegistration matched due to @ConditionalOnBean (names: dispatcherServlet types: org.springframework.web.servlet.DispatcherServlet; SearchStrategy: all) found bean 'dispatcherServlet'
2023-03-01T14:42:26.164+08:00 TRACE 908 --- [           main] o.s.b.f.s.DefaultListableBeanFactory     : Returning cached instance of singleton bean 'autoConfigurationReport'
2023-03-01T14:42:26.164+08:00 TRACE 908 --- [           main] a.ConfigurationClassBeanDefinitionReader : Registering bean definition for @Bean method org.springframework.boot.autoconfigure.web.servlet.DispatcherServletAutoConfiguration$DispatcherServletRegistrationConfiguration.dispatcherServletRegistration()
2023-03-01T14:42:26.165+08:00 TRACE 908 --- [           main] a.ConfigurationClassBeanDefinitionReader : Registered bean definition for imported class 'org.springframework.boot.autoconfigure.web.servlet.DispatcherServletAutoConfiguration'
2023-03-01T14:42:26.165+08:00 TRACE 908 --- [           main] o.s.b.a.condition.OnClassCondition       : Condition OnClassCondition on org.springframework.boot.autoconfigure.task.TaskExecutionAutoConfiguration matched due to @ConditionalOnClass found required class 'org.springframework.scheduling.concurrent.ThreadPoolTaskExecutor'
2023-03-01T14:42:26.165+08:00 TRACE 908 --- [           main] o.s.b.f.s.DefaultListableBeanFactory     : Returning cached instance of singleton bean 'autoConfigurationReport'
2023-03-01T14:42:26.167+08:00 TRACE 908 --- [           main] a.ConfigurationClassBeanDefinitionReader : Registered bean definition for imported class 'org.springframework.boot.autoconfigure.task.TaskExecutionAutoConfiguration'
2023-03-01T14:42:26.173+08:00 TRACE 908 --- [           main] o.s.b.a.condition.OnBeanCondition        : Condition OnBeanCondition on org.springframework.boot.autoconfigure.task.TaskExecutionAutoConfiguration#taskExecutorBuilder matched due to @ConditionalOnMissingBean (types: org.springframework.boot.task.TaskExecutorBuilder; SearchStrategy: all) did not find any beans
2023-03-01T14:42:26.173+08:00 TRACE 908 --- [           main] o.s.b.f.s.DefaultListableBeanFactory     : Returning cached instance of singleton bean 'autoConfigurationReport'
2023-03-01T14:42:26.173+08:00 TRACE 908 --- [           main] a.ConfigurationClassBeanDefinitionReader : Registering bean definition for @Bean method org.springframework.boot.autoconfigure.task.TaskExecutionAutoConfiguration.taskExecutorBuilder()
2023-03-01T14:42:26.175+08:00 TRACE 908 --- [           main] o.s.b.a.condition.OnBeanCondition        : Condition OnBeanCondition on org.springframework.boot.autoconfigure.task.TaskExecutionAutoConfiguration#applicationTaskExecutor matched due to @ConditionalOnMissingBean (types: java.util.concurrent.Executor; SearchStrategy: all) did not find any beans
2023-03-01T14:42:26.175+08:00 TRACE 908 --- [           main] o.s.b.f.s.DefaultListableBeanFactory     : Returning cached instance of singleton bean 'autoConfigurationReport'
2023-03-01T14:42:26.175+08:00 TRACE 908 --- [           main] o.s.b.f.s.DefaultListableBeanFactory     : Alias definition 'taskExecutor' registered for name 'applicationTaskExecutor'
2023-03-01T14:42:26.175+08:00 TRACE 908 --- [           main] a.ConfigurationClassBeanDefinitionReader : Registering bean definition for @Bean method org.springframework.boot.autoconfigure.task.TaskExecutionAutoConfiguration.applicationTaskExecutor()
2023-03-01T14:42:26.177+08:00 TRACE 908 --- [           main] o.s.b.a.condition.OnClassCondition       : Condition OnClassCondition on org.springframework.boot.autoconfigure.validation.ValidationAutoConfiguration matched due to @ConditionalOnClass found required class 'jakarta.validation.executable.ExecutableValidator'
2023-03-01T14:42:26.178+08:00 TRACE 908 --- [           main] o.s.b.f.s.DefaultListableBeanFactory     : Returning cached instance of singleton bean 'autoConfigurationReport'
2023-03-01T14:42:26.178+08:00 TRACE 908 --- [           main] o.s.b.a.condition.OnResourceCondition    : Condition OnResourceCondition on org.springframework.boot.autoconfigure.validation.ValidationAutoConfiguration matched due to @ConditionalOnResource found location classpath:META-INF/services/jakarta.validation.spi.ValidationProvider
2023-03-01T14:42:26.178+08:00 TRACE 908 --- [           main] o.s.b.f.s.DefaultListableBeanFactory     : Returning cached instance of singleton bean 'autoConfigurationReport'
2023-03-01T14:42:26.179+08:00 TRACE 908 --- [           main] a.ConfigurationClassBeanDefinitionReader : Registered bean definition for imported class 'org.springframework.boot.autoconfigure.validation.ValidationAutoConfiguration'
2023-03-01T14:42:26.182+08:00 TRACE 908 --- [           main] o.s.b.a.condition.OnBeanCondition        : Condition OnBeanCondition on org.springframework.boot.autoconfigure.validation.ValidationAutoConfiguration#defaultValidator matched due to @ConditionalOnMissingBean (types: jakarta.validation.Validator; SearchStrategy: all) did not find any beans
2023-03-01T14:42:26.182+08:00 TRACE 908 --- [           main] o.s.b.f.s.DefaultListableBeanFactory     : Returning cached instance of singleton bean 'autoConfigurationReport'
2023-03-01T14:42:26.183+08:00 TRACE 908 --- [           main] a.ConfigurationClassBeanDefinitionReader : Registering bean definition for @Bean method org.springframework.boot.autoconfigure.validation.ValidationAutoConfiguration.defaultValidator()
2023-03-01T14:42:26.191+08:00 TRACE 908 --- [           main] o.s.b.a.condition.OnBeanCondition        : Condition OnBeanCondition on org.springframework.boot.autoconfigure.validation.ValidationAutoConfiguration#methodValidationPostProcessor matched due to @ConditionalOnMissingBean (types: org.springframework.validation.beanvalidation.MethodValidationPostProcessor; SearchStrategy: current) did not find any beans
2023-03-01T14:42:26.191+08:00 TRACE 908 --- [           main] o.s.b.f.s.DefaultListableBeanFactory     : Returning cached instance of singleton bean 'autoConfigurationReport'
2023-03-01T14:42:26.191+08:00 TRACE 908 --- [           main] a.ConfigurationClassBeanDefinitionReader : Registering bean definition for @Bean method org.springframework.boot.autoconfigure.validation.ValidationAutoConfiguration.methodValidationPostProcessor()
2023-03-01T14:42:26.192+08:00 TRACE 908 --- [           main] o.s.b.a.condition.OnClassCondition       : Condition OnClassCondition on org.springframework.boot.autoconfigure.web.servlet.error.ErrorMvcAutoConfiguration matched due to @ConditionalOnClass found required classes 'jakarta.servlet.Servlet', 'org.springframework.web.servlet.DispatcherServlet'
2023-03-01T14:42:26.192+08:00 TRACE 908 --- [           main] o.s.b.f.s.DefaultListableBeanFactory     : Returning cached instance of singleton bean 'autoConfigurationReport'
2023-03-01T14:42:26.192+08:00 TRACE 908 --- [           main] o.s.b.a.c.OnWebApplicationCondition      : Condition OnWebApplicationCondition on org.springframework.boot.autoconfigure.web.servlet.error.ErrorMvcAutoConfiguration matched due to found 'session' scope
2023-03-01T14:42:26.192+08:00 TRACE 908 --- [           main] o.s.b.f.s.DefaultListableBeanFactory     : Returning cached instance of singleton bean 'autoConfigurationReport'
2023-03-01T14:42:26.193+08:00 TRACE 908 --- [           main] o.s.b.a.condition.OnPropertyCondition    : Condition OnPropertyCondition on org.springframework.boot.autoconfigure.web.servlet.error.ErrorMvcAutoConfiguration$WhitelabelErrorViewConfiguration matched due to @ConditionalOnProperty (server.error.whitelabel.enabled) matched
2023-03-01T14:42:26.193+08:00 TRACE 908 --- [           main] o.s.b.f.s.DefaultListableBeanFactory     : Returning cached instance of singleton bean 'autoConfigurationReport'
2023-03-01T14:42:26.193+08:00 TRACE 908 --- [           main] o.s.c.io.support.SpringFactoriesLoader   : Loaded [org.springframework.boot.autoconfigure.template.TemplateAvailabilityProvider] names: [org.springframework.boot.autoconfigure.freemarker.FreeMarkerTemplateAvailabilityProvider, org.springframework.boot.autoconfigure.mustache.MustacheTemplateAvailabilityProvider, org.springframework.boot.autoconfigure.groovy.template.GroovyTemplateAvailabilityProvider, org.springframework.boot.autoconfigure.thymeleaf.ThymeleafTemplateAvailabilityProvider, org.springframework.boot.autoconfigure.web.servlet.JspTemplateAvailabilityProvider]
2023-03-01T14:42:26.195+08:00 TRACE 908 --- [           main] figuration$ErrorTemplateMissingCondition : Condition ErrorMvcAutoConfiguration.ErrorTemplateMissingCondition on org.springframework.boot.autoconfigure.web.servlet.error.ErrorMvcAutoConfiguration$WhitelabelErrorViewConfiguration matched due to ErrorTemplate Missing did not find error template view
2023-03-01T14:42:26.195+08:00 TRACE 908 --- [           main] o.s.b.f.s.DefaultListableBeanFactory     : Returning cached instance of singleton bean 'autoConfigurationReport'
2023-03-01T14:42:26.196+08:00 TRACE 908 --- [           main] a.ConfigurationClassBeanDefinitionReader : Registered bean definition for imported class 'org.springframework.boot.autoconfigure.web.servlet.error.ErrorMvcAutoConfiguration$WhitelabelErrorViewConfiguration'
2023-03-01T14:42:26.196+08:00 TRACE 908 --- [           main] o.s.b.a.condition.OnBeanCondition        : Condition OnBeanCondition on org.springframework.boot.autoconfigure.web.servlet.error.ErrorMvcAutoConfiguration$WhitelabelErrorViewConfiguration#defaultErrorView matched due to @ConditionalOnMissingBean (names: error; SearchStrategy: all) did not find any beans
2023-03-01T14:42:26.196+08:00 TRACE 908 --- [           main] o.s.b.f.s.DefaultListableBeanFactory     : Returning cached instance of singleton bean 'autoConfigurationReport'
2023-03-01T14:42:26.196+08:00 TRACE 908 --- [           main] a.ConfigurationClassBeanDefinitionReader : Registering bean definition for @Bean method org.springframework.boot.autoconfigure.web.servlet.error.ErrorMvcAutoConfiguration$WhitelabelErrorViewConfiguration.error()
2023-03-01T14:42:26.199+08:00 TRACE 908 --- [           main] o.s.b.a.condition.OnBeanCondition        : Condition OnBeanCondition on org.springframework.boot.autoconfigure.web.servlet.error.ErrorMvcAutoConfiguration$WhitelabelErrorViewConfiguration#beanNameViewResolver matched due to @ConditionalOnMissingBean (types: org.springframework.web.servlet.view.BeanNameViewResolver; SearchStrategy: all) did not find any beans
2023-03-01T14:42:26.199+08:00 TRACE 908 --- [           main] o.s.b.f.s.DefaultListableBeanFactory     : Returning cached instance of singleton bean 'autoConfigurationReport'
2023-03-01T14:42:26.199+08:00 TRACE 908 --- [           main] a.ConfigurationClassBeanDefinitionReader : Registering bean definition for @Bean method org.springframework.boot.autoconfigure.web.servlet.error.ErrorMvcAutoConfiguration$WhitelabelErrorViewConfiguration.beanNameViewResolver()
2023-03-01T14:42:26.200+08:00 TRACE 908 --- [           main] a.ConfigurationClassBeanDefinitionReader : Registered bean definition for imported class 'org.springframework.boot.autoconfigure.web.servlet.error.ErrorMvcAutoConfiguration$DefaultErrorViewResolverConfiguration'
2023-03-01T14:42:26.204+08:00 TRACE 908 --- [           main] o.s.b.a.condition.OnBeanCondition        : Condition OnBeanCondition on org.springframework.boot.autoconfigure.web.servlet.error.ErrorMvcAutoConfiguration$DefaultErrorViewResolverConfiguration#conventionErrorViewResolver matched due to @ConditionalOnBean (types: org.springframework.web.servlet.DispatcherServlet; SearchStrategy: all) found bean 'dispatcherServlet'; @ConditionalOnMissingBean (types: org.springframework.boot.autoconfigure.web.servlet.error.ErrorViewResolver; SearchStrategy: all) did not find any beans
2023-03-01T14:42:26.204+08:00 TRACE 908 --- [           main] o.s.b.f.s.DefaultListableBeanFactory     : Returning cached instance of singleton bean 'autoConfigurationReport'
2023-03-01T14:42:26.205+08:00 TRACE 908 --- [           main] o.s.b.a.condition.OnBeanCondition        : Condition OnBeanCondition on org.springframework.boot.autoconfigure.web.servlet.error.ErrorMvcAutoConfiguration$DefaultErrorViewResolverConfiguration#conventionErrorViewResolver matched due to @ConditionalOnBean (types: org.springframework.web.servlet.DispatcherServlet; SearchStrategy: all) found bean 'dispatcherServlet'; @ConditionalOnMissingBean (types: org.springframework.boot.autoconfigure.web.servlet.error.ErrorViewResolver; SearchStrategy: all) did not find any beans
2023-03-01T14:42:26.205+08:00 TRACE 908 --- [           main] o.s.b.f.s.DefaultListableBeanFactory     : Returning cached instance of singleton bean 'autoConfigurationReport'
2023-03-01T14:42:26.205+08:00 TRACE 908 --- [           main] a.ConfigurationClassBeanDefinitionReader : Registering bean definition for @Bean method org.springframework.boot.autoconfigure.web.servlet.error.ErrorMvcAutoConfiguration$DefaultErrorViewResolverConfiguration.conventionErrorViewResolver()
2023-03-01T14:42:26.207+08:00 TRACE 908 --- [           main] a.ConfigurationClassBeanDefinitionReader : Registered bean definition for imported class 'org.springframework.boot.autoconfigure.web.servlet.error.ErrorMvcAutoConfiguration'
2023-03-01T14:42:26.209+08:00 TRACE 908 --- [           main] o.s.b.a.condition.OnBeanCondition        : Condition OnBeanCondition on org.springframework.boot.autoconfigure.web.servlet.error.ErrorMvcAutoConfiguration#errorAttributes matched due to @ConditionalOnMissingBean (types: org.springframework.boot.web.servlet.error.ErrorAttributes; SearchStrategy: current) did not find any beans
2023-03-01T14:42:26.209+08:00 TRACE 908 --- [           main] o.s.b.f.s.DefaultListableBeanFactory     : Returning cached instance of singleton bean 'autoConfigurationReport'
2023-03-01T14:42:26.209+08:00 TRACE 908 --- [           main] a.ConfigurationClassBeanDefinitionReader : Registering bean definition for @Bean method org.springframework.boot.autoconfigure.web.servlet.error.ErrorMvcAutoConfiguration.errorAttributes()
2023-03-01T14:42:26.212+08:00 TRACE 908 --- [           main] o.s.b.a.condition.OnBeanCondition        : Condition OnBeanCondition on org.springframework.boot.autoconfigure.web.servlet.error.ErrorMvcAutoConfiguration#basicErrorController matched due to @ConditionalOnMissingBean (types: org.springframework.boot.web.servlet.error.ErrorController; SearchStrategy: current) did not find any beans
2023-03-01T14:42:26.212+08:00 TRACE 908 --- [           main] o.s.b.f.s.DefaultListableBeanFactory     : Returning cached instance of singleton bean 'autoConfigurationReport'
2023-03-01T14:42:26.212+08:00 TRACE 908 --- [           main] a.ConfigurationClassBeanDefinitionReader : Registering bean definition for @Bean method org.springframework.boot.autoconfigure.web.servlet.error.ErrorMvcAutoConfiguration.basicErrorController()
2023-03-01T14:42:26.213+08:00 TRACE 908 --- [           main] a.ConfigurationClassBeanDefinitionReader : Registering bean definition for @Bean method org.springframework.boot.autoconfigure.web.servlet.error.ErrorMvcAutoConfiguration.errorPageCustomizer()
2023-03-01T14:42:26.213+08:00 TRACE 908 --- [           main] a.ConfigurationClassBeanDefinitionReader : Registering bean definition for @Bean method org.springframework.boot.autoconfigure.web.servlet.error.ErrorMvcAutoConfiguration.preserveErrorControllerTargetClassPostProcessor()
2023-03-01T14:42:26.213+08:00 TRACE 908 --- [           main] o.s.b.a.condition.OnClassCondition       : Condition OnClassCondition on org.springframework.boot.autoconfigure.web.servlet.WebMvcAutoConfiguration matched due to @ConditionalOnClass found required classes 'jakarta.servlet.Servlet', 'org.springframework.web.servlet.DispatcherServlet', 'org.springframework.web.servlet.config.annotation.WebMvcConfigurer'
2023-03-01T14:42:26.213+08:00 TRACE 908 --- [           main] o.s.b.f.s.DefaultListableBeanFactory     : Returning cached instance of singleton bean 'autoConfigurationReport'
2023-03-01T14:42:26.213+08:00 TRACE 908 --- [           main] o.s.b.a.c.OnWebApplicationCondition      : Condition OnWebApplicationCondition on org.springframework.boot.autoconfigure.web.servlet.WebMvcAutoConfiguration matched due to found 'session' scope
2023-03-01T14:42:26.213+08:00 TRACE 908 --- [           main] o.s.b.f.s.DefaultListableBeanFactory     : Returning cached instance of singleton bean 'autoConfigurationReport'
2023-03-01T14:42:26.217+08:00 TRACE 908 --- [           main] o.s.b.a.condition.OnBeanCondition        : Condition OnBeanCondition on org.springframework.boot.autoconfigure.web.servlet.WebMvcAutoConfiguration matched due to @ConditionalOnMissingBean (types: org.springframework.web.servlet.config.annotation.WebMvcConfigurationSupport; SearchStrategy: all) did not find any beans
2023-03-01T14:42:26.217+08:00 TRACE 908 --- [           main] o.s.b.f.s.DefaultListableBeanFactory     : Returning cached instance of singleton bean 'autoConfigurationReport'
2023-03-01T14:42:26.217+08:00 TRACE 908 --- [           main] a.ConfigurationClassBeanDefinitionReader : Registered bean definition for imported class 'org.springframework.boot.autoconfigure.web.servlet.WebMvcAutoConfiguration$EnableWebMvcConfiguration'
2023-03-01T14:42:26.217+08:00 TRACE 908 --- [           main] a.ConfigurationClassBeanDefinitionReader : Registering bean definition for @Bean method org.springframework.boot.autoconfigure.web.servlet.WebMvcAutoConfiguration$EnableWebMvcConfiguration.requestMappingHandlerAdapter()
2023-03-01T14:42:26.217+08:00 TRACE 908 --- [           main] a.ConfigurationClassBeanDefinitionReader : Registering bean definition for @Bean method org.springframework.boot.autoconfigure.web.servlet.WebMvcAutoConfiguration$EnableWebMvcConfiguration.welcomePageHandlerMapping()
2023-03-01T14:42:26.218+08:00 TRACE 908 --- [           main] o.s.b.a.condition.OnBeanCondition        : Condition OnBeanCondition on org.springframework.boot.autoconfigure.web.servlet.WebMvcAutoConfiguration$EnableWebMvcConfiguration#localeResolver did not match due to @ConditionalOnMissingBean (names: localeResolver; SearchStrategy: all) found beans named localeResolver
2023-03-01T14:42:26.218+08:00 TRACE 908 --- [           main] o.s.b.f.s.DefaultListableBeanFactory     : Returning cached instance of singleton bean 'autoConfigurationReport'
2023-03-01T14:42:26.218+08:00 TRACE 908 --- [           main] o.s.b.a.condition.OnBeanCondition        : Condition OnBeanCondition on org.springframework.boot.autoconfigure.web.servlet.WebMvcAutoConfiguration$EnableWebMvcConfiguration#themeResolver matched due to @ConditionalOnMissingBean (names: themeResolver; SearchStrategy: all) did not find any beans
2023-03-01T14:42:26.218+08:00 TRACE 908 --- [           main] o.s.b.f.s.DefaultListableBeanFactory     : Returning cached instance of singleton bean 'autoConfigurationReport'
2023-03-01T14:42:26.218+08:00 TRACE 908 --- [           main] a.ConfigurationClassBeanDefinitionReader : Registering bean definition for @Bean method org.springframework.boot.autoconfigure.web.servlet.WebMvcAutoConfiguration$EnableWebMvcConfiguration.themeResolver()
2023-03-01T14:42:26.218+08:00 TRACE 908 --- [           main] o.s.b.a.condition.OnBeanCondition        : Condition OnBeanCondition on org.springframework.boot.autoconfigure.web.servlet.WebMvcAutoConfiguration$EnableWebMvcConfiguration#flashMapManager matched due to @ConditionalOnMissingBean (names: flashMapManager; SearchStrategy: all) did not find any beans
2023-03-01T14:42:26.218+08:00 TRACE 908 --- [           main] o.s.b.f.s.DefaultListableBeanFactory     : Returning cached instance of singleton bean 'autoConfigurationReport'
2023-03-01T14:42:26.218+08:00 TRACE 908 --- [           main] a.ConfigurationClassBeanDefinitionReader : Registering bean definition for @Bean method org.springframework.boot.autoconfigure.web.servlet.WebMvcAutoConfiguration$EnableWebMvcConfiguration.flashMapManager()
2023-03-01T14:42:26.218+08:00 TRACE 908 --- [           main] a.ConfigurationClassBeanDefinitionReader : Registering bean definition for @Bean method org.springframework.boot.autoconfigure.web.servlet.WebMvcAutoConfiguration$EnableWebMvcConfiguration.mvcConversionService()
2023-03-01T14:42:26.218+08:00 TRACE 908 --- [           main] a.ConfigurationClassBeanDefinitionReader : Registering bean definition for @Bean method org.springframework.boot.autoconfigure.web.servlet.WebMvcAutoConfiguration$EnableWebMvcConfiguration.mvcValidator()
2023-03-01T14:42:26.218+08:00 TRACE 908 --- [           main] a.ConfigurationClassBeanDefinitionReader : Registering bean definition for @Bean method org.springframework.boot.autoconfigure.web.servlet.WebMvcAutoConfiguration$EnableWebMvcConfiguration.mvcContentNegotiationManager()
2023-03-01T14:42:26.218+08:00 TRACE 908 --- [           main] a.ConfigurationClassBeanDefinitionReader : Registering bean definition for @Bean method org.springframework.boot.autoconfigure.web.servlet.WebMvcAutoConfiguration$EnableWebMvcConfiguration.requestMappingHandlerMapping()
2023-03-01T14:42:26.219+08:00 TRACE 908 --- [           main] a.ConfigurationClassBeanDefinitionReader : Registering bean definition for @Bean method org.springframework.boot.autoconfigure.web.servlet.WebMvcAutoConfiguration$EnableWebMvcConfiguration.mvcPatternParser()
2023-03-01T14:42:26.219+08:00 TRACE 908 --- [           main] a.ConfigurationClassBeanDefinitionReader : Registering bean definition for @Bean method org.springframework.boot.autoconfigure.web.servlet.WebMvcAutoConfiguration$EnableWebMvcConfiguration.mvcUrlPathHelper()
2023-03-01T14:42:26.219+08:00 TRACE 908 --- [           main] a.ConfigurationClassBeanDefinitionReader : Registering bean definition for @Bean method org.springframework.boot.autoconfigure.web.servlet.WebMvcAutoConfiguration$EnableWebMvcConfiguration.mvcPathMatcher()
2023-03-01T14:42:26.219+08:00 TRACE 908 --- [           main] a.ConfigurationClassBeanDefinitionReader : Registering bean definition for @Bean method org.springframework.boot.autoconfigure.web.servlet.WebMvcAutoConfiguration$EnableWebMvcConfiguration.viewControllerHandlerMapping()
2023-03-01T14:42:26.219+08:00 TRACE 908 --- [           main] a.ConfigurationClassBeanDefinitionReader : Registering bean definition for @Bean method org.springframework.boot.autoconfigure.web.servlet.WebMvcAutoConfiguration$EnableWebMvcConfiguration.beanNameHandlerMapping()
2023-03-01T14:42:26.219+08:00 TRACE 908 --- [           main] a.ConfigurationClassBeanDefinitionReader : Registering bean definition for @Bean method org.springframework.boot.autoconfigure.web.servlet.WebMvcAutoConfiguration$EnableWebMvcConfiguration.routerFunctionMapping()
2023-03-01T14:42:26.219+08:00 TRACE 908 --- [           main] a.ConfigurationClassBeanDefinitionReader : Registering bean definition for @Bean method org.springframework.boot.autoconfigure.web.servlet.WebMvcAutoConfiguration$EnableWebMvcConfiguration.resourceHandlerMapping()
2023-03-01T14:42:26.219+08:00 TRACE 908 --- [           main] a.ConfigurationClassBeanDefinitionReader : Registering bean definition for @Bean method org.springframework.boot.autoconfigure.web.servlet.WebMvcAutoConfiguration$EnableWebMvcConfiguration.mvcResourceUrlProvider()
2023-03-01T14:42:26.219+08:00 TRACE 908 --- [           main] a.ConfigurationClassBeanDefinitionReader : Registering bean definition for @Bean method org.springframework.boot.autoconfigure.web.servlet.WebMvcAutoConfiguration$EnableWebMvcConfiguration.defaultServletHandlerMapping()
2023-03-01T14:42:26.219+08:00 TRACE 908 --- [           main] a.ConfigurationClassBeanDefinitionReader : Registering bean definition for @Bean method org.springframework.boot.autoconfigure.web.servlet.WebMvcAutoConfiguration$EnableWebMvcConfiguration.handlerFunctionAdapter()
2023-03-01T14:42:26.219+08:00 TRACE 908 --- [           main] a.ConfigurationClassBeanDefinitionReader : Registering bean definition for @Bean method org.springframework.boot.autoconfigure.web.servlet.WebMvcAutoConfiguration$EnableWebMvcConfiguration.mvcUriComponentsContributor()
2023-03-01T14:42:26.219+08:00 TRACE 908 --- [           main] a.ConfigurationClassBeanDefinitionReader : Registering bean definition for @Bean method org.springframework.boot.autoconfigure.web.servlet.WebMvcAutoConfiguration$EnableWebMvcConfiguration.httpRequestHandlerAdapter()
2023-03-01T14:42:26.220+08:00 TRACE 908 --- [           main] a.ConfigurationClassBeanDefinitionReader : Registering bean definition for @Bean method org.springframework.boot.autoconfigure.web.servlet.WebMvcAutoConfiguration$EnableWebMvcConfiguration.simpleControllerHandlerAdapter()
2023-03-01T14:42:26.220+08:00 TRACE 908 --- [           main] a.ConfigurationClassBeanDefinitionReader : Registering bean definition for @Bean method org.springframework.boot.autoconfigure.web.servlet.WebMvcAutoConfiguration$EnableWebMvcConfiguration.handlerExceptionResolver()
2023-03-01T14:42:26.220+08:00 TRACE 908 --- [           main] a.ConfigurationClassBeanDefinitionReader : Registering bean definition for @Bean method org.springframework.boot.autoconfigure.web.servlet.WebMvcAutoConfiguration$EnableWebMvcConfiguration.mvcViewResolver()
2023-03-01T14:42:26.220+08:00 TRACE 908 --- [           main] a.ConfigurationClassBeanDefinitionReader : Registering bean definition for @Bean method org.springframework.boot.autoconfigure.web.servlet.WebMvcAutoConfiguration$EnableWebMvcConfiguration.mvcHandlerMappingIntrospector()
2023-03-01T14:42:26.220+08:00 TRACE 908 --- [           main] a.ConfigurationClassBeanDefinitionReader : Registering bean definition for @Bean method org.springframework.boot.autoconfigure.web.servlet.WebMvcAutoConfiguration$EnableWebMvcConfiguration.viewNameTranslator()
2023-03-01T14:42:26.222+08:00 TRACE 908 --- [           main] a.ConfigurationClassBeanDefinitionReader : Registered bean definition for imported class 'org.springframework.boot.autoconfigure.web.servlet.WebMvcAutoConfiguration$WebMvcAutoConfigurationAdapter'
2023-03-01T14:42:26.252+08:00 TRACE 908 --- [           main] o.s.b.a.condition.OnBeanCondition        : Condition OnBeanCondition on org.springframework.boot.autoconfigure.web.servlet.WebMvcAutoConfiguration$WebMvcAutoConfigurationAdapter#defaultViewResolver matched due to @ConditionalOnMissingBean (types: org.springframework.web.servlet.view.InternalResourceViewResolver; SearchStrategy: all) did not find any beans
2023-03-01T14:42:26.252+08:00 TRACE 908 --- [           main] o.s.b.f.s.DefaultListableBeanFactory     : Returning cached instance of singleton bean 'autoConfigurationReport'
2023-03-01T14:42:26.252+08:00 TRACE 908 --- [           main] a.ConfigurationClassBeanDefinitionReader : Registering bean definition for @Bean method org.springframework.boot.autoconfigure.web.servlet.WebMvcAutoConfiguration$WebMvcAutoConfigurationAdapter.defaultViewResolver()
2023-03-01T14:42:26.257+08:00 TRACE 908 --- [           main] o.s.b.a.condition.OnBeanCondition        : Condition OnBeanCondition on org.springframework.boot.autoconfigure.web.servlet.WebMvcAutoConfiguration$WebMvcAutoConfigurationAdapter#beanNameViewResolver did not match due to @ConditionalOnMissingBean (types: org.springframework.web.servlet.view.BeanNameViewResolver; SearchStrategy: all) found beans of type 'org.springframework.web.servlet.view.BeanNameViewResolver' beanNameViewResolver
2023-03-01T14:42:26.257+08:00 TRACE 908 --- [           main] o.s.b.f.s.DefaultListableBeanFactory     : Returning cached instance of singleton bean 'autoConfigurationReport'
2023-03-01T14:42:26.258+08:00 TRACE 908 --- [           main] o.s.b.a.condition.OnBeanCondition        : Condition OnBeanCondition on org.springframework.boot.autoconfigure.web.servlet.WebMvcAutoConfiguration$WebMvcAutoConfigurationAdapter#viewResolver matched due to @ConditionalOnBean (types: org.springframework.web.servlet.ViewResolver; SearchStrategy: all) found beans 'defaultViewResolver', 'beanNameViewResolver', 'mvcViewResolver'; @ConditionalOnMissingBean (names: viewResolver types: org.springframework.web.servlet.view.ContentNegotiatingViewResolver; SearchStrategy: all) did not find any beans
2023-03-01T14:42:26.258+08:00 TRACE 908 --- [           main] o.s.b.f.s.DefaultListableBeanFactory     : Returning cached instance of singleton bean 'autoConfigurationReport'
2023-03-01T14:42:26.258+08:00 TRACE 908 --- [           main] o.s.b.a.condition.OnBeanCondition        : Condition OnBeanCondition on org.springframework.boot.autoconfigure.web.servlet.WebMvcAutoConfiguration$WebMvcAutoConfigurationAdapter#viewResolver matched due to @ConditionalOnBean (types: org.springframework.web.servlet.ViewResolver; SearchStrategy: all) found beans 'defaultViewResolver', 'beanNameViewResolver', 'mvcViewResolver'; @ConditionalOnMissingBean (names: viewResolver types: org.springframework.web.servlet.view.ContentNegotiatingViewResolver; SearchStrategy: all) did not find any beans
2023-03-01T14:42:26.258+08:00 TRACE 908 --- [           main] o.s.b.f.s.DefaultListableBeanFactory     : Returning cached instance of singleton bean 'autoConfigurationReport'
2023-03-01T14:42:26.258+08:00 TRACE 908 --- [           main] a.ConfigurationClassBeanDefinitionReader : Registering bean definition for @Bean method org.springframework.boot.autoconfigure.web.servlet.WebMvcAutoConfiguration$WebMvcAutoConfigurationAdapter.viewResolver()
2023-03-01T14:42:26.262+08:00 TRACE 908 --- [           main] o.s.b.a.condition.OnBeanCondition        : Condition OnBeanCondition on org.springframework.boot.autoconfigure.web.servlet.WebMvcAutoConfiguration$WebMvcAutoConfigurationAdapter#requestContextFilter matched due to @ConditionalOnMissingBean (types: org.springframework.web.context.request.RequestContextListener,org.springframework.web.filter.RequestContextFilter; SearchStrategy: all) did not find any beans
2023-03-01T14:42:26.262+08:00 TRACE 908 --- [           main] o.s.b.f.s.DefaultListableBeanFactory     : Returning cached instance of singleton bean 'autoConfigurationReport'
2023-03-01T14:42:26.265+08:00 TRACE 908 --- [           main] o.s.b.a.condition.OnBeanCondition        : Condition OnBeanCondition on org.springframework.boot.autoconfigure.web.servlet.WebMvcAutoConfiguration$WebMvcAutoConfigurationAdapter#requestContextFilter matched due to @ConditionalOnMissingBean (types: org.springframework.web.context.request.RequestContextListener,org.springframework.web.filter.RequestContextFilter; SearchStrategy: all) did not find any beans
2023-03-01T14:42:26.265+08:00 TRACE 908 --- [           main] o.s.b.f.s.DefaultListableBeanFactory     : Returning cached instance of singleton bean 'autoConfigurationReport'
2023-03-01T14:42:26.265+08:00 TRACE 908 --- [           main] a.ConfigurationClassBeanDefinitionReader : Registering bean definition for @Bean method org.springframework.boot.autoconfigure.web.servlet.WebMvcAutoConfiguration$WebMvcAutoConfigurationAdapter.requestContextFilter()
2023-03-01T14:42:26.267+08:00 TRACE 908 --- [           main] a.ConfigurationClassBeanDefinitionReader : Registered bean definition for imported class 'org.springframework.boot.autoconfigure.web.servlet.WebMvcAutoConfiguration'
2023-03-01T14:42:26.268+08:00 TRACE 908 --- [           main] o.s.b.a.condition.OnPropertyCondition    : Condition OnPropertyCondition on org.springframework.boot.autoconfigure.web.servlet.WebMvcAutoConfiguration#hiddenHttpMethodFilter did not match due to @ConditionalOnProperty (spring.mvc.hiddenmethod.filter.enabled) did not find property 'enabled'
2023-03-01T14:42:26.268+08:00 TRACE 908 --- [           main] o.s.b.f.s.DefaultListableBeanFactory     : Returning cached instance of singleton bean 'autoConfigurationReport'
2023-03-01T14:42:26.268+08:00 TRACE 908 --- [           main] o.s.b.a.condition.OnPropertyCondition    : Condition OnPropertyCondition on org.springframework.boot.autoconfigure.web.servlet.WebMvcAutoConfiguration#formContentFilter matched due to @ConditionalOnProperty (spring.mvc.formcontent.filter.enabled) matched
2023-03-01T14:42:26.268+08:00 TRACE 908 --- [           main] o.s.b.f.s.DefaultListableBeanFactory     : Returning cached instance of singleton bean 'autoConfigurationReport'
2023-03-01T14:42:26.276+08:00 TRACE 908 --- [           main] o.s.b.a.condition.OnBeanCondition        : Condition OnBeanCondition on org.springframework.boot.autoconfigure.web.servlet.WebMvcAutoConfiguration#formContentFilter matched due to @ConditionalOnMissingBean (types: org.springframework.web.filter.FormContentFilter; SearchStrategy: all) did not find any beans
2023-03-01T14:42:26.276+08:00 TRACE 908 --- [           main] o.s.b.f.s.DefaultListableBeanFactory     : Returning cached instance of singleton bean 'autoConfigurationReport'
2023-03-01T14:42:26.277+08:00 TRACE 908 --- [           main] a.ConfigurationClassBeanDefinitionReader : Registering bean definition for @Bean method org.springframework.boot.autoconfigure.web.servlet.WebMvcAutoConfiguration.formContentFilter()
2023-03-01T14:42:26.277+08:00 TRACE 908 --- [           main] o.s.b.a.condition.OnPropertyCondition    : Condition OnPropertyCondition on org.springframework.boot.autoconfigure.aop.AopAutoConfiguration matched due to @ConditionalOnProperty (spring.aop.auto=true) matched
2023-03-01T14:42:26.277+08:00 TRACE 908 --- [           main] o.s.b.f.s.DefaultListableBeanFactory     : Returning cached instance of singleton bean 'autoConfigurationReport'
2023-03-01T14:42:26.278+08:00 TRACE 908 --- [           main] o.s.b.a.condition.OnClassCondition       : Condition OnClassCondition on org.springframework.boot.autoconfigure.aop.AopAutoConfiguration$AspectJAutoProxyingConfiguration matched due to @ConditionalOnClass found required class 'org.aspectj.weaver.Advice'
2023-03-01T14:42:26.278+08:00 TRACE 908 --- [           main] o.s.b.f.s.DefaultListableBeanFactory     : Returning cached instance of singleton bean 'autoConfigurationReport'
2023-03-01T14:42:26.278+08:00 TRACE 908 --- [           main] o.s.b.a.condition.OnPropertyCondition    : Condition OnPropertyCondition on org.springframework.boot.autoconfigure.aop.AopAutoConfiguration$AspectJAutoProxyingConfiguration$CglibAutoProxyConfiguration matched due to @ConditionalOnProperty (spring.aop.proxy-target-class=true) matched
2023-03-01T14:42:26.278+08:00 TRACE 908 --- [           main] o.s.b.f.s.DefaultListableBeanFactory     : Returning cached instance of singleton bean 'autoConfigurationReport'
2023-03-01T14:42:26.278+08:00 TRACE 908 --- [           main] a.ConfigurationClassBeanDefinitionReader : Registered bean definition for imported class 'org.springframework.boot.autoconfigure.aop.AopAutoConfiguration$AspectJAutoProxyingConfiguration$CglibAutoProxyConfiguration'
2023-03-01T14:42:26.279+08:00 TRACE 908 --- [           main] a.ConfigurationClassBeanDefinitionReader : Registered bean definition for imported class 'org.springframework.boot.autoconfigure.aop.AopAutoConfiguration$AspectJAutoProxyingConfiguration'
2023-03-01T14:42:26.279+08:00 TRACE 908 --- [           main] a.ConfigurationClassBeanDefinitionReader : Registered bean definition for imported class 'org.springframework.boot.autoconfigure.aop.AopAutoConfiguration'
2023-03-01T14:42:26.279+08:00 TRACE 908 --- [           main] a.ConfigurationClassBeanDefinitionReader : Registered bean definition for imported class 'org.springframework.boot.autoconfigure.availability.ApplicationAvailabilityAutoConfiguration'
2023-03-01T14:42:26.279+08:00 TRACE 908 --- [           main] a.ConfigurationClassBeanDefinitionReader : Registering bean definition for @Bean method org.springframework.boot.autoconfigure.availability.ApplicationAvailabilityAutoConfiguration.applicationAvailability()
2023-03-01T14:42:26.279+08:00 TRACE 908 --- [           main] o.s.b.a.condition.OnClassCondition       : Condition OnClassCondition on org.springframework.boot.autoconfigure.jackson.JacksonAutoConfiguration matched due to @ConditionalOnClass found required class 'com.fasterxml.jackson.databind.ObjectMapper'
2023-03-01T14:42:26.279+08:00 TRACE 908 --- [           main] o.s.b.f.s.DefaultListableBeanFactory     : Returning cached instance of singleton bean 'autoConfigurationReport'
2023-03-01T14:42:26.280+08:00 TRACE 908 --- [           main] o.s.b.a.condition.OnClassCondition       : Condition OnClassCondition on org.springframework.boot.autoconfigure.jackson.JacksonAutoConfiguration$Jackson2ObjectMapperBuilderCustomizerConfiguration matched due to @ConditionalOnClass found required class 'org.springframework.http.converter.json.Jackson2ObjectMapperBuilder'
2023-03-01T14:42:26.280+08:00 TRACE 908 --- [           main] o.s.b.f.s.DefaultListableBeanFactory     : Returning cached instance of singleton bean 'autoConfigurationReport'
2023-03-01T14:42:26.281+08:00 TRACE 908 --- [           main] a.ConfigurationClassBeanDefinitionReader : Registered bean definition for imported class 'org.springframework.boot.autoconfigure.jackson.JacksonAutoConfiguration$Jackson2ObjectMapperBuilderCustomizerConfiguration'
2023-03-01T14:42:26.281+08:00 TRACE 908 --- [           main] a.ConfigurationClassBeanDefinitionReader : Registering bean definition for @Bean method org.springframework.boot.autoconfigure.jackson.JacksonAutoConfiguration$Jackson2ObjectMapperBuilderCustomizerConfiguration.standardJacksonObjectMapperBuilderCustomizer()
2023-03-01T14:42:26.283+08:00 TRACE 908 --- [           main] o.s.b.a.condition.OnClassCondition       : Condition OnClassCondition on org.springframework.boot.autoconfigure.jackson.JacksonAutoConfiguration$JacksonObjectMapperBuilderConfiguration matched due to @ConditionalOnClass found required class 'org.springframework.http.converter.json.Jackson2ObjectMapperBuilder'
2023-03-01T14:42:26.283+08:00 TRACE 908 --- [           main] o.s.b.f.s.DefaultListableBeanFactory     : Returning cached instance of singleton bean 'autoConfigurationReport'
2023-03-01T14:42:26.283+08:00 TRACE 908 --- [           main] a.ConfigurationClassBeanDefinitionReader : Registered bean definition for imported class 'org.springframework.boot.autoconfigure.jackson.JacksonAutoConfiguration$JacksonObjectMapperBuilderConfiguration'
2023-03-01T14:42:26.294+08:00 TRACE 908 --- [           main] o.s.b.a.condition.OnBeanCondition        : Condition OnBeanCondition on org.springframework.boot.autoconfigure.jackson.JacksonAutoConfiguration$JacksonObjectMapperBuilderConfiguration#jacksonObjectMapperBuilder matched due to @ConditionalOnMissingBean (types: org.springframework.http.converter.json.Jackson2ObjectMapperBuilder; SearchStrategy: all) did not find any beans
2023-03-01T14:42:26.294+08:00 TRACE 908 --- [           main] o.s.b.f.s.DefaultListableBeanFactory     : Returning cached instance of singleton bean 'autoConfigurationReport'
2023-03-01T14:42:26.295+08:00 TRACE 908 --- [           main] a.ConfigurationClassBeanDefinitionReader : Registering bean definition for @Bean method org.springframework.boot.autoconfigure.jackson.JacksonAutoConfiguration$JacksonObjectMapperBuilderConfiguration.jacksonObjectMapperBuilder()
2023-03-01T14:42:26.295+08:00 TRACE 908 --- [           main] o.s.b.a.condition.OnClassCondition       : Condition OnClassCondition on org.springframework.boot.autoconfigure.jackson.JacksonAutoConfiguration$ParameterNamesModuleConfiguration matched due to @ConditionalOnClass found required class 'com.fasterxml.jackson.module.paramnames.ParameterNamesModule'
2023-03-01T14:42:26.295+08:00 TRACE 908 --- [           main] o.s.b.f.s.DefaultListableBeanFactory     : Returning cached instance of singleton bean 'autoConfigurationReport'
2023-03-01T14:42:26.295+08:00 TRACE 908 --- [           main] a.ConfigurationClassBeanDefinitionReader : Registered bean definition for imported class 'org.springframework.boot.autoconfigure.jackson.JacksonAutoConfiguration$ParameterNamesModuleConfiguration'
2023-03-01T14:42:26.299+08:00 TRACE 908 --- [           main] o.s.b.a.condition.OnBeanCondition        : Condition OnBeanCondition on org.springframework.boot.autoconfigure.jackson.JacksonAutoConfiguration$ParameterNamesModuleConfiguration#parameterNamesModule matched due to @ConditionalOnMissingBean (types: com.fasterxml.jackson.module.paramnames.ParameterNamesModule; SearchStrategy: all) did not find any beans
2023-03-01T14:42:26.299+08:00 TRACE 908 --- [           main] o.s.b.f.s.DefaultListableBeanFactory     : Returning cached instance of singleton bean 'autoConfigurationReport'
2023-03-01T14:42:26.299+08:00 TRACE 908 --- [           main] a.ConfigurationClassBeanDefinitionReader : Registering bean definition for @Bean method org.springframework.boot.autoconfigure.jackson.JacksonAutoConfiguration$ParameterNamesModuleConfiguration.parameterNamesModule()
2023-03-01T14:42:26.300+08:00 TRACE 908 --- [           main] o.s.b.a.condition.OnClassCondition       : Condition OnClassCondition on org.springframework.boot.autoconfigure.jackson.JacksonAutoConfiguration$JacksonObjectMapperConfiguration matched due to @ConditionalOnClass found required class 'org.springframework.http.converter.json.Jackson2ObjectMapperBuilder'
2023-03-01T14:42:26.300+08:00 TRACE 908 --- [           main] o.s.b.f.s.DefaultListableBeanFactory     : Returning cached instance of singleton bean 'autoConfigurationReport'
2023-03-01T14:42:26.300+08:00 TRACE 908 --- [           main] a.ConfigurationClassBeanDefinitionReader : Registered bean definition for imported class 'org.springframework.boot.autoconfigure.jackson.JacksonAutoConfiguration$JacksonObjectMapperConfiguration'
2023-03-01T14:42:26.303+08:00 TRACE 908 --- [           main] o.s.b.a.condition.OnBeanCondition        : Condition OnBeanCondition on org.springframework.boot.autoconfigure.jackson.JacksonAutoConfiguration$JacksonObjectMapperConfiguration#jacksonObjectMapper matched due to @ConditionalOnMissingBean (types: com.fasterxml.jackson.databind.ObjectMapper; SearchStrategy: all) did not find any beans
2023-03-01T14:42:26.303+08:00 TRACE 908 --- [           main] o.s.b.f.s.DefaultListableBeanFactory     : Returning cached instance of singleton bean 'autoConfigurationReport'
2023-03-01T14:42:26.303+08:00 TRACE 908 --- [           main] a.ConfigurationClassBeanDefinitionReader : Registering bean definition for @Bean method org.springframework.boot.autoconfigure.jackson.JacksonAutoConfiguration$JacksonObjectMapperConfiguration.jacksonObjectMapper()
2023-03-01T14:42:26.303+08:00 TRACE 908 --- [           main] a.ConfigurationClassBeanDefinitionReader : Registered bean definition for imported class 'org.springframework.boot.autoconfigure.jackson.JacksonAutoConfiguration$JacksonMixinConfiguration'
2023-03-01T14:42:26.304+08:00 TRACE 908 --- [           main] a.ConfigurationClassBeanDefinitionReader : Registering bean definition for @Bean method org.springframework.boot.autoconfigure.jackson.JacksonAutoConfiguration$JacksonMixinConfiguration.jsonMixinModuleEntries()
2023-03-01T14:42:26.304+08:00 TRACE 908 --- [           main] a.ConfigurationClassBeanDefinitionReader : Registering bean definition for @Bean method org.springframework.boot.autoconfigure.jackson.JacksonAutoConfiguration$JacksonMixinConfiguration.jsonMixinModule()
2023-03-01T14:42:26.304+08:00 TRACE 908 --- [           main] a.ConfigurationClassBeanDefinitionReader : Registered bean definition for imported class 'org.springframework.boot.autoconfigure.jackson.JacksonAutoConfiguration'
2023-03-01T14:42:26.304+08:00 TRACE 908 --- [           main] a.ConfigurationClassBeanDefinitionReader : Registering bean definition for @Bean method org.springframework.boot.autoconfigure.jackson.JacksonAutoConfiguration.jsonComponentModule()
2023-03-01T14:42:26.304+08:00 TRACE 908 --- [           main] o.s.b.a.condition.OnClassCondition       : Condition OnClassCondition on org.springframework.boot.autoconfigure.r2dbc.R2dbcAutoConfiguration matched due to @ConditionalOnClass found required class 'io.r2dbc.spi.ConnectionFactory'
2023-03-01T14:42:26.304+08:00 TRACE 908 --- [           main] o.s.b.f.s.DefaultListableBeanFactory     : Returning cached instance of singleton bean 'autoConfigurationReport'
2023-03-01T14:42:26.305+08:00 TRACE 908 --- [           main] o.s.b.a.condition.OnResourceCondition    : Condition OnResourceCondition on org.springframework.boot.autoconfigure.r2dbc.R2dbcAutoConfiguration matched due to @ConditionalOnResource found location classpath:META-INF/services/io.r2dbc.spi.ConnectionFactoryProvider
2023-03-01T14:42:26.305+08:00 TRACE 908 --- [           main] o.s.b.f.s.DefaultListableBeanFactory     : Returning cached instance of singleton bean 'autoConfigurationReport'
2023-03-01T14:42:26.308+08:00 TRACE 908 --- [           main] rations$PooledConnectionFactoryCondition : Condition ConnectionFactoryConfigurations.PooledConnectionFactoryCondition on org.springframework.boot.autoconfigure.r2dbc.ConnectionFactoryConfigurations$PoolConfiguration matched due to Property-based pooling is enabled
2023-03-01T14:42:26.308+08:00 TRACE 908 --- [           main] o.s.b.f.s.DefaultListableBeanFactory     : Returning cached instance of singleton bean 'autoConfigurationReport'
2023-03-01T14:42:26.320+08:00 TRACE 908 --- [           main] o.s.b.a.condition.OnBeanCondition        : Condition OnBeanCondition on org.springframework.boot.autoconfigure.r2dbc.ConnectionFactoryConfigurations$PoolConfiguration matched due to @ConditionalOnMissingBean (types: io.r2dbc.spi.ConnectionFactory; SearchStrategy: all) did not find any beans
2023-03-01T14:42:26.320+08:00 TRACE 908 --- [           main] o.s.b.f.s.DefaultListableBeanFactory     : Returning cached instance of singleton bean 'autoConfigurationReport'
2023-03-01T14:42:26.320+08:00 TRACE 908 --- [           main] o.s.b.a.condition.OnClassCondition       : Condition OnClassCondition on org.springframework.boot.autoconfigure.r2dbc.ConnectionFactoryConfigurations$PoolConfiguration$PooledConnectionFactoryConfiguration matched due to @ConditionalOnClass found required class 'io.r2dbc.pool.ConnectionPool'
2023-03-01T14:42:26.320+08:00 TRACE 908 --- [           main] o.s.b.f.s.DefaultListableBeanFactory     : Returning cached instance of singleton bean 'autoConfigurationReport'
2023-03-01T14:42:26.320+08:00 TRACE 908 --- [           main] a.ConfigurationClassBeanDefinitionReader : Registered bean definition for imported class 'org.springframework.boot.autoconfigure.r2dbc.ConnectionFactoryConfigurations$PoolConfiguration$PooledConnectionFactoryConfiguration'
2023-03-01T14:42:26.320+08:00 TRACE 908 --- [           main] a.ConfigurationClassBeanDefinitionReader : Registering bean definition for @Bean method org.springframework.boot.autoconfigure.r2dbc.ConnectionFactoryConfigurations$PoolConfiguration$PooledConnectionFactoryConfiguration.connectionFactory()
2023-03-01T14:42:26.321+08:00 TRACE 908 --- [           main] a.ConfigurationClassBeanDefinitionReader : Registered bean definition for imported class 'org.springframework.boot.autoconfigure.r2dbc.ConnectionFactoryConfigurations$PoolConfiguration'
2023-03-01T14:42:26.321+08:00 TRACE 908 --- [           main] o.s.b.a.condition.OnPropertyCondition    : Condition OnPropertyCondition on org.springframework.boot.autoconfigure.r2dbc.ConnectionFactoryConfigurations$GenericConfiguration matched due to @ConditionalOnProperty (spring.r2dbc.pool.enabled=false) matched
2023-03-01T14:42:26.321+08:00 TRACE 908 --- [           main] o.s.b.f.s.DefaultListableBeanFactory     : Returning cached instance of singleton bean 'autoConfigurationReport'
2023-03-01T14:42:26.325+08:00 TRACE 908 --- [           main] o.s.b.a.condition.OnBeanCondition        : Condition OnBeanCondition on org.springframework.boot.autoconfigure.r2dbc.ConnectionFactoryConfigurations$GenericConfiguration did not match due to @ConditionalOnMissingBean (types: io.r2dbc.spi.ConnectionFactory; SearchStrategy: all) found beans of type 'io.r2dbc.spi.ConnectionFactory' connectionFactory
2023-03-01T14:42:26.325+08:00 TRACE 908 --- [           main] o.s.b.f.s.DefaultListableBeanFactory     : Returning cached instance of singleton bean 'autoConfigurationReport'
2023-03-01T14:42:26.325+08:00 TRACE 908 --- [           main] o.s.b.a.condition.OnClassCondition       : Condition OnClassCondition on org.springframework.boot.autoconfigure.r2dbc.ConnectionFactoryDependentConfiguration matched due to @ConditionalOnClass found required class 'org.springframework.r2dbc.core.DatabaseClient'
2023-03-01T14:42:26.325+08:00 TRACE 908 --- [           main] o.s.b.f.s.DefaultListableBeanFactory     : Returning cached instance of singleton bean 'autoConfigurationReport'
2023-03-01T14:42:26.327+08:00 TRACE 908 --- [           main] o.s.b.a.condition.OnBeanCondition        : Condition OnBeanCondition on org.springframework.boot.autoconfigure.r2dbc.ConnectionFactoryDependentConfiguration matched due to @ConditionalOnSingleCandidate (types: io.r2dbc.spi.ConnectionFactory; SearchStrategy: all) found a single bean 'connectionFactory'
2023-03-01T14:42:26.327+08:00 TRACE 908 --- [           main] o.s.b.f.s.DefaultListableBeanFactory     : Returning cached instance of singleton bean 'autoConfigurationReport'
2023-03-01T14:42:26.327+08:00 TRACE 908 --- [           main] a.ConfigurationClassBeanDefinitionReader : Registered bean definition for imported class 'org.springframework.boot.autoconfigure.r2dbc.ConnectionFactoryDependentConfiguration'
2023-03-01T14:42:26.329+08:00 TRACE 908 --- [           main] o.s.b.a.condition.OnBeanCondition        : Condition OnBeanCondition on org.springframework.boot.autoconfigure.r2dbc.ConnectionFactoryDependentConfiguration#r2dbcDatabaseClient matched due to @ConditionalOnMissingBean (types: org.springframework.r2dbc.core.DatabaseClient; SearchStrategy: all) did not find any beans
2023-03-01T14:42:26.330+08:00 TRACE 908 --- [           main] o.s.b.f.s.DefaultListableBeanFactory     : Returning cached instance of singleton bean 'autoConfigurationReport'
2023-03-01T14:42:26.330+08:00 TRACE 908 --- [           main] a.ConfigurationClassBeanDefinitionReader : Registering bean definition for @Bean method org.springframework.boot.autoconfigure.r2dbc.ConnectionFactoryDependentConfiguration.r2dbcDatabaseClient()
2023-03-01T14:42:26.332+08:00 TRACE 908 --- [           main] a.ConfigurationClassBeanDefinitionReader : Registered bean definition for imported class 'org.springframework.boot.autoconfigure.r2dbc.R2dbcAutoConfiguration'
2023-03-01T14:42:26.333+08:00 TRACE 908 --- [           main] o.s.b.a.condition.OnClassCondition       : Condition OnClassCondition on org.springframework.boot.autoconfigure.transaction.jta.JtaAutoConfiguration matched due to @ConditionalOnClass found required class 'jakarta.transaction.Transaction'
2023-03-01T14:42:26.334+08:00 TRACE 908 --- [           main] o.s.b.f.s.DefaultListableBeanFactory     : Returning cached instance of singleton bean 'autoConfigurationReport'
2023-03-01T14:42:26.334+08:00 TRACE 908 --- [           main] o.s.b.a.condition.OnPropertyCondition    : Condition OnPropertyCondition on org.springframework.boot.autoconfigure.transaction.jta.JtaAutoConfiguration matched due to @ConditionalOnProperty (spring.jta.enabled) matched
2023-03-01T14:42:26.334+08:00 TRACE 908 --- [           main] o.s.b.f.s.DefaultListableBeanFactory     : Returning cached instance of singleton bean 'autoConfigurationReport'
2023-03-01T14:42:26.336+08:00 TRACE 908 --- [           main] a.ConfigurationClassBeanDefinitionReader : Registered bean definition for imported class 'org.springframework.boot.autoconfigure.transaction.jta.JtaAutoConfiguration'
2023-03-01T14:42:26.337+08:00 TRACE 908 --- [           main] o.s.b.a.condition.OnClassCondition       : Condition OnClassCondition on org.springframework.boot.autoconfigure.jdbc.XADataSourceAutoConfiguration matched due to @ConditionalOnClass found required classes 'javax.sql.DataSource', 'jakarta.transaction.TransactionManager', 'org.springframework.jdbc.datasource.embedded.EmbeddedDatabaseType'
2023-03-01T14:42:26.337+08:00 TRACE 908 --- [           main] o.s.b.f.s.DefaultListableBeanFactory     : Returning cached instance of singleton bean 'autoConfigurationReport'
2023-03-01T14:42:26.339+08:00 TRACE 908 --- [           main] o.s.b.a.condition.OnBeanCondition        : Condition OnBeanCondition on org.springframework.boot.autoconfigure.jdbc.XADataSourceAutoConfiguration did not match due to @ConditionalOnBean (types: org.springframework.boot.jdbc.XADataSourceWrapper; SearchStrategy: all) did not find any beans of type org.springframework.boot.jdbc.XADataSourceWrapper
2023-03-01T14:42:26.339+08:00 TRACE 908 --- [           main] o.s.b.f.s.DefaultListableBeanFactory     : Returning cached instance of singleton bean 'autoConfigurationReport'
2023-03-01T14:42:26.342+08:00 TRACE 908 --- [           main] o.s.b.a.condition.OnClassCondition       : Condition OnClassCondition on org.springframework.boot.autoconfigure.jdbc.DataSourceAutoConfiguration matched due to @ConditionalOnClass found required classes 'javax.sql.DataSource', 'org.springframework.jdbc.datasource.embedded.EmbeddedDatabaseType'
2023-03-01T14:42:26.342+08:00 TRACE 908 --- [           main] o.s.b.f.s.DefaultListableBeanFactory     : Returning cached instance of singleton bean 'autoConfigurationReport'
2023-03-01T14:42:26.343+08:00 TRACE 908 --- [           main] o.s.b.a.condition.OnBeanCondition        : Condition OnBeanCondition on org.springframework.boot.autoconfigure.jdbc.DataSourceAutoConfiguration did not match due to @ConditionalOnMissingBean (types: io.r2dbc.spi.ConnectionFactory; SearchStrategy: all) found beans of type 'io.r2dbc.spi.ConnectionFactory' connectionFactory
2023-03-01T14:42:26.343+08:00 TRACE 908 --- [           main] o.s.b.f.s.DefaultListableBeanFactory     : Returning cached instance of singleton bean 'autoConfigurationReport'
2023-03-01T14:42:26.344+08:00 TRACE 908 --- [           main] o.s.b.a.condition.OnClassCondition       : Condition OnClassCondition on org.springframework.boot.autoconfigure.orm.jpa.HibernateJpaAutoConfiguration matched due to @ConditionalOnClass found required classes 'org.springframework.orm.jpa.LocalContainerEntityManagerFactoryBean', 'jakarta.persistence.EntityManager', 'org.hibernate.engine.spi.SessionImplementor'
2023-03-01T14:42:26.344+08:00 TRACE 908 --- [           main] o.s.b.f.s.DefaultListableBeanFactory     : Returning cached instance of singleton bean 'autoConfigurationReport'
2023-03-01T14:42:26.345+08:00 TRACE 908 --- [           main] o.s.b.a.condition.OnBeanCondition        : Condition OnBeanCondition on org.springframework.boot.autoconfigure.orm.jpa.HibernateJpaConfiguration did not match due to @ConditionalOnSingleCandidate (types: javax.sql.DataSource; SearchStrategy: all) did not find any beans
2023-03-01T14:42:26.345+08:00 TRACE 908 --- [           main] o.s.b.f.s.DefaultListableBeanFactory     : Returning cached instance of singleton bean 'autoConfigurationReport'
2023-03-01T14:42:26.348+08:00 TRACE 908 --- [           main] a.ConfigurationClassBeanDefinitionReader : Registered bean definition for imported class 'org.springframework.boot.autoconfigure.orm.jpa.HibernateJpaAutoConfiguration'
2023-03-01T14:42:26.350+08:00 TRACE 908 --- [           main] o.s.b.a.condition.OnClassCondition       : Condition OnClassCondition on org.springframework.boot.autoconfigure.cache.CacheAutoConfiguration matched due to @ConditionalOnClass found required class 'org.springframework.cache.CacheManager'
2023-03-01T14:42:26.350+08:00 TRACE 908 --- [           main] o.s.b.f.s.DefaultListableBeanFactory     : Returning cached instance of singleton bean 'autoConfigurationReport'
2023-03-01T14:42:26.351+08:00 TRACE 908 --- [           main] o.s.b.a.condition.OnBeanCondition        : Condition OnBeanCondition on org.springframework.boot.autoconfigure.cache.CacheAutoConfiguration did not match due to @ConditionalOnBean (types: org.springframework.cache.interceptor.CacheAspectSupport; SearchStrategy: all) did not find any beans of type org.springframework.cache.interceptor.CacheAspectSupport
2023-03-01T14:42:26.352+08:00 TRACE 908 --- [           main] o.s.b.f.s.DefaultListableBeanFactory     : Returning cached instance of singleton bean 'autoConfigurationReport'
2023-03-01T14:42:26.352+08:00 TRACE 908 --- [           main] a.ConfigurationClassBeanDefinitionReader : Registered bean definition for imported class 'org.springframework.boot.autoconfigure.context.ConfigurationPropertiesAutoConfiguration'
2023-03-01T14:42:26.353+08:00 TRACE 908 --- [           main] a.ConfigurationClassBeanDefinitionReader : Registered bean definition for imported class 'org.springframework.boot.autoconfigure.context.LifecycleAutoConfiguration'
2023-03-01T14:42:26.353+08:00 TRACE 908 --- [           main] o.s.b.a.condition.OnBeanCondition        : Condition OnBeanCondition on org.springframework.boot.autoconfigure.context.LifecycleAutoConfiguration#defaultLifecycleProcessor matched due to @ConditionalOnMissingBean (names: lifecycleProcessor; SearchStrategy: current) did not find any beans
2023-03-01T14:42:26.353+08:00 TRACE 908 --- [           main] o.s.b.f.s.DefaultListableBeanFactory     : Returning cached instance of singleton bean 'autoConfigurationReport'
2023-03-01T14:42:26.353+08:00 TRACE 908 --- [           main] a.ConfigurationClassBeanDefinitionReader : Registering bean definition for @Bean method org.springframework.boot.autoconfigure.context.LifecycleAutoConfiguration.lifecycleProcessor()
2023-03-01T14:42:26.354+08:00 TRACE 908 --- [           main] o.s.b.a.condition.OnClassCondition       : Condition OnClassCondition on org.springframework.boot.autoconfigure.dao.PersistenceExceptionTranslationAutoConfiguration matched due to @ConditionalOnClass found required class 'org.springframework.dao.annotation.PersistenceExceptionTranslationPostProcessor'
2023-03-01T14:42:26.354+08:00 TRACE 908 --- [           main] o.s.b.f.s.DefaultListableBeanFactory     : Returning cached instance of singleton bean 'autoConfigurationReport'
2023-03-01T14:42:26.354+08:00 TRACE 908 --- [           main] a.ConfigurationClassBeanDefinitionReader : Registered bean definition for imported class 'org.springframework.boot.autoconfigure.dao.PersistenceExceptionTranslationAutoConfiguration'
2023-03-01T14:42:26.354+08:00 TRACE 908 --- [           main] o.s.b.a.condition.OnPropertyCondition    : Condition OnPropertyCondition on org.springframework.boot.autoconfigure.dao.PersistenceExceptionTranslationAutoConfiguration#persistenceExceptionTranslationPostProcessor matched due to @ConditionalOnProperty (spring.dao.exceptiontranslation.enabled) matched
2023-03-01T14:42:26.354+08:00 TRACE 908 --- [           main] o.s.b.f.s.DefaultListableBeanFactory     : Returning cached instance of singleton bean 'autoConfigurationReport'
2023-03-01T14:42:26.357+08:00 TRACE 908 --- [           main] o.s.b.a.condition.OnBeanCondition        : Condition OnBeanCondition on org.springframework.boot.autoconfigure.dao.PersistenceExceptionTranslationAutoConfiguration#persistenceExceptionTranslationPostProcessor matched due to @ConditionalOnMissingBean (types: org.springframework.dao.annotation.PersistenceExceptionTranslationPostProcessor; SearchStrategy: all) did not find any beans
2023-03-01T14:42:26.357+08:00 TRACE 908 --- [           main] o.s.b.f.s.DefaultListableBeanFactory     : Returning cached instance of singleton bean 'autoConfigurationReport'
2023-03-01T14:42:26.357+08:00 TRACE 908 --- [           main] a.ConfigurationClassBeanDefinitionReader : Registering bean definition for @Bean method org.springframework.boot.autoconfigure.dao.PersistenceExceptionTranslationAutoConfiguration.persistenceExceptionTranslationPostProcessor()
2023-03-01T14:42:26.358+08:00 TRACE 908 --- [           main] o.s.b.a.condition.OnClassCondition       : Condition OnClassCondition on org.springframework.boot.autoconfigure.data.jpa.JpaRepositoriesAutoConfiguration matched due to @ConditionalOnClass found required class 'org.springframework.data.jpa.repository.JpaRepository'
2023-03-01T14:42:26.358+08:00 TRACE 908 --- [           main] o.s.b.f.s.DefaultListableBeanFactory     : Returning cached instance of singleton bean 'autoConfigurationReport'
2023-03-01T14:42:26.358+08:00 TRACE 908 --- [           main] o.s.b.a.condition.OnPropertyCondition    : Condition OnPropertyCondition on org.springframework.boot.autoconfigure.data.jpa.JpaRepositoriesAutoConfiguration matched due to @ConditionalOnProperty (spring.data.jpa.repositories.enabled=true) matched
2023-03-01T14:42:26.358+08:00 TRACE 908 --- [           main] o.s.b.f.s.DefaultListableBeanFactory     : Returning cached instance of singleton bean 'autoConfigurationReport'
2023-03-01T14:42:26.359+08:00 TRACE 908 --- [           main] o.s.b.a.condition.OnBeanCondition        : Condition OnBeanCondition on org.springframework.boot.autoconfigure.data.jpa.JpaRepositoriesAutoConfiguration did not match due to @ConditionalOnBean (types: javax.sql.DataSource; SearchStrategy: all) did not find any beans of type javax.sql.DataSource
2023-03-01T14:42:26.359+08:00 TRACE 908 --- [           main] o.s.b.f.s.DefaultListableBeanFactory     : Returning cached instance of singleton bean 'autoConfigurationReport'
2023-03-01T14:42:26.359+08:00 TRACE 908 --- [           main] o.s.b.a.condition.OnClassCondition       : Condition OnClassCondition on org.springframework.boot.autoconfigure.data.r2dbc.R2dbcDataAutoConfiguration matched due to @ConditionalOnClass found required classes 'org.springframework.r2dbc.core.DatabaseClient', 'org.springframework.data.r2dbc.core.R2dbcEntityTemplate'
2023-03-01T14:42:26.359+08:00 TRACE 908 --- [           main] o.s.b.f.s.DefaultListableBeanFactory     : Returning cached instance of singleton bean 'autoConfigurationReport'
2023-03-01T14:42:26.359+08:00 TRACE 908 --- [           main] o.s.b.a.condition.OnBeanCondition        : Condition OnBeanCondition on org.springframework.boot.autoconfigure.data.r2dbc.R2dbcDataAutoConfiguration matched due to @ConditionalOnSingleCandidate (types: org.springframework.r2dbc.core.DatabaseClient; SearchStrategy: all) found a single bean 'r2dbcDatabaseClient'
2023-03-01T14:42:26.359+08:00 TRACE 908 --- [           main] o.s.b.f.s.DefaultListableBeanFactory     : Returning cached instance of singleton bean 'autoConfigurationReport'
2023-03-01T14:42:26.360+08:00 TRACE 908 --- [           main] a.ConfigurationClassBeanDefinitionReader : Registered bean definition for imported class 'org.springframework.boot.autoconfigure.data.r2dbc.R2dbcDataAutoConfiguration'
2023-03-01T14:42:26.361+08:00 TRACE 908 --- [           main] o.s.b.a.condition.OnBeanCondition        : Condition OnBeanCondition on org.springframework.boot.autoconfigure.data.r2dbc.R2dbcDataAutoConfiguration#r2dbcEntityTemplate matched due to @ConditionalOnMissingBean (types: org.springframework.data.r2dbc.core.R2dbcEntityTemplate; SearchStrategy: all) did not find any beans
2023-03-01T14:42:26.361+08:00 TRACE 908 --- [           main] o.s.b.f.s.DefaultListableBeanFactory     : Returning cached instance of singleton bean 'autoConfigurationReport'
2023-03-01T14:42:26.361+08:00 TRACE 908 --- [           main] a.ConfigurationClassBeanDefinitionReader : Registering bean definition for @Bean method org.springframework.boot.autoconfigure.data.r2dbc.R2dbcDataAutoConfiguration.r2dbcEntityTemplate()
2023-03-01T14:42:26.370+08:00 TRACE 908 --- [           main] o.s.b.a.condition.OnBeanCondition        : Condition OnBeanCondition on org.springframework.boot.autoconfigure.data.r2dbc.R2dbcDataAutoConfiguration#r2dbcManagedTypes matched due to @ConditionalOnMissingBean (types: org.springframework.data.relational.RelationalManagedTypes; SearchStrategy: all) did not find any beans
2023-03-01T14:42:26.370+08:00 TRACE 908 --- [           main] o.s.b.f.s.DefaultListableBeanFactory     : Returning cached instance of singleton bean 'autoConfigurationReport'
2023-03-01T14:42:26.370+08:00 TRACE 908 --- [           main] a.ConfigurationClassBeanDefinitionReader : Registering bean definition for @Bean method org.springframework.boot.autoconfigure.data.r2dbc.R2dbcDataAutoConfiguration.r2dbcManagedTypes()
2023-03-01T14:42:26.372+08:00 TRACE 908 --- [           main] o.s.b.a.condition.OnBeanCondition        : Condition OnBeanCondition on org.springframework.boot.autoconfigure.data.r2dbc.R2dbcDataAutoConfiguration#r2dbcMappingContext matched due to @ConditionalOnMissingBean (types: org.springframework.data.r2dbc.mapping.R2dbcMappingContext; SearchStrategy: all) did not find any beans
2023-03-01T14:42:26.372+08:00 TRACE 908 --- [           main] o.s.b.f.s.DefaultListableBeanFactory     : Returning cached instance of singleton bean 'autoConfigurationReport'
2023-03-01T14:42:26.372+08:00 TRACE 908 --- [           main] a.ConfigurationClassBeanDefinitionReader : Registering bean definition for @Bean method org.springframework.boot.autoconfigure.data.r2dbc.R2dbcDataAutoConfiguration.r2dbcMappingContext()
2023-03-01T14:42:26.374+08:00 TRACE 908 --- [           main] o.s.b.a.condition.OnBeanCondition        : Condition OnBeanCondition on org.springframework.boot.autoconfigure.data.r2dbc.R2dbcDataAutoConfiguration#r2dbcConverter matched due to @ConditionalOnMissingBean (types: org.springframework.data.r2dbc.convert.MappingR2dbcConverter; SearchStrategy: all) did not find any beans
2023-03-01T14:42:26.374+08:00 TRACE 908 --- [           main] o.s.b.f.s.DefaultListableBeanFactory     : Returning cached instance of singleton bean 'autoConfigurationReport'
2023-03-01T14:42:26.374+08:00 TRACE 908 --- [           main] a.ConfigurationClassBeanDefinitionReader : Registering bean definition for @Bean method org.springframework.boot.autoconfigure.data.r2dbc.R2dbcDataAutoConfiguration.r2dbcConverter()
2023-03-01T14:42:26.376+08:00 TRACE 908 --- [           main] o.s.b.a.condition.OnBeanCondition        : Condition OnBeanCondition on org.springframework.boot.autoconfigure.data.r2dbc.R2dbcDataAutoConfiguration#r2dbcCustomConversions matched due to @ConditionalOnMissingBean (types: org.springframework.data.r2dbc.convert.R2dbcCustomConversions; SearchStrategy: all) did not find any beans
2023-03-01T14:42:26.376+08:00 TRACE 908 --- [           main] o.s.b.f.s.DefaultListableBeanFactory     : Returning cached instance of singleton bean 'autoConfigurationReport'
2023-03-01T14:42:26.376+08:00 TRACE 908 --- [           main] a.ConfigurationClassBeanDefinitionReader : Registering bean definition for @Bean method org.springframework.boot.autoconfigure.data.r2dbc.R2dbcDataAutoConfiguration.r2dbcCustomConversions()
2023-03-01T14:42:26.377+08:00 TRACE 908 --- [           main] o.s.b.a.condition.OnClassCondition       : Condition OnClassCondition on org.springframework.boot.autoconfigure.data.r2dbc.R2dbcRepositoriesAutoConfiguration matched due to @ConditionalOnClass found required classes 'io.r2dbc.spi.ConnectionFactory', 'org.springframework.data.r2dbc.repository.R2dbcRepository'
2023-03-01T14:42:26.377+08:00 TRACE 908 --- [           main] o.s.b.f.s.DefaultListableBeanFactory     : Returning cached instance of singleton bean 'autoConfigurationReport'
2023-03-01T14:42:26.377+08:00 TRACE 908 --- [           main] o.s.b.a.condition.OnPropertyCondition    : Condition OnPropertyCondition on org.springframework.boot.autoconfigure.data.r2dbc.R2dbcRepositoriesAutoConfiguration matched due to @ConditionalOnProperty (spring.data.r2dbc.repositories.enabled=true) matched
2023-03-01T14:42:26.377+08:00 TRACE 908 --- [           main] o.s.b.f.s.DefaultListableBeanFactory     : Returning cached instance of singleton bean 'autoConfigurationReport'
2023-03-01T14:42:26.381+08:00 TRACE 908 --- [           main] o.s.b.a.condition.OnBeanCondition        : Condition OnBeanCondition on org.springframework.boot.autoconfigure.data.r2dbc.R2dbcRepositoriesAutoConfiguration matched due to @ConditionalOnBean (types: org.springframework.r2dbc.core.DatabaseClient; SearchStrategy: all) found bean 'r2dbcDatabaseClient'; @ConditionalOnMissingBean (types: org.springframework.data.r2dbc.repository.support.R2dbcRepositoryFactoryBean; SearchStrategy: all) did not find any beans
2023-03-01T14:42:26.381+08:00 TRACE 908 --- [           main] o.s.b.f.s.DefaultListableBeanFactory     : Returning cached instance of singleton bean 'autoConfigurationReport'
2023-03-01T14:42:26.382+08:00 TRACE 908 --- [           main] o.s.b.a.condition.OnBeanCondition        : Condition OnBeanCondition on org.springframework.boot.autoconfigure.data.r2dbc.R2dbcRepositoriesAutoConfiguration matched due to @ConditionalOnBean (types: org.springframework.r2dbc.core.DatabaseClient; SearchStrategy: all) found bean 'r2dbcDatabaseClient'; @ConditionalOnMissingBean (types: org.springframework.data.r2dbc.repository.support.R2dbcRepositoryFactoryBean; SearchStrategy: all) did not find any beans
2023-03-01T14:42:26.382+08:00 TRACE 908 --- [           main] o.s.b.f.s.DefaultListableBeanFactory     : Returning cached instance of singleton bean 'autoConfigurationReport'
2023-03-01T14:42:26.382+08:00 TRACE 908 --- [           main] a.ConfigurationClassBeanDefinitionReader : Registered bean definition for imported class 'org.springframework.boot.autoconfigure.data.r2dbc.R2dbcRepositoriesAutoConfiguration'
2023-03-01T14:42:26.386+08:00  INFO 908 --- [           main] .s.d.r.c.RepositoryConfigurationDelegate : Multiple Spring Data modules found, entering strict repository configuration mode
2023-03-01T14:42:26.387+08:00  INFO 908 --- [           main] .s.d.r.c.RepositoryConfigurationDelegate : Bootstrapping Spring Data R2DBC repositories in DEFAULT mode.
2023-03-01T14:42:26.387+08:00 DEBUG 908 --- [           main] o.s.b.f.s.DefaultListableBeanFactory     : Creating shared instance of singleton bean 'org.springframework.boot.autoconfigure.AutoConfigurationPackages'
2023-03-01T14:42:26.387+08:00 TRACE 908 --- [           main] o.s.b.f.s.DefaultListableBeanFactory     : Creating instance of bean 'org.springframework.boot.autoconfigure.AutoConfigurationPackages'
2023-03-01T14:42:26.404+08:00 TRACE 908 --- [           main] o.s.b.f.s.DefaultListableBeanFactory     : Finished creating instance of bean 'org.springframework.boot.autoconfigure.AutoConfigurationPackages'
2023-03-01T14:42:26.404+08:00 DEBUG 908 --- [           main] o.s.b.a.AutoConfigurationPackages        : @EnableAutoConfiguration was declared on a class in the package 'com.unimap'. Automatic @Repository and @Entity scanning is enabled.
2023-03-01T14:42:26.405+08:00 DEBUG 908 --- [           main] .s.d.r.c.RepositoryConfigurationDelegate : Scanning for R2DBC repositories in packages com.unimap.
2023-03-01T14:42:26.406+08:00 TRACE 908 --- [           main] o.s.b.f.s.DefaultListableBeanFactory     : Returning cached instance of singleton bean 'org.springframework.boot.autoconfigure.AutoConfigurationPackages'
2023-03-01T14:42:26.406+08:00 TRACE 908 --- [           main] .i.s.PathMatchingResourcePatternResolver : Resolved module-path location pattern [com/unimap/**/*.class] to resources []
2023-03-01T14:42:26.406+08:00 TRACE 908 --- [           main] .i.s.PathMatchingResourcePatternResolver : Resolved module-path location pattern [com/unimap/] to resources []
2023-03-01T14:42:26.406+08:00 TRACE 908 --- [           main] .i.s.PathMatchingResourcePatternResolver : Resolved classpath location [com/unimap/] to resources [file [c:\Users\MSI\Documents\CODINGS\NEW_BACKEND\zerohunger\target\test-classes\com\unimap], file [c:\Users\MSI\Documents\CODINGS\NEW_BACKEND\zerohunger\target\classes\com\unimap]]
2023-03-01T14:42:26.407+08:00 TRACE 908 --- [           main] .i.s.PathMatchingResourcePatternResolver : Searching directory [c:\Users\MSI\Documents\CODINGS\NEW_BACKEND\zerohunger\target\test-classes\com\unimap] for files matching pattern [**/*.class]
2023-03-01T14:42:26.407+08:00 TRACE 908 --- [           main] .i.s.PathMatchingResourcePatternResolver : Searching directory [c:\Users\MSI\Documents\CODINGS\NEW_BACKEND\zerohunger\target\classes\com\unimap] for files matching pattern [**/*.class]
2023-03-01T14:42:26.410+08:00 TRACE 908 --- [           main] .i.s.PathMatchingResourcePatternResolver : Resolved location pattern [classpath*:com/unimap/**/*.class] to resources [file [c:\Users\MSI\Documents\CODINGS\NEW_BACKEND\zerohunger\target\test-classes\com\unimap\zerohunger\ZerohungerApplicationTests.class], file [c:\Users\MSI\Documents\CODINGS\NEW_BACKEND\zerohunger\target\classes\com\unimap\ZerohungerApplication.class], file [c:\Users\MSI\Documents\CODINGS\NEW_BACKEND\zerohunger\target\classes\com\unimap\zerohunger\config\AppProperties$Auth.class], file [c:\Users\MSI\Documents\CODINGS\NEW_BACKEND\zerohunger\target\classes\com\unimap\zerohunger\config\AppProperties$OAuth2.class], file [c:\Users\MSI\Documents\CODINGS\NEW_BACKEND\zerohunger\target\classes\com\unimap\zerohunger\config\AppProperties.class], file [c:\Users\MSI\Documents\CODINGS\NEW_BACKEND\zerohunger\target\classes\com\unimap\zerohunger\config\CurrentUser.class], file [c:\Users\MSI\Documents\CODINGS\NEW_BACKEND\zerohunger\target\classes\com\unimap\zerohunger\config\RestAuthenticationEntryPoint.class], file [c:\Users\MSI\Documents\CODINGS\NEW_BACKEND\zerohunger\target\classes\com\unimap\zerohunger\config\SetupDataLoader.class], file [c:\Users\MSI\Documents\CODINGS\NEW_BACKEND\zerohunger\target\classes\com\unimap\zerohunger\config\WebConfig.class], file [c:\Users\MSI\Documents\CODINGS\NEW_BACKEND\zerohunger\target\classes\com\unimap\zerohunger\config\WebSecurityConfig.class], file [c:\Users\MSI\Documents\CODINGS\NEW_BACKEND\zerohunger\target\classes\com\unimap\zerohunger\controller\AuthController.class], file [c:\Users\MSI\Documents\CODINGS\NEW_BACKEND\zerohunger\target\classes\com\unimap\zerohunger\controller\UserController.class], file [c:\Users\MSI\Documents\CODINGS\NEW_BACKEND\zerohunger\target\classes\com\unimap\zerohunger\dto\ApiResponse.class], file [c:\Users\MSI\Documents\CODINGS\NEW_BACKEND\zerohunger\target\classes\com\unimap\zerohunger\dto\JwtAuthenticationResponse.class], file [c:\Users\MSI\Documents\CODINGS\NEW_BACKEND\zerohunger\target\classes\com\unimap\zerohunger\dto\LocalUser.class], file [c:\Users\MSI\Documents\CODINGS\NEW_BACKEND\zerohunger\target\classes\com\unimap\zerohunger\dto\LoginRequest.class], file [c:\Users\MSI\Documents\CODINGS\NEW_BACKEND\zerohunger\target\classes\com\unimap\zerohunger\dto\SignUpRequest$Builder.class], file [c:\Users\MSI\Documents\CODINGS\NEW_BACKEND\zerohunger\target\classes\com\unimap\zerohunger\dto\SignUpRequest.class], file [c:\Users\MSI\Documents\CODINGS\NEW_BACKEND\zerohunger\target\classes\com\unimap\zerohunger\dto\SocialProvider.class], file [c:\Users\MSI\Documents\CODINGS\NEW_BACKEND\zerohunger\target\classes\com\unimap\zerohunger\dto\UserInfo.class], file [c:\Users\MSI\Documents\CODINGS\NEW_BACKEND\zerohunger\target\classes\com\unimap\zerohunger\exception\BadRequestException.class], file [c:\Users\MSI\Documents\CODINGS\NEW_BACKEND\zerohunger\target\classes\com\unimap\zerohunger\exception\handler\RestResponseEntityExceptionHandler.class], file [c:\Users\MSI\Documents\CODINGS\NEW_BACKEND\zerohunger\target\classes\com\unimap\zerohunger\exception\OAuth2AuthenticationProcessingException.class], file [c:\Users\MSI\Documents\CODINGS\NEW_BACKEND\zerohunger\target\classes\com\unimap\zerohunger\exception\ResourceNotFoundException.class], file [c:\Users\MSI\Documents\CODINGS\NEW_BACKEND\zerohunger\target\classes\com\unimap\zerohunger\exception\UserAlreadyExistAuthenticationException.class], file [c:\Users\MSI\Documents\CODINGS\NEW_BACKEND\zerohunger\target\classes\com\unimap\zerohunger\model\Entity.class], file [c:\Users\MSI\Documents\CODINGS\NEW_BACKEND\zerohunger\target\classes\com\unimap\zerohunger\model\Role.class], file [c:\Users\MSI\Documents\CODINGS\NEW_BACKEND\zerohunger\target\classes\com\unimap\zerohunger\model\User.class], file [c:\Users\MSI\Documents\CODINGS\NEW_BACKEND\zerohunger\target\classes\com\unimap\zerohunger\repo\RoleRepository.class], file [c:\Users\MSI\Documents\CODINGS\NEW_BACKEND\zerohunger\target\classes\com\unimap\zerohunger\repo\UserRepository.class], file [c:\Users\MSI\Documents\CODINGS\NEW_BACKEND\zerohunger\target\classes\com\unimap\zerohunger\security\jwt\TokenAuthenticationFilter.class], file [c:\Users\MSI\Documents\CODINGS\NEW_BACKEND\zerohunger\target\classes\com\unimap\zerohunger\security\jwt\TokenProvider.class], file [c:\Users\MSI\Documents\CODINGS\NEW_BACKEND\zerohunger\target\classes\com\unimap\zerohunger\security\oauth2\AppUserInfo.class], file [c:\Users\MSI\Documents\CODINGS\NEW_BACKEND\zerohunger\target\classes\com\unimap\zerohunger\security\oauth2\CustomOAuth2UserService.class], file [c:\Users\MSI\Documents\CODINGS\NEW_BACKEND\zerohunger\target\classes\com\unimap\zerohunger\security\oauth2\CustomOidcUserService.class], file [c:\Users\MSI\Documents\CODINGS\NEW_BACKEND\zerohunger\target\classes\com\unimap\zerohunger\security\oauth2\HttpCookieOAuth2AuthorizationRequestRepository.class], file [c:\Users\MSI\Documents\CODINGS\NEW_BACKEND\zerohunger\target\classes\com\unimap\zerohunger\security\oauth2\OAuth2AccessTokenResponseConverterWithDefaults.class], file [c:\Users\MSI\Documents\CODINGS\NEW_BACKEND\zerohunger\target\classes\com\unimap\zerohunger\security\oauth2\OAuth2AuthenticationFailureHandler.class], file [c:\Users\MSI\Documents\CODINGS\NEW_BACKEND\zerohunger\target\classes\com\unimap\zerohunger\security\oauth2\OAuth2AuthenticationSuccessHandler.class], file [c:\Users\MSI\Documents\CODINGS\NEW_BACKEND\zerohunger\target\classes\com\unimap\zerohunger\security\oauth2\OAuth2UserInfo.class], file [c:\Users\MSI\Documents\CODINGS\NEW_BACKEND\zerohunger\target\classes\com\unimap\zerohunger\security\oauth2\user\GoogleOAuth2UserInfo.class], file [c:\Users\MSI\Documents\CODINGS\NEW_BACKEND\zerohunger\target\classes\com\unimap\zerohunger\security\oauth2\user\OAuth2UserInfoFactory.class], file [c:\Users\MSI\Documents\CODINGS\NEW_BACKEND\zerohunger\target\classes\com\unimap\zerohunger\service\LocalUserDetailService.class], file [c:\Users\MSI\Documents\CODINGS\NEW_BACKEND\zerohunger\target\classes\com\unimap\zerohunger\service\UserService.class], file [c:\Users\MSI\Documents\CODINGS\NEW_BACKEND\zerohunger\target\classes\com\unimap\zerohunger\service\UserServiceImpl.class], file [c:\Users\MSI\Documents\CODINGS\NEW_BACKEND\zerohunger\target\classes\com\unimap\zerohunger\util\CookieUtils.class], file [c:\Users\MSI\Documents\CODINGS\NEW_BACKEND\zerohunger\target\classes\com\unimap\zerohunger\util\GeneralUtils.class], file [c:\Users\MSI\Documents\CODINGS\NEW_BACKEND\zerohunger\target\classes\com\unimap\zerohunger\validator\PasswordMatches.class], file [c:\Users\MSI\Documents\CODINGS\NEW_BACKEND\zerohunger\target\classes\com\unimap\zerohunger\validator\PasswordMatchesValidator.class]]
2023-03-01T14:42:26.410+08:00 TRACE 908 --- [           main] o.s.d.r.c.RepositoryComponentProvider    : Scanning file [c:\Users\MSI\Documents\CODINGS\NEW_BACKEND\zerohunger\target\test-classes\com\unimap\zerohunger\ZerohungerApplicationTests.class]
2023-03-01T14:42:26.410+08:00 TRACE 908 --- [           main] o.s.d.r.c.RepositoryComponentProvider    : Ignored because not matching any filter: file [c:\Users\MSI\Documents\CODINGS\NEW_BACKEND\zerohunger\target\test-classes\com\unimap\zerohunger\ZerohungerApplicationTests.class]
2023-03-01T14:42:26.410+08:00 TRACE 908 --- [           main] o.s.d.r.c.RepositoryComponentProvider    : Scanning file [c:\Users\MSI\Documents\CODINGS\NEW_BACKEND\zerohunger\target\classes\com\unimap\ZerohungerApplication.class]
2023-03-01T14:42:26.410+08:00 TRACE 908 --- [           main] o.s.d.r.c.RepositoryComponentProvider    : Ignored because not matching any filter: file [c:\Users\MSI\Documents\CODINGS\NEW_BACKEND\zerohunger\target\classes\com\unimap\ZerohungerApplication.class]
2023-03-01T14:42:26.410+08:00 TRACE 908 --- [           main] o.s.d.r.c.RepositoryComponentProvider    : Scanning file [c:\Users\MSI\Documents\CODINGS\NEW_BACKEND\zerohunger\target\classes\com\unimap\zerohunger\config\AppProperties$Auth.class]
2023-03-01T14:42:26.410+08:00 TRACE 908 --- [           main] o.s.d.r.c.RepositoryComponentProvider    : Ignored because not matching any filter: file [c:\Users\MSI\Documents\CODINGS\NEW_BACKEND\zerohunger\target\classes\com\unimap\zerohunger\config\AppProperties$Auth.class]
2023-03-01T14:42:26.410+08:00 TRACE 908 --- [           main] o.s.d.r.c.RepositoryComponentProvider    : Scanning file [c:\Users\MSI\Documents\CODINGS\NEW_BACKEND\zerohunger\target\classes\com\unimap\zerohunger\config\AppProperties$OAuth2.class]
2023-03-01T14:42:26.410+08:00 TRACE 908 --- [           main] o.s.d.r.c.RepositoryComponentProvider    : Ignored because not matching any filter: file [c:\Users\MSI\Documents\CODINGS\NEW_BACKEND\zerohunger\target\classes\com\unimap\zerohunger\config\AppProperties$OAuth2.class]
2023-03-01T14:42:26.410+08:00 TRACE 908 --- [           main] o.s.d.r.c.RepositoryComponentProvider    : Scanning file [c:\Users\MSI\Documents\CODINGS\NEW_BACKEND\zerohunger\target\classes\com\unimap\zerohunger\config\AppProperties.class]
2023-03-01T14:42:26.410+08:00 TRACE 908 --- [           main] o.s.d.r.c.RepositoryComponentProvider    : Ignored because not matching any filter: file [c:\Users\MSI\Documents\CODINGS\NEW_BACKEND\zerohunger\target\classes\com\unimap\zerohunger\config\AppProperties.class]
2023-03-01T14:42:26.410+08:00 TRACE 908 --- [           main] o.s.d.r.c.RepositoryComponentProvider    : Scanning file [c:\Users\MSI\Documents\CODINGS\NEW_BACKEND\zerohunger\target\classes\com\unimap\zerohunger\config\CurrentUser.class]
2023-03-01T14:42:26.410+08:00 TRACE 908 --- [           main] o.s.d.r.c.RepositoryComponentProvider    : Ignored because not matching any filter: file [c:\Users\MSI\Documents\CODINGS\NEW_BACKEND\zerohunger\target\classes\com\unimap\zerohunger\config\CurrentUser.class]
2023-03-01T14:42:26.411+08:00 TRACE 908 --- [           main] o.s.d.r.c.RepositoryComponentProvider    : Scanning file [c:\Users\MSI\Documents\CODINGS\NEW_BACKEND\zerohunger\target\classes\com\unimap\zerohunger\config\RestAuthenticationEntryPoint.class]
2023-03-01T14:42:26.411+08:00 TRACE 908 --- [           main] o.s.d.r.c.RepositoryComponentProvider    : Ignored because not matching any filter: file [c:\Users\MSI\Documents\CODINGS\NEW_BACKEND\zerohunger\target\classes\com\unimap\zerohunger\config\RestAuthenticationEntryPoint.class]
2023-03-01T14:42:26.411+08:00 TRACE 908 --- [           main] o.s.d.r.c.RepositoryComponentProvider    : Scanning file [c:\Users\MSI\Documents\CODINGS\NEW_BACKEND\zerohunger\target\classes\com\unimap\zerohunger\config\SetupDataLoader.class]
2023-03-01T14:42:26.411+08:00 TRACE 908 --- [           main] o.s.d.r.c.RepositoryComponentProvider    : Ignored because not matching any filter: file [c:\Users\MSI\Documents\CODINGS\NEW_BACKEND\zerohunger\target\classes\com\unimap\zerohunger\config\SetupDataLoader.class]
2023-03-01T14:42:26.411+08:00 TRACE 908 --- [           main] o.s.d.r.c.RepositoryComponentProvider    : Scanning file [c:\Users\MSI\Documents\CODINGS\NEW_BACKEND\zerohunger\target\classes\com\unimap\zerohunger\config\WebConfig.class]
2023-03-01T14:42:26.411+08:00 TRACE 908 --- [           main] o.s.d.r.c.RepositoryComponentProvider    : Ignored because not matching any filter: file [c:\Users\MSI\Documents\CODINGS\NEW_BACKEND\zerohunger\target\classes\com\unimap\zerohunger\config\WebConfig.class]
2023-03-01T14:42:26.411+08:00 TRACE 908 --- [           main] o.s.d.r.c.RepositoryComponentProvider    : Scanning file [c:\Users\MSI\Documents\CODINGS\NEW_BACKEND\zerohunger\target\classes\com\unimap\zerohunger\config\WebSecurityConfig.class]
2023-03-01T14:42:26.411+08:00 TRACE 908 --- [           main] o.s.d.r.c.RepositoryComponentProvider    : Ignored because not matching any filter: file [c:\Users\MSI\Documents\CODINGS\NEW_BACKEND\zerohunger\target\classes\com\unimap\zerohunger\config\WebSecurityConfig.class]
2023-03-01T14:42:26.411+08:00 TRACE 908 --- [           main] o.s.d.r.c.RepositoryComponentProvider    : Scanning file [c:\Users\MSI\Documents\CODINGS\NEW_BACKEND\zerohunger\target\classes\com\unimap\zerohunger\controller\AuthController.class]
2023-03-01T14:42:26.411+08:00 TRACE 908 --- [           main] o.s.d.r.c.RepositoryComponentProvider    : Ignored because not matching any filter: file [c:\Users\MSI\Documents\CODINGS\NEW_BACKEND\zerohunger\target\classes\com\unimap\zerohunger\controller\AuthController.class]
2023-03-01T14:42:26.411+08:00 TRACE 908 --- [           main] o.s.d.r.c.RepositoryComponentProvider    : Scanning file [c:\Users\MSI\Documents\CODINGS\NEW_BACKEND\zerohunger\target\classes\com\unimap\zerohunger\controller\UserController.class]
2023-03-01T14:42:26.411+08:00 TRACE 908 --- [           main] o.s.d.r.c.RepositoryComponentProvider    : Ignored because not matching any filter: file [c:\Users\MSI\Documents\CODINGS\NEW_BACKEND\zerohunger\target\classes\com\unimap\zerohunger\controller\UserController.class]
2023-03-01T14:42:26.411+08:00 TRACE 908 --- [           main] o.s.d.r.c.RepositoryComponentProvider    : Scanning file [c:\Users\MSI\Documents\CODINGS\NEW_BACKEND\zerohunger\target\classes\com\unimap\zerohunger\dto\ApiResponse.class]
2023-03-01T14:42:26.411+08:00 TRACE 908 --- [           main] o.s.d.r.c.RepositoryComponentProvider    : Ignored because not matching any filter: file [c:\Users\MSI\Documents\CODINGS\NEW_BACKEND\zerohunger\target\classes\com\unimap\zerohunger\dto\ApiResponse.class]
2023-03-01T14:42:26.411+08:00 TRACE 908 --- [           main] o.s.d.r.c.RepositoryComponentProvider    : Scanning file [c:\Users\MSI\Documents\CODINGS\NEW_BACKEND\zerohunger\target\classes\com\unimap\zerohunger\dto\JwtAuthenticationResponse.class]
2023-03-01T14:42:26.411+08:00 TRACE 908 --- [           main] o.s.d.r.c.RepositoryComponentProvider    : Ignored because not matching any filter: file [c:\Users\MSI\Documents\CODINGS\NEW_BACKEND\zerohunger\target\classes\com\unimap\zerohunger\dto\JwtAuthenticationResponse.class]
2023-03-01T14:42:26.411+08:00 TRACE 908 --- [           main] o.s.d.r.c.RepositoryComponentProvider    : Scanning file [c:\Users\MSI\Documents\CODINGS\NEW_BACKEND\zerohunger\target\classes\com\unimap\zerohunger\dto\LocalUser.class]
2023-03-01T14:42:26.411+08:00 TRACE 908 --- [           main] o.s.d.r.c.RepositoryComponentProvider    : Ignored because not matching any filter: file [c:\Users\MSI\Documents\CODINGS\NEW_BACKEND\zerohunger\target\classes\com\unimap\zerohunger\dto\LocalUser.class]
2023-03-01T14:42:26.411+08:00 TRACE 908 --- [           main] o.s.d.r.c.RepositoryComponentProvider    : Scanning file [c:\Users\MSI\Documents\CODINGS\NEW_BACKEND\zerohunger\target\classes\com\unimap\zerohunger\dto\LoginRequest.class]
2023-03-01T14:42:26.411+08:00 TRACE 908 --- [           main] o.s.d.r.c.RepositoryComponentProvider    : Ignored because not matching any filter: file [c:\Users\MSI\Documents\CODINGS\NEW_BACKEND\zerohunger\target\classes\com\unimap\zerohunger\dto\LoginRequest.class]
2023-03-01T14:42:26.411+08:00 TRACE 908 --- [           main] o.s.d.r.c.RepositoryComponentProvider    : Scanning file [c:\Users\MSI\Documents\CODINGS\NEW_BACKEND\zerohunger\target\classes\com\unimap\zerohunger\dto\SignUpRequest$Builder.class]
2023-03-01T14:42:26.411+08:00 TRACE 908 --- [           main] o.s.d.r.c.RepositoryComponentProvider    : Ignored because not matching any filter: file [c:\Users\MSI\Documents\CODINGS\NEW_BACKEND\zerohunger\target\classes\com\unimap\zerohunger\dto\SignUpRequest$Builder.class]
2023-03-01T14:42:26.411+08:00 TRACE 908 --- [           main] o.s.d.r.c.RepositoryComponentProvider    : Scanning file [c:\Users\MSI\Documents\CODINGS\NEW_BACKEND\zerohunger\target\classes\com\unimap\zerohunger\dto\SignUpRequest.class]
2023-03-01T14:42:26.411+08:00 TRACE 908 --- [           main] o.s.d.r.c.RepositoryComponentProvider    : Ignored because not matching any filter: file [c:\Users\MSI\Documents\CODINGS\NEW_BACKEND\zerohunger\target\classes\com\unimap\zerohunger\dto\SignUpRequest.class]
2023-03-01T14:42:26.411+08:00 TRACE 908 --- [           main] o.s.d.r.c.RepositoryComponentProvider    : Scanning file [c:\Users\MSI\Documents\CODINGS\NEW_BACKEND\zerohunger\target\classes\com\unimap\zerohunger\dto\SocialProvider.class]
2023-03-01T14:42:26.411+08:00 TRACE 908 --- [           main] o.s.d.r.c.RepositoryComponentProvider    : Ignored because not matching any filter: file [c:\Users\MSI\Documents\CODINGS\NEW_BACKEND\zerohunger\target\classes\com\unimap\zerohunger\dto\SocialProvider.class]
2023-03-01T14:42:26.411+08:00 TRACE 908 --- [           main] o.s.d.r.c.RepositoryComponentProvider    : Scanning file [c:\Users\MSI\Documents\CODINGS\NEW_BACKEND\zerohunger\target\classes\com\unimap\zerohunger\dto\UserInfo.class]
2023-03-01T14:42:26.411+08:00 TRACE 908 --- [           main] o.s.d.r.c.RepositoryComponentProvider    : Ignored because not matching any filter: file [c:\Users\MSI\Documents\CODINGS\NEW_BACKEND\zerohunger\target\classes\com\unimap\zerohunger\dto\UserInfo.class]
2023-03-01T14:42:26.411+08:00 TRACE 908 --- [           main] o.s.d.r.c.RepositoryComponentProvider    : Scanning file [c:\Users\MSI\Documents\CODINGS\NEW_BACKEND\zerohunger\target\classes\com\unimap\zerohunger\exception\BadRequestException.class]
2023-03-01T14:42:26.411+08:00 TRACE 908 --- [           main] o.s.d.r.c.RepositoryComponentProvider    : Ignored because not matching any filter: file [c:\Users\MSI\Documents\CODINGS\NEW_BACKEND\zerohunger\target\classes\com\unimap\zerohunger\exception\BadRequestException.class]
2023-03-01T14:42:26.411+08:00 TRACE 908 --- [           main] o.s.d.r.c.RepositoryComponentProvider    : Scanning file [c:\Users\MSI\Documents\CODINGS\NEW_BACKEND\zerohunger\target\classes\com\unimap\zerohunger\exception\handler\RestResponseEntityExceptionHandler.class]
2023-03-01T14:42:26.411+08:00 TRACE 908 --- [           main] o.s.d.r.c.RepositoryComponentProvider    : Ignored because not matching any filter: file [c:\Users\MSI\Documents\CODINGS\NEW_BACKEND\zerohunger\target\classes\com\unimap\zerohunger\exception\handler\RestResponseEntityExceptionHandler.class]
2023-03-01T14:42:26.411+08:00 TRACE 908 --- [           main] o.s.d.r.c.RepositoryComponentProvider    : Scanning file [c:\Users\MSI\Documents\CODINGS\NEW_BACKEND\zerohunger\target\classes\com\unimap\zerohunger\exception\OAuth2AuthenticationProcessingException.class]
2023-03-01T14:42:26.411+08:00 TRACE 908 --- [           main] o.s.d.r.c.RepositoryComponentProvider    : Ignored because not matching any filter: file [c:\Users\MSI\Documents\CODINGS\NEW_BACKEND\zerohunger\target\classes\com\unimap\zerohunger\exception\OAuth2AuthenticationProcessingException.class]
2023-03-01T14:42:26.411+08:00 TRACE 908 --- [           main] o.s.d.r.c.RepositoryComponentProvider    : Scanning file [c:\Users\MSI\Documents\CODINGS\NEW_BACKEND\zerohunger\target\classes\com\unimap\zerohunger\exception\ResourceNotFoundException.class]
2023-03-01T14:42:26.411+08:00 TRACE 908 --- [           main] o.s.d.r.c.RepositoryComponentProvider    : Ignored because not matching any filter: file [c:\Users\MSI\Documents\CODINGS\NEW_BACKEND\zerohunger\target\classes\com\unimap\zerohunger\exception\ResourceNotFoundException.class]
2023-03-01T14:42:26.411+08:00 TRACE 908 --- [           main] o.s.d.r.c.RepositoryComponentProvider    : Scanning file [c:\Users\MSI\Documents\CODINGS\NEW_BACKEND\zerohunger\target\classes\com\unimap\zerohunger\exception\UserAlreadyExistAuthenticationException.class]
2023-03-01T14:42:26.411+08:00 TRACE 908 --- [           main] o.s.d.r.c.RepositoryComponentProvider    : Ignored because not matching any filter: file [c:\Users\MSI\Documents\CODINGS\NEW_BACKEND\zerohunger\target\classes\com\unimap\zerohunger\exception\UserAlreadyExistAuthenticationException.class]
2023-03-01T14:42:26.411+08:00 TRACE 908 --- [           main] o.s.d.r.c.RepositoryComponentProvider    : Scanning file [c:\Users\MSI\Documents\CODINGS\NEW_BACKEND\zerohunger\target\classes\com\unimap\zerohunger\model\Entity.class]
2023-03-01T14:42:26.411+08:00 TRACE 908 --- [           main] o.s.d.r.c.RepositoryComponentProvider    : Ignored because not matching any filter: file [c:\Users\MSI\Documents\CODINGS\NEW_BACKEND\zerohunger\target\classes\com\unimap\zerohunger\model\Entity.class]
2023-03-01T14:42:26.411+08:00 TRACE 908 --- [           main] o.s.d.r.c.RepositoryComponentProvider    : Scanning file [c:\Users\MSI\Documents\CODINGS\NEW_BACKEND\zerohunger\target\classes\com\unimap\zerohunger\model\Role.class]
2023-03-01T14:42:26.412+08:00 TRACE 908 --- [           main] o.s.d.r.c.RepositoryComponentProvider    : Ignored because not matching any filter: file [c:\Users\MSI\Documents\CODINGS\NEW_BACKEND\zerohunger\target\classes\com\unimap\zerohunger\model\Role.class]
2023-03-01T14:42:26.412+08:00 TRACE 908 --- [           main] o.s.d.r.c.RepositoryComponentProvider    : Scanning file [c:\Users\MSI\Documents\CODINGS\NEW_BACKEND\zerohunger\target\classes\com\unimap\zerohunger\model\User.class]
2023-03-01T14:42:26.412+08:00 TRACE 908 --- [           main] o.s.d.r.c.RepositoryComponentProvider    : Ignored because not matching any filter: file [c:\Users\MSI\Documents\CODINGS\NEW_BACKEND\zerohunger\target\classes\com\unimap\zerohunger\model\User.class]
2023-03-01T14:42:26.412+08:00 TRACE 908 --- [           main] o.s.d.r.c.RepositoryComponentProvider    : Scanning file [c:\Users\MSI\Documents\CODINGS\NEW_BACKEND\zerohunger\target\classes\com\unimap\zerohunger\repo\RoleRepository.class]
2023-03-01T14:42:26.412+08:00 DEBUG 908 --- [           main] o.s.d.r.c.RepositoryComponentProvider    : Identified candidate component class: file [c:\Users\MSI\Documents\CODINGS\NEW_BACKEND\zerohunger\target\classes\com\unimap\zerohunger\repo\RoleRepository.class]
2023-03-01T14:42:26.412+08:00 TRACE 908 --- [           main] o.s.d.r.c.RepositoryComponentProvider    : Scanning file [c:\Users\MSI\Documents\CODINGS\NEW_BACKEND\zerohunger\target\classes\com\unimap\zerohunger\repo\UserRepository.class]
2023-03-01T14:42:26.412+08:00 DEBUG 908 --- [           main] o.s.d.r.c.RepositoryComponentProvider    : Identified candidate component class: file [c:\Users\MSI\Documents\CODINGS\NEW_BACKEND\zerohunger\target\classes\com\unimap\zerohunger\repo\UserRepository.class]
2023-03-01T14:42:26.412+08:00 TRACE 908 --- [           main] o.s.d.r.c.RepositoryComponentProvider    : Scanning file [c:\Users\MSI\Documents\CODINGS\NEW_BACKEND\zerohunger\target\classes\com\unimap\zerohunger\security\jwt\TokenAuthenticationFilter.class]
2023-03-01T14:42:26.412+08:00 TRACE 908 --- [           main] o.s.d.r.c.RepositoryComponentProvider    : Ignored because not matching any filter: file [c:\Users\MSI\Documents\CODINGS\NEW_BACKEND\zerohunger\target\classes\com\unimap\zerohunger\security\jwt\TokenAuthenticationFilter.class]
2023-03-01T14:42:26.412+08:00 TRACE 908 --- [           main] o.s.d.r.c.RepositoryComponentProvider    : Scanning file [c:\Users\MSI\Documents\CODINGS\NEW_BACKEND\zerohunger\target\classes\com\unimap\zerohunger\security\jwt\TokenProvider.class]
2023-03-01T14:42:26.412+08:00 TRACE 908 --- [           main] o.s.d.r.c.RepositoryComponentProvider    : Ignored because not matching any filter: file [c:\Users\MSI\Documents\CODINGS\NEW_BACKEND\zerohunger\target\classes\com\unimap\zerohunger\security\jwt\TokenProvider.class]
2023-03-01T14:42:26.412+08:00 TRACE 908 --- [           main] o.s.d.r.c.RepositoryComponentProvider    : Scanning file [c:\Users\MSI\Documents\CODINGS\NEW_BACKEND\zerohunger\target\classes\com\unimap\zerohunger\security\oauth2\AppUserInfo.class]
2023-03-01T14:42:26.412+08:00 TRACE 908 --- [           main] o.s.d.r.c.RepositoryComponentProvider    : Ignored because not matching any filter: file [c:\Users\MSI\Documents\CODINGS\NEW_BACKEND\zerohunger\target\classes\com\unimap\zerohunger\security\oauth2\AppUserInfo.class]
2023-03-01T14:42:26.412+08:00 TRACE 908 --- [           main] o.s.d.r.c.RepositoryComponentProvider    : Scanning file [c:\Users\MSI\Documents\CODINGS\NEW_BACKEND\zerohunger\target\classes\com\unimap\zerohunger\security\oauth2\CustomOAuth2UserService.class]
2023-03-01T14:42:26.412+08:00 TRACE 908 --- [           main] o.s.d.r.c.RepositoryComponentProvider    : Ignored because not matching any filter: file [c:\Users\MSI\Documents\CODINGS\NEW_BACKEND\zerohunger\target\classes\com\unimap\zerohunger\security\oauth2\CustomOAuth2UserService.class]
2023-03-01T14:42:26.412+08:00 TRACE 908 --- [           main] o.s.d.r.c.RepositoryComponentProvider    : Scanning file [c:\Users\MSI\Documents\CODINGS\NEW_BACKEND\zerohunger\target\classes\com\unimap\zerohunger\security\oauth2\CustomOidcUserService.class]
2023-03-01T14:42:26.412+08:00 TRACE 908 --- [           main] o.s.d.r.c.RepositoryComponentProvider    : Ignored because not matching any filter: file [c:\Users\MSI\Documents\CODINGS\NEW_BACKEND\zerohunger\target\classes\com\unimap\zerohunger\security\oauth2\CustomOidcUserService.class]
2023-03-01T14:42:26.412+08:00 TRACE 908 --- [           main] o.s.d.r.c.RepositoryComponentProvider    : Scanning file [c:\Users\MSI\Documents\CODINGS\NEW_BACKEND\zerohunger\target\classes\com\unimap\zerohunger\security\oauth2\HttpCookieOAuth2AuthorizationRequestRepository.class]
2023-03-01T14:42:26.412+08:00 TRACE 908 --- [           main] o.s.d.r.c.RepositoryComponentProvider    : Ignored because not matching any filter: file [c:\Users\MSI\Documents\CODINGS\NEW_BACKEND\zerohunger\target\classes\com\unimap\zerohunger\security\oauth2\HttpCookieOAuth2AuthorizationRequestRepository.class]
2023-03-01T14:42:26.412+08:00 TRACE 908 --- [           main] o.s.d.r.c.RepositoryComponentProvider    : Scanning file [c:\Users\MSI\Documents\CODINGS\NEW_BACKEND\zerohunger\target\classes\com\unimap\zerohunger\security\oauth2\OAuth2AccessTokenResponseConverterWithDefaults.class]
2023-03-01T14:42:26.412+08:00 TRACE 908 --- [           main] o.s.d.r.c.RepositoryComponentProvider    : Ignored because not matching any filter: file [c:\Users\MSI\Documents\CODINGS\NEW_BACKEND\zerohunger\target\classes\com\unimap\zerohunger\security\oauth2\OAuth2AccessTokenResponseConverterWithDefaults.class]
2023-03-01T14:42:26.412+08:00 TRACE 908 --- [           main] o.s.d.r.c.RepositoryComponentProvider    : Scanning file [c:\Users\MSI\Documents\CODINGS\NEW_BACKEND\zerohunger\target\classes\com\unimap\zerohunger\security\oauth2\OAuth2AuthenticationFailureHandler.class]
2023-03-01T14:42:26.412+08:00 TRACE 908 --- [           main] o.s.d.r.c.RepositoryComponentProvider    : Ignored because not matching any filter: file [c:\Users\MSI\Documents\CODINGS\NEW_BACKEND\zerohunger\target\classes\com\unimap\zerohunger\security\oauth2\OAuth2AuthenticationFailureHandler.class]
2023-03-01T14:42:26.412+08:00 TRACE 908 --- [           main] o.s.d.r.c.RepositoryComponentProvider    : Scanning file [c:\Users\MSI\Documents\CODINGS\NEW_BACKEND\zerohunger\target\classes\com\unimap\zerohunger\security\oauth2\OAuth2AuthenticationSuccessHandler.class]
2023-03-01T14:42:26.412+08:00 TRACE 908 --- [           main] o.s.d.r.c.RepositoryComponentProvider    : Ignored because not matching any filter: file [c:\Users\MSI\Documents\CODINGS\NEW_BACKEND\zerohunger\target\classes\com\unimap\zerohunger\security\oauth2\OAuth2AuthenticationSuccessHandler.class]
2023-03-01T14:42:26.412+08:00 TRACE 908 --- [           main] o.s.d.r.c.RepositoryComponentProvider    : Scanning file [c:\Users\MSI\Documents\CODINGS\NEW_BACKEND\zerohunger\target\classes\com\unimap\zerohunger\security\oauth2\OAuth2UserInfo.class]
2023-03-01T14:42:26.412+08:00 TRACE 908 --- [           main] o.s.d.r.c.RepositoryComponentProvider    : Ignored because not matching any filter: file [c:\Users\MSI\Documents\CODINGS\NEW_BACKEND\zerohunger\target\classes\com\unimap\zerohunger\security\oauth2\OAuth2UserInfo.class]
2023-03-01T14:42:26.412+08:00 TRACE 908 --- [           main] o.s.d.r.c.RepositoryComponentProvider    : Scanning file [c:\Users\MSI\Documents\CODINGS\NEW_BACKEND\zerohunger\target\classes\com\unimap\zerohunger\security\oauth2\user\GoogleOAuth2UserInfo.class]
2023-03-01T14:42:26.412+08:00 TRACE 908 --- [           main] o.s.d.r.c.RepositoryComponentProvider    : Ignored because not matching any filter: file [c:\Users\MSI\Documents\CODINGS\NEW_BACKEND\zerohunger\target\classes\com\unimap\zerohunger\security\oauth2\user\GoogleOAuth2UserInfo.class]
2023-03-01T14:42:26.412+08:00 TRACE 908 --- [           main] o.s.d.r.c.RepositoryComponentProvider    : Scanning file [c:\Users\MSI\Documents\CODINGS\NEW_BACKEND\zerohunger\target\classes\com\unimap\zerohunger\security\oauth2\user\OAuth2UserInfoFactory.class]
2023-03-01T14:42:26.412+08:00 TRACE 908 --- [           main] o.s.d.r.c.RepositoryComponentProvider    : Ignored because not matching any filter: file [c:\Users\MSI\Documents\CODINGS\NEW_BACKEND\zerohunger\target\classes\com\unimap\zerohunger\security\oauth2\user\OAuth2UserInfoFactory.class]
2023-03-01T14:42:26.412+08:00 TRACE 908 --- [           main] o.s.d.r.c.RepositoryComponentProvider    : Scanning file [c:\Users\MSI\Documents\CODINGS\NEW_BACKEND\zerohunger\target\classes\com\unimap\zerohunger\service\LocalUserDetailService.class]
2023-03-01T14:42:26.412+08:00 TRACE 908 --- [           main] o.s.d.r.c.RepositoryComponentProvider    : Ignored because not matching any filter: file [c:\Users\MSI\Documents\CODINGS\NEW_BACKEND\zerohunger\target\classes\com\unimap\zerohunger\service\LocalUserDetailService.class]
2023-03-01T14:42:26.412+08:00 TRACE 908 --- [           main] o.s.d.r.c.RepositoryComponentProvider    : Scanning file [c:\Users\MSI\Documents\CODINGS\NEW_BACKEND\zerohunger\target\classes\com\unimap\zerohunger\service\UserService.class]
2023-03-01T14:42:26.412+08:00 TRACE 908 --- [           main] o.s.d.r.c.RepositoryComponentProvider    : Ignored because not matching any filter: file [c:\Users\MSI\Documents\CODINGS\NEW_BACKEND\zerohunger\target\classes\com\unimap\zerohunger\service\UserService.class]
2023-03-01T14:42:26.413+08:00 TRACE 908 --- [           main] o.s.d.r.c.RepositoryComponentProvider    : Scanning file [c:\Users\MSI\Documents\CODINGS\NEW_BACKEND\zerohunger\target\classes\com\unimap\zerohunger\service\UserServiceImpl.class]
2023-03-01T14:42:26.413+08:00 TRACE 908 --- [           main] o.s.d.r.c.RepositoryComponentProvider    : Ignored because not matching any filter: file [c:\Users\MSI\Documents\CODINGS\NEW_BACKEND\zerohunger\target\classes\com\unimap\zerohunger\service\UserServiceImpl.class]
2023-03-01T14:42:26.413+08:00 TRACE 908 --- [           main] o.s.d.r.c.RepositoryComponentProvider    : Scanning file [c:\Users\MSI\Documents\CODINGS\NEW_BACKEND\zerohunger\target\classes\com\unimap\zerohunger\util\CookieUtils.class]
2023-03-01T14:42:26.413+08:00 TRACE 908 --- [           main] o.s.d.r.c.RepositoryComponentProvider    : Ignored because not matching any filter: file [c:\Users\MSI\Documents\CODINGS\NEW_BACKEND\zerohunger\target\classes\com\unimap\zerohunger\util\CookieUtils.class]
2023-03-01T14:42:26.413+08:00 TRACE 908 --- [           main] o.s.d.r.c.RepositoryComponentProvider    : Scanning file [c:\Users\MSI\Documents\CODINGS\NEW_BACKEND\zerohunger\target\classes\com\unimap\zerohunger\util\GeneralUtils.class]
2023-03-01T14:42:26.413+08:00 TRACE 908 --- [           main] o.s.d.r.c.RepositoryComponentProvider    : Ignored because not matching any filter: file [c:\Users\MSI\Documents\CODINGS\NEW_BACKEND\zerohunger\target\classes\com\unimap\zerohunger\util\GeneralUtils.class]
2023-03-01T14:42:26.413+08:00 TRACE 908 --- [           main] o.s.d.r.c.RepositoryComponentProvider    : Scanning file [c:\Users\MSI\Documents\CODINGS\NEW_BACKEND\zerohunger\target\classes\com\unimap\zerohunger\validator\PasswordMatches.class]
2023-03-01T14:42:26.413+08:00 TRACE 908 --- [           main] o.s.d.r.c.RepositoryComponentProvider    : Ignored because not matching any filter: file [c:\Users\MSI\Documents\CODINGS\NEW_BACKEND\zerohunger\target\classes\com\unimap\zerohunger\validator\PasswordMatches.class]
2023-03-01T14:42:26.413+08:00 TRACE 908 --- [           main] o.s.d.r.c.RepositoryComponentProvider    : Scanning file [c:\Users\MSI\Documents\CODINGS\NEW_BACKEND\zerohunger\target\classes\com\unimap\zerohunger\validator\PasswordMatchesValidator.class]
2023-03-01T14:42:26.413+08:00 TRACE 908 --- [           main] o.s.d.r.c.RepositoryComponentProvider    : Ignored because not matching any filter: file [c:\Users\MSI\Documents\CODINGS\NEW_BACKEND\zerohunger\target\classes\com\unimap\zerohunger\validator\PasswordMatchesValidator.class]
2023-03-01T14:42:26.414+08:00  INFO 908 --- [           main] .RepositoryConfigurationExtensionSupport : Spring Data R2DBC - Could not safely identify store assignment for repository candidate interface com.unimap.zerohunger.repo.RoleRepository; If you want this repository to be a R2DBC repository, consider annotating your entities with one of these annotations: org.springframework.data.relational.core.mapping.Table (preferred), or consider extending one of the following types with your repository: org.springframework.data.r2dbc.repository.R2dbcRepository
2023-03-01T14:42:26.415+08:00  INFO 908 --- [           main] .RepositoryConfigurationExtensionSupport : Spring Data R2DBC - Could not safely identify store assignment for repository candidate interface com.unimap.zerohunger.repo.UserRepository; If you want this repository to be a R2DBC repository, consider annotating your entities with one of these annotations: org.springframework.data.relational.core.mapping.Table (preferred), or consider extending one of the following types with your repository: org.springframework.data.r2dbc.repository.R2dbcRepository
2023-03-01T14:42:26.416+08:00  INFO 908 --- [           main] .s.d.r.c.RepositoryConfigurationDelegate : Finished Spring Data repository scanning in 11 ms. Found 0 R2DBC repository interfaces.
2023-03-01T14:42:26.416+08:00 TRACE 908 --- [           main] o.s.b.a.condition.OnClassCondition       : Condition OnClassCondition on org.springframework.boot.autoconfigure.http.HttpMessageConvertersAutoConfiguration matched due to @ConditionalOnClass found required class 'org.springframework.http.converter.HttpMessageConverter'
2023-03-01T14:42:26.416+08:00 TRACE 908 --- [           main] o.s.b.f.s.DefaultListableBeanFactory     : Returning cached instance of singleton bean 'autoConfigurationReport'
2023-03-01T14:42:26.416+08:00 TRACE 908 --- [           main] o.s.b.a.condition.OnClassCondition       : Condition OnClassCondition on org.springframework.boot.autoconfigure.http.HttpMessageConvertersAutoConfiguration$StringHttpMessageConverterConfiguration matched due to @ConditionalOnClass found required class 'org.springframework.http.converter.StringHttpMessageConverter'
2023-03-01T14:42:26.416+08:00 TRACE 908 --- [           main] o.s.b.f.s.DefaultListableBeanFactory     : Returning cached instance of singleton bean 'autoConfigurationReport'
2023-03-01T14:42:26.416+08:00 TRACE 908 --- [           main] a.ConfigurationClassBeanDefinitionReader : Registered bean definition for imported class 'org.springframework.boot.autoconfigure.http.HttpMessageConvertersAutoConfiguration$StringHttpMessageConverterConfiguration'
2023-03-01T14:42:26.417+08:00 TRACE 908 --- [           main] o.s.b.a.condition.OnBeanCondition        : Condition OnBeanCondition on org.springframework.boot.autoconfigure.http.HttpMessageConvertersAutoConfiguration$StringHttpMessageConverterConfiguration#stringHttpMessageConverter matched due to @ConditionalOnMissingBean (types: org.springframework.http.converter.StringHttpMessageConverter; SearchStrategy: all) did not find any beans
2023-03-01T14:42:26.417+08:00 TRACE 908 --- [           main] o.s.b.f.s.DefaultListableBeanFactory     : Returning cached instance of singleton bean 'autoConfigurationReport'
2023-03-01T14:42:26.418+08:00 TRACE 908 --- [           main] a.ConfigurationClassBeanDefinitionReader : Registering bean definition for @Bean method org.springframework.boot.autoconfigure.http.HttpMessageConvertersAutoConfiguration$StringHttpMessageConverterConfiguration.stringHttpMessageConverter()
2023-03-01T14:42:26.418+08:00 TRACE 908 --- [           main] o.s.b.a.condition.OnClassCondition       : Condition OnClassCondition on org.springframework.boot.autoconfigure.http.JacksonHttpMessageConvertersConfiguration$MappingJackson2HttpMessageConverterConfiguration matched due to @ConditionalOnClass found required class 'com.fasterxml.jackson.databind.ObjectMapper'
2023-03-01T14:42:26.418+08:00 TRACE 908 --- [           main] o.s.b.f.s.DefaultListableBeanFactory     : Returning cached instance of singleton bean 'autoConfigurationReport'
2023-03-01T14:42:26.418+08:00 TRACE 908 --- [           main] o.s.b.a.condition.OnPropertyCondition    : Condition OnPropertyCondition on org.springframework.boot.autoconfigure.http.JacksonHttpMessageConvertersConfiguration$MappingJackson2HttpMessageConverterConfiguration matched due to @ConditionalOnProperty (spring.mvc.converters.preferred-json-mapper=jackson) matched
2023-03-01T14:42:26.418+08:00 TRACE 908 --- [           main] o.s.b.f.s.DefaultListableBeanFactory     : Returning cached instance of singleton bean 'autoConfigurationReport'
2023-03-01T14:42:26.420+08:00 TRACE 908 --- [           main] o.s.b.a.condition.OnBeanCondition        : Condition OnBeanCondition on org.springframework.boot.autoconfigure.http.JacksonHttpMessageConvertersConfiguration$MappingJackson2HttpMessageConverterConfiguration matched due to @ConditionalOnBean (types: com.fasterxml.jackson.databind.ObjectMapper; SearchStrategy: all) found bean 'jacksonObjectMapper'
2023-03-01T14:42:26.420+08:00 TRACE 908 --- [           main] o.s.b.f.s.DefaultListableBeanFactory     : Returning cached instance of singleton bean 'autoConfigurationReport'
2023-03-01T14:42:26.420+08:00 TRACE 908 --- [           main] a.ConfigurationClassBeanDefinitionReader : Registered bean definition for imported class 'org.springframework.boot.autoconfigure.http.JacksonHttpMessageConvertersConfiguration$MappingJackson2HttpMessageConverterConfiguration'
2023-03-01T14:42:26.422+08:00 TRACE 908 --- [           main] o.s.b.a.condition.OnBeanCondition        : Condition OnBeanCondition on org.springframework.boot.autoconfigure.http.JacksonHttpMessageConvertersConfiguration$MappingJackson2HttpMessageConverterConfiguration#mappingJackson2HttpMessageConverter matched due to @ConditionalOnMissingBean (types: org.springframework.http.converter.json.MappingJackson2HttpMessageConverter ignored: org.springframework.hateoas.server.mvc.TypeConstrainedMappingJackson2HttpMessageConverter,org.springframework.data.rest.webmvc.alps.AlpsJsonHttpMessageConverter; SearchStrategy: all) did not find any beans
2023-03-01T14:42:26.422+08:00 TRACE 908 --- [           main] o.s.b.f.s.DefaultListableBeanFactory     : Returning cached instance of singleton bean 'autoConfigurationReport'
2023-03-01T14:42:26.422+08:00 TRACE 908 --- [           main] a.ConfigurationClassBeanDefinitionReader : Registering bean definition for @Bean method org.springframework.boot.autoconfigure.http.JacksonHttpMessageConvertersConfiguration$MappingJackson2HttpMessageConverterConfiguration.mappingJackson2HttpMessageConverter()
2023-03-01T14:42:26.422+08:00 TRACE 908 --- [           main] a.ConfigurationClassBeanDefinitionReader : Registered bean definition for imported class 'org.springframework.boot.autoconfigure.http.JacksonHttpMessageConvertersConfiguration'
2023-03-01T14:42:26.424+08:00 TRACE 908 --- [           main] a.ConfigurationClassBeanDefinitionReader : Registered bean definition for imported class 'org.springframework.boot.autoconfigure.http.HttpMessageConvertersAutoConfiguration'
2023-03-01T14:42:26.425+08:00 TRACE 908 --- [           main] o.s.b.a.condition.OnBeanCondition        : Condition OnBeanCondition on org.springframework.boot.autoconfigure.http.HttpMessageConvertersAutoConfiguration#messageConverters matched due to @ConditionalOnMissingBean (types: org.springframework.boot.autoconfigure.http.HttpMessageConverters; SearchStrategy: all) did not find any beans
2023-03-01T14:42:26.426+08:00 TRACE 908 --- [           main] o.s.b.f.s.DefaultListableBeanFactory     : Returning cached instance of singleton bean 'autoConfigurationReport'
2023-03-01T14:42:26.426+08:00 TRACE 908 --- [           main] a.ConfigurationClassBeanDefinitionReader : Registering bean definition for @Bean method org.springframework.boot.autoconfigure.http.HttpMessageConvertersAutoConfiguration.messageConverters()
2023-03-01T14:42:26.426+08:00 TRACE 908 --- [           main] o.s.b.a.condition.OnClassCondition       : Condition OnClassCondition on org.springframework.boot.autoconfigure.data.web.SpringDataWebAutoConfiguration matched due to @ConditionalOnClass found required classes 'org.springframework.data.web.PageableHandlerMethodArgumentResolver', 'org.springframework.web.servlet.config.annotation.WebMvcConfigurer'
2023-03-01T14:42:26.426+08:00 TRACE 908 --- [           main] o.s.b.f.s.DefaultListableBeanFactory     : Returning cached instance of singleton bean 'autoConfigurationReport'
2023-03-01T14:42:26.426+08:00 TRACE 908 --- [           main] o.s.b.a.c.OnWebApplicationCondition      : Condition OnWebApplicationCondition on org.springframework.boot.autoconfigure.data.web.SpringDataWebAutoConfiguration matched due to found 'session' scope
2023-03-01T14:42:26.426+08:00 TRACE 908 --- [           main] o.s.b.f.s.DefaultListableBeanFactory     : Returning cached instance of singleton bean 'autoConfigurationReport'
2023-03-01T14:42:26.427+08:00 TRACE 908 --- [           main] o.s.b.a.condition.OnBeanCondition        : Condition OnBeanCondition on org.springframework.boot.autoconfigure.data.web.SpringDataWebAutoConfiguration matched due to @ConditionalOnMissingBean (types: org.springframework.data.web.PageableHandlerMethodArgumentResolver; SearchStrategy: all) did not find any beans
2023-03-01T14:42:26.427+08:00 TRACE 908 --- [           main] o.s.b.f.s.DefaultListableBeanFactory     : Returning cached instance of singleton bean 'autoConfigurationReport'
2023-03-01T14:42:26.427+08:00 TRACE 908 --- [           main] a.ConfigurationClassBeanDefinitionReader : Registered bean definition for imported class 'org.springframework.data.web.config.ProjectingArgumentResolverRegistrar'
2023-03-01T14:42:26.427+08:00 TRACE 908 --- [           main] a.ConfigurationClassBeanDefinitionReader : Registering bean definition for @Bean method org.springframework.data.web.config.ProjectingArgumentResolverRegistrar.projectingArgumentResolverBeanPostProcessor()
2023-03-01T14:42:26.427+08:00 TRACE 908 --- [           main] a.ConfigurationClassBeanDefinitionReader : Registered bean definition for imported class 'org.springframework.data.web.config.SpringDataWebConfiguration'
2023-03-01T14:42:26.427+08:00 TRACE 908 --- [           main] a.ConfigurationClassBeanDefinitionReader : Registering bean definition for @Bean method org.springframework.data.web.config.SpringDataWebConfiguration.pageableResolver()
2023-03-01T14:42:26.428+08:00 TRACE 908 --- [           main] a.ConfigurationClassBeanDefinitionReader : Registering bean definition for @Bean method org.springframework.data.web.config.SpringDataWebConfiguration.sortResolver()
2023-03-01T14:42:26.428+08:00 TRACE 908 --- [           main] a.ConfigurationClassBeanDefinitionReader : Registered bean definition for imported class 'org.springframework.data.web.config.SpringDataJacksonConfiguration'
2023-03-01T14:42:26.428+08:00 TRACE 908 --- [           main] a.ConfigurationClassBeanDefinitionReader : Registering bean definition for @Bean method org.springframework.data.web.config.SpringDataJacksonConfiguration.jacksonGeoModule()
2023-03-01T14:42:26.429+08:00 TRACE 908 --- [           main] a.ConfigurationClassBeanDefinitionReader : Registered bean definition for imported class 'org.springframework.boot.autoconfigure.data.web.SpringDataWebAutoConfiguration'
2023-03-01T14:42:26.433+08:00 TRACE 908 --- [           main] o.s.b.a.condition.OnBeanCondition        : Condition OnBeanCondition on org.springframework.boot.autoconfigure.data.web.SpringDataWebAutoConfiguration#pageableCustomizer matched due to @ConditionalOnMissingBean (types: org.springframework.data.web.config.PageableHandlerMethodArgumentResolverCustomizer; SearchStrategy: all) did not find any beans
2023-03-01T14:42:26.433+08:00 TRACE 908 --- [           main] o.s.b.f.s.DefaultListableBeanFactory     : Returning cached instance of singleton bean 'autoConfigurationReport'
2023-03-01T14:42:26.433+08:00 TRACE 908 --- [           main] a.ConfigurationClassBeanDefinitionReader : Registering bean definition for @Bean method org.springframework.boot.autoconfigure.data.web.SpringDataWebAutoConfiguration.pageableCustomizer()
2023-03-01T14:42:26.434+08:00 TRACE 908 --- [           main] o.s.b.a.condition.OnBeanCondition        : Condition OnBeanCondition on org.springframework.boot.autoconfigure.data.web.SpringDataWebAutoConfiguration#sortCustomizer matched due to @ConditionalOnMissingBean (types: org.springframework.data.web.config.SortHandlerMethodArgumentResolverCustomizer; SearchStrategy: all) did not find any beans
2023-03-01T14:42:26.435+08:00 TRACE 908 --- [           main] o.s.b.f.s.DefaultListableBeanFactory     : Returning cached instance of singleton bean 'autoConfigurationReport'
2023-03-01T14:42:26.435+08:00 TRACE 908 --- [           main] a.ConfigurationClassBeanDefinitionReader : Registering bean definition for @Bean method org.springframework.boot.autoconfigure.data.web.SpringDataWebAutoConfiguration.sortCustomizer()
2023-03-01T14:42:26.437+08:00 TRACE 908 --- [           main] a.ConfigurationClassBeanDefinitionReader : Registered bean definition for imported class 'org.springframework.boot.autoconfigure.info.ProjectInfoAutoConfiguration'
2023-03-01T14:42:26.438+08:00 TRACE 908 --- [           main] figuration$GitResourceAvailableCondition : Condition ProjectInfoAutoConfiguration.GitResourceAvailableCondition on org.springframework.boot.autoconfigure.info.ProjectInfoAutoConfiguration#gitProperties did not match due to GitResource did not find git info at classpath:git.properties
2023-03-01T14:42:26.438+08:00 TRACE 908 --- [           main] o.s.b.f.s.DefaultListableBeanFactory     : Returning cached instance of singleton bean 'autoConfigurationReport'
2023-03-01T14:42:26.439+08:00 TRACE 908 --- [           main] ySourcesPropertyResolver$DefaultResolver : Searching for key 'spring.info.build.location:classpath:META-INF/build-info.properties' in PropertySource 'configurationProperties'
2023-03-01T14:42:26.439+08:00 TRACE 908 --- [           main] ySourcesPropertyResolver$DefaultResolver : Searching for key 'spring.info.build.location:classpath:META-INF/build-info.properties' in PropertySource 'test'
2023-03-01T14:42:26.439+08:00 TRACE 908 --- [           main] ySourcesPropertyResolver$DefaultResolver : Searching for key 'spring.info.build.location:classpath:META-INF/build-info.properties' in PropertySource 'Inlined Test Properties'
2023-03-01T14:42:26.439+08:00 TRACE 908 --- [           main] ySourcesPropertyResolver$DefaultResolver : Searching for key 'spring.info.build.location:classpath:META-INF/build-info.properties' in PropertySource 'servletConfigInitParams'
2023-03-01T14:42:26.439+08:00 TRACE 908 --- [           main] ySourcesPropertyResolver$DefaultResolver : Searching for key 'spring.info.build.location:classpath:META-INF/build-info.properties' in PropertySource 'servletContextInitParams'
2023-03-01T14:42:26.439+08:00 TRACE 908 --- [           main] ySourcesPropertyResolver$DefaultResolver : Searching for key 'spring.info.build.location:classpath:META-INF/build-info.properties' in PropertySource 'systemProperties'
2023-03-01T14:42:26.439+08:00 TRACE 908 --- [           main] ySourcesPropertyResolver$DefaultResolver : Searching for key 'spring.info.build.location:classpath:META-INF/build-info.properties' in PropertySource 'systemEnvironment'
2023-03-01T14:42:26.439+08:00 TRACE 908 --- [           main] ySourcesPropertyResolver$DefaultResolver : Searching for key 'spring.info.build.location:classpath:META-INF/build-info.properties' in PropertySource 'random'
2023-03-01T14:42:26.439+08:00 TRACE 908 --- [           main] ySourcesPropertyResolver$DefaultResolver : Searching for key 'spring.info.build.location:classpath:META-INF/build-info.properties' in PropertySource 'Config resource 'class path resource [application.properties]' via location 'optional:classpath:/''
2023-03-01T14:42:26.440+08:00 TRACE 908 --- [           main] ySourcesPropertyResolver$DefaultResolver : Could not find key 'spring.info.build.location:classpath:META-INF/build-info.properties' in any property source
2023-03-01T14:42:26.440+08:00 TRACE 908 --- [           main] o.s.util.PropertyPlaceholderHelper       : Resolved placeholder 'spring.info.build.location:classpath:META-INF/build-info.properties'
2023-03-01T14:42:26.441+08:00 TRACE 908 --- [           main] o.s.b.a.condition.OnResourceCondition    : Condition OnResourceCondition on org.springframework.boot.autoconfigure.info.ProjectInfoAutoConfiguration#buildProperties did not match due to @ConditionalOnResource did not find resource '${spring.info.build.location:classpath:META-INF/build-info.properties}'
2023-03-01T14:42:26.441+08:00 TRACE 908 --- [           main] o.s.b.f.s.DefaultListableBeanFactory     : Returning cached instance of singleton bean 'autoConfigurationReport'
2023-03-01T14:42:26.443+08:00 TRACE 908 --- [           main] o.s.b.a.condition.OnClassCondition       : Condition OnClassCondition on org.springframework.boot.autoconfigure.jdbc.JdbcTemplateAutoConfiguration matched due to @ConditionalOnClass found required classes 'javax.sql.DataSource', 'org.springframework.jdbc.core.JdbcTemplate'
2023-03-01T14:42:26.443+08:00 TRACE 908 --- [           main] o.s.b.f.s.DefaultListableBeanFactory     : Returning cached instance of singleton bean 'autoConfigurationReport'
2023-03-01T14:42:26.444+08:00 TRACE 908 --- [           main] o.s.b.a.condition.OnBeanCondition        : Condition OnBeanCondition on org.springframework.boot.autoconfigure.jdbc.JdbcTemplateAutoConfiguration did not match due to @ConditionalOnSingleCandidate (types: javax.sql.DataSource; SearchStrategy: all) did not find any beans
2023-03-01T14:42:26.445+08:00 TRACE 908 --- [           main] o.s.b.f.s.DefaultListableBeanFactory     : Returning cached instance of singleton bean 'autoConfigurationReport'
2023-03-01T14:42:26.445+08:00 TRACE 908 --- [           main] o.s.b.a.condition.OnClassCondition       : Condition OnClassCondition on org.springframework.boot.autoconfigure.liquibase.LiquibaseAutoConfiguration matched due to @ConditionalOnClass found required classes 'liquibase.integration.spring.SpringLiquibase', 'liquibase.change.DatabaseChange'
2023-03-01T14:42:26.445+08:00 TRACE 908 --- [           main] o.s.b.f.s.DefaultListableBeanFactory     : Returning cached instance of singleton bean 'autoConfigurationReport'
2023-03-01T14:42:26.445+08:00 TRACE 908 --- [           main] o.s.b.a.condition.OnPropertyCondition    : Condition OnPropertyCondition on org.springframework.boot.autoconfigure.liquibase.LiquibaseAutoConfiguration matched due to @ConditionalOnProperty (spring.liquibase.enabled) matched
2023-03-01T14:42:26.445+08:00 TRACE 908 --- [           main] o.s.b.f.s.DefaultListableBeanFactory     : Returning cached instance of singleton bean 'autoConfigurationReport'
2023-03-01T14:42:26.447+08:00 TRACE 908 --- [           main] nfiguration$LiquibaseDataSourceCondition : Condition LiquibaseAutoConfiguration.LiquibaseDataSourceCondition on org.springframework.boot.autoconfigure.liquibase.LiquibaseAutoConfiguration did not match due to AnyNestedCondition 0 matched 2 did not; NestedCondition on LiquibaseAutoConfiguration.LiquibaseDataSourceCondition.LiquibaseUrlCondition @ConditionalOnProperty (spring.liquibase.url) did not find property 'url'; NestedCondition on LiquibaseAutoConfiguration.LiquibaseDataSourceCondition.DataSourceBeanCondition @ConditionalOnBean (types: javax.sql.DataSource; SearchStrategy: all) did not find any beans of type javax.sql.DataSource
2023-03-01T14:42:26.447+08:00 TRACE 908 --- [           main] o.s.b.f.s.DefaultListableBeanFactory     : Returning cached instance of singleton bean 'autoConfigurationReport'
2023-03-01T14:42:26.448+08:00 TRACE 908 --- [           main] o.s.b.a.condition.OnClassCondition       : Condition OnClassCondition on org.springframework.boot.autoconfigure.netty.NettyAutoConfiguration matched due to @ConditionalOnClass found required class 'io.netty.util.NettyRuntime'
2023-03-01T14:42:26.448+08:00 TRACE 908 --- [           main] o.s.b.f.s.DefaultListableBeanFactory     : Returning cached instance of singleton bean 'autoConfigurationReport'
2023-03-01T14:42:26.448+08:00 TRACE 908 --- [           main] a.ConfigurationClassBeanDefinitionReader : Registered bean definition for imported class 'org.springframework.boot.autoconfigure.netty.NettyAutoConfiguration'
2023-03-01T14:42:26.450+08:00 TRACE 908 --- [           main] o.s.b.a.condition.OnClassCondition       : Condition OnClassCondition on org.springframework.boot.autoconfigure.security.oauth2.client.servlet.OAuth2ClientAutoConfiguration matched due to @ConditionalOnClass found required classes 'org.springframework.security.config.annotation.web.configuration.EnableWebSecurity', 'org.springframework.security.oauth2.client.registration.ClientRegistration'
2023-03-01T14:42:26.450+08:00 TRACE 908 --- [           main] o.s.b.f.s.DefaultListableBeanFactory     : Returning cached instance of singleton bean 'autoConfigurationReport'
2023-03-01T14:42:26.450+08:00 TRACE 908 --- [           main] o.s.b.a.c.OnWebApplicationCondition      : Condition OnWebApplicationCondition on org.springframework.boot.autoconfigure.security.oauth2.client.servlet.OAuth2ClientAutoConfiguration matched due to found 'session' scope
2023-03-01T14:42:26.450+08:00 TRACE 908 --- [           main] o.s.b.f.s.DefaultListableBeanFactory     : Returning cached instance of singleton bean 'autoConfigurationReport'
2023-03-01T14:42:26.454+08:00 TRACE 908 --- [           main] o.s.b.a.s.o.c.ClientsConfiguredCondition : Condition ClientsConfiguredCondition on org.springframework.boot.autoconfigure.security.oauth2.client.servlet.OAuth2ClientRegistrationRepositoryConfiguration matched due to OAuth2 Clients Configured Condition found registered clients 886196325840-29fa6bu5aka8m1nj6p80a9vn5p2uttb4.apps.googleusercontent.com
2023-03-01T14:42:26.454+08:00 TRACE 908 --- [           main] o.s.b.f.s.DefaultListableBeanFactory     : Returning cached instance of singleton bean 'autoConfigurationReport'
2023-03-01T14:42:26.455+08:00 TRACE 908 --- [           main] a.ConfigurationClassBeanDefinitionReader : Registered bean definition for imported class 'org.springframework.boot.autoconfigure.security.oauth2.client.servlet.OAuth2ClientRegistrationRepositoryConfiguration'
2023-03-01T14:42:26.457+08:00 TRACE 908 --- [           main] o.s.b.a.condition.OnBeanCondition        : Condition OnBeanCondition on org.springframework.boot.autoconfigure.security.oauth2.client.servlet.OAuth2ClientRegistrationRepositoryConfiguration#clientRegistrationRepository matched due to @ConditionalOnMissingBean (types: org.springframework.security.oauth2.client.registration.ClientRegistrationRepository; SearchStrategy: all) did not find any beans
2023-03-01T14:42:26.457+08:00 TRACE 908 --- [           main] o.s.b.f.s.DefaultListableBeanFactory     : Returning cached instance of singleton bean 'autoConfigurationReport'
2023-03-01T14:42:26.457+08:00 TRACE 908 --- [           main] a.ConfigurationClassBeanDefinitionReader : Registering bean definition for @Bean method org.springframework.boot.autoconfigure.security.oauth2.client.servlet.OAuth2ClientRegistrationRepositoryConfiguration.clientRegistrationRepository()
2023-03-01T14:42:26.459+08:00 TRACE 908 --- [           main] o.s.b.a.condition.OnBeanCondition        : Condition OnBeanCondition on org.springframework.boot.autoconfigure.security.oauth2.client.servlet.OAuth2WebSecurityConfiguration matched due to @ConditionalOnBean (types: org.springframework.security.oauth2.client.registration.ClientRegistrationRepository; SearchStrategy: all) found bean 'clientRegistrationRepository'
2023-03-01T14:42:26.459+08:00 TRACE 908 --- [           main] o.s.b.f.s.DefaultListableBeanFactory     : Returning cached instance of singleton bean 'autoConfigurationReport'
2023-03-01T14:42:26.462+08:00 TRACE 908 --- [           main] o.s.b.a.s.DefaultWebSecurityCondition    : Condition DefaultWebSecurityCondition on org.springframework.boot.autoconfigure.security.oauth2.client.servlet.OAuth2WebSecurityConfiguration$OAuth2SecurityFilterChainConfiguration matched due to AllNestedConditions 2 matched 0 did not; NestedCondition on DefaultWebSecurityCondition.Beans @ConditionalOnMissingBean (types: org.springframework.security.web.SecurityFilterChain; SearchStrategy: all) did not find any beans; NestedCondition on DefaultWebSecurityCondition.Classes @ConditionalOnClass found required classes 'org.springframework.security.web.SecurityFilterChain', 'org.springframework.security.config.annotation.web.builders.HttpSecurity'
2023-03-01T14:42:26.462+08:00 TRACE 908 --- [           main] o.s.b.f.s.DefaultListableBeanFactory     : Returning cached instance of singleton bean 'autoConfigurationReport'
2023-03-01T14:42:26.463+08:00 TRACE 908 --- [           main] a.ConfigurationClassBeanDefinitionReader : Registered bean definition for imported class 'org.springframework.boot.autoconfigure.security.oauth2.client.servlet.OAuth2WebSecurityConfiguration$OAuth2SecurityFilterChainConfiguration'
2023-03-01T14:42:26.463+08:00 TRACE 908 --- [           main] a.ConfigurationClassBeanDefinitionReader : Registering bean definition for @Bean method org.springframework.boot.autoconfigure.security.oauth2.client.servlet.OAuth2WebSecurityConfiguration$OAuth2SecurityFilterChainConfiguration.oauth2SecurityFilterChain()
2023-03-01T14:42:26.463+08:00 TRACE 908 --- [           main] a.ConfigurationClassBeanDefinitionReader : Registered bean definition for imported class 'org.springframework.boot.autoconfigure.security.oauth2.client.servlet.OAuth2WebSecurityConfiguration'
2023-03-01T14:42:26.476+08:00 TRACE 908 --- [           main] o.s.beans.TypeConverterDelegate          : Converting String to [class java.lang.Class] using property editor [org.springframework.beans.propertyeditors.ClassEditor@403c3a01]
2023-03-01T14:42:26.478+08:00 TRACE 908 --- [           main] o.s.beans.TypeConverterDelegate          : Converting String to [class java.lang.Class] using property editor [org.springframework.beans.propertyeditors.ClassEditor@1b5a1d85]
2023-03-01T14:42:26.479+08:00 TRACE 908 --- [           main] o.s.c.io.support.SpringFactoriesLoader   : Loaded [org.springframework.boot.SpringBootExceptionReporter] names: [org.springframework.boot.diagnostics.FailureAnalyzers]
2023-03-01T14:42:26.480+08:00 TRACE 908 --- [           main] o.s.c.io.support.SpringFactoriesLoader   : Loaded [org.springframework.boot.diagnostics.FailureAnalyzer] names: [org.springframework.boot.context.config.ConfigDataNotFoundFailureAnalyzer, org.springframework.boot.context.properties.IncompatibleConfigurationFailureAnalyzer, org.springframework.boot.context.properties.NotConstructorBoundInjectionFailureAnalyzer, org.springframework.boot.diagnostics.analyzer.BeanCurrentlyInCreationFailureAnalyzer, org.springframework.boot.diagnostics.analyzer.BeanDefinitionOverrideFailureAnalyzer, org.springframework.boot.diagnostics.analyzer.BeanNotOfRequiredTypeFailureAnalyzer, org.springframework.boot.diagnostics.analyzer.BindFailureAnalyzer, org.springframework.boot.diagnostics.analyzer.BindValidationFailureAnalyzer, org.springframework.boot.diagnostics.analyzer.UnboundConfigurationPropertyFailureAnalyzer, org.springframework.boot.diagnostics.analyzer.MutuallyExclusiveConfigurationPropertiesFailureAnalyzer, org.springframework.boot.diagnostics.analyzer.NoSuchMethodFailureAnalyzer, org.springframework.boot.diagnostics.analyzer.NoUniqueBeanDefinitionFailureAnalyzer, org.springframework.boot.diagnostics.analyzer.PortInUseFailureAnalyzer, org.springframework.boot.diagnostics.analyzer.ValidationExceptionFailureAnalyzer, org.springframework.boot.diagnostics.analyzer.InvalidConfigurationPropertyNameFailureAnalyzer, org.springframework.boot.diagnostics.analyzer.InvalidConfigurationPropertyValueFailureAnalyzer, org.springframework.boot.diagnostics.analyzer.PatternParseFailureAnalyzer, org.springframework.boot.liquibase.LiquibaseChangelogMissingFailureAnalyzer, org.springframework.boot.web.context.MissingWebServerFactoryBeanFailureAnalyzer, org.springframework.boot.web.embedded.tomcat.ConnectorStartFailureAnalyzer, org.springframework.boot.autoconfigure.data.redis.RedisUrlSyntaxFailureAnalyzer, org.springframework.boot.autoconfigure.diagnostics.analyzer.NoSuchBeanDefinitionFailureAnalyzer, org.springframework.boot.autoconfigure.flyway.FlywayMigrationScriptMissingFailureAnalyzer, org.springframework.boot.autoconfigure.jdbc.DataSourceBeanCreationFailureAnalyzer, org.springframework.boot.autoconfigure.jdbc.HikariDriverConfigurationFailureAnalyzer, org.springframework.boot.autoconfigure.jooq.NoDslContextBeanFailureAnalyzer, org.springframework.boot.autoconfigure.r2dbc.ConnectionFactoryBeanCreationFailureAnalyzer, org.springframework.boot.autoconfigure.r2dbc.MissingR2dbcPoolDependencyFailureAnalyzer, org.springframework.boot.autoconfigure.r2dbc.MultipleConnectionPoolConfigurationsFailureAnalyzer, org.springframework.boot.autoconfigure.r2dbc.NoConnectionFactoryBeanFailureAnalyzer]
2023-03-01T14:42:26.494+08:00 TRACE 908 --- [           main] o.s.b.f.s.DefaultListableBeanFactory     : Returning cached instance of singleton bean 'autoConfigurationReport'
2023-03-01T14:42:26.495+08:00 TRACE 908 --- [           main] o.s.boot.diagnostics.FailureAnalyzers    : Unable to instantiate factory class [org.springframework.boot.autoconfigure.flyway.FlywayMigrationScriptMissingFailureAnalyzer] for factory type [org.springframework.boot.diagnostics.FailureAnalyzer]

java.lang.ClassNotFoundException: org.springframework.boot.autoconfigure.flyway.FlywayMigrationScriptMissingFailureAnalyzer
	at java.base/jdk.internal.loader.BuiltinClassLoader.loadClass(BuiltinClassLoader.java:641) ~[na:na]
	at java.base/jdk.internal.loader.ClassLoaders$AppClassLoader.loadClass(ClassLoaders.java:188) ~[na:na]
	at java.base/java.lang.ClassLoader.loadClass(ClassLoader.java:520) ~[na:na]
	at java.base/java.lang.Class.forName0(Native Method) ~[na:na]
	at java.base/java.lang.Class.forName(Class.java:467) ~[na:na]
	at org.springframework.util.ClassUtils.forName(ClassUtils.java:283) ~[spring-core-6.0.5.jar:6.0.5]
	at org.springframework.core.io.support.SpringFactoriesLoader.instantiateFactory(SpringFactoriesLoader.java:224) ~[spring-core-6.0.5.jar:6.0.5]
	at org.springframework.core.io.support.SpringFactoriesLoader.load(SpringFactoriesLoader.java:206) ~[spring-core-6.0.5.jar:6.0.5]
	at org.springframework.boot.diagnostics.FailureAnalyzers.loadFailureAnalyzers(FailureAnalyzers.java:69) ~[spring-boot-3.0.3.jar:3.0.3]
	at org.springframework.boot.diagnostics.FailureAnalyzers.<init>(FailureAnalyzers.java:64) ~[spring-boot-3.0.3.jar:3.0.3]
	at org.springframework.boot.diagnostics.FailureAnalyzers.<init>(FailureAnalyzers.java:58) ~[spring-boot-3.0.3.jar:3.0.3]
	at java.base/jdk.internal.reflect.NativeConstructorAccessorImpl.newInstance0(Native Method) ~[na:na]
	at java.base/jdk.internal.reflect.NativeConstructorAccessorImpl.newInstance(NativeConstructorAccessorImpl.java:77) ~[na:na]
	at java.base/jdk.internal.reflect.DelegatingConstructorAccessorImpl.newInstance(DelegatingConstructorAccessorImpl.java:45) ~[na:na]
	at java.base/java.lang.reflect.Constructor.newInstanceWithCaller(Constructor.java:499) ~[na:na]
	at java.base/java.lang.reflect.Constructor.newInstance(Constructor.java:480) ~[na:na]
	at org.springframework.core.io.support.SpringFactoriesLoader$FactoryInstantiator.instantiate(SpringFactoriesLoader.java:381) ~[spring-core-6.0.5.jar:6.0.5]
	at org.springframework.core.io.support.SpringFactoriesLoader.instantiateFactory(SpringFactoriesLoader.java:228) ~[spring-core-6.0.5.jar:6.0.5]
	at org.springframework.core.io.support.SpringFactoriesLoader.load(SpringFactoriesLoader.java:206) ~[spring-core-6.0.5.jar:6.0.5]
	at org.springframework.core.io.support.SpringFactoriesLoader.load(SpringFactoriesLoader.java:160) ~[spring-core-6.0.5.jar:6.0.5]
	at org.springframework.boot.SpringApplication.getSpringFactoriesInstances(SpringApplication.java:461) ~[spring-boot-3.0.3.jar:3.0.3]
	at org.springframework.boot.SpringApplication.getExceptionReporters(SpringApplication.java:802) ~[spring-boot-3.0.3.jar:3.0.3]
	at org.springframework.boot.SpringApplication.handleRunFailure(SpringApplication.java:786) ~[spring-boot-3.0.3.jar:3.0.3]
	at org.springframework.boot.SpringApplication.run(SpringApplication.java:323) ~[spring-boot-3.0.3.jar:3.0.3]
	at org.springframework.boot.test.context.SpringBootContextLoader.lambda$loadContext$3(SpringBootContextLoader.java:137) ~[spring-boot-test-3.0.3.jar:3.0.3]
	at org.springframework.util.function.ThrowingSupplier.get(ThrowingSupplier.java:59) ~[spring-core-6.0.5.jar:6.0.5]
	at org.springframework.util.function.ThrowingSupplier.get(ThrowingSupplier.java:47) ~[spring-core-6.0.5.jar:6.0.5]
	at org.springframework.boot.SpringApplication.withHook(SpringApplication.java:1388) ~[spring-boot-3.0.3.jar:3.0.3]
	at org.springframework.boot.test.context.SpringBootContextLoader$ContextLoaderHook.run(SpringBootContextLoader.java:545) ~[spring-boot-test-3.0.3.jar:3.0.3]
	at org.springframework.boot.test.context.SpringBootContextLoader.loadContext(SpringBootContextLoader.java:137) ~[spring-boot-test-3.0.3.jar:3.0.3]
	at org.springframework.boot.test.context.SpringBootContextLoader.loadContext(SpringBootContextLoader.java:108) ~[spring-boot-test-3.0.3.jar:3.0.3]
	at org.springframework.test.context.cache.DefaultCacheAwareContextLoaderDelegate.loadContextInternal(DefaultCacheAwareContextLoaderDelegate.java:184) ~[spring-test-6.0.5.jar:6.0.5]
	at org.springframework.test.context.cache.DefaultCacheAwareContextLoaderDelegate.loadContext(DefaultCacheAwareContextLoaderDelegate.java:118) ~[spring-test-6.0.5.jar:6.0.5]
	at org.springframework.test.context.support.DefaultTestContext.getApplicationContext(DefaultTestContext.java:127) ~[spring-test-6.0.5.jar:6.0.5]
	at org.springframework.test.context.web.ServletTestExecutionListener.setUpRequestContextIfNecessary(ServletTestExecutionListener.java:191) ~[spring-test-6.0.5.jar:6.0.5]
	at org.springframework.test.context.web.ServletTestExecutionListener.prepareTestInstance(ServletTestExecutionListener.java:130) ~[spring-test-6.0.5.jar:6.0.5]
	at org.springframework.test.context.TestContextManager.prepareTestInstance(TestContextManager.java:241) ~[spring-test-6.0.5.jar:6.0.5]
	at org.springframework.test.context.junit.jupiter.SpringExtension.postProcessTestInstance(SpringExtension.java:138) ~[spring-test-6.0.5.jar:6.0.5]
	at org.junit.jupiter.engine.descriptor.ClassBasedTestDescriptor.lambda$invokeTestInstancePostProcessors$10(ClassBasedTestDescriptor.java:377) ~[junit-jupiter-engine-5.9.2.jar:5.9.2]
	at org.junit.jupiter.engine.descriptor.ClassBasedTestDescriptor.executeAndMaskThrowable(ClassBasedTestDescriptor.java:382) ~[junit-jupiter-engine-5.9.2.jar:5.9.2]
	at org.junit.jupiter.engine.descriptor.ClassBasedTestDescriptor.lambda$invokeTestInstancePostProcessors$11(ClassBasedTestDescriptor.java:377) ~[junit-jupiter-engine-5.9.2.jar:5.9.2]
	at java.base/java.util.stream.ReferencePipeline$3$1.accept(ReferencePipeline.java:197) ~[na:na]
	at java.base/java.util.stream.ReferencePipeline$2$1.accept(ReferencePipeline.java:179) ~[na:na]
	at java.base/java.util.ArrayList$ArrayListSpliterator.forEachRemaining(ArrayList.java:1625) ~[na:na]
	at java.base/java.util.stream.AbstractPipeline.copyInto(AbstractPipeline.java:509) ~[na:na]
	at java.base/java.util.stream.AbstractPipeline.wrapAndCopyInto(AbstractPipeline.java:499) ~[na:na]
	at java.base/java.util.stream.StreamSpliterators$WrappingSpliterator.forEachRemaining(StreamSpliterators.java:310) ~[na:na]
	at java.base/java.util.stream.Streams$ConcatSpliterator.forEachRemaining(Streams.java:735) ~[na:na]
	at java.base/java.util.stream.Streams$ConcatSpliterator.forEachRemaining(Streams.java:734) ~[na:na]
	at java.base/java.util.stream.ReferencePipeline$Head.forEach(ReferencePipeline.java:762) ~[na:na]
	at org.junit.jupiter.engine.descriptor.ClassBasedTestDescriptor.invokeTestInstancePostProcessors(ClassBasedTestDescriptor.java:376) ~[junit-jupiter-engine-5.9.2.jar:5.9.2]
	at org.junit.jupiter.engine.descriptor.ClassBasedTestDescriptor.lambda$instantiateAndPostProcessTestInstance$6(ClassBasedTestDescriptor.java:289) ~[junit-jupiter-engine-5.9.2.jar:5.9.2]
	at org.junit.platform.engine.support.hierarchical.ThrowableCollector.execute(ThrowableCollector.java:73) ~[junit-platform-engine-1.9.2.jar:1.9.2]
	at org.junit.jupiter.engine.descriptor.ClassBasedTestDescriptor.instantiateAndPostProcessTestInstance(ClassBasedTestDescriptor.java:288) ~[junit-jupiter-engine-5.9.2.jar:5.9.2]
	at org.junit.jupiter.engine.descriptor.ClassBasedTestDescriptor.lambda$testInstancesProvider$4(ClassBasedTestDescriptor.java:278) ~[junit-jupiter-engine-5.9.2.jar:5.9.2]
	at java.base/java.util.Optional.orElseGet(Optional.java:364) ~[na:na]
	at org.junit.jupiter.engine.descriptor.ClassBasedTestDescriptor.lambda$testInstancesProvider$5(ClassBasedTestDescriptor.java:277) ~[junit-jupiter-engine-5.9.2.jar:5.9.2]
	at org.junit.jupiter.engine.execution.TestInstancesProvider.getTestInstances(TestInstancesProvider.java:31) ~[junit-jupiter-engine-5.9.2.jar:5.9.2]
	at org.junit.jupiter.engine.descriptor.TestMethodTestDescriptor.lambda$prepare$0(TestMethodTestDescriptor.java:105) ~[junit-jupiter-engine-5.9.2.jar:5.9.2]
	at org.junit.platform.engine.support.hierarchical.ThrowableCollector.execute(ThrowableCollector.java:73) ~[junit-platform-engine-1.9.2.jar:1.9.2]
	at org.junit.jupiter.engine.descriptor.TestMethodTestDescriptor.prepare(TestMethodTestDescriptor.java:104) ~[junit-jupiter-engine-5.9.2.jar:5.9.2]
	at org.junit.jupiter.engine.descriptor.TestMethodTestDescriptor.prepare(TestMethodTestDescriptor.java:68) ~[junit-jupiter-engine-5.9.2.jar:5.9.2]
	at org.junit.platform.engine.support.hierarchical.NodeTestTask.lambda$prepare$2(NodeTestTask.java:123) ~[junit-platform-engine-1.9.2.jar:1.9.2]
	at org.junit.platform.engine.support.hierarchical.ThrowableCollector.execute(ThrowableCollector.java:73) ~[junit-platform-engine-1.9.2.jar:1.9.2]
	at org.junit.platform.engine.support.hierarchical.NodeTestTask.prepare(NodeTestTask.java:123) ~[junit-platform-engine-1.9.2.jar:1.9.2]
	at org.junit.platform.engine.support.hierarchical.NodeTestTask.execute(NodeTestTask.java:90) ~[junit-platform-engine-1.9.2.jar:1.9.2]
	at java.base/java.util.ArrayList.forEach(ArrayList.java:1511) ~[na:na]
	at org.junit.platform.engine.support.hierarchical.SameThreadHierarchicalTestExecutorService.invokeAll(SameThreadHierarchicalTestExecutorService.java:41) ~[junit-platform-engine-1.9.2.jar:1.9.2]
	at org.junit.platform.engine.support.hierarchical.NodeTestTask.lambda$executeRecursively$6(NodeTestTask.java:155) ~[junit-platform-engine-1.9.2.jar:1.9.2]
	at org.junit.platform.engine.support.hierarchical.ThrowableCollector.execute(ThrowableCollector.java:73) ~[junit-platform-engine-1.9.2.jar:1.9.2]
	at org.junit.platform.engine.support.hierarchical.NodeTestTask.lambda$executeRecursively$8(NodeTestTask.java:141) ~[junit-platform-engine-1.9.2.jar:1.9.2]
	at org.junit.platform.engine.support.hierarchical.Node.around(Node.java:137) ~[junit-platform-engine-1.9.2.jar:1.9.2]
	at org.junit.platform.engine.support.hierarchical.NodeTestTask.lambda$executeRecursively$9(NodeTestTask.java:139) ~[junit-platform-engine-1.9.2.jar:1.9.2]
	at org.junit.platform.engine.support.hierarchical.ThrowableCollector.execute(ThrowableCollector.java:73) ~[junit-platform-engine-1.9.2.jar:1.9.2]
	at org.junit.platform.engine.support.hierarchical.NodeTestTask.executeRecursively(NodeTestTask.java:138) ~[junit-platform-engine-1.9.2.jar:1.9.2]
	at org.junit.platform.engine.support.hierarchical.NodeTestTask.execute(NodeTestTask.java:95) ~[junit-platform-engine-1.9.2.jar:1.9.2]
	at java.base/java.util.ArrayList.forEach(ArrayList.java:1511) ~[na:na]
	at org.junit.platform.engine.support.hierarchical.SameThreadHierarchicalTestExecutorService.invokeAll(SameThreadHierarchicalTestExecutorService.java:41) ~[junit-platform-engine-1.9.2.jar:1.9.2]
	at org.junit.platform.engine.support.hierarchical.NodeTestTask.lambda$executeRecursively$6(NodeTestTask.java:155) ~[junit-platform-engine-1.9.2.jar:1.9.2]
	at org.junit.platform.engine.support.hierarchical.ThrowableCollector.execute(ThrowableCollector.java:73) ~[junit-platform-engine-1.9.2.jar:1.9.2]
	at org.junit.platform.engine.support.hierarchical.NodeTestTask.lambda$executeRecursively$8(NodeTestTask.java:141) ~[junit-platform-engine-1.9.2.jar:1.9.2]
	at org.junit.platform.engine.support.hierarchical.Node.around(Node.java:137) ~[junit-platform-engine-1.9.2.jar:1.9.2]
	at org.junit.platform.engine.support.hierarchical.NodeTestTask.lambda$executeRecursively$9(NodeTestTask.java:139) ~[junit-platform-engine-1.9.2.jar:1.9.2]
	at org.junit.platform.engine.support.hierarchical.ThrowableCollector.execute(ThrowableCollector.java:73) ~[junit-platform-engine-1.9.2.jar:1.9.2]
	at org.junit.platform.engine.support.hierarchical.NodeTestTask.executeRecursively(NodeTestTask.java:138) ~[junit-platform-engine-1.9.2.jar:1.9.2]
	at org.junit.platform.engine.support.hierarchical.NodeTestTask.execute(NodeTestTask.java:95) ~[junit-platform-engine-1.9.2.jar:1.9.2]
	at org.junit.platform.engine.support.hierarchical.SameThreadHierarchicalTestExecutorService.submit(SameThreadHierarchicalTestExecutorService.java:35) ~[junit-platform-engine-1.9.2.jar:1.9.2]
	at org.junit.platform.engine.support.hierarchical.HierarchicalTestExecutor.execute(HierarchicalTestExecutor.java:57) ~[junit-platform-engine-1.9.2.jar:1.9.2]
	at org.junit.platform.engine.support.hierarchical.HierarchicalTestEngine.execute(HierarchicalTestEngine.java:54) ~[junit-platform-engine-1.9.2.jar:1.9.2]
	at org.junit.platform.launcher.core.DefaultLauncher.execute(DefaultLauncher.java:220) ~[junit-platform-launcher-1.3.1.jar:1.3.1]
	at org.junit.platform.launcher.core.DefaultLauncher.lambda$execute$6(DefaultLauncher.java:188) ~[junit-platform-launcher-1.3.1.jar:1.3.1]
	at org.junit.platform.launcher.core.DefaultLauncher.withInterceptedStreams(DefaultLauncher.java:202) ~[junit-platform-launcher-1.3.1.jar:1.3.1]
	at org.junit.platform.launcher.core.DefaultLauncher.execute(DefaultLauncher.java:181) ~[junit-platform-launcher-1.3.1.jar:1.3.1]
	at org.junit.platform.launcher.core.DefaultLauncher.execute(DefaultLauncher.java:128) ~[junit-platform-launcher-1.3.1.jar:1.3.1]
	at org.apache.maven.surefire.junitplatform.JUnitPlatformProvider.invokeAllTests(JUnitPlatformProvider.java:150) ~[surefire-junit-platform-2.22.2.jar:2.22.2]
	at org.apache.maven.surefire.junitplatform.JUnitPlatformProvider.invoke(JUnitPlatformProvider.java:124) ~[surefire-junit-platform-2.22.2.jar:2.22.2]
	at org.apache.maven.surefire.booter.ForkedBooter.invokeProviderInSameClassLoader(ForkedBooter.java:384) ~[surefire-booter-2.22.2.jar:2.22.2]
	at org.apache.maven.surefire.booter.ForkedBooter.runSuitesInProcess(ForkedBooter.java:345) ~[surefire-booter-2.22.2.jar:2.22.2]
	at org.apache.maven.surefire.booter.ForkedBooter.execute(ForkedBooter.java:126) ~[surefire-booter-2.22.2.jar:2.22.2]
	at org.apache.maven.surefire.booter.ForkedBooter.main(ForkedBooter.java:418) ~[surefire-booter-2.22.2.jar:2.22.2]

2023-03-01T14:42:26.507+08:00 TRACE 908 --- [           main] o.s.c.io.support.SpringFactoriesLoader   : Loaded [org.springframework.boot.diagnostics.FailureAnalysisReporter] names: [org.springframework.boot.diagnostics.LoggingFailureAnalysisReporter]
2023-03-01T14:42:26.508+08:00 ERROR 908 --- [           main] o.s.boot.SpringApplication               : Application run failed

java.lang.IllegalStateException: Error processing condition on org.springframework.boot.autoconfigure.security.oauth2.client.servlet.OAuth2WebSecurityConfiguration.authorizedClientService
	at org.springframework.boot.autoconfigure.condition.SpringBootCondition.matches(SpringBootCondition.java:60) ~[spring-boot-autoconfigure-3.0.3.jar:3.0.3]
	at org.springframework.context.annotation.ConditionEvaluator.shouldSkip(ConditionEvaluator.java:108) ~[spring-context-6.0.5.jar:6.0.5]
	at org.springframework.context.annotation.ConfigurationClassBeanDefinitionReader.loadBeanDefinitionsForBeanMethod(ConfigurationClassBeanDefinitionReader.java:183) ~[spring-context-6.0.5.jar:6.0.5]
	at org.springframework.context.annotation.ConfigurationClassBeanDefinitionReader.loadBeanDefinitionsForConfigurationClass(ConfigurationClassBeanDefinitionReader.java:144) ~[spring-context-6.0.5.jar:6.0.5]
	at org.springframework.context.annotation.ConfigurationClassBeanDefinitionReader.loadBeanDefinitions(ConfigurationClassBeanDefinitionReader.java:120) ~[spring-context-6.0.5.jar:6.0.5]
	at org.springframework.context.annotation.ConfigurationClassPostProcessor.processConfigBeanDefinitions(ConfigurationClassPostProcessor.java:410) ~[spring-context-6.0.5.jar:6.0.5]
	at org.springframework.context.annotation.ConfigurationClassPostProcessor.postProcessBeanDefinitionRegistry(ConfigurationClassPostProcessor.java:283) ~[spring-context-6.0.5.jar:6.0.5]
	at org.springframework.context.support.PostProcessorRegistrationDelegate.invokeBeanDefinitionRegistryPostProcessors(PostProcessorRegistrationDelegate.java:344) ~[spring-context-6.0.5.jar:6.0.5]
	at org.springframework.context.support.PostProcessorRegistrationDelegate.invokeBeanFactoryPostProcessors(PostProcessorRegistrationDelegate.java:115) ~[spring-context-6.0.5.jar:6.0.5]
	at org.springframework.context.support.AbstractApplicationContext.invokeBeanFactoryPostProcessors(AbstractApplicationContext.java:747) ~[spring-context-6.0.5.jar:6.0.5]
	at org.springframework.context.support.AbstractApplicationContext.refresh(AbstractApplicationContext.java:565) ~[spring-context-6.0.5.jar:6.0.5]
	at org.springframework.boot.SpringApplication.refresh(SpringApplication.java:732) ~[spring-boot-3.0.3.jar:3.0.3]
	at org.springframework.boot.SpringApplication.refreshContext(SpringApplication.java:434) ~[spring-boot-3.0.3.jar:3.0.3]
	at org.springframework.boot.SpringApplication.run(SpringApplication.java:310) ~[spring-boot-3.0.3.jar:3.0.3]
	at org.springframework.boot.test.context.SpringBootContextLoader.lambda$loadContext$3(SpringBootContextLoader.java:137) ~[spring-boot-test-3.0.3.jar:3.0.3]
	at org.springframework.util.function.ThrowingSupplier.get(ThrowingSupplier.java:59) ~[spring-core-6.0.5.jar:6.0.5]
	at org.springframework.util.function.ThrowingSupplier.get(ThrowingSupplier.java:47) ~[spring-core-6.0.5.jar:6.0.5]
	at org.springframework.boot.SpringApplication.withHook(SpringApplication.java:1388) ~[spring-boot-3.0.3.jar:3.0.3]
	at org.springframework.boot.test.context.SpringBootContextLoader$ContextLoaderHook.run(SpringBootContextLoader.java:545) ~[spring-boot-test-3.0.3.jar:3.0.3]
	at org.springframework.boot.test.context.SpringBootContextLoader.loadContext(SpringBootContextLoader.java:137) ~[spring-boot-test-3.0.3.jar:3.0.3]
	at org.springframework.boot.test.context.SpringBootContextLoader.loadContext(SpringBootContextLoader.java:108) ~[spring-boot-test-3.0.3.jar:3.0.3]
	at org.springframework.test.context.cache.DefaultCacheAwareContextLoaderDelegate.loadContextInternal(DefaultCacheAwareContextLoaderDelegate.java:184) ~[spring-test-6.0.5.jar:6.0.5]
	at org.springframework.test.context.cache.DefaultCacheAwareContextLoaderDelegate.loadContext(DefaultCacheAwareContextLoaderDelegate.java:118) ~[spring-test-6.0.5.jar:6.0.5]
	at org.springframework.test.context.support.DefaultTestContext.getApplicationContext(DefaultTestContext.java:127) ~[spring-test-6.0.5.jar:6.0.5]
	at org.springframework.test.context.web.ServletTestExecutionListener.setUpRequestContextIfNecessary(ServletTestExecutionListener.java:191) ~[spring-test-6.0.5.jar:6.0.5]
	at org.springframework.test.context.web.ServletTestExecutionListener.prepareTestInstance(ServletTestExecutionListener.java:130) ~[spring-test-6.0.5.jar:6.0.5]
	at org.springframework.test.context.TestContextManager.prepareTestInstance(TestContextManager.java:241) ~[spring-test-6.0.5.jar:6.0.5]
	at org.springframework.test.context.junit.jupiter.SpringExtension.postProcessTestInstance(SpringExtension.java:138) ~[spring-test-6.0.5.jar:6.0.5]
	at org.junit.jupiter.engine.descriptor.ClassBasedTestDescriptor.lambda$invokeTestInstancePostProcessors$10(ClassBasedTestDescriptor.java:377) ~[junit-jupiter-engine-5.9.2.jar:5.9.2]
	at org.junit.jupiter.engine.descriptor.ClassBasedTestDescriptor.executeAndMaskThrowable(ClassBasedTestDescriptor.java:382) ~[junit-jupiter-engine-5.9.2.jar:5.9.2]
	at org.junit.jupiter.engine.descriptor.ClassBasedTestDescriptor.lambda$invokeTestInstancePostProcessors$11(ClassBasedTestDescriptor.java:377) ~[junit-jupiter-engine-5.9.2.jar:5.9.2]
	at java.base/java.util.stream.ReferencePipeline$3$1.accept(ReferencePipeline.java:197) ~[na:na]
	at java.base/java.util.stream.ReferencePipeline$2$1.accept(ReferencePipeline.java:179) ~[na:na]
	at java.base/java.util.ArrayList$ArrayListSpliterator.forEachRemaining(ArrayList.java:1625) ~[na:na]
	at java.base/java.util.stream.AbstractPipeline.copyInto(AbstractPipeline.java:509) ~[na:na]
	at java.base/java.util.stream.AbstractPipeline.wrapAndCopyInto(AbstractPipeline.java:499) ~[na:na]
	at java.base/java.util.stream.StreamSpliterators$WrappingSpliterator.forEachRemaining(StreamSpliterators.java:310) ~[na:na]
	at java.base/java.util.stream.Streams$ConcatSpliterator.forEachRemaining(Streams.java:735) ~[na:na]
	at java.base/java.util.stream.Streams$ConcatSpliterator.forEachRemaining(Streams.java:734) ~[na:na]
	at java.base/java.util.stream.ReferencePipeline$Head.forEach(ReferencePipeline.java:762) ~[na:na]
	at org.junit.jupiter.engine.descriptor.ClassBasedTestDescriptor.invokeTestInstancePostProcessors(ClassBasedTestDescriptor.java:376) ~[junit-jupiter-engine-5.9.2.jar:5.9.2]
	at org.junit.jupiter.engine.descriptor.ClassBasedTestDescriptor.lambda$instantiateAndPostProcessTestInstance$6(ClassBasedTestDescriptor.java:289) ~[junit-jupiter-engine-5.9.2.jar:5.9.2]
	at org.junit.platform.engine.support.hierarchical.ThrowableCollector.execute(ThrowableCollector.java:73) ~[junit-platform-engine-1.9.2.jar:1.9.2]
	at org.junit.jupiter.engine.descriptor.ClassBasedTestDescriptor.instantiateAndPostProcessTestInstance(ClassBasedTestDescriptor.java:288) ~[junit-jupiter-engine-5.9.2.jar:5.9.2]
	at org.junit.jupiter.engine.descriptor.ClassBasedTestDescriptor.lambda$testInstancesProvider$4(ClassBasedTestDescriptor.java:278) ~[junit-jupiter-engine-5.9.2.jar:5.9.2]
	at java.base/java.util.Optional.orElseGet(Optional.java:364) ~[na:na]
	at org.junit.jupiter.engine.descriptor.ClassBasedTestDescriptor.lambda$testInstancesProvider$5(ClassBasedTestDescriptor.java:277) ~[junit-jupiter-engine-5.9.2.jar:5.9.2]
	at org.junit.jupiter.engine.execution.TestInstancesProvider.getTestInstances(TestInstancesProvider.java:31) ~[junit-jupiter-engine-5.9.2.jar:5.9.2]
	at org.junit.jupiter.engine.descriptor.TestMethodTestDescriptor.lambda$prepare$0(TestMethodTestDescriptor.java:105) ~[junit-jupiter-engine-5.9.2.jar:5.9.2]
	at org.junit.platform.engine.support.hierarchical.ThrowableCollector.execute(ThrowableCollector.java:73) ~[junit-platform-engine-1.9.2.jar:1.9.2]
	at org.junit.jupiter.engine.descriptor.TestMethodTestDescriptor.prepare(TestMethodTestDescriptor.java:104) ~[junit-jupiter-engine-5.9.2.jar:5.9.2]
	at org.junit.jupiter.engine.descriptor.TestMethodTestDescriptor.prepare(TestMethodTestDescriptor.java:68) ~[junit-jupiter-engine-5.9.2.jar:5.9.2]
	at org.junit.platform.engine.support.hierarchical.NodeTestTask.lambda$prepare$2(NodeTestTask.java:123) ~[junit-platform-engine-1.9.2.jar:1.9.2]
	at org.junit.platform.engine.support.hierarchical.ThrowableCollector.execute(ThrowableCollector.java:73) ~[junit-platform-engine-1.9.2.jar:1.9.2]
	at org.junit.platform.engine.support.hierarchical.NodeTestTask.prepare(NodeTestTask.java:123) ~[junit-platform-engine-1.9.2.jar:1.9.2]
	at org.junit.platform.engine.support.hierarchical.NodeTestTask.execute(NodeTestTask.java:90) ~[junit-platform-engine-1.9.2.jar:1.9.2]
	at java.base/java.util.ArrayList.forEach(ArrayList.java:1511) ~[na:na]
	at org.junit.platform.engine.support.hierarchical.SameThreadHierarchicalTestExecutorService.invokeAll(SameThreadHierarchicalTestExecutorService.java:41) ~[junit-platform-engine-1.9.2.jar:1.9.2]
	at org.junit.platform.engine.support.hierarchical.NodeTestTask.lambda$executeRecursively$6(NodeTestTask.java:155) ~[junit-platform-engine-1.9.2.jar:1.9.2]
	at org.junit.platform.engine.support.hierarchical.ThrowableCollector.execute(ThrowableCollector.java:73) ~[junit-platform-engine-1.9.2.jar:1.9.2]
	at org.junit.platform.engine.support.hierarchical.NodeTestTask.lambda$executeRecursively$8(NodeTestTask.java:141) ~[junit-platform-engine-1.9.2.jar:1.9.2]
	at org.junit.platform.engine.support.hierarchical.Node.around(Node.java:137) ~[junit-platform-engine-1.9.2.jar:1.9.2]
	at org.junit.platform.engine.support.hierarchical.NodeTestTask.lambda$executeRecursively$9(NodeTestTask.java:139) ~[junit-platform-engine-1.9.2.jar:1.9.2]
	at org.junit.platform.engine.support.hierarchical.ThrowableCollector.execute(ThrowableCollector.java:73) ~[junit-platform-engine-1.9.2.jar:1.9.2]
	at org.junit.platform.engine.support.hierarchical.NodeTestTask.executeRecursively(NodeTestTask.java:138) ~[junit-platform-engine-1.9.2.jar:1.9.2]
	at org.junit.platform.engine.support.hierarchical.NodeTestTask.execute(NodeTestTask.java:95) ~[junit-platform-engine-1.9.2.jar:1.9.2]
	at java.base/java.util.ArrayList.forEach(ArrayList.java:1511) ~[na:na]
	at org.junit.platform.engine.support.hierarchical.SameThreadHierarchicalTestExecutorService.invokeAll(SameThreadHierarchicalTestExecutorService.java:41) ~[junit-platform-engine-1.9.2.jar:1.9.2]
	at org.junit.platform.engine.support.hierarchical.NodeTestTask.lambda$executeRecursively$6(NodeTestTask.java:155) ~[junit-platform-engine-1.9.2.jar:1.9.2]
	at org.junit.platform.engine.support.hierarchical.ThrowableCollector.execute(ThrowableCollector.java:73) ~[junit-platform-engine-1.9.2.jar:1.9.2]
	at org.junit.platform.engine.support.hierarchical.NodeTestTask.lambda$executeRecursively$8(NodeTestTask.java:141) ~[junit-platform-engine-1.9.2.jar:1.9.2]
	at org.junit.platform.engine.support.hierarchical.Node.around(Node.java:137) ~[junit-platform-engine-1.9.2.jar:1.9.2]
	at org.junit.platform.engine.support.hierarchical.NodeTestTask.lambda$executeRecursively$9(NodeTestTask.java:139) ~[junit-platform-engine-1.9.2.jar:1.9.2]
	at org.junit.platform.engine.support.hierarchical.ThrowableCollector.execute(ThrowableCollector.java:73) ~[junit-platform-engine-1.9.2.jar:1.9.2]
	at org.junit.platform.engine.support.hierarchical.NodeTestTask.executeRecursively(NodeTestTask.java:138) ~[junit-platform-engine-1.9.2.jar:1.9.2]
	at org.junit.platform.engine.support.hierarchical.NodeTestTask.execute(NodeTestTask.java:95) ~[junit-platform-engine-1.9.2.jar:1.9.2]
	at org.junit.platform.engine.support.hierarchical.SameThreadHierarchicalTestExecutorService.submit(SameThreadHierarchicalTestExecutorService.java:35) ~[junit-platform-engine-1.9.2.jar:1.9.2]
	at org.junit.platform.engine.support.hierarchical.HierarchicalTestExecutor.execute(HierarchicalTestExecutor.java:57) ~[junit-platform-engine-1.9.2.jar:1.9.2]
	at org.junit.platform.engine.support.hierarchical.HierarchicalTestEngine.execute(HierarchicalTestEngine.java:54) ~[junit-platform-engine-1.9.2.jar:1.9.2]
	at org.junit.platform.launcher.core.DefaultLauncher.execute(DefaultLauncher.java:220) ~[junit-platform-launcher-1.3.1.jar:1.3.1]
	at org.junit.platform.launcher.core.DefaultLauncher.lambda$execute$6(DefaultLauncher.java:188) ~[junit-platform-launcher-1.3.1.jar:1.3.1]
	at org.junit.platform.launcher.core.DefaultLauncher.withInterceptedStreams(DefaultLauncher.java:202) ~[junit-platform-launcher-1.3.1.jar:1.3.1]
	at org.junit.platform.launcher.core.DefaultLauncher.execute(DefaultLauncher.java:181) ~[junit-platform-launcher-1.3.1.jar:1.3.1]
	at org.junit.platform.launcher.core.DefaultLauncher.execute(DefaultLauncher.java:128) ~[junit-platform-launcher-1.3.1.jar:1.3.1]
	at org.apache.maven.surefire.junitplatform.JUnitPlatformProvider.invokeAllTests(JUnitPlatformProvider.java:150) ~[surefire-junit-platform-2.22.2.jar:2.22.2]
	at org.apache.maven.surefire.junitplatform.JUnitPlatformProvider.invoke(JUnitPlatformProvider.java:124) ~[surefire-junit-platform-2.22.2.jar:2.22.2]
	at org.apache.maven.surefire.booter.ForkedBooter.invokeProviderInSameClassLoader(ForkedBooter.java:384) ~[surefire-booter-2.22.2.jar:2.22.2]
	at org.apache.maven.surefire.booter.ForkedBooter.runSuitesInProcess(ForkedBooter.java:345) ~[surefire-booter-2.22.2.jar:2.22.2]
	at org.apache.maven.surefire.booter.ForkedBooter.execute(ForkedBooter.java:126) ~[surefire-booter-2.22.2.jar:2.22.2]
	at org.apache.maven.surefire.booter.ForkedBooter.main(ForkedBooter.java:418) ~[surefire-booter-2.22.2.jar:2.22.2]
Caused by: java.lang.IllegalStateException: Failed to introspect Class [org.springframework.boot.autoconfigure.security.oauth2.client.servlet.OAuth2WebSecurityConfiguration$OAuth2SecurityFilterChainConfiguration] from ClassLoader [jdk.internal.loader.ClassLoaders$AppClassLoader@70dea4e]
	at org.springframework.util.ReflectionUtils.getDeclaredMethods(ReflectionUtils.java:483) ~[spring-core-6.0.5.jar:6.0.5]
	at org.springframework.util.ReflectionUtils.doWithMethods(ReflectionUtils.java:360) ~[spring-core-6.0.5.jar:6.0.5]
	at org.springframework.util.ReflectionUtils.getUniqueDeclaredMethods(ReflectionUtils.java:417) ~[spring-core-6.0.5.jar:6.0.5]
	at org.springframework.beans.factory.support.AbstractAutowireCapableBeanFactory.lambda$getTypeForFactoryMethod$1(AbstractAutowireCapableBeanFactory.java:750) ~[spring-beans-6.0.5.jar:6.0.5]
	at java.base/java.util.concurrent.ConcurrentHashMap.computeIfAbsent(ConcurrentHashMap.java:1740) ~[na:na]
	at org.springframework.beans.factory.support.AbstractAutowireCapableBeanFactory.getTypeForFactoryMethod(AbstractAutowireCapableBeanFactory.java:749) ~[spring-beans-6.0.5.jar:6.0.5]
	at org.springframework.beans.factory.support.AbstractAutowireCapableBeanFactory.determineTargetType(AbstractAutowireCapableBeanFactory.java:682) ~[spring-beans-6.0.5.jar:6.0.5]
	at org.springframework.beans.factory.support.AbstractAutowireCapableBeanFactory.predictBeanType(AbstractAutowireCapableBeanFactory.java:653) ~[spring-beans-6.0.5.jar:6.0.5]
	at org.springframework.beans.factory.support.AbstractBeanFactory.isFactoryBean(AbstractBeanFactory.java:1632) ~[spring-beans-6.0.5.jar:6.0.5]
	at org.springframework.beans.factory.support.DefaultListableBeanFactory.doGetBeanNamesForType(DefaultListableBeanFactory.java:559) ~[spring-beans-6.0.5.jar:6.0.5]
	at org.springframework.beans.factory.support.DefaultListableBeanFactory.getBeanNamesForType(DefaultListableBeanFactory.java:531) ~[spring-beans-6.0.5.jar:6.0.5]
	at org.springframework.boot.autoconfigure.condition.OnBeanCondition.collectBeanNamesForType(OnBeanCondition.java:252) ~[spring-boot-autoconfigure-3.0.3.jar:3.0.3]
	at org.springframework.boot.autoconfigure.condition.OnBeanCondition.getBeanNamesForType(OnBeanCondition.java:245) ~[spring-boot-autoconfigure-3.0.3.jar:3.0.3]
	at org.springframework.boot.autoconfigure.condition.OnBeanCondition.getBeanNamesForType(OnBeanCondition.java:235) ~[spring-boot-autoconfigure-3.0.3.jar:3.0.3]
	at org.springframework.boot.autoconfigure.condition.OnBeanCondition.getMatchingBeans(OnBeanCondition.java:183) ~[spring-boot-autoconfigure-3.0.3.jar:3.0.3]
	at org.springframework.boot.autoconfigure.condition.OnBeanCondition.getMatchOutcome(OnBeanCondition.java:158) ~[spring-boot-autoconfigure-3.0.3.jar:3.0.3]
	at org.springframework.boot.autoconfigure.condition.SpringBootCondition.matches(SpringBootCondition.java:47) ~[spring-boot-autoconfigure-3.0.3.jar:3.0.3]
	... 89 common frames omitted
Caused by: java.lang.NoClassDefFoundError: org/springframework/security/config/annotation/web/configurers/AuthorizeHttpRequestsConfigurer$AuthorizationManagerRequestMatcherRegistry
	at java.base/java.lang.Class.getDeclaredMethods0(Native Method) ~[na:na]
	at java.base/java.lang.Class.privateGetDeclaredMethods(Class.java:3402) ~[na:na]
	at java.base/java.lang.Class.getDeclaredMethods(Class.java:2504) ~[na:na]
	at org.springframework.util.ReflectionUtils.getDeclaredMethods(ReflectionUtils.java:465) ~[spring-core-6.0.5.jar:6.0.5]
	... 105 common frames omitted
Caused by: java.lang.ClassNotFoundException: org.springframework.security.config.annotation.web.configurers.AuthorizeHttpRequestsConfigurer$AuthorizationManagerRequestMatcherRegistry
	at java.base/jdk.internal.loader.BuiltinClassLoader.loadClass(BuiltinClassLoader.java:641) ~[na:na]
	at java.base/jdk.internal.loader.ClassLoaders$AppClassLoader.loadClass(ClassLoaders.java:188) ~[na:na]
	at java.base/java.lang.ClassLoader.loadClass(ClassLoader.java:520) ~[na:na]
	... 109 common frames omitted

2023-03-01T14:42:26.511+08:00 DEBUG 908 --- [           main] o.s.w.c.s.GenericWebApplicationContext   : Closing org.springframework.web.context.support.GenericWebApplicationContext@1b5bc39d, started on Wed Mar 01 14:42:24 SGT 2023
2023-03-01T14:42:26.512+08:00 TRACE 908 --- [           main] o.s.b.f.s.DefaultListableBeanFactory     : Destroying singletons in org.springframework.beans.factory.support.DefaultListableBeanFactory@91c4a3f: defining beans [org.springframework.boot.test.mock.mockito.MockitoPostProcessor$SpyPostProcessor,org.springframework.boot.test.mock.mockito.MockitoPostProcessor,org.springframework.context.annotation.internalConfigurationAnnotationProcessor,org.springframework.context.annotation.internalAutowiredAnnotationProcessor,org.springframework.context.annotation.internalCommonAnnotationProcessor,org.springframework.context.annotation.internalPersistenceAnnotationProcessor,org.springframework.context.event.internalEventListenerProcessor,org.springframework.context.event.internalEventListenerFactory,zerohungerApplication,org.springframework.boot.autoconfigure.internalCachingMetadataReaderFactory,appProperties,setupDataLoader,webConfig,webSecurityConfig,authController,userController,restResponseEntityExceptionHandler,tokenProvider,customOAuth2UserService,customOidcUserService,httpCookieOAuth2AuthorizationRequestRepository,OAuth2AuthenticationFailureHandler,OAuth2AuthenticationSuccessHandler,localUserDetailService,userServiceImpl,messageSource,localeResolver,org.springframework.security.config.annotation.configuration.ObjectPostProcessorConfiguration,objectPostProcessor,org.springframework.security.config.annotation.authentication.configuration.AuthenticationConfiguration,authenticationManagerBuilder,enableGlobalAuthenticationAutowiredConfigurer,initializeUserDetailsBeanManagerConfigurer,initializeAuthenticationProviderBeanManagerConfigurer,org.springframework.security.config.annotation.web.configuration.WebSecurityConfiguration,delegatingApplicationListener,webSecurityExpressionHandler,springSecurityFilterChain,privilegeEvaluator,autowiredWebSecurityConfigurersIgnoreParents,org.springframework.security.config.annotation.web.configuration.WebMvcSecurityConfiguration,requestDataValueProcessor,org.springframework.security.config.annotation.web.configuration.OAuth2ClientConfiguration$OAuth2ClientWebMvcSecurityConfiguration,org.springframework.security.config.annotation.web.configuration.OAuth2ClientConfiguration,org.springframework.security.config.annotation.method.configuration.GlobalMethodSecurityConfiguration,methodSecurityInterceptor,methodSecurityMetadataSource,preInvocationAuthorizationAdvice,org.springframework.security.config.annotation.method.configuration.Jsr250MetadataSourceConfiguration,jsr250MethodSecurityMetadataSource,cookieAuthorizationRequestRepository,passwordEncoder,org.springframework.security.authenticationManager,authorizationCodeTokenResponseClient,metaDataSourceAdvisor,org.springframework.aop.config.internalAutoProxyCreator,org.springframework.transaction.annotation.ProxyTransactionManagementConfiguration,org.springframework.transaction.config.internalTransactionAdvisor,transactionAttributeSource,transactionInterceptor,org.springframework.transaction.config.internalTransactionalEventListenerFactory,org.springframework.boot.autoconfigure.AutoConfigurationPackages,org.springframework.data.jpa.repository.config.JpaRepositoryConfigExtension#0,jpaSharedEM_entityManagerFactory,emBeanDefinitionRegistrarPostProcessor,jpaMappingContext,jpaContext,org.springframework.data.jpa.util.JpaMetamodelCacheCleanup,org.springframework.data.jpa.repository.support.JpaEvaluationContextExtension,jpa.named-queries#0,jpa.UserRepository.fragments#0,userRepository,jpa.named-queries#1,jpa.RoleRepository.fragments#0,roleRepository,data-jpa.repository-aot-processor#0,org.springframework.boot.autoconfigure.context.PropertyPlaceholderAutoConfiguration,propertySourcesPlaceholderConfigurer,org.springframework.boot.autoconfigure.websocket.servlet.WebSocketServletAutoConfiguration$TomcatWebSocketConfiguration,websocketServletWebServerCustomizer,org.springframework.boot.autoconfigure.websocket.servlet.WebSocketServletAutoConfiguration,org.springframework.boot.autoconfigure.web.servlet.ServletWebServerFactoryConfiguration$EmbeddedTomcat,tomcatServletWebServerFactory,org.springframework.boot.autoconfigure.web.servlet.ServletWebServerFactoryAutoConfiguration,servletWebServerFactoryCustomizer,tomcatServletWebServerFactoryCustomizer,org.springframework.boot.context.properties.ConfigurationPropertiesBindingPostProcessor,org.springframework.boot.context.internalConfigurationPropertiesBinder,org.springframework.boot.context.properties.BoundConfigurationProperties,org.springframework.boot.context.properties.EnableConfigurationPropertiesRegistrar.methodValidationExcludeFilter,server-org.springframework.boot.autoconfigure.web.ServerProperties,webServerFactoryCustomizerBeanPostProcessor,errorPageRegistrarBeanPostProcessor,org.springframework.boot.autoconfigure.web.servlet.DispatcherServletAutoConfiguration$DispatcherServletConfiguration,dispatcherServlet,spring.mvc-org.springframework.boot.autoconfigure.web.servlet.WebMvcProperties,org.springframework.boot.autoconfigure.web.servlet.DispatcherServletAutoConfiguration$DispatcherServletRegistrationConfiguration,dispatcherServletRegistration,org.springframework.boot.autoconfigure.web.servlet.DispatcherServletAutoConfiguration,org.springframework.boot.autoconfigure.task.TaskExecutionAutoConfiguration,taskExecutorBuilder,applicationTaskExecutor,spring.task.execution-org.springframework.boot.autoconfigure.task.TaskExecutionProperties,org.springframework.boot.autoconfigure.validation.ValidationAutoConfiguration,defaultValidator,methodValidationPostProcessor,org.springframework.boot.autoconfigure.web.servlet.error.ErrorMvcAutoConfiguration$WhitelabelErrorViewConfiguration,error,beanNameViewResolver,org.springframework.boot.autoconfigure.web.servlet.error.ErrorMvcAutoConfiguration$DefaultErrorViewResolverConfiguration,conventionErrorViewResolver,spring.web-org.springframework.boot.autoconfigure.web.WebProperties,org.springframework.boot.autoconfigure.web.servlet.error.ErrorMvcAutoConfiguration,errorAttributes,basicErrorController,errorPageCustomizer,preserveErrorControllerTargetClassPostProcessor,org.springframework.boot.autoconfigure.web.servlet.WebMvcAutoConfiguration$EnableWebMvcConfiguration,requestMappingHandlerAdapter,welcomePageHandlerMapping,themeResolver,flashMapManager,mvcConversionService,mvcValidator,mvcContentNegotiationManager,requestMappingHandlerMapping,mvcPatternParser,mvcUrlPathHelper,mvcPathMatcher,viewControllerHandlerMapping,beanNameHandlerMapping,routerFunctionMapping,resourceHandlerMapping,mvcResourceUrlProvider,defaultServletHandlerMapping,handlerFunctionAdapter,mvcUriComponentsContributor,httpRequestHandlerAdapter,simpleControllerHandlerAdapter,handlerExceptionResolver,mvcViewResolver,mvcHandlerMappingIntrospector,viewNameTranslator,org.springframework.boot.autoconfigure.web.servlet.WebMvcAutoConfiguration$WebMvcAutoConfigurationAdapter,defaultViewResolver,viewResolver,requestContextFilter,org.springframework.boot.autoconfigure.web.servlet.WebMvcAutoConfiguration,formContentFilter,org.springframework.boot.autoconfigure.aop.AopAutoConfiguration$AspectJAutoProxyingConfiguration$CglibAutoProxyConfiguration,org.springframework.boot.autoconfigure.aop.AopAutoConfiguration$AspectJAutoProxyingConfiguration,org.springframework.boot.autoconfigure.aop.AopAutoConfiguration,org.springframework.boot.autoconfigure.availability.ApplicationAvailabilityAutoConfiguration,applicationAvailability,org.springframework.boot.autoconfigure.jackson.JacksonAutoConfiguration$Jackson2ObjectMapperBuilderCustomizerConfiguration,standardJacksonObjectMapperBuilderCustomizer,spring.jackson-org.springframework.boot.autoconfigure.jackson.JacksonProperties,org.springframework.boot.autoconfigure.jackson.JacksonAutoConfiguration$JacksonObjectMapperBuilderConfiguration,jacksonObjectMapperBuilder,org.springframework.boot.autoconfigure.jackson.JacksonAutoConfiguration$ParameterNamesModuleConfiguration,parameterNamesModule,org.springframework.boot.autoconfigure.jackson.JacksonAutoConfiguration$JacksonObjectMapperConfiguration,jacksonObjectMapper,org.springframework.boot.autoconfigure.jackson.JacksonAutoConfiguration$JacksonMixinConfiguration,jsonMixinModuleEntries,jsonMixinModule,org.springframework.boot.autoconfigure.jackson.JacksonAutoConfiguration,jsonComponentModule,org.springframework.boot.autoconfigure.r2dbc.ConnectionFactoryConfigurations$PoolConfiguration$PooledConnectionFactoryConfiguration,connectionFactory,org.springframework.boot.autoconfigure.r2dbc.ConnectionFactoryConfigurations$PoolConfiguration,org.springframework.boot.autoconfigure.r2dbc.ConnectionFactoryDependentConfiguration,r2dbcDatabaseClient,org.springframework.boot.autoconfigure.r2dbc.R2dbcAutoConfiguration,spring.r2dbc-org.springframework.boot.autoconfigure.r2dbc.R2dbcProperties,org.springframework.boot.autoconfigure.transaction.jta.JtaAutoConfiguration,org.springframework.boot.autoconfigure.orm.jpa.HibernateJpaAutoConfiguration,spring.jpa-org.springframework.boot.autoconfigure.orm.jpa.JpaProperties,org.springframework.boot.autoconfigure.context.ConfigurationPropertiesAutoConfiguration,org.springframework.boot.autoconfigure.context.LifecycleAutoConfiguration,lifecycleProcessor,spring.lifecycle-org.springframework.boot.autoconfigure.context.LifecycleProperties,org.springframework.boot.autoconfigure.dao.PersistenceExceptionTranslationAutoConfiguration,persistenceExceptionTranslationPostProcessor,org.springframework.boot.autoconfigure.data.r2dbc.R2dbcDataAutoConfiguration,r2dbcEntityTemplate,r2dbcManagedTypes,r2dbcMappingContext,r2dbcConverter,r2dbcCustomConversions,org.springframework.boot.autoconfigure.data.r2dbc.R2dbcRepositoriesAutoConfiguration,data-r2dbc.repository-aot-processor#0,org.springframework.boot.autoconfigure.http.HttpMessageConvertersAutoConfiguration$StringHttpMessageConverterConfiguration,stringHttpMessageConverter,org.springframework.boot.autoconfigure.http.JacksonHttpMessageConvertersConfiguration$MappingJackson2HttpMessageConverterConfiguration,mappingJackson2HttpMessageConverter,org.springframework.boot.autoconfigure.http.JacksonHttpMessageConvertersConfiguration,org.springframework.boot.autoconfigure.http.HttpMessageConvertersAutoConfiguration,messageConverters,org.springframework.data.web.config.ProjectingArgumentResolverRegistrar,projectingArgumentResolverBeanPostProcessor,org.springframework.data.web.config.SpringDataWebConfiguration,pageableResolver,sortResolver,org.springframework.data.web.config.SpringDataJacksonConfiguration,jacksonGeoModule,org.springframework.boot.autoconfigure.data.web.SpringDataWebAutoConfiguration,pageableCustomizer,sortCustomizer,spring.data.web-org.springframework.boot.autoconfigure.data.web.SpringDataWebProperties,org.springframework.boot.autoconfigure.info.ProjectInfoAutoConfiguration,spring.info-org.springframework.boot.autoconfigure.info.ProjectInfoProperties,org.springframework.boot.autoconfigure.netty.NettyAutoConfiguration,spring.netty-org.springframework.boot.autoconfigure.netty.NettyProperties,org.springframework.boot.autoconfigure.security.oauth2.client.servlet.OAuth2ClientRegistrationRepositoryConfiguration,clientRegistrationRepository,spring.security.oauth2.client-org.springframework.boot.autoconfigure.security.oauth2.client.OAuth2ClientProperties,org.springframework.boot.autoconfigure.security.oauth2.client.servlet.OAuth2WebSecurityConfiguration$OAuth2SecurityFilterChainConfiguration,oauth2SecurityFilterChain,org.springframework.boot.autoconfigure.security.oauth2.client.servlet.OAuth2WebSecurityConfiguration]; root of factory hierarchy
2023-03-01T14:42:26.512+08:00 TRACE 908 --- [           main] o.s.b.f.s.DefaultListableBeanFactory     : Retrieved dependent beans for bean 'org.springframework.boot.autoconfigure.internalCachingMetadataReaderFactory': [org.springframework.context.annotation.internalConfigurationAnnotationProcessor]
2023-03-01T14:42:26.514+08:00  WARN 908 --- [           main] o.s.boot.SpringApplication               : Unable to close ApplicationContext

java.lang.IllegalStateException: Failed to introspect Class [org.springframework.boot.autoconfigure.security.oauth2.client.servlet.OAuth2WebSecurityConfiguration$OAuth2SecurityFilterChainConfiguration] from ClassLoader [jdk.internal.loader.ClassLoaders$AppClassLoader@70dea4e]
	at org.springframework.util.ReflectionUtils.getDeclaredMethods(ReflectionUtils.java:483) ~[spring-core-6.0.5.jar:6.0.5]
	at org.springframework.util.ReflectionUtils.doWithMethods(ReflectionUtils.java:360) ~[spring-core-6.0.5.jar:6.0.5]
	at org.springframework.util.ReflectionUtils.getUniqueDeclaredMethods(ReflectionUtils.java:417) ~[spring-core-6.0.5.jar:6.0.5]
	at org.springframework.beans.factory.support.AbstractAutowireCapableBeanFactory.lambda$getTypeForFactoryMethod$1(AbstractAutowireCapableBeanFactory.java:750) ~[spring-beans-6.0.5.jar:6.0.5]
	at java.base/java.util.concurrent.ConcurrentHashMap.computeIfAbsent(ConcurrentHashMap.java:1740) ~[na:na]
	at org.springframework.beans.factory.support.AbstractAutowireCapableBeanFactory.getTypeForFactoryMethod(AbstractAutowireCapableBeanFactory.java:749) ~[spring-beans-6.0.5.jar:6.0.5]
	at org.springframework.beans.factory.support.AbstractAutowireCapableBeanFactory.determineTargetType(AbstractAutowireCapableBeanFactory.java:682) ~[spring-beans-6.0.5.jar:6.0.5]
	at org.springframework.beans.factory.support.AbstractAutowireCapableBeanFactory.predictBeanType(AbstractAutowireCapableBeanFactory.java:653) ~[spring-beans-6.0.5.jar:6.0.5]
	at org.springframework.beans.factory.support.AbstractBeanFactory.isFactoryBean(AbstractBeanFactory.java:1632) ~[spring-beans-6.0.5.jar:6.0.5]
	at org.springframework.beans.factory.support.DefaultListableBeanFactory.doGetBeanNamesForType(DefaultListableBeanFactory.java:559) ~[spring-beans-6.0.5.jar:6.0.5]
	at org.springframework.beans.factory.support.DefaultListableBeanFactory.getBeanNamesForType(DefaultListableBeanFactory.java:531) ~[spring-beans-6.0.5.jar:6.0.5]
	at org.springframework.beans.factory.support.DefaultListableBeanFactory.getBeansOfType(DefaultListableBeanFactory.java:658) ~[spring-beans-6.0.5.jar:6.0.5]
	at org.springframework.beans.factory.support.DefaultListableBeanFactory.getBeansOfType(DefaultListableBeanFactory.java:650) ~[spring-beans-6.0.5.jar:6.0.5]
	at org.springframework.context.support.AbstractApplicationContext.getBeansOfType(AbstractApplicationContext.java:1278) ~[spring-context-6.0.5.jar:6.0.5]
	at org.springframework.boot.SpringApplication.getExitCodeFromMappedException(SpringApplication.java:865) ~[spring-boot-3.0.3.jar:3.0.3]
	at org.springframework.boot.SpringApplication.getExitCodeFromException(SpringApplication.java:853) ~[spring-boot-3.0.3.jar:3.0.3]
	at org.springframework.boot.SpringApplication.handleExitCode(SpringApplication.java:840) ~[spring-boot-3.0.3.jar:3.0.3]
	at org.springframework.boot.SpringApplication.handleRunFailure(SpringApplication.java:780) ~[spring-boot-3.0.3.jar:3.0.3]
	at org.springframework.boot.SpringApplication.run(SpringApplication.java:323) ~[spring-boot-3.0.3.jar:3.0.3]
	at org.springframework.boot.test.context.SpringBootContextLoader.lambda$loadContext$3(SpringBootContextLoader.java:137) ~[spring-boot-test-3.0.3.jar:3.0.3]
	at org.springframework.util.function.ThrowingSupplier.get(ThrowingSupplier.java:59) ~[spring-core-6.0.5.jar:6.0.5]
	at org.springframework.util.function.ThrowingSupplier.get(ThrowingSupplier.java:47) ~[spring-core-6.0.5.jar:6.0.5]
	at org.springframework.boot.SpringApplication.withHook(SpringApplication.java:1388) ~[spring-boot-3.0.3.jar:3.0.3]
	at org.springframework.boot.test.context.SpringBootContextLoader$ContextLoaderHook.run(SpringBootContextLoader.java:545) ~[spring-boot-test-3.0.3.jar:3.0.3]
	at org.springframework.boot.test.context.SpringBootContextLoader.loadContext(SpringBootContextLoader.java:137) ~[spring-boot-test-3.0.3.jar:3.0.3]
	at org.springframework.boot.test.context.SpringBootContextLoader.loadContext(SpringBootContextLoader.java:108) ~[spring-boot-test-3.0.3.jar:3.0.3]
	at org.springframework.test.context.cache.DefaultCacheAwareContextLoaderDelegate.loadContextInternal(DefaultCacheAwareContextLoaderDelegate.java:184) ~[spring-test-6.0.5.jar:6.0.5]
	at org.springframework.test.context.cache.DefaultCacheAwareContextLoaderDelegate.loadContext(DefaultCacheAwareContextLoaderDelegate.java:118) ~[spring-test-6.0.5.jar:6.0.5]
	at org.springframework.test.context.support.DefaultTestContext.getApplicationContext(DefaultTestContext.java:127) ~[spring-test-6.0.5.jar:6.0.5]
	at org.springframework.test.context.web.ServletTestExecutionListener.setUpRequestContextIfNecessary(ServletTestExecutionListener.java:191) ~[spring-test-6.0.5.jar:6.0.5]
	at org.springframework.test.context.web.ServletTestExecutionListener.prepareTestInstance(ServletTestExecutionListener.java:130) ~[spring-test-6.0.5.jar:6.0.5]
	at org.springframework.test.context.TestContextManager.prepareTestInstance(TestContextManager.java:241) ~[spring-test-6.0.5.jar:6.0.5]
	at org.springframework.test.context.junit.jupiter.SpringExtension.postProcessTestInstance(SpringExtension.java:138) ~[spring-test-6.0.5.jar:6.0.5]
	at org.junit.jupiter.engine.descriptor.ClassBasedTestDescriptor.lambda$invokeTestInstancePostProcessors$10(ClassBasedTestDescriptor.java:377) ~[junit-jupiter-engine-5.9.2.jar:5.9.2]
	at org.junit.jupiter.engine.descriptor.ClassBasedTestDescriptor.executeAndMaskThrowable(ClassBasedTestDescriptor.java:382) ~[junit-jupiter-engine-5.9.2.jar:5.9.2]
	at org.junit.jupiter.engine.descriptor.ClassBasedTestDescriptor.lambda$invokeTestInstancePostProcessors$11(ClassBasedTestDescriptor.java:377) ~[junit-jupiter-engine-5.9.2.jar:5.9.2]
	at java.base/java.util.stream.ReferencePipeline$3$1.accept(ReferencePipeline.java:197) ~[na:na]
	at java.base/java.util.stream.ReferencePipeline$2$1.accept(ReferencePipeline.java:179) ~[na:na]
	at java.base/java.util.ArrayList$ArrayListSpliterator.forEachRemaining(ArrayList.java:1625) ~[na:na]
	at java.base/java.util.stream.AbstractPipeline.copyInto(AbstractPipeline.java:509) ~[na:na]
	at java.base/java.util.stream.AbstractPipeline.wrapAndCopyInto(AbstractPipeline.java:499) ~[na:na]
	at java.base/java.util.stream.StreamSpliterators$WrappingSpliterator.forEachRemaining(StreamSpliterators.java:310) ~[na:na]
	at java.base/java.util.stream.Streams$ConcatSpliterator.forEachRemaining(Streams.java:735) ~[na:na]
	at java.base/java.util.stream.Streams$ConcatSpliterator.forEachRemaining(Streams.java:734) ~[na:na]
	at java.base/java.util.stream.ReferencePipeline$Head.forEach(ReferencePipeline.java:762) ~[na:na]
	at org.junit.jupiter.engine.descriptor.ClassBasedTestDescriptor.invokeTestInstancePostProcessors(ClassBasedTestDescriptor.java:376) ~[junit-jupiter-engine-5.9.2.jar:5.9.2]
	at org.junit.jupiter.engine.descriptor.ClassBasedTestDescriptor.lambda$instantiateAndPostProcessTestInstance$6(ClassBasedTestDescriptor.java:289) ~[junit-jupiter-engine-5.9.2.jar:5.9.2]
	at org.junit.platform.engine.support.hierarchical.ThrowableCollector.execute(ThrowableCollector.java:73) ~[junit-platform-engine-1.9.2.jar:1.9.2]
	at org.junit.jupiter.engine.descriptor.ClassBasedTestDescriptor.instantiateAndPostProcessTestInstance(ClassBasedTestDescriptor.java:288) ~[junit-jupiter-engine-5.9.2.jar:5.9.2]
	at org.junit.jupiter.engine.descriptor.ClassBasedTestDescriptor.lambda$testInstancesProvider$4(ClassBasedTestDescriptor.java:278) ~[junit-jupiter-engine-5.9.2.jar:5.9.2]
	at java.base/java.util.Optional.orElseGet(Optional.java:364) ~[na:na]
	at org.junit.jupiter.engine.descriptor.ClassBasedTestDescriptor.lambda$testInstancesProvider$5(ClassBasedTestDescriptor.java:277) ~[junit-jupiter-engine-5.9.2.jar:5.9.2]
	at org.junit.jupiter.engine.execution.TestInstancesProvider.getTestInstances(TestInstancesProvider.java:31) ~[junit-jupiter-engine-5.9.2.jar:5.9.2]
	at org.junit.jupiter.engine.descriptor.TestMethodTestDescriptor.lambda$prepare$0(TestMethodTestDescriptor.java:105) ~[junit-jupiter-engine-5.9.2.jar:5.9.2]
	at org.junit.platform.engine.support.hierarchical.ThrowableCollector.execute(ThrowableCollector.java:73) ~[junit-platform-engine-1.9.2.jar:1.9.2]
	at org.junit.jupiter.engine.descriptor.TestMethodTestDescriptor.prepare(TestMethodTestDescriptor.java:104) ~[junit-jupiter-engine-5.9.2.jar:5.9.2]
	at org.junit.jupiter.engine.descriptor.TestMethodTestDescriptor.prepare(TestMethodTestDescriptor.java:68) ~[junit-jupiter-engine-5.9.2.jar:5.9.2]
	at org.junit.platform.engine.support.hierarchical.NodeTestTask.lambda$prepare$2(NodeTestTask.java:123) ~[junit-platform-engine-1.9.2.jar:1.9.2]
	at org.junit.platform.engine.support.hierarchical.ThrowableCollector.execute(ThrowableCollector.java:73) ~[junit-platform-engine-1.9.2.jar:1.9.2]
	at org.junit.platform.engine.support.hierarchical.NodeTestTask.prepare(NodeTestTask.java:123) ~[junit-platform-engine-1.9.2.jar:1.9.2]
	at org.junit.platform.engine.support.hierarchical.NodeTestTask.execute(NodeTestTask.java:90) ~[junit-platform-engine-1.9.2.jar:1.9.2]
	at java.base/java.util.ArrayList.forEach(ArrayList.java:1511) ~[na:na]
	at org.junit.platform.engine.support.hierarchical.SameThreadHierarchicalTestExecutorService.invokeAll(SameThreadHierarchicalTestExecutorService.java:41) ~[junit-platform-engine-1.9.2.jar:1.9.2]
	at org.junit.platform.engine.support.hierarchical.NodeTestTask.lambda$executeRecursively$6(NodeTestTask.java:155) ~[junit-platform-engine-1.9.2.jar:1.9.2]
	at org.junit.platform.engine.support.hierarchical.ThrowableCollector.execute(ThrowableCollector.java:73) ~[junit-platform-engine-1.9.2.jar:1.9.2]
	at org.junit.platform.engine.support.hierarchical.NodeTestTask.lambda$executeRecursively$8(NodeTestTask.java:141) ~[junit-platform-engine-1.9.2.jar:1.9.2]
	at org.junit.platform.engine.support.hierarchical.Node.around(Node.java:137) ~[junit-platform-engine-1.9.2.jar:1.9.2]
	at org.junit.platform.engine.support.hierarchical.NodeTestTask.lambda$executeRecursively$9(NodeTestTask.java:139) ~[junit-platform-engine-1.9.2.jar:1.9.2]
	at org.junit.platform.engine.support.hierarchical.ThrowableCollector.execute(ThrowableCollector.java:73) ~[junit-platform-engine-1.9.2.jar:1.9.2]
	at org.junit.platform.engine.support.hierarchical.NodeTestTask.executeRecursively(NodeTestTask.java:138) ~[junit-platform-engine-1.9.2.jar:1.9.2]
	at org.junit.platform.engine.support.hierarchical.NodeTestTask.execute(NodeTestTask.java:95) ~[junit-platform-engine-1.9.2.jar:1.9.2]
	at java.base/java.util.ArrayList.forEach(ArrayList.java:1511) ~[na:na]
	at org.junit.platform.engine.support.hierarchical.SameThreadHierarchicalTestExecutorService.invokeAll(SameThreadHierarchicalTestExecutorService.java:41) ~[junit-platform-engine-1.9.2.jar:1.9.2]
	at org.junit.platform.engine.support.hierarchical.NodeTestTask.lambda$executeRecursively$6(NodeTestTask.java:155) ~[junit-platform-engine-1.9.2.jar:1.9.2]
	at org.junit.platform.engine.support.hierarchical.ThrowableCollector.execute(ThrowableCollector.java:73) ~[junit-platform-engine-1.9.2.jar:1.9.2]
	at org.junit.platform.engine.support.hierarchical.NodeTestTask.lambda$executeRecursively$8(NodeTestTask.java:141) ~[junit-platform-engine-1.9.2.jar:1.9.2]
	at org.junit.platform.engine.support.hierarchical.Node.around(Node.java:137) ~[junit-platform-engine-1.9.2.jar:1.9.2]
	at org.junit.platform.engine.support.hierarchical.NodeTestTask.lambda$executeRecursively$9(NodeTestTask.java:139) ~[junit-platform-engine-1.9.2.jar:1.9.2]
	at org.junit.platform.engine.support.hierarchical.ThrowableCollector.execute(ThrowableCollector.java:73) ~[junit-platform-engine-1.9.2.jar:1.9.2]
	at org.junit.platform.engine.support.hierarchical.NodeTestTask.executeRecursively(NodeTestTask.java:138) ~[junit-platform-engine-1.9.2.jar:1.9.2]
	at org.junit.platform.engine.support.hierarchical.NodeTestTask.execute(NodeTestTask.java:95) ~[junit-platform-engine-1.9.2.jar:1.9.2]
	at org.junit.platform.engine.support.hierarchical.SameThreadHierarchicalTestExecutorService.submit(SameThreadHierarchicalTestExecutorService.java:35) ~[junit-platform-engine-1.9.2.jar:1.9.2]
	at org.junit.platform.engine.support.hierarchical.HierarchicalTestExecutor.execute(HierarchicalTestExecutor.java:57) ~[junit-platform-engine-1.9.2.jar:1.9.2]
	at org.junit.platform.engine.support.hierarchical.HierarchicalTestEngine.execute(HierarchicalTestEngine.java:54) ~[junit-platform-engine-1.9.2.jar:1.9.2]
	at org.junit.platform.launcher.core.DefaultLauncher.execute(DefaultLauncher.java:220) ~[junit-platform-launcher-1.3.1.jar:1.3.1]
	at org.junit.platform.launcher.core.DefaultLauncher.lambda$execute$6(DefaultLauncher.java:188) ~[junit-platform-launcher-1.3.1.jar:1.3.1]
	at org.junit.platform.launcher.core.DefaultLauncher.withInterceptedStreams(DefaultLauncher.java:202) ~[junit-platform-launcher-1.3.1.jar:1.3.1]
	at org.junit.platform.launcher.core.DefaultLauncher.execute(DefaultLauncher.java:181) ~[junit-platform-launcher-1.3.1.jar:1.3.1]
	at org.junit.platform.launcher.core.DefaultLauncher.execute(DefaultLauncher.java:128) ~[junit-platform-launcher-1.3.1.jar:1.3.1]
	at org.apache.maven.surefire.junitplatform.JUnitPlatformProvider.invokeAllTests(JUnitPlatformProvider.java:150) ~[surefire-junit-platform-2.22.2.jar:2.22.2]
	at org.apache.maven.surefire.junitplatform.JUnitPlatformProvider.invoke(JUnitPlatformProvider.java:124) ~[surefire-junit-platform-2.22.2.jar:2.22.2]
	at org.apache.maven.surefire.booter.ForkedBooter.invokeProviderInSameClassLoader(ForkedBooter.java:384) ~[surefire-booter-2.22.2.jar:2.22.2]
	at org.apache.maven.surefire.booter.ForkedBooter.runSuitesInProcess(ForkedBooter.java:345) ~[surefire-booter-2.22.2.jar:2.22.2]
	at org.apache.maven.surefire.booter.ForkedBooter.execute(ForkedBooter.java:126) ~[surefire-booter-2.22.2.jar:2.22.2]
	at org.apache.maven.surefire.booter.ForkedBooter.main(ForkedBooter.java:418) ~[surefire-booter-2.22.2.jar:2.22.2]
Caused by: java.lang.NoClassDefFoundError: org/springframework/security/config/annotation/web/configurers/AuthorizeHttpRequestsConfigurer$AuthorizationManagerRequestMatcherRegistry
	at java.base/java.lang.Class.getDeclaredMethods0(Native Method) ~[na:na]
	at java.base/java.lang.Class.privateGetDeclaredMethods(Class.java:3402) ~[na:na]
	at java.base/java.lang.Class.getDeclaredMethods(Class.java:2504) ~[na:na]
	at org.springframework.util.ReflectionUtils.getDeclaredMethods(ReflectionUtils.java:465) ~[spring-core-6.0.5.jar:6.0.5]
	... 94 common frames omitted
Caused by: java.lang.ClassNotFoundException: org.springframework.security.config.annotation.web.configurers.AuthorizeHttpRequestsConfigurer$AuthorizationManagerRequestMatcherRegistry
	at java.base/jdk.internal.loader.BuiltinClassLoader.loadClass(BuiltinClassLoader.java:641) ~[na:na]
	at java.base/jdk.internal.loader.ClassLoaders$AppClassLoader.loadClass(ClassLoaders.java:188) ~[na:na]
	at java.base/java.lang.ClassLoader.loadClass(ClassLoader.java:520) ~[na:na]
	... 98 common frames omitted

2023-03-01T14:42:26.518+08:00 ERROR 908 --- [           main] o.s.test.context.TestContextManager      : Caught exception while allowing TestExecutionListener [org.springframework.test.context.web.ServletTestExecutionListener] to prepare test instance [com.unimap.zerohunger.ZerohungerApplicationTests@40f35e52]

java.lang.IllegalStateException: Failed to load ApplicationContext for [WebMergedContextConfiguration@480b57e2 testClass = com.unimap.zerohunger.ZerohungerApplicationTests, locations = [], classes = [com.unimap.ZerohungerApplication], contextInitializerClasses = [], activeProfiles = [], propertySourceLocations = [], propertySourceProperties = ["org.springframework.boot.test.context.SpringBootTestContextBootstrapper=true"], contextCustomizers = [org.springframework.boot.test.context.filter.ExcludeFilterContextCustomizer@5524cca1, org.springframework.boot.test.json.DuplicateJsonObjectContextCustomizerFactory$DuplicateJsonObjectContextCustomizer@57a78e3, org.springframework.boot.test.mock.mockito.MockitoContextCustomizer@0, org.springframework.boot.test.web.client.TestRestTemplateContextCustomizer@8462f31, org.springframework.boot.test.autoconfigure.actuate.observability.ObservabilityContextCustomizerFactory$DisableObservabilityContextCustomizer@9da1, org.springframework.boot.test.autoconfigure.properties.PropertyMappingContextCustomizer@0, org.springframework.boot.test.autoconfigure.web.servlet.WebDriverContextCustomizerFactory$Customizer@4d0d9fe7, org.springframework.boot.test.context.SpringBootTestAnnotation@ad1df9bf], resourceBasePath = "src/main/webapp", contextLoader = org.springframework.boot.test.context.SpringBootContextLoader, parent = null]
	at org.springframework.test.context.cache.DefaultCacheAwareContextLoaderDelegate.loadContext(DefaultCacheAwareContextLoaderDelegate.java:142) ~[spring-test-6.0.5.jar:6.0.5]
	at org.springframework.test.context.support.DefaultTestContext.getApplicationContext(DefaultTestContext.java:127) ~[spring-test-6.0.5.jar:6.0.5]
	at org.springframework.test.context.web.ServletTestExecutionListener.setUpRequestContextIfNecessary(ServletTestExecutionListener.java:191) ~[spring-test-6.0.5.jar:6.0.5]
	at org.springframework.test.context.web.ServletTestExecutionListener.prepareTestInstance(ServletTestExecutionListener.java:130) ~[spring-test-6.0.5.jar:6.0.5]
	at org.springframework.test.context.TestContextManager.prepareTestInstance(TestContextManager.java:241) ~[spring-test-6.0.5.jar:6.0.5]
	at org.springframework.test.context.junit.jupiter.SpringExtension.postProcessTestInstance(SpringExtension.java:138) ~[spring-test-6.0.5.jar:6.0.5]
	at org.junit.jupiter.engine.descriptor.ClassBasedTestDescriptor.lambda$invokeTestInstancePostProcessors$10(ClassBasedTestDescriptor.java:377) ~[junit-jupiter-engine-5.9.2.jar:5.9.2]
	at org.junit.jupiter.engine.descriptor.ClassBasedTestDescriptor.executeAndMaskThrowable(ClassBasedTestDescriptor.java:382) ~[junit-jupiter-engine-5.9.2.jar:5.9.2]
	at org.junit.jupiter.engine.descriptor.ClassBasedTestDescriptor.lambda$invokeTestInstancePostProcessors$11(ClassBasedTestDescriptor.java:377) ~[junit-jupiter-engine-5.9.2.jar:5.9.2]
	at java.base/java.util.stream.ReferencePipeline$3$1.accept(ReferencePipeline.java:197) ~[na:na]
	at java.base/java.util.stream.ReferencePipeline$2$1.accept(ReferencePipeline.java:179) ~[na:na]
	at java.base/java.util.ArrayList$ArrayListSpliterator.forEachRemaining(ArrayList.java:1625) ~[na:na]
	at java.base/java.util.stream.AbstractPipeline.copyInto(AbstractPipeline.java:509) ~[na:na]
	at java.base/java.util.stream.AbstractPipeline.wrapAndCopyInto(AbstractPipeline.java:499) ~[na:na]
	at java.base/java.util.stream.StreamSpliterators$WrappingSpliterator.forEachRemaining(StreamSpliterators.java:310) ~[na:na]
	at java.base/java.util.stream.Streams$ConcatSpliterator.forEachRemaining(Streams.java:735) ~[na:na]
	at java.base/java.util.stream.Streams$ConcatSpliterator.forEachRemaining(Streams.java:734) ~[na:na]
	at java.base/java.util.stream.ReferencePipeline$Head.forEach(ReferencePipeline.java:762) ~[na:na]
	at org.junit.jupiter.engine.descriptor.ClassBasedTestDescriptor.invokeTestInstancePostProcessors(ClassBasedTestDescriptor.java:376) ~[junit-jupiter-engine-5.9.2.jar:5.9.2]
	at org.junit.jupiter.engine.descriptor.ClassBasedTestDescriptor.lambda$instantiateAndPostProcessTestInstance$6(ClassBasedTestDescriptor.java:289) ~[junit-jupiter-engine-5.9.2.jar:5.9.2]
	at org.junit.platform.engine.support.hierarchical.ThrowableCollector.execute(ThrowableCollector.java:73) ~[junit-platform-engine-1.9.2.jar:1.9.2]
	at org.junit.jupiter.engine.descriptor.ClassBasedTestDescriptor.instantiateAndPostProcessTestInstance(ClassBasedTestDescriptor.java:288) ~[junit-jupiter-engine-5.9.2.jar:5.9.2]
	at org.junit.jupiter.engine.descriptor.ClassBasedTestDescriptor.lambda$testInstancesProvider$4(ClassBasedTestDescriptor.java:278) ~[junit-jupiter-engine-5.9.2.jar:5.9.2]
	at java.base/java.util.Optional.orElseGet(Optional.java:364) ~[na:na]
	at org.junit.jupiter.engine.descriptor.ClassBasedTestDescriptor.lambda$testInstancesProvider$5(ClassBasedTestDescriptor.java:277) ~[junit-jupiter-engine-5.9.2.jar:5.9.2]
	at org.junit.jupiter.engine.execution.TestInstancesProvider.getTestInstances(TestInstancesProvider.java:31) ~[junit-jupiter-engine-5.9.2.jar:5.9.2]
	at org.junit.jupiter.engine.descriptor.TestMethodTestDescriptor.lambda$prepare$0(TestMethodTestDescriptor.java:105) ~[junit-jupiter-engine-5.9.2.jar:5.9.2]
	at org.junit.platform.engine.support.hierarchical.ThrowableCollector.execute(ThrowableCollector.java:73) ~[junit-platform-engine-1.9.2.jar:1.9.2]
	at org.junit.jupiter.engine.descriptor.TestMethodTestDescriptor.prepare(TestMethodTestDescriptor.java:104) ~[junit-jupiter-engine-5.9.2.jar:5.9.2]
	at org.junit.jupiter.engine.descriptor.TestMethodTestDescriptor.prepare(TestMethodTestDescriptor.java:68) ~[junit-jupiter-engine-5.9.2.jar:5.9.2]
	at org.junit.platform.engine.support.hierarchical.NodeTestTask.lambda$prepare$2(NodeTestTask.java:123) ~[junit-platform-engine-1.9.2.jar:1.9.2]
	at org.junit.platform.engine.support.hierarchical.ThrowableCollector.execute(ThrowableCollector.java:73) ~[junit-platform-engine-1.9.2.jar:1.9.2]
	at org.junit.platform.engine.support.hierarchical.NodeTestTask.prepare(NodeTestTask.java:123) ~[junit-platform-engine-1.9.2.jar:1.9.2]
	at org.junit.platform.engine.support.hierarchical.NodeTestTask.execute(NodeTestTask.java:90) ~[junit-platform-engine-1.9.2.jar:1.9.2]
	at java.base/java.util.ArrayList.forEach(ArrayList.java:1511) ~[na:na]
	at org.junit.platform.engine.support.hierarchical.SameThreadHierarchicalTestExecutorService.invokeAll(SameThreadHierarchicalTestExecutorService.java:41) ~[junit-platform-engine-1.9.2.jar:1.9.2]
	at org.junit.platform.engine.support.hierarchical.NodeTestTask.lambda$executeRecursively$6(NodeTestTask.java:155) ~[junit-platform-engine-1.9.2.jar:1.9.2]
	at org.junit.platform.engine.support.hierarchical.ThrowableCollector.execute(ThrowableCollector.java:73) ~[junit-platform-engine-1.9.2.jar:1.9.2]
	at org.junit.platform.engine.support.hierarchical.NodeTestTask.lambda$executeRecursively$8(NodeTestTask.java:141) ~[junit-platform-engine-1.9.2.jar:1.9.2]
	at org.junit.platform.engine.support.hierarchical.Node.around(Node.java:137) ~[junit-platform-engine-1.9.2.jar:1.9.2]
	at org.junit.platform.engine.support.hierarchical.NodeTestTask.lambda$executeRecursively$9(NodeTestTask.java:139) ~[junit-platform-engine-1.9.2.jar:1.9.2]
	at org.junit.platform.engine.support.hierarchical.ThrowableCollector.execute(ThrowableCollector.java:73) ~[junit-platform-engine-1.9.2.jar:1.9.2]
	at org.junit.platform.engine.support.hierarchical.NodeTestTask.executeRecursively(NodeTestTask.java:138) ~[junit-platform-engine-1.9.2.jar:1.9.2]
	at org.junit.platform.engine.support.hierarchical.NodeTestTask.execute(NodeTestTask.java:95) ~[junit-platform-engine-1.9.2.jar:1.9.2]
	at java.base/java.util.ArrayList.forEach(ArrayList.java:1511) ~[na:na]
	at org.junit.platform.engine.support.hierarchical.SameThreadHierarchicalTestExecutorService.invokeAll(SameThreadHierarchicalTestExecutorService.java:41) ~[junit-platform-engine-1.9.2.jar:1.9.2]
	at org.junit.platform.engine.support.hierarchical.NodeTestTask.lambda$executeRecursively$6(NodeTestTask.java:155) ~[junit-platform-engine-1.9.2.jar:1.9.2]
	at org.junit.platform.engine.support.hierarchical.ThrowableCollector.execute(ThrowableCollector.java:73) ~[junit-platform-engine-1.9.2.jar:1.9.2]
	at org.junit.platform.engine.support.hierarchical.NodeTestTask.lambda$executeRecursively$8(NodeTestTask.java:141) ~[junit-platform-engine-1.9.2.jar:1.9.2]
	at org.junit.platform.engine.support.hierarchical.Node.around(Node.java:137) ~[junit-platform-engine-1.9.2.jar:1.9.2]
	at org.junit.platform.engine.support.hierarchical.NodeTestTask.lambda$executeRecursively$9(NodeTestTask.java:139) ~[junit-platform-engine-1.9.2.jar:1.9.2]
	at org.junit.platform.engine.support.hierarchical.ThrowableCollector.execute(ThrowableCollector.java:73) ~[junit-platform-engine-1.9.2.jar:1.9.2]
	at org.junit.platform.engine.support.hierarchical.NodeTestTask.executeRecursively(NodeTestTask.java:138) ~[junit-platform-engine-1.9.2.jar:1.9.2]
	at org.junit.platform.engine.support.hierarchical.NodeTestTask.execute(NodeTestTask.java:95) ~[junit-platform-engine-1.9.2.jar:1.9.2]
	at org.junit.platform.engine.support.hierarchical.SameThreadHierarchicalTestExecutorService.submit(SameThreadHierarchicalTestExecutorService.java:35) ~[junit-platform-engine-1.9.2.jar:1.9.2]
	at org.junit.platform.engine.support.hierarchical.HierarchicalTestExecutor.execute(HierarchicalTestExecutor.java:57) ~[junit-platform-engine-1.9.2.jar:1.9.2]
	at org.junit.platform.engine.support.hierarchical.HierarchicalTestEngine.execute(HierarchicalTestEngine.java:54) ~[junit-platform-engine-1.9.2.jar:1.9.2]
	at org.junit.platform.launcher.core.DefaultLauncher.execute(DefaultLauncher.java:220) ~[junit-platform-launcher-1.3.1.jar:1.3.1]
	at org.junit.platform.launcher.core.DefaultLauncher.lambda$execute$6(DefaultLauncher.java:188) ~[junit-platform-launcher-1.3.1.jar:1.3.1]
	at org.junit.platform.launcher.core.DefaultLauncher.withInterceptedStreams(DefaultLauncher.java:202) ~[junit-platform-launcher-1.3.1.jar:1.3.1]
	at org.junit.platform.launcher.core.DefaultLauncher.execute(DefaultLauncher.java:181) ~[junit-platform-launcher-1.3.1.jar:1.3.1]
	at org.junit.platform.launcher.core.DefaultLauncher.execute(DefaultLauncher.java:128) ~[junit-platform-launcher-1.3.1.jar:1.3.1]
	at org.apache.maven.surefire.junitplatform.JUnitPlatformProvider.invokeAllTests(JUnitPlatformProvider.java:150) ~[surefire-junit-platform-2.22.2.jar:2.22.2]
	at org.apache.maven.surefire.junitplatform.JUnitPlatformProvider.invoke(JUnitPlatformProvider.java:124) ~[surefire-junit-platform-2.22.2.jar:2.22.2]
	at org.apache.maven.surefire.booter.ForkedBooter.invokeProviderInSameClassLoader(ForkedBooter.java:384) ~[surefire-booter-2.22.2.jar:2.22.2]
	at org.apache.maven.surefire.booter.ForkedBooter.runSuitesInProcess(ForkedBooter.java:345) ~[surefire-booter-2.22.2.jar:2.22.2]
	at org.apache.maven.surefire.booter.ForkedBooter.execute(ForkedBooter.java:126) ~[surefire-booter-2.22.2.jar:2.22.2]
	at org.apache.maven.surefire.booter.ForkedBooter.main(ForkedBooter.java:418) ~[surefire-booter-2.22.2.jar:2.22.2]
Caused by: java.lang.IllegalStateException: Error processing condition on org.springframework.boot.autoconfigure.security.oauth2.client.servlet.OAuth2WebSecurityConfiguration.authorizedClientService
	at org.springframework.boot.autoconfigure.condition.SpringBootCondition.matches(SpringBootCondition.java:60) ~[spring-boot-autoconfigure-3.0.3.jar:3.0.3]
	at org.springframework.context.annotation.ConditionEvaluator.shouldSkip(ConditionEvaluator.java:108) ~[spring-context-6.0.5.jar:6.0.5]
	at org.springframework.context.annotation.ConfigurationClassBeanDefinitionReader.loadBeanDefinitionsForBeanMethod(ConfigurationClassBeanDefinitionReader.java:183) ~[spring-context-6.0.5.jar:6.0.5]
	at org.springframework.context.annotation.ConfigurationClassBeanDefinitionReader.loadBeanDefinitionsForConfigurationClass(ConfigurationClassBeanDefinitionReader.java:144) ~[spring-context-6.0.5.jar:6.0.5]
	at org.springframework.context.annotation.ConfigurationClassBeanDefinitionReader.loadBeanDefinitions(ConfigurationClassBeanDefinitionReader.java:120) ~[spring-context-6.0.5.jar:6.0.5]
	at org.springframework.context.annotation.ConfigurationClassPostProcessor.processConfigBeanDefinitions(ConfigurationClassPostProcessor.java:410) ~[spring-context-6.0.5.jar:6.0.5]
	at org.springframework.context.annotation.ConfigurationClassPostProcessor.postProcessBeanDefinitionRegistry(ConfigurationClassPostProcessor.java:283) ~[spring-context-6.0.5.jar:6.0.5]
	at org.springframework.context.support.PostProcessorRegistrationDelegate.invokeBeanDefinitionRegistryPostProcessors(PostProcessorRegistrationDelegate.java:344) ~[spring-context-6.0.5.jar:6.0.5]
	at org.springframework.context.support.PostProcessorRegistrationDelegate.invokeBeanFactoryPostProcessors(PostProcessorRegistrationDelegate.java:115) ~[spring-context-6.0.5.jar:6.0.5]
	at org.springframework.context.support.AbstractApplicationContext.invokeBeanFactoryPostProcessors(AbstractApplicationContext.java:747) ~[spring-context-6.0.5.jar:6.0.5]
	at org.springframework.context.support.AbstractApplicationContext.refresh(AbstractApplicationContext.java:565) ~[spring-context-6.0.5.jar:6.0.5]
	at org.springframework.boot.SpringApplication.refresh(SpringApplication.java:732) ~[spring-boot-3.0.3.jar:3.0.3]
	at org.springframework.boot.SpringApplication.refreshContext(SpringApplication.java:434) ~[spring-boot-3.0.3.jar:3.0.3]
	at org.springframework.boot.SpringApplication.run(SpringApplication.java:310) ~[spring-boot-3.0.3.jar:3.0.3]
	at org.springframework.boot.test.context.SpringBootContextLoader.lambda$loadContext$3(SpringBootContextLoader.java:137) ~[spring-boot-test-3.0.3.jar:3.0.3]
	at org.springframework.util.function.ThrowingSupplier.get(ThrowingSupplier.java:59) ~[spring-core-6.0.5.jar:6.0.5]
	at org.springframework.util.function.ThrowingSupplier.get(ThrowingSupplier.java:47) ~[spring-core-6.0.5.jar:6.0.5]
	at org.springframework.boot.SpringApplication.withHook(SpringApplication.java:1388) ~[spring-boot-3.0.3.jar:3.0.3]
	at org.springframework.boot.test.context.SpringBootContextLoader$ContextLoaderHook.run(SpringBootContextLoader.java:545) ~[spring-boot-test-3.0.3.jar:3.0.3]
	at org.springframework.boot.test.context.SpringBootContextLoader.loadContext(SpringBootContextLoader.java:137) ~[spring-boot-test-3.0.3.jar:3.0.3]
	at org.springframework.boot.test.context.SpringBootContextLoader.loadContext(SpringBootContextLoader.java:108) ~[spring-boot-test-3.0.3.jar:3.0.3]
	at org.springframework.test.context.cache.DefaultCacheAwareContextLoaderDelegate.loadContextInternal(DefaultCacheAwareContextLoaderDelegate.java:184) ~[spring-test-6.0.5.jar:6.0.5]
	at org.springframework.test.context.cache.DefaultCacheAwareContextLoaderDelegate.loadContext(DefaultCacheAwareContextLoaderDelegate.java:118) ~[spring-test-6.0.5.jar:6.0.5]
	... 67 common frames omitted
Caused by: java.lang.IllegalStateException: Failed to introspect Class [org.springframework.boot.autoconfigure.security.oauth2.client.servlet.OAuth2WebSecurityConfiguration$OAuth2SecurityFilterChainConfiguration] from ClassLoader [jdk.internal.loader.ClassLoaders$AppClassLoader@70dea4e]
	at org.springframework.util.ReflectionUtils.getDeclaredMethods(ReflectionUtils.java:483) ~[spring-core-6.0.5.jar:6.0.5]
	at org.springframework.util.ReflectionUtils.doWithMethods(ReflectionUtils.java:360) ~[spring-core-6.0.5.jar:6.0.5]
	at org.springframework.util.ReflectionUtils.getUniqueDeclaredMethods(ReflectionUtils.java:417) ~[spring-core-6.0.5.jar:6.0.5]
	at org.springframework.beans.factory.support.AbstractAutowireCapableBeanFactory.lambda$getTypeForFactoryMethod$1(AbstractAutowireCapableBeanFactory.java:750) ~[spring-beans-6.0.5.jar:6.0.5]
	at java.base/java.util.concurrent.ConcurrentHashMap.computeIfAbsent(ConcurrentHashMap.java:1740) ~[na:na]
	at org.springframework.beans.factory.support.AbstractAutowireCapableBeanFactory.getTypeForFactoryMethod(AbstractAutowireCapableBeanFactory.java:749) ~[spring-beans-6.0.5.jar:6.0.5]
	at org.springframework.beans.factory.support.AbstractAutowireCapableBeanFactory.determineTargetType(AbstractAutowireCapableBeanFactory.java:682) ~[spring-beans-6.0.5.jar:6.0.5]
	at org.springframework.beans.factory.support.AbstractAutowireCapableBeanFactory.predictBeanType(AbstractAutowireCapableBeanFactory.java:653) ~[spring-beans-6.0.5.jar:6.0.5]
	at org.springframework.beans.factory.support.AbstractBeanFactory.isFactoryBean(AbstractBeanFactory.java:1632) ~[spring-beans-6.0.5.jar:6.0.5]
	at org.springframework.beans.factory.support.DefaultListableBeanFactory.doGetBeanNamesForType(DefaultListableBeanFactory.java:559) ~[spring-beans-6.0.5.jar:6.0.5]
	at org.springframework.beans.factory.support.DefaultListableBeanFactory.getBeanNamesForType(DefaultListableBeanFactory.java:531) ~[spring-beans-6.0.5.jar:6.0.5]
	at org.springframework.boot.autoconfigure.condition.OnBeanCondition.collectBeanNamesForType(OnBeanCondition.java:252) ~[spring-boot-autoconfigure-3.0.3.jar:3.0.3]
	at org.springframework.boot.autoconfigure.condition.OnBeanCondition.getBeanNamesForType(OnBeanCondition.java:245) ~[spring-boot-autoconfigure-3.0.3.jar:3.0.3]
	at org.springframework.boot.autoconfigure.condition.OnBeanCondition.getBeanNamesForType(OnBeanCondition.java:235) ~[spring-boot-autoconfigure-3.0.3.jar:3.0.3]
	at org.springframework.boot.autoconfigure.condition.OnBeanCondition.getMatchingBeans(OnBeanCondition.java:183) ~[spring-boot-autoconfigure-3.0.3.jar:3.0.3]
	at org.springframework.boot.autoconfigure.condition.OnBeanCondition.getMatchOutcome(OnBeanCondition.java:158) ~[spring-boot-autoconfigure-3.0.3.jar:3.0.3]
	at org.springframework.boot.autoconfigure.condition.SpringBootCondition.matches(SpringBootCondition.java:47) ~[spring-boot-autoconfigure-3.0.3.jar:3.0.3]
	... 89 common frames omitted
Caused by: java.lang.NoClassDefFoundError: org/springframework/security/config/annotation/web/configurers/AuthorizeHttpRequestsConfigurer$AuthorizationManagerRequestMatcherRegistry
	at java.base/java.lang.Class.getDeclaredMethods0(Native Method) ~[na:na]
	at java.base/java.lang.Class.privateGetDeclaredMethods(Class.java:3402) ~[na:na]
	at java.base/java.lang.Class.getDeclaredMethods(Class.java:2504) ~[na:na]
	at org.springframework.util.ReflectionUtils.getDeclaredMethods(ReflectionUtils.java:465) ~[spring-core-6.0.5.jar:6.0.5]
	... 105 common frames omitted
Caused by: java.lang.ClassNotFoundException: org.springframework.security.config.annotation.web.configurers.AuthorizeHttpRequestsConfigurer$AuthorizationManagerRequestMatcherRegistry
	at java.base/jdk.internal.loader.BuiltinClassLoader.loadClass(BuiltinClassLoader.java:641) ~[na:na]
	at java.base/jdk.internal.loader.ClassLoaders$AppClassLoader.loadClass(ClassLoaders.java:188) ~[na:na]
	at java.base/java.lang.ClassLoader.loadClass(ClassLoader.java:520) ~[na:na]
	... 109 common frames omitted

]]></system-out>
  </testcase>
</testsuite>